[INFO] Scanning for projects...
[INFO]                                                                         
[INFO] ------------------------------------------------------------------------
[INFO] Building Commons Codec 1.8
[INFO] ------------------------------------------------------------------------
[INFO] 
[INFO] --- maven-antrun-plugin:1.7:run (javadoc.resources) @ commons-codec ---
[INFO] Executing tasks

main:
[INFO] Executed tasks
[INFO] 
[INFO] --- maven-remote-resources-plugin:1.4:process (default) @ commons-codec ---
[INFO] 
[INFO] --- buildnumber-maven-plugin:1.2:create (default) @ commons-codec ---
[INFO] Checking for local modifications: skipped.
[INFO] Updating project files from SCM: skipped.
[INFO] Executing: /bin/sh -c cd "/home/artefact/tests/Maven Test Sources/commons-codec-1.8-test-sources" && svn --non-interactive info
[INFO] Working directory: /home/artefact/tests/Maven Test Sources/commons-codec-1.8-test-sources
[INFO] Storing buildNumber: ?????? at timestamp: 1505991240735
[INFO] Executing: /bin/sh -c cd "/home/artefact/tests/Maven Test Sources/commons-codec-1.8-test-sources" && svn --non-interactive info
[INFO] Working directory: /home/artefact/tests/Maven Test Sources/commons-codec-1.8-test-sources
[INFO] Storing buildScmBranch: UNKNOWN_BRANCH
[INFO] 
[INFO] --- maven-resources-plugin:2.6:resources (default-resources) @ commons-codec ---
[INFO] Using 'UTF-8' encoding to copy filtered resources.
[INFO] skip non existing resourceDirectory /home/artefact/tests/Maven Test Sources/commons-codec-1.8-test-sources/src/main/resources
[INFO] Copying 0 resource to META-INF
[INFO] 
[INFO] --- maven-compiler-plugin:3.0:compile (default-compile) @ commons-codec ---
[INFO] Changes detected - recompiling the module!
[INFO] Compiling 56 source files to /home/artefact/tests/Maven Test Sources/commons-codec-1.8-test-sources/target/classes
[INFO] 
[INFO] --- maven-bundle-plugin:2.3.7:manifest (bundle-manifest) @ commons-codec ---
[INFO] 
[INFO] --- maven-resources-plugin:2.6:testResources (default-testResources) @ commons-codec ---
[INFO] Using 'UTF-8' encoding to copy filtered resources.
[INFO] skip non existing resourceDirectory /home/artefact/tests/Maven Test Sources/commons-codec-1.8-test-sources/src/test/resources
[INFO] Copying 0 resource to META-INF
[INFO] 
[INFO] --- maven-compiler-plugin:3.0:testCompile (default-testCompile) @ commons-codec ---
[INFO] Changes detected - recompiling the module!
[INFO] Compiling 51 source files to /home/artefact/tests/Maven Test Sources/commons-codec-1.8-test-sources/target/test-classes
[WARNING] /home/artefact/tests/Maven Test Sources/commons-codec-1.8-test-sources/src/test/java/org/apache/commons/codec/StringEncoderComparatorTest.java: /home/artefact/tests/Maven Test Sources/commons-codec-1.8-test-sources/src/test/java/org/apache/commons/codec/StringEncoderComparatorTest.java uses unchecked or unsafe operations.
[WARNING] /home/artefact/tests/Maven Test Sources/commons-codec-1.8-test-sources/src/test/java/org/apache/commons/codec/StringEncoderComparatorTest.java: Recompile with -Xlint:unchecked for details.
[INFO] 
[INFO] --- maven-surefire-plugin:2.13:test (default-test) @ commons-codec ---
[INFO] Surefire report directory: /home/artefact/tests/Maven Test Sources/commons-codec-1.8-test-sources/target/surefire-reports

-------------------------------------------------------
 T E S T S
-------------------------------------------------------
Running org.apache.commons.codec.digest.Sha2CryptTest
Tests run: 1, Failures: 0, Errors: 0, Skipped: 0, Time elapsed: 0.047 sec
Running org.apache.commons.codec.digest.Apr1CryptTest
Tests run: 8, Failures: 0, Errors: 0, Skipped: 0, Time elapsed: 0.112 sec
Running org.apache.commons.codec.digest.Md5CryptTest
Tests run: 7, Failures: 0, Errors: 0, Skipped: 0, Time elapsed: 0.054 sec
Running org.apache.commons.codec.digest.DigestUtilsTest
Tests run: 17, Failures: 0, Errors: 0, Skipped: 0, Time elapsed: 0.568 sec
Running org.apache.commons.codec.digest.CryptTest
Tests run: 4, Failures: 0, Errors: 0, Skipped: 0, Time elapsed: 0.045 sec
Running org.apache.commons.codec.digest.UnixCryptTest
Tests run: 9, Failures: 0, Errors: 0, Skipped: 0, Time elapsed: 0.014 sec
Running org.apache.commons.codec.digest.B64Test
Tests run: 2, Failures: 0, Errors: 0, Skipped: 0, Time elapsed: 0.006 sec
Running org.apache.commons.codec.digest.Sha512CryptTest
Tests run: 8, Failures: 0, Errors: 0, Skipped: 0, Time elapsed: 0.118 sec
Running org.apache.commons.codec.digest.Sha256CryptTest
Tests run: 7, Failures: 0, Errors: 0, Skipped: 0, Time elapsed: 0.084 sec
Running org.apache.commons.codec.DecoderExceptionTest
Tests run: 4, Failures: 0, Errors: 0, Skipped: 0, Time elapsed: 0.003 sec
Running org.apache.commons.codec.CharsetsTest
Tests run: 7, Failures: 0, Errors: 0, Skipped: 0, Time elapsed: 0.007 sec
Running org.apache.commons.codec.binary.Base32OutputStreamTest
Tests run: 6, Failures: 0, Errors: 0, Skipped: 0, Time elapsed: 0.119 sec
Running org.apache.commons.codec.binary.Base32InputStreamTest
Tests run: 16, Failures: 0, Errors: 0, Skipped: 0, Time elapsed: 0.091 sec
Running org.apache.commons.codec.binary.Base32Test
Tests run: 7, Failures: 0, Errors: 0, Skipped: 0, Time elapsed: 0.006 sec
Running org.apache.commons.codec.binary.StringUtilsTest
Tests run: 17, Failures: 0, Errors: 0, Skipped: 0, Time elapsed: 0.04 sec
Running org.apache.commons.codec.binary.BinaryCodecTest
Tests run: 13, Failures: 0, Errors: 0, Skipped: 0, Time elapsed: 0.022 sec
Running org.apache.commons.codec.binary.Base64OutputStreamTest
Tests run: 7, Failures: 0, Errors: 0, Skipped: 0, Time elapsed: 0.119 sec
Running org.apache.commons.codec.binary.HexTest
Tests run: 19, Failures: 0, Errors: 0, Skipped: 0, Time elapsed: 0.181 sec
Running org.apache.commons.codec.binary.Base64Test
Tests run: 53, Failures: 0, Errors: 0, Skipped: 1, Time elapsed: 0.086 sec
Running org.apache.commons.codec.binary.BaseNCodecTest
Tests run: 6, Failures: 0, Errors: 0, Skipped: 0, Time elapsed: 0 sec
Running org.apache.commons.codec.binary.Base64Codec13Test
Tests run: 8, Failures: 0, Errors: 0, Skipped: 0, Time elapsed: 0.011 sec
Running org.apache.commons.codec.binary.Base64InputStreamTest
Tests run: 19, Failures: 0, Errors: 0, Skipped: 0, Time elapsed: 0.084 sec
Running org.apache.commons.codec.CharEncodingTest
Tests run: 7, Failures: 0, Errors: 0, Skipped: 0, Time elapsed: 0.003 sec
Running org.apache.commons.codec.net.QuotedPrintableCodecTest
Tests run: 17, Failures: 0, Errors: 0, Skipped: 2, Time elapsed: 0.023 sec
Running org.apache.commons.codec.net.QCodecTest
Tests run: 12, Failures: 0, Errors: 0, Skipped: 0, Time elapsed: 0.011 sec
Running org.apache.commons.codec.net.RFC1522CodecTest
Tests run: 2, Failures: 0, Errors: 0, Skipped: 0, Time elapsed: 0 sec
Running org.apache.commons.codec.net.UtilsTest
Tests run: 1, Failures: 0, Errors: 0, Skipped: 0, Time elapsed: 0 sec
Running org.apache.commons.codec.net.URLCodecTest
Tests run: 16, Failures: 0, Errors: 0, Skipped: 0, Time elapsed: 0.009 sec
Running org.apache.commons.codec.net.BCodecTest
Tests run: 9, Failures: 0, Errors: 0, Skipped: 0, Time elapsed: 0.004 sec
Running org.apache.commons.codec.StringEncoderComparatorTest
Tests run: 3, Failures: 0, Errors: 0, Skipped: 0, Time elapsed: 0.006 sec
Running org.apache.commons.codec.language.MetaphoneTest
Tests run: 34, Failures: 0, Errors: 0, Skipped: 0, Time elapsed: 0.052 sec
Running org.apache.commons.codec.language.MatchRatingApproachEncoderTest
Tests run: 96, Failures: 0, Errors: 0, Skipped: 0, Time elapsed: 0.061 sec
Running org.apache.commons.codec.language.DoubleMetaphoneTest
Tests run: 15, Failures: 0, Errors: 0, Skipped: 0, Time elapsed: 0.046 sec
Running org.apache.commons.codec.language.SoundexTest
Tests run: 28, Failures: 0, Errors: 0, Skipped: 0, Time elapsed: 0.019 sec
Running org.apache.commons.codec.language.DoubleMetaphone2Test
Tests run: 6, Failures: 0, Errors: 0, Skipped: 0, Time elapsed: 0.016 sec
Running org.apache.commons.codec.language.ColognePhoneticTest
Tests run: 13, Failures: 0, Errors: 0, Skipped: 0, Time elapsed: 0.006 sec
Running org.apache.commons.codec.language.Caverphone2Test
Tests run: 13, Failures: 0, Errors: 0, Skipped: 0, Time elapsed: 0.05 sec
Running org.apache.commons.codec.language.Caverphone1Test
Tests run: 9, Failures: 0, Errors: 0, Skipped: 0, Time elapsed: 0.01 sec
Running org.apache.commons.codec.language.RefinedSoundexTest
Tests run: 10, Failures: 0, Errors: 0, Skipped: 0, Time elapsed: 0.005 sec
Running org.apache.commons.codec.language.NysiisTest
Tests run: 23, Failures: 0, Errors: 0, Skipped: 0, Time elapsed: 0.007 sec
Running org.apache.commons.codec.language.bm.RuleTest
Tests run: 3, Failures: 0, Errors: 2, Skipped: 0, Time elapsed: 0.015 sec <<< FAILURE!
testPhonemeComparedToLaterIsNegative(org.apache.commons.codec.language.bm.RuleTest)  Time elapsed: 0.01 sec  <<< ERROR!
java.lang.ExceptionInInitializerError: null
	at org.apache.commons.codec.language.bm.Languages.getInstance(Languages.java:157)
	at org.apache.commons.codec.language.bm.Languages.<clinit>(Languages.java:143)
	at org.apache.commons.codec.language.bm.RuleTest.makePhonemes(RuleTest.java:55)
	at org.apache.commons.codec.language.bm.RuleTest.testPhonemeComparedToLaterIsNegative(RuleTest.java:64)

testPhonemeComparedToSelfIsZero(org.apache.commons.codec.language.bm.RuleTest)  Time elapsed: 0 sec  <<< ERROR!
java.lang.NoClassDefFoundError: Could not initialize class org.apache.commons.codec.language.bm.Languages
	at org.apache.commons.codec.language.bm.RuleTest.makePhonemes(RuleTest.java:55)
	at org.apache.commons.codec.language.bm.RuleTest.testPhonemeComparedToSelfIsZero(RuleTest.java:78)

Running org.apache.commons.codec.language.bm.PhoneticEngineRegressionTest
Tests run: 3, Failures: 0, Errors: 3, Skipped: 0, Time elapsed: 0.006 sec <<< FAILURE!
testSolrGENERIC(org.apache.commons.codec.language.bm.PhoneticEngineRegressionTest)  Time elapsed: 0.003 sec  <<< ERROR!
java.lang.NoClassDefFoundError: Could not initialize class org.apache.commons.codec.language.bm.Languages
	at org.apache.commons.codec.language.bm.Lang.<clinit>(Lang.java:102)
	at org.apache.commons.codec.language.bm.PhoneticEngine.<init>(PhoneticEngine.java:349)
	at org.apache.commons.codec.language.bm.PhoneticEngine.<init>(PhoneticEngine.java:325)
	at org.apache.commons.codec.language.bm.PhoneticEngineRegressionTest.encode(PhoneticEngineRegressionTest.java:199)
	at org.apache.commons.codec.language.bm.PhoneticEngineRegressionTest.testSolrGENERIC(PhoneticEngineRegressionTest.java:43)

testSolrSEPHARDIC(org.apache.commons.codec.language.bm.PhoneticEngineRegressionTest)  Time elapsed: 0 sec  <<< ERROR!
java.lang.NoClassDefFoundError: Could not initialize class org.apache.commons.codec.language.bm.Lang
	at org.apache.commons.codec.language.bm.PhoneticEngine.<init>(PhoneticEngine.java:349)
	at org.apache.commons.codec.language.bm.PhoneticEngine.<init>(PhoneticEngine.java:325)
	at org.apache.commons.codec.language.bm.PhoneticEngineRegressionTest.encode(PhoneticEngineRegressionTest.java:199)
	at org.apache.commons.codec.language.bm.PhoneticEngineRegressionTest.testSolrSEPHARDIC(PhoneticEngineRegressionTest.java:138)

testSolrASHKENAZI(org.apache.commons.codec.language.bm.PhoneticEngineRegressionTest)  Time elapsed: 0 sec  <<< ERROR!
java.lang.NoClassDefFoundError: Could not initialize class org.apache.commons.codec.language.bm.Lang
	at org.apache.commons.codec.language.bm.PhoneticEngine.<init>(PhoneticEngine.java:349)
	at org.apache.commons.codec.language.bm.PhoneticEngine.<init>(PhoneticEngine.java:325)
	at org.apache.commons.codec.language.bm.PhoneticEngineRegressionTest.encode(PhoneticEngineRegressionTest.java:199)
	at org.apache.commons.codec.language.bm.PhoneticEngineRegressionTest.testSolrASHKENAZI(PhoneticEngineRegressionTest.java:89)

Running org.apache.commons.codec.language.bm.BeiderMorseEncoderTest
Tests run: 22, Failures: 0, Errors: 22, Skipped: 0, Time elapsed: 0.014 sec <<< FAILURE!
testEncodeGna(org.apache.commons.codec.language.bm.BeiderMorseEncoderTest)  Time elapsed: 0 sec  <<< ERROR!
java.lang.NoClassDefFoundError: Could not initialize class org.apache.commons.codec.language.bm.Lang
	at org.apache.commons.codec.language.bm.PhoneticEngine.<init>(PhoneticEngine.java:349)
	at org.apache.commons.codec.language.bm.PhoneticEngine.<init>(PhoneticEngine.java:325)
	at org.apache.commons.codec.language.bm.BeiderMorseEncoder.<init>(BeiderMorseEncoder.java:76)
	at org.apache.commons.codec.language.bm.BeiderMorseEncoderTest.createStringEncoder(BeiderMorseEncoderTest.java:51)

testAsciiEncodeNotEmpty1Letter(org.apache.commons.codec.language.bm.BeiderMorseEncoderTest)  Time elapsed: 0.001 sec  <<< ERROR!
java.lang.NoClassDefFoundError: Could not initialize class org.apache.commons.codec.language.bm.Lang
	at org.apache.commons.codec.language.bm.PhoneticEngine.<init>(PhoneticEngine.java:349)
	at org.apache.commons.codec.language.bm.PhoneticEngine.<init>(PhoneticEngine.java:325)
	at org.apache.commons.codec.language.bm.BeiderMorseEncoder.<init>(BeiderMorseEncoder.java:76)
	at org.apache.commons.codec.language.bm.BeiderMorseEncoderTest.createStringEncoder(BeiderMorseEncoderTest.java:51)

testInvalidLanguageIllegalArgumentException(org.apache.commons.codec.language.bm.BeiderMorseEncoderTest)  Time elapsed: 0.001 sec  <<< ERROR!
java.lang.NoClassDefFoundError: Could not initialize class org.apache.commons.codec.language.bm.Lang
	at org.apache.commons.codec.language.bm.PhoneticEngine.<init>(PhoneticEngine.java:349)
	at org.apache.commons.codec.language.bm.PhoneticEngine.<init>(PhoneticEngine.java:325)
	at org.apache.commons.codec.language.bm.BeiderMorseEncoder.<init>(BeiderMorseEncoder.java:76)
	at org.apache.commons.codec.language.bm.BeiderMorseEncoderTest.createStringEncoder(BeiderMorseEncoderTest.java:51)

testSetRuleTypeExact(org.apache.commons.codec.language.bm.BeiderMorseEncoderTest)  Time elapsed: 0 sec  <<< ERROR!
java.lang.NoClassDefFoundError: Could not initialize class org.apache.commons.codec.language.bm.Lang
	at org.apache.commons.codec.language.bm.PhoneticEngine.<init>(PhoneticEngine.java:349)
	at org.apache.commons.codec.language.bm.PhoneticEngine.<init>(PhoneticEngine.java:325)
	at org.apache.commons.codec.language.bm.BeiderMorseEncoder.<init>(BeiderMorseEncoder.java:76)
	at org.apache.commons.codec.language.bm.BeiderMorseEncoderTest.createStringEncoder(BeiderMorseEncoderTest.java:51)

testAllChars(org.apache.commons.codec.language.bm.BeiderMorseEncoderTest)  Time elapsed: 0.001 sec  <<< ERROR!
java.lang.NoClassDefFoundError: Could not initialize class org.apache.commons.codec.language.bm.Lang
	at org.apache.commons.codec.language.bm.PhoneticEngine.<init>(PhoneticEngine.java:349)
	at org.apache.commons.codec.language.bm.PhoneticEngine.<init>(PhoneticEngine.java:325)
	at org.apache.commons.codec.language.bm.BeiderMorseEncoder.<init>(BeiderMorseEncoder.java:76)
	at org.apache.commons.codec.language.bm.BeiderMorseEncoderTest.createStringEncoder(BeiderMorseEncoderTest.java:51)

testEncodeAtzNotEmpty(org.apache.commons.codec.language.bm.BeiderMorseEncoderTest)  Time elapsed: 0 sec  <<< ERROR!
java.lang.NoClassDefFoundError: Could not initialize class org.apache.commons.codec.language.bm.Lang
	at org.apache.commons.codec.language.bm.PhoneticEngine.<init>(PhoneticEngine.java:349)
	at org.apache.commons.codec.language.bm.PhoneticEngine.<init>(PhoneticEngine.java:325)
	at org.apache.commons.codec.language.bm.BeiderMorseEncoder.<init>(BeiderMorseEncoder.java:76)
	at org.apache.commons.codec.language.bm.BeiderMorseEncoderTest.createStringEncoder(BeiderMorseEncoderTest.java:51)

testOOM(org.apache.commons.codec.language.bm.BeiderMorseEncoderTest)  Time elapsed: 0.001 sec  <<< ERROR!
java.lang.NoClassDefFoundError: Could not initialize class org.apache.commons.codec.language.bm.Lang
	at org.apache.commons.codec.language.bm.PhoneticEngine.<init>(PhoneticEngine.java:349)
	at org.apache.commons.codec.language.bm.PhoneticEngine.<init>(PhoneticEngine.java:325)
	at org.apache.commons.codec.language.bm.BeiderMorseEncoder.<init>(BeiderMorseEncoder.java:76)
	at org.apache.commons.codec.language.bm.BeiderMorseEncoderTest.createStringEncoder(BeiderMorseEncoderTest.java:51)

testNegativeIndexForRuleMatchIndexOutOfBoundsException(org.apache.commons.codec.language.bm.BeiderMorseEncoderTest)  Time elapsed: 0 sec  <<< ERROR!
java.lang.NoClassDefFoundError: Could not initialize class org.apache.commons.codec.language.bm.Lang
	at org.apache.commons.codec.language.bm.PhoneticEngine.<init>(PhoneticEngine.java:349)
	at org.apache.commons.codec.language.bm.PhoneticEngine.<init>(PhoneticEngine.java:325)
	at org.apache.commons.codec.language.bm.BeiderMorseEncoder.<init>(BeiderMorseEncoder.java:76)
	at org.apache.commons.codec.language.bm.BeiderMorseEncoderTest.createStringEncoder(BeiderMorseEncoderTest.java:51)

testInvalidLangIllegalArgumentException(org.apache.commons.codec.language.bm.BeiderMorseEncoderTest)  Time elapsed: 0.001 sec  <<< ERROR!
java.lang.NoClassDefFoundError: Could not initialize class org.apache.commons.codec.language.bm.Lang
	at org.apache.commons.codec.language.bm.PhoneticEngine.<init>(PhoneticEngine.java:349)
	at org.apache.commons.codec.language.bm.PhoneticEngine.<init>(PhoneticEngine.java:325)
	at org.apache.commons.codec.language.bm.BeiderMorseEncoder.<init>(BeiderMorseEncoder.java:76)
	at org.apache.commons.codec.language.bm.BeiderMorseEncoderTest.createStringEncoder(BeiderMorseEncoderTest.java:51)

testAsciiEncodeNotEmpty2Letters(org.apache.commons.codec.language.bm.BeiderMorseEncoderTest)  Time elapsed: 0 sec  <<< ERROR!
java.lang.NoClassDefFoundError: Could not initialize class org.apache.commons.codec.language.bm.Lang
	at org.apache.commons.codec.language.bm.PhoneticEngine.<init>(PhoneticEngine.java:349)
	at org.apache.commons.codec.language.bm.PhoneticEngine.<init>(PhoneticEngine.java:325)
	at org.apache.commons.codec.language.bm.BeiderMorseEncoder.<init>(BeiderMorseEncoder.java:76)
	at org.apache.commons.codec.language.bm.BeiderMorseEncoderTest.createStringEncoder(BeiderMorseEncoderTest.java:51)

testSpeedCheck(org.apache.commons.codec.language.bm.BeiderMorseEncoderTest)  Time elapsed: 0.001 sec  <<< ERROR!
java.lang.NoClassDefFoundError: Could not initialize class org.apache.commons.codec.language.bm.Lang
	at org.apache.commons.codec.language.bm.PhoneticEngine.<init>(PhoneticEngine.java:349)
	at org.apache.commons.codec.language.bm.PhoneticEngine.<init>(PhoneticEngine.java:325)
	at org.apache.commons.codec.language.bm.BeiderMorseEncoder.<init>(BeiderMorseEncoder.java:76)
	at org.apache.commons.codec.language.bm.BeiderMorseEncoderTest.createStringEncoder(BeiderMorseEncoderTest.java:51)

testSetNameTypeAsh(org.apache.commons.codec.language.bm.BeiderMorseEncoderTest)  Time elapsed: 0 sec  <<< ERROR!
java.lang.NoClassDefFoundError: Could not initialize class org.apache.commons.codec.language.bm.Lang
	at org.apache.commons.codec.language.bm.PhoneticEngine.<init>(PhoneticEngine.java:349)
	at org.apache.commons.codec.language.bm.PhoneticEngine.<init>(PhoneticEngine.java:325)
	at org.apache.commons.codec.language.bm.BeiderMorseEncoder.<init>(BeiderMorseEncoder.java:76)
	at org.apache.commons.codec.language.bm.BeiderMorseEncoderTest.createStringEncoder(BeiderMorseEncoderTest.java:51)

testSetConcat(org.apache.commons.codec.language.bm.BeiderMorseEncoderTest)  Time elapsed: 0.001 sec  <<< ERROR!
java.lang.NoClassDefFoundError: Could not initialize class org.apache.commons.codec.language.bm.Lang
	at org.apache.commons.codec.language.bm.PhoneticEngine.<init>(PhoneticEngine.java:349)
	at org.apache.commons.codec.language.bm.PhoneticEngine.<init>(PhoneticEngine.java:325)
	at org.apache.commons.codec.language.bm.BeiderMorseEncoder.<init>(BeiderMorseEncoder.java:76)
	at org.apache.commons.codec.language.bm.BeiderMorseEncoderTest.createStringEncoder(BeiderMorseEncoderTest.java:51)

testSpeedCheck2(org.apache.commons.codec.language.bm.BeiderMorseEncoderTest)  Time elapsed: 0 sec  <<< ERROR!
java.lang.NoClassDefFoundError: Could not initialize class org.apache.commons.codec.language.bm.Lang
	at org.apache.commons.codec.language.bm.PhoneticEngine.<init>(PhoneticEngine.java:349)
	at org.apache.commons.codec.language.bm.PhoneticEngine.<init>(PhoneticEngine.java:325)
	at org.apache.commons.codec.language.bm.BeiderMorseEncoder.<init>(BeiderMorseEncoder.java:76)
	at org.apache.commons.codec.language.bm.BeiderMorseEncoderTest.createStringEncoder(BeiderMorseEncoderTest.java:51)

testSpeedCheck3(org.apache.commons.codec.language.bm.BeiderMorseEncoderTest)  Time elapsed: 0 sec  <<< ERROR!
java.lang.NoClassDefFoundError: Could not initialize class org.apache.commons.codec.language.bm.Lang
	at org.apache.commons.codec.language.bm.PhoneticEngine.<init>(PhoneticEngine.java:349)
	at org.apache.commons.codec.language.bm.PhoneticEngine.<init>(PhoneticEngine.java:325)
	at org.apache.commons.codec.language.bm.BeiderMorseEncoder.<init>(BeiderMorseEncoder.java:76)
	at org.apache.commons.codec.language.bm.BeiderMorseEncoderTest.createStringEncoder(BeiderMorseEncoderTest.java:51)

testSetRuleTypeToRulesIllegalArgumentException(org.apache.commons.codec.language.bm.BeiderMorseEncoderTest)  Time elapsed: 0.001 sec  <<< ERROR!
java.lang.NoClassDefFoundError: Could not initialize class org.apache.commons.codec.language.bm.Lang
	at org.apache.commons.codec.language.bm.PhoneticEngine.<init>(PhoneticEngine.java:349)
	at org.apache.commons.codec.language.bm.PhoneticEngine.<init>(PhoneticEngine.java:325)
	at org.apache.commons.codec.language.bm.BeiderMorseEncoder.<init>(BeiderMorseEncoder.java:76)
	at org.apache.commons.codec.language.bm.BeiderMorseEncoderTest.createStringEncoder(BeiderMorseEncoderTest.java:51)

testLongestEnglishSurname(org.apache.commons.codec.language.bm.BeiderMorseEncoderTest)  Time elapsed: 0.001 sec  <<< ERROR!
java.lang.NoClassDefFoundError: Could not initialize class org.apache.commons.codec.language.bm.Lang
	at org.apache.commons.codec.language.bm.PhoneticEngine.<init>(PhoneticEngine.java:349)
	at org.apache.commons.codec.language.bm.PhoneticEngine.<init>(PhoneticEngine.java:325)
	at org.apache.commons.codec.language.bm.BeiderMorseEncoder.<init>(BeiderMorseEncoder.java:76)
	at org.apache.commons.codec.language.bm.BeiderMorseEncoderTest.createStringEncoder(BeiderMorseEncoderTest.java:51)

testInvalidLangIllegalStateException(org.apache.commons.codec.language.bm.BeiderMorseEncoderTest)  Time elapsed: 0 sec  <<< ERROR!
java.lang.NoClassDefFoundError: Could not initialize class org.apache.commons.codec.language.bm.Lang
	at org.apache.commons.codec.language.bm.PhoneticEngine.<init>(PhoneticEngine.java:349)
	at org.apache.commons.codec.language.bm.PhoneticEngine.<init>(PhoneticEngine.java:325)
	at org.apache.commons.codec.language.bm.BeiderMorseEncoder.<init>(BeiderMorseEncoder.java:76)
	at org.apache.commons.codec.language.bm.BeiderMorseEncoderTest.createStringEncoder(BeiderMorseEncoderTest.java:51)

testEncodeWithInvalidObject(org.apache.commons.codec.language.bm.BeiderMorseEncoderTest)  Time elapsed: 0.001 sec  <<< ERROR!
java.lang.NoClassDefFoundError: Could not initialize class org.apache.commons.codec.language.bm.Lang
	at org.apache.commons.codec.language.bm.PhoneticEngine.<init>(PhoneticEngine.java:349)
	at org.apache.commons.codec.language.bm.PhoneticEngine.<init>(PhoneticEngine.java:325)
	at org.apache.commons.codec.language.bm.BeiderMorseEncoder.<init>(BeiderMorseEncoder.java:76)
	at org.apache.commons.codec.language.bm.BeiderMorseEncoderTest.createStringEncoder(BeiderMorseEncoderTest.java:51)

testEncodeNull(org.apache.commons.codec.language.bm.BeiderMorseEncoderTest)  Time elapsed: 0 sec  <<< ERROR!
java.lang.NoClassDefFoundError: Could not initialize class org.apache.commons.codec.language.bm.Lang
	at org.apache.commons.codec.language.bm.PhoneticEngine.<init>(PhoneticEngine.java:349)
	at org.apache.commons.codec.language.bm.PhoneticEngine.<init>(PhoneticEngine.java:325)
	at org.apache.commons.codec.language.bm.BeiderMorseEncoder.<init>(BeiderMorseEncoder.java:76)
	at org.apache.commons.codec.language.bm.BeiderMorseEncoderTest.createStringEncoder(BeiderMorseEncoderTest.java:51)

testEncodeEmpty(org.apache.commons.codec.language.bm.BeiderMorseEncoderTest)  Time elapsed: 0 sec  <<< ERROR!
java.lang.NoClassDefFoundError: Could not initialize class org.apache.commons.codec.language.bm.Lang
	at org.apache.commons.codec.language.bm.PhoneticEngine.<init>(PhoneticEngine.java:349)
	at org.apache.commons.codec.language.bm.PhoneticEngine.<init>(PhoneticEngine.java:325)
	at org.apache.commons.codec.language.bm.BeiderMorseEncoder.<init>(BeiderMorseEncoder.java:76)
	at org.apache.commons.codec.language.bm.BeiderMorseEncoderTest.createStringEncoder(BeiderMorseEncoderTest.java:51)

testLocaleIndependence(org.apache.commons.codec.language.bm.BeiderMorseEncoderTest)  Time elapsed: 0 sec  <<< ERROR!
java.lang.NoClassDefFoundError: Could not initialize class org.apache.commons.codec.language.bm.Lang
	at org.apache.commons.codec.language.bm.PhoneticEngine.<init>(PhoneticEngine.java:349)
	at org.apache.commons.codec.language.bm.PhoneticEngine.<init>(PhoneticEngine.java:325)
	at org.apache.commons.codec.language.bm.BeiderMorseEncoder.<init>(BeiderMorseEncoder.java:76)
	at org.apache.commons.codec.language.bm.BeiderMorseEncoderTest.createStringEncoder(BeiderMorseEncoderTest.java:51)

Running org.apache.commons.codec.language.bm.PhoneticEngineTest
Tests run: 7, Failures: 0, Errors: 7, Skipped: 0, Time elapsed: 0.018 sec <<< FAILURE!
testEncode[0](org.apache.commons.codec.language.bm.PhoneticEngineTest)  Time elapsed: 0.002 sec  <<< ERROR!
java.lang.NoClassDefFoundError: Could not initialize class org.apache.commons.codec.language.bm.Lang
	at org.apache.commons.codec.language.bm.PhoneticEngine.<init>(PhoneticEngine.java:349)
	at org.apache.commons.codec.language.bm.PhoneticEngineTest.testEncode(PhoneticEngineTest.java:76)

testEncode[1](org.apache.commons.codec.language.bm.PhoneticEngineTest)  Time elapsed: 0 sec  <<< ERROR!
java.lang.NoClassDefFoundError: Could not initialize class org.apache.commons.codec.language.bm.Lang
	at org.apache.commons.codec.language.bm.PhoneticEngine.<init>(PhoneticEngine.java:349)
	at org.apache.commons.codec.language.bm.PhoneticEngineTest.testEncode(PhoneticEngineTest.java:76)

testEncode[2](org.apache.commons.codec.language.bm.PhoneticEngineTest)  Time elapsed: 0.001 sec  <<< ERROR!
java.lang.NoClassDefFoundError: Could not initialize class org.apache.commons.codec.language.bm.Lang
	at org.apache.commons.codec.language.bm.PhoneticEngine.<init>(PhoneticEngine.java:349)
	at org.apache.commons.codec.language.bm.PhoneticEngineTest.testEncode(PhoneticEngineTest.java:76)

testEncode[3](org.apache.commons.codec.language.bm.PhoneticEngineTest)  Time elapsed: 0.001 sec  <<< ERROR!
java.lang.NoClassDefFoundError: Could not initialize class org.apache.commons.codec.language.bm.Lang
	at org.apache.commons.codec.language.bm.PhoneticEngine.<init>(PhoneticEngine.java:349)
	at org.apache.commons.codec.language.bm.PhoneticEngineTest.testEncode(PhoneticEngineTest.java:76)

testEncode[4](org.apache.commons.codec.language.bm.PhoneticEngineTest)  Time elapsed: 0 sec  <<< ERROR!
java.lang.NoClassDefFoundError: Could not initialize class org.apache.commons.codec.language.bm.Lang
	at org.apache.commons.codec.language.bm.PhoneticEngine.<init>(PhoneticEngine.java:349)
	at org.apache.commons.codec.language.bm.PhoneticEngineTest.testEncode(PhoneticEngineTest.java:76)

testEncode[5](org.apache.commons.codec.language.bm.PhoneticEngineTest)  Time elapsed: 0.001 sec  <<< ERROR!
java.lang.NoClassDefFoundError: Could not initialize class org.apache.commons.codec.language.bm.Lang
	at org.apache.commons.codec.language.bm.PhoneticEngine.<init>(PhoneticEngine.java:349)
	at org.apache.commons.codec.language.bm.PhoneticEngineTest.testEncode(PhoneticEngineTest.java:76)

testEncode[6](org.apache.commons.codec.language.bm.PhoneticEngineTest)  Time elapsed: 0.006 sec  <<< ERROR!
java.lang.NoClassDefFoundError: Could not initialize class org.apache.commons.codec.language.bm.Lang
	at org.apache.commons.codec.language.bm.PhoneticEngine.<init>(PhoneticEngine.java:349)
	at org.apache.commons.codec.language.bm.PhoneticEngineTest.testEncode(PhoneticEngineTest.java:76)

Running org.apache.commons.codec.language.bm.LanguageGuessingTest
Tests run: 18, Failures: 0, Errors: 18, Skipped: 0, Time elapsed: 0.011 sec <<< FAILURE!
testLanguageGuessing[0](org.apache.commons.codec.language.bm.LanguageGuessingTest)  Time elapsed: 0 sec  <<< ERROR!
java.lang.NoClassDefFoundError: Could not initialize class org.apache.commons.codec.language.bm.Lang
	at org.apache.commons.codec.language.bm.LanguageGuessingTest.<init>(LanguageGuessingTest.java:65)

testLanguageGuessing[1](org.apache.commons.codec.language.bm.LanguageGuessingTest)  Time elapsed: 0 sec  <<< ERROR!
java.lang.NoClassDefFoundError: Could not initialize class org.apache.commons.codec.language.bm.Lang
	at org.apache.commons.codec.language.bm.LanguageGuessingTest.<init>(LanguageGuessingTest.java:65)

testLanguageGuessing[2](org.apache.commons.codec.language.bm.LanguageGuessingTest)  Time elapsed: 0 sec  <<< ERROR!
java.lang.NoClassDefFoundError: Could not initialize class org.apache.commons.codec.language.bm.Lang
	at org.apache.commons.codec.language.bm.LanguageGuessingTest.<init>(LanguageGuessingTest.java:65)

testLanguageGuessing[3](org.apache.commons.codec.language.bm.LanguageGuessingTest)  Time elapsed: 0 sec  <<< ERROR!
java.lang.NoClassDefFoundError: Could not initialize class org.apache.commons.codec.language.bm.Lang
	at org.apache.commons.codec.language.bm.LanguageGuessingTest.<init>(LanguageGuessingTest.java:65)

testLanguageGuessing[4](org.apache.commons.codec.language.bm.LanguageGuessingTest)  Time elapsed: 0 sec  <<< ERROR!
java.lang.NoClassDefFoundError: Could not initialize class org.apache.commons.codec.language.bm.Lang
	at org.apache.commons.codec.language.bm.LanguageGuessingTest.<init>(LanguageGuessingTest.java:65)

testLanguageGuessing[5](org.apache.commons.codec.language.bm.LanguageGuessingTest)  Time elapsed: 0 sec  <<< ERROR!
java.lang.NoClassDefFoundError: Could not initialize class org.apache.commons.codec.language.bm.Lang
	at org.apache.commons.codec.language.bm.LanguageGuessingTest.<init>(LanguageGuessingTest.java:65)

testLanguageGuessing[6](org.apache.commons.codec.language.bm.LanguageGuessingTest)  Time elapsed: 0 sec  <<< ERROR!
java.lang.NoClassDefFoundError: Could not initialize class org.apache.commons.codec.language.bm.Lang
	at org.apache.commons.codec.language.bm.LanguageGuessingTest.<init>(LanguageGuessingTest.java:65)

testLanguageGuessing[7](org.apache.commons.codec.language.bm.LanguageGuessingTest)  Time elapsed: 0 sec  <<< ERROR!
java.lang.NoClassDefFoundError: Could not initialize class org.apache.commons.codec.language.bm.Lang
	at org.apache.commons.codec.language.bm.LanguageGuessingTest.<init>(LanguageGuessingTest.java:65)

testLanguageGuessing[8](org.apache.commons.codec.language.bm.LanguageGuessingTest)  Time elapsed: 0 sec  <<< ERROR!
java.lang.NoClassDefFoundError: Could not initialize class org.apache.commons.codec.language.bm.Lang
	at org.apache.commons.codec.language.bm.LanguageGuessingTest.<init>(LanguageGuessingTest.java:65)

testLanguageGuessing[9](org.apache.commons.codec.language.bm.LanguageGuessingTest)  Time elapsed: 0 sec  <<< ERROR!
java.lang.NoClassDefFoundError: Could not initialize class org.apache.commons.codec.language.bm.Lang
	at org.apache.commons.codec.language.bm.LanguageGuessingTest.<init>(LanguageGuessingTest.java:65)

testLanguageGuessing[10](org.apache.commons.codec.language.bm.LanguageGuessingTest)  Time elapsed: 0 sec  <<< ERROR!
java.lang.NoClassDefFoundError: Could not initialize class org.apache.commons.codec.language.bm.Lang
	at org.apache.commons.codec.language.bm.LanguageGuessingTest.<init>(LanguageGuessingTest.java:65)

testLanguageGuessing[11](org.apache.commons.codec.language.bm.LanguageGuessingTest)  Time elapsed: 0 sec  <<< ERROR!
java.lang.NoClassDefFoundError: Could not initialize class org.apache.commons.codec.language.bm.Lang
	at org.apache.commons.codec.language.bm.LanguageGuessingTest.<init>(LanguageGuessingTest.java:65)

testLanguageGuessing[12](org.apache.commons.codec.language.bm.LanguageGuessingTest)  Time elapsed: 0 sec  <<< ERROR!
java.lang.NoClassDefFoundError: Could not initialize class org.apache.commons.codec.language.bm.Lang
	at org.apache.commons.codec.language.bm.LanguageGuessingTest.<init>(LanguageGuessingTest.java:65)

testLanguageGuessing[13](org.apache.commons.codec.language.bm.LanguageGuessingTest)  Time elapsed: 0.001 sec  <<< ERROR!
java.lang.NoClassDefFoundError: Could not initialize class org.apache.commons.codec.language.bm.Lang
	at org.apache.commons.codec.language.bm.LanguageGuessingTest.<init>(LanguageGuessingTest.java:65)

testLanguageGuessing[14](org.apache.commons.codec.language.bm.LanguageGuessingTest)  Time elapsed: 0 sec  <<< ERROR!
java.lang.NoClassDefFoundError: Could not initialize class org.apache.commons.codec.language.bm.Lang
	at org.apache.commons.codec.language.bm.LanguageGuessingTest.<init>(LanguageGuessingTest.java:65)

testLanguageGuessing[15](org.apache.commons.codec.language.bm.LanguageGuessingTest)  Time elapsed: 0 sec  <<< ERROR!
java.lang.NoClassDefFoundError: Could not initialize class org.apache.commons.codec.language.bm.Lang
	at org.apache.commons.codec.language.bm.LanguageGuessingTest.<init>(LanguageGuessingTest.java:65)

testLanguageGuessing[16](org.apache.commons.codec.language.bm.LanguageGuessingTest)  Time elapsed: 0.001 sec  <<< ERROR!
java.lang.NoClassDefFoundError: Could not initialize class org.apache.commons.codec.language.bm.Lang
	at org.apache.commons.codec.language.bm.LanguageGuessingTest.<init>(LanguageGuessingTest.java:65)

testLanguageGuessing[17](org.apache.commons.codec.language.bm.LanguageGuessingTest)  Time elapsed: 0 sec  <<< ERROR!
java.lang.NoClassDefFoundError: Could not initialize class org.apache.commons.codec.language.bm.Lang
	at org.apache.commons.codec.language.bm.LanguageGuessingTest.<init>(LanguageGuessingTest.java:65)

Running org.apache.commons.codec.EncoderExceptionTest
Tests run: 4, Failures: 0, Errors: 0, Skipped: 0, Time elapsed: 0 sec

Results :

Tests in error: 
  RuleTest.testPhonemeComparedToLaterIsNegative:64->makePhonemes:55 ExceptionInInitializer
  RuleTest.testPhonemeComparedToSelfIsZero:78->makePhonemes:55 NoClassDefFound C...
  PhoneticEngineRegressionTest.testSolrGENERIC:43->encode:199 » NoClassDefFound ...
  PhoneticEngineRegressionTest.testSolrSEPHARDIC:138->encode:199 » NoClassDefFound
  PhoneticEngineRegressionTest.testSolrASHKENAZI:89->encode:199 » NoClassDefFound
  BeiderMorseEncoderTest.<init>:35->StringEncoderAbstractTest.<init>:31->createStringEncoder:51 » NoClassDefFound
  BeiderMorseEncoderTest.<init>:35->StringEncoderAbstractTest.<init>:31->createStringEncoder:51 » NoClassDefFound
  BeiderMorseEncoderTest.<init>:35->StringEncoderAbstractTest.<init>:31->createStringEncoder:51 » NoClassDefFound
  BeiderMorseEncoderTest.<init>:35->StringEncoderAbstractTest.<init>:31->createStringEncoder:51 » NoClassDefFound
  BeiderMorseEncoderTest.<init>:35->StringEncoderAbstractTest.<init>:31->createStringEncoder:51 » NoClassDefFound
  BeiderMorseEncoderTest.<init>:35->StringEncoderAbstractTest.<init>:31->createStringEncoder:51 » NoClassDefFound
  BeiderMorseEncoderTest.<init>:35->StringEncoderAbstractTest.<init>:31->createStringEncoder:51 » NoClassDefFound
  BeiderMorseEncoderTest.<init>:35->StringEncoderAbstractTest.<init>:31->createStringEncoder:51 » NoClassDefFound
  BeiderMorseEncoderTest.<init>:35->StringEncoderAbstractTest.<init>:31->createStringEncoder:51 » NoClassDefFound
  BeiderMorseEncoderTest.<init>:35->StringEncoderAbstractTest.<init>:31->createStringEncoder:51 » NoClassDefFound
  BeiderMorseEncoderTest.<init>:35->StringEncoderAbstractTest.<init>:31->createStringEncoder:51 » NoClassDefFound
  BeiderMorseEncoderTest.<init>:35->StringEncoderAbstractTest.<init>:31->createStringEncoder:51 » NoClassDefFound
  BeiderMorseEncoderTest.<init>:35->StringEncoderAbstractTest.<init>:31->createStringEncoder:51 » NoClassDefFound
  BeiderMorseEncoderTest.<init>:35->StringEncoderAbstractTest.<init>:31->createStringEncoder:51 » NoClassDefFound
  BeiderMorseEncoderTest.<init>:35->StringEncoderAbstractTest.<init>:31->createStringEncoder:51 » NoClassDefFound
  BeiderMorseEncoderTest.<init>:35->StringEncoderAbstractTest.<init>:31->createStringEncoder:51 » NoClassDefFound
  BeiderMorseEncoderTest.<init>:35->StringEncoderAbstractTest.<init>:31->createStringEncoder:51 » NoClassDefFound
  BeiderMorseEncoderTest.<init>:35->StringEncoderAbstractTest.<init>:31->createStringEncoder:51 » NoClassDefFound
  BeiderMorseEncoderTest.<init>:35->StringEncoderAbstractTest.<init>:31->createStringEncoder:51 » NoClassDefFound
  BeiderMorseEncoderTest.<init>:35->StringEncoderAbstractTest.<init>:31->createStringEncoder:51 » NoClassDefFound
  BeiderMorseEncoderTest.<init>:35->StringEncoderAbstractTest.<init>:31->createStringEncoder:51 » NoClassDefFound
  BeiderMorseEncoderTest.<init>:35->StringEncoderAbstractTest.<init>:31->createStringEncoder:51 » NoClassDefFound
  PhoneticEngineTest.testEncode:76 » NoClassDefFound Could not initialize class ...
  PhoneticEngineTest.testEncode:76 » NoClassDefFound Could not initialize class ...
  PhoneticEngineTest.testEncode:76 » NoClassDefFound Could not initialize class ...
  PhoneticEngineTest.testEncode:76 » NoClassDefFound Could not initialize class ...
  PhoneticEngineTest.testEncode:76 » NoClassDefFound Could not initialize class ...
  PhoneticEngineTest.testEncode:76 » NoClassDefFound Could not initialize class ...
  PhoneticEngineTest.testEncode:76 » NoClassDefFound Could not initialize class ...
  LanguageGuessingTest.<init>:65 NoClassDefFound Could not initialize class org....
  LanguageGuessingTest.<init>:65 NoClassDefFound Could not initialize class org....
  LanguageGuessingTest.<init>:65 NoClassDefFound Could not initialize class org....
  LanguageGuessingTest.<init>:65 NoClassDefFound Could not initialize class org....
  LanguageGuessingTest.<init>:65 NoClassDefFound Could not initialize class org....
  LanguageGuessingTest.<init>:65 NoClassDefFound Could not initialize class org....
  LanguageGuessingTest.<init>:65 NoClassDefFound Could not initialize class org....
  LanguageGuessingTest.<init>:65 NoClassDefFound Could not initialize class org....
  LanguageGuessingTest.<init>:65 NoClassDefFound Could not initialize class org....
  LanguageGuessingTest.<init>:65 NoClassDefFound Could not initialize class org....
  LanguageGuessingTest.<init>:65 NoClassDefFound Could not initialize class org....
  LanguageGuessingTest.<init>:65 NoClassDefFound Could not initialize class org....
  LanguageGuessingTest.<init>:65 NoClassDefFound Could not initialize class org....
  LanguageGuessingTest.<init>:65 NoClassDefFound Could not initialize class org....
  LanguageGuessingTest.<init>:65 NoClassDefFound Could not initialize class org....
  LanguageGuessingTest.<init>:65 NoClassDefFound Could not initialize class org....
  LanguageGuessingTest.<init>:65 NoClassDefFound Could not initialize class org....
  LanguageGuessingTest.<init>:65 NoClassDefFound Could not initialize class org....

Tests run: 616, Failures: 0, Errors: 52, Skipped: 3

[INFO] ------------------------------------------------------------------------
[INFO] BUILD FAILURE
[INFO] ------------------------------------------------------------------------
[INFO] Total time: 8.188 s
[INFO] Finished at: 2017-09-21T12:54:07+02:00
[INFO] Final Memory: 25M/322M
[INFO] ------------------------------------------------------------------------
[ERROR] Failed to execute goal org.apache.maven.plugins:maven-surefire-plugin:2.13:test (default-test) on project commons-codec: There are test failures.
[ERROR] 
[ERROR] Please refer to /home/artefact/tests/Maven Test Sources/commons-codec-1.8-test-sources/target/surefire-reports for the individual test results.
[ERROR] -> [Help 1]
[ERROR] 
[ERROR] To see the full stack trace of the errors, re-run Maven with the -e switch.
[ERROR] Re-run Maven using the -X switch to enable full debug logging.
[ERROR] 
[ERROR] For more information about the errors and possible solutions, please read the following articles:
[ERROR] [Help 1] http://cwiki.apache.org/confluence/display/MAVEN/MojoFailureException
