[INFO] Scanning for projects...
[INFO]                                                                         
[INFO] ------------------------------------------------------------------------
[INFO] Building Apache Commons Compress 1.7
[INFO] ------------------------------------------------------------------------
[INFO] 
[INFO] --- maven-antrun-plugin:1.7:run (javadoc.resources) @ commons-compress ---
[INFO] Executing tasks

main:
[INFO] Executed tasks
[INFO] 
[INFO] --- maven-remote-resources-plugin:1.4:process (default) @ commons-compress ---
[INFO] 
[INFO] --- buildnumber-maven-plugin:1.2:create (default) @ commons-compress ---
[INFO] Checking for local modifications: skipped.
[INFO] Updating project files from SCM: skipped.
[INFO] Executing: /bin/sh -c cd "/home/artefact/tests/Maven Test Sources/commons-compress-1.7-test-sources" && svn --non-interactive info
[INFO] Working directory: /home/artefact/tests/Maven Test Sources/commons-compress-1.7-test-sources
[INFO] Storing buildNumber: ?????? at timestamp: 1505989259567
[INFO] Executing: /bin/sh -c cd "/home/artefact/tests/Maven Test Sources/commons-compress-1.7-test-sources" && svn --non-interactive info
[INFO] Working directory: /home/artefact/tests/Maven Test Sources/commons-compress-1.7-test-sources
[INFO] Storing buildScmBranch: UNKNOWN_BRANCH
[INFO] 
[INFO] --- maven-resources-plugin:2.6:resources (default-resources) @ commons-compress ---
[INFO] Using 'iso-8859-1' encoding to copy filtered resources.
[INFO] skip non existing resourceDirectory /home/artefact/tests/Maven Test Sources/commons-compress-1.7-test-sources/src/main/resources
[INFO] Copying 0 resource to META-INF
[INFO] 
[INFO] --- maven-compiler-plugin:3.1:compile (default-compile) @ commons-compress ---
[INFO] Changes detected - recompiling the module!
[INFO] Compiling 136 source files to /home/artefact/tests/Maven Test Sources/commons-compress-1.7-test-sources/target/classes
[INFO] 
[INFO] --- maven-bundle-plugin:2.4.0:manifest (bundle-manifest) @ commons-compress ---
[INFO] 
[INFO] --- maven-resources-plugin:2.6:testResources (default-testResources) @ commons-compress ---
[INFO] Using 'iso-8859-1' encoding to copy filtered resources.
[INFO] skip non existing resourceDirectory /home/artefact/tests/Maven Test Sources/commons-compress-1.7-test-sources/src/test/resources
[INFO] Copying 0 resource to META-INF
[INFO] 
[INFO] --- maven-compiler-plugin:3.1:testCompile (default-testCompile) @ commons-compress ---
[INFO] Changes detected - recompiling the module!
[INFO] Compiling 79 source files to /home/artefact/tests/Maven Test Sources/commons-compress-1.7-test-sources/target/test-classes
[WARNING] /home/artefact/tests/Maven Test Sources/commons-compress-1.7-test-sources/src/test/java/org/apache/commons/compress/archivers/zip/X5455_ExtendedTimestampTest.java: /home/artefact/tests/Maven Test Sources/commons-compress-1.7-test-sources/src/test/java/org/apache/commons/compress/archivers/zip/X5455_ExtendedTimestampTest.java uses or overrides a deprecated API.
[WARNING] /home/artefact/tests/Maven Test Sources/commons-compress-1.7-test-sources/src/test/java/org/apache/commons/compress/archivers/zip/X5455_ExtendedTimestampTest.java: Recompile with -Xlint:deprecation for details.
[INFO] 
[INFO] --- maven-surefire-plugin:2.15:test (default-test) @ commons-compress ---
[INFO] Surefire report directory: /home/artefact/tests/Maven Test Sources/commons-compress-1.7-test-sources/target/surefire-reports
Downloading: https://repo.maven.apache.org/maven2/org/apache/maven/surefire/surefire-junit4/2.15/surefire-junit4-2.15.pom
3/3 KB   3/3 KB            Downloaded: https://repo.maven.apache.org/maven2/org/apache/maven/surefire/surefire-junit4/2.15/surefire-junit4-2.15.pom (3 KB at 2.1 KB/sec)
Downloading: https://repo.maven.apache.org/maven2/org/apache/maven/surefire/surefire-providers/2.15/surefire-providers-2.15.pom
3/3 KB   3/3 KB            Downloaded: https://repo.maven.apache.org/maven2/org/apache/maven/surefire/surefire-providers/2.15/surefire-providers-2.15.pom (3 KB at 8.0 KB/sec)
Downloading: https://repo.maven.apache.org/maven2/org/apache/maven/surefire/surefire-junit4/2.15/surefire-junit4-2.15.jar
3/63 KB   5/63 KB   8/63 KB   11/63 KB   13/63 KB   16/63 KB   19/63 KB   21/63 KB   24/63 KB   27/63 KB   29/63 KB   32/63 KB   36/63 KB   40/63 KB   44/63 KB   48/63 KB   52/63 KB   56/63 KB   60/63 KB   63/63 KB              Downloaded: https://repo.maven.apache.org/maven2/org/apache/maven/surefire/surefire-junit4/2.15/surefire-junit4-2.15.jar (63 KB at 101.8 KB/sec)

-------------------------------------------------------
 T E S T S
-------------------------------------------------------
Running org.apache.commons.compress.archivers.LongPathTest
Tests run: 1, Failures: 0, Errors: 1, Skipped: 0, Time elapsed: 0.013 sec <<< FAILURE! - in org.apache.commons.compress.archivers.LongPathTest
initializationError(org.apache.commons.compress.archivers.LongPathTest)  Time elapsed: 0.011 sec  <<< ERROR!
java.io.FileNotFoundException: couldn't find longpath
	at org.apache.commons.compress.AbstractTestCase.getFile(AbstractTestCase.java:78)
	at org.apache.commons.compress.archivers.LongPathTest.createSuite(LongPathTest.java:74)
	at org.apache.commons.compress.archivers.LongPathTest.suite(LongPathTest.java:67)

Running org.apache.commons.compress.archivers.ArchiveOutputStreamTest
Tests run: 7, Failures: 0, Errors: 5, Skipped: 0, Time elapsed: 0.097 sec <<< FAILURE! - in org.apache.commons.compress.archivers.ArchiveOutputStreamTest
testCallSequenceAr(org.apache.commons.compress.archivers.ArchiveOutputStreamTest)  Time elapsed: 0.02 sec  <<< ERROR!
java.io.FileNotFoundException: couldn't find test1.xml
	at org.apache.commons.compress.AbstractTestCase.getFile(AbstractTestCase.java:78)
	at org.apache.commons.compress.archivers.ArchiveOutputStreamTest.doCallSequence(ArchiveOutputStreamTest.java:139)
	at org.apache.commons.compress.archivers.ArchiveOutputStreamTest.testCallSequenceAr(ArchiveOutputStreamTest.java:118)

testCallSequenceCpio(org.apache.commons.compress.archivers.ArchiveOutputStreamTest)  Time elapsed: 0.001 sec  <<< ERROR!
java.io.FileNotFoundException: couldn't find test1.xml
	at org.apache.commons.compress.AbstractTestCase.getFile(AbstractTestCase.java:78)
	at org.apache.commons.compress.archivers.ArchiveOutputStreamTest.doCallSequence(ArchiveOutputStreamTest.java:139)
	at org.apache.commons.compress.archivers.ArchiveOutputStreamTest.testCallSequenceCpio(ArchiveOutputStreamTest.java:122)

testCallSequenceJar(org.apache.commons.compress.archivers.ArchiveOutputStreamTest)  Time elapsed: 0.001 sec  <<< ERROR!
java.io.FileNotFoundException: couldn't find test1.xml
	at org.apache.commons.compress.AbstractTestCase.getFile(AbstractTestCase.java:78)
	at org.apache.commons.compress.archivers.ArchiveOutputStreamTest.doCallSequence(ArchiveOutputStreamTest.java:139)
	at org.apache.commons.compress.archivers.ArchiveOutputStreamTest.testCallSequenceJar(ArchiveOutputStreamTest.java:126)

testCallSequenceTar(org.apache.commons.compress.archivers.ArchiveOutputStreamTest)  Time elapsed: 0.002 sec  <<< ERROR!
java.io.FileNotFoundException: couldn't find test1.xml
	at org.apache.commons.compress.AbstractTestCase.getFile(AbstractTestCase.java:78)
	at org.apache.commons.compress.archivers.ArchiveOutputStreamTest.doCallSequence(ArchiveOutputStreamTest.java:139)
	at org.apache.commons.compress.archivers.ArchiveOutputStreamTest.testCallSequenceTar(ArchiveOutputStreamTest.java:130)

testCallSequenceZip(org.apache.commons.compress.archivers.ArchiveOutputStreamTest)  Time elapsed: 0.001 sec  <<< ERROR!
java.io.FileNotFoundException: couldn't find test1.xml
	at org.apache.commons.compress.AbstractTestCase.getFile(AbstractTestCase.java:78)
	at org.apache.commons.compress.archivers.ArchiveOutputStreamTest.doCallSequence(ArchiveOutputStreamTest.java:139)
	at org.apache.commons.compress.archivers.ArchiveOutputStreamTest.testCallSequenceZip(ArchiveOutputStreamTest.java:134)

Running org.apache.commons.compress.archivers.jar.JarArchiveOutputStreamTest
Tests run: 1, Failures: 0, Errors: 0, Skipped: 0, Time elapsed: 0.023 sec - in org.apache.commons.compress.archivers.jar.JarArchiveOutputStreamTest
Running org.apache.commons.compress.archivers.zip.ZipFileTest
Tests run: 10, Failures: 0, Errors: 9, Skipped: 0, Time elapsed: 0.02 sec <<< FAILURE! - in org.apache.commons.compress.archivers.zip.ZipFileTest
testSkipsPK00Prefix(org.apache.commons.compress.archivers.zip.ZipFileTest)  Time elapsed: 0.002 sec  <<< ERROR!
java.io.FileNotFoundException: couldn't find COMPRESS-208.zip
	at org.apache.commons.compress.AbstractTestCase.getFile(AbstractTestCase.java:78)
	at org.apache.commons.compress.archivers.zip.ZipFileTest.testSkipsPK00Prefix(ZipFileTest.java:165)

testDuplicateEntry(org.apache.commons.compress.archivers.zip.ZipFileTest)  Time elapsed: 0.001 sec  <<< ERROR!
java.io.FileNotFoundException: couldn't find COMPRESS-227.zip
	at org.apache.commons.compress.AbstractTestCase.getFile(AbstractTestCase.java:78)
	at org.apache.commons.compress.archivers.zip.ZipFileTest.testDuplicateEntry(ZipFileTest.java:214)

testPhysicalOrder(org.apache.commons.compress.archivers.zip.ZipFileTest)  Time elapsed: 0.001 sec  <<< ERROR!
java.io.FileNotFoundException: couldn't find ordertest.zip
	at org.apache.commons.compress.AbstractTestCase.getFile(AbstractTestCase.java:78)
	at org.apache.commons.compress.archivers.zip.ZipFileTest.readOrderTest(ZipFileTest.java:272)
	at org.apache.commons.compress.archivers.zip.ZipFileTest.testPhysicalOrder(ZipFileTest.java:75)

testExcessDataInZip64ExtraField(org.apache.commons.compress.archivers.zip.ZipFileTest)  Time elapsed: 0.001 sec  <<< ERROR!
java.io.FileNotFoundException: couldn't find COMPRESS-228.zip
	at org.apache.commons.compress.AbstractTestCase.getFile(AbstractTestCase.java:78)
	at org.apache.commons.compress.archivers.zip.ZipFileTest.testExcessDataInZip64ExtraField(ZipFileTest.java:233)

testCDOrder(org.apache.commons.compress.archivers.zip.ZipFileTest)  Time elapsed: 0 sec  <<< ERROR!
java.io.FileNotFoundException: couldn't find ordertest.zip
	at org.apache.commons.compress.AbstractTestCase.getFile(AbstractTestCase.java:78)
	at org.apache.commons.compress.archivers.zip.ZipFileTest.readOrderTest(ZipFileTest.java:272)
	at org.apache.commons.compress.archivers.zip.ZipFileTest.testCDOrder(ZipFileTest.java:47)

testUnshrinking(org.apache.commons.compress.archivers.zip.ZipFileTest)  Time elapsed: 0 sec  <<< ERROR!
java.io.FileNotFoundException: couldn't find SHRUNK.ZIP
	at org.apache.commons.compress.AbstractTestCase.getFile(AbstractTestCase.java:78)
	at org.apache.commons.compress.archivers.zip.ZipFileTest.testUnshrinking(ZipFileTest.java:242)

testUnixSymlinkSampleFile(org.apache.commons.compress.archivers.zip.ZipFileTest)  Time elapsed: 0.001 sec  <<< ERROR!
java.io.FileNotFoundException: couldn't find COMPRESS-214_unix_symlinks.zip
	at org.apache.commons.compress.AbstractTestCase.getFile(AbstractTestCase.java:78)
	at org.apache.commons.compress.archivers.zip.ZipFileTest.testUnixSymlinkSampleFile(ZipFileTest.java:192)

testWinzipBackSlashWorkaround(org.apache.commons.compress.archivers.zip.ZipFileTest)  Time elapsed: 0 sec  <<< ERROR!
java.io.FileNotFoundException: couldn't find test-winzip.zip
	at org.apache.commons.compress.AbstractTestCase.getFile(AbstractTestCase.java:78)
	at org.apache.commons.compress.archivers.zip.ZipFileTest.testWinzipBackSlashWorkaround(ZipFileTest.java:153)

testDoubleClose(org.apache.commons.compress.archivers.zip.ZipFileTest)  Time elapsed: 0 sec  <<< ERROR!
java.io.FileNotFoundException: couldn't find ordertest.zip
	at org.apache.commons.compress.AbstractTestCase.getFile(AbstractTestCase.java:78)
	at org.apache.commons.compress.archivers.zip.ZipFileTest.readOrderTest(ZipFileTest.java:272)
	at org.apache.commons.compress.archivers.zip.ZipFileTest.testDoubleClose(ZipFileTest.java:103)

Running org.apache.commons.compress.archivers.zip.ExtraFieldUtilsTest
Tests run: 5, Failures: 0, Errors: 0, Skipped: 0, Time elapsed: 0.005 sec - in org.apache.commons.compress.archivers.zip.ExtraFieldUtilsTest
Running org.apache.commons.compress.archivers.zip.ZipUtilTest
Tests run: 8, Failures: 0, Errors: 0, Skipped: 0, Time elapsed: 0.006 sec - in org.apache.commons.compress.archivers.zip.ZipUtilTest
Running org.apache.commons.compress.archivers.zip.CircularBufferTest
Tests run: 2, Failures: 0, Errors: 0, Skipped: 0, Time elapsed: 0.004 sec - in org.apache.commons.compress.archivers.zip.CircularBufferTest
Running org.apache.commons.compress.archivers.zip.AsiExtraFieldTest
Tests run: 4, Failures: 0, Errors: 0, Skipped: 0, Time elapsed: 0 sec - in org.apache.commons.compress.archivers.zip.AsiExtraFieldTest
Running org.apache.commons.compress.archivers.zip.Maven221MultiVolumeTest
Tests run: 2, Failures: 0, Errors: 2, Skipped: 0, Time elapsed: 0.008 sec <<< FAILURE! - in org.apache.commons.compress.archivers.zip.Maven221MultiVolumeTest
testRead7ZipMultiVolumeArchiveForStream(org.apache.commons.compress.archivers.zip.Maven221MultiVolumeTest)  Time elapsed: 0.007 sec  <<< ERROR!
java.io.FileNotFoundException: couldn't find apache-maven-2.2.1.zip.001
	at org.apache.commons.compress.AbstractTestCase.getFile(AbstractTestCase.java:78)
	at org.apache.commons.compress.archivers.zip.Maven221MultiVolumeTest.testRead7ZipMultiVolumeArchiveForStream(Maven221MultiVolumeTest.java:71)

testRead7ZipMultiVolumeArchiveForFile(org.apache.commons.compress.archivers.zip.Maven221MultiVolumeTest)  Time elapsed: 0 sec  <<< ERROR!
java.io.FileNotFoundException: couldn't find apache-maven-2.2.1.zip.001
	at org.apache.commons.compress.AbstractTestCase.getFile(AbstractTestCase.java:78)
	at org.apache.commons.compress.archivers.zip.Maven221MultiVolumeTest.testRead7ZipMultiVolumeArchiveForFile(Maven221MultiVolumeTest.java:115)

Running org.apache.commons.compress.archivers.zip.Zip64ExtendedInformationExtraFieldTest
Tests run: 12, Failures: 0, Errors: 0, Skipped: 0, Time elapsed: 0.008 sec - in org.apache.commons.compress.archivers.zip.Zip64ExtendedInformationExtraFieldTest
Running org.apache.commons.compress.archivers.zip.ZipEightByteIntegerTest
Tests run: 6, Failures: 0, Errors: 0, Skipped: 0, Time elapsed: 0.003 sec - in org.apache.commons.compress.archivers.zip.ZipEightByteIntegerTest
Running org.apache.commons.compress.archivers.zip.ZipArchiveEntryTest
Tests run: 7, Failures: 0, Errors: 0, Skipped: 0, Time elapsed: 0.006 sec - in org.apache.commons.compress.archivers.zip.ZipArchiveEntryTest
Running org.apache.commons.compress.archivers.zip.EncryptedArchiveTest
Tests run: 2, Failures: 0, Errors: 2, Skipped: 0, Time elapsed: 0.003 sec <<< FAILURE! - in org.apache.commons.compress.archivers.zip.EncryptedArchiveTest
testReadPasswordEncryptedEntryViaStream(org.apache.commons.compress.archivers.zip.EncryptedArchiveTest)  Time elapsed: 0.001 sec  <<< ERROR!
java.io.FileNotFoundException: couldn't find password-encrypted.zip
	at org.apache.commons.compress.AbstractTestCase.getFile(AbstractTestCase.java:78)
	at org.apache.commons.compress.archivers.zip.EncryptedArchiveTest.testReadPasswordEncryptedEntryViaStream(EncryptedArchiveTest.java:55)

testReadPasswordEncryptedEntryViaZipFile(org.apache.commons.compress.archivers.zip.EncryptedArchiveTest)  Time elapsed: 0.001 sec  <<< ERROR!
java.io.FileNotFoundException: couldn't find password-encrypted.zip
	at org.apache.commons.compress.AbstractTestCase.getFile(AbstractTestCase.java:78)
	at org.apache.commons.compress.archivers.zip.EncryptedArchiveTest.testReadPasswordEncryptedEntryViaZipFile(EncryptedArchiveTest.java:33)

Running org.apache.commons.compress.archivers.zip.X5455_ExtendedTimestampTest
Tests run: 6, Failures: 0, Errors: 1, Skipped: 0, Time elapsed: 0.056 sec <<< FAILURE! - in org.apache.commons.compress.archivers.zip.X5455_ExtendedTimestampTest
testSampleFile(org.apache.commons.compress.archivers.zip.X5455_ExtendedTimestampTest)  Time elapsed: 0.002 sec  <<< ERROR!
java.io.FileNotFoundException: couldn't find COMPRESS-210_unix_time_zip_test.zip
	at org.apache.commons.compress.AbstractTestCase.getFile(AbstractTestCase.java:78)
	at org.apache.commons.compress.archivers.zip.X5455_ExtendedTimestampTest.testSampleFile(X5455_ExtendedTimestampTest.java:105)

Running org.apache.commons.compress.archivers.zip.ZipLongTest
Tests run: 5, Failures: 0, Errors: 0, Skipped: 0, Time elapsed: 0.004 sec - in org.apache.commons.compress.archivers.zip.ZipLongTest
Running org.apache.commons.compress.archivers.zip.ZipArchiveInputStreamTest
Tests run: 5, Failures: 0, Errors: 5, Skipped: 0, Time elapsed: 0.023 sec <<< FAILURE! - in org.apache.commons.compress.archivers.zip.ZipArchiveInputStreamTest
shouldConsumeArchiveCompletely(org.apache.commons.compress.archivers.zip.ZipArchiveInputStreamTest)  Time elapsed: 0.009 sec  <<< ERROR!
java.io.IOException: Stream closed
	at java.io.PushbackInputStream.ensureOpen(PushbackInputStream.java:74)
	at java.io.PushbackInputStream.read(PushbackInputStream.java:166)
	at org.apache.commons.compress.utils.IOUtils.readFully(IOUtils.java:138)
	at org.apache.commons.compress.utils.IOUtils.readFully(IOUtils.java:112)
	at org.apache.commons.compress.archivers.zip.ZipArchiveInputStream.readFully(ZipArchiveInputStream.java:664)
	at org.apache.commons.compress.archivers.zip.ZipArchiveInputStream.readFirstLocalFileHeader(ZipArchiveInputStream.java:296)
	at org.apache.commons.compress.archivers.zip.ZipArchiveInputStream.getNextZipEntry(ZipArchiveInputStream.java:201)
	at org.apache.commons.compress.archivers.zip.ZipArchiveInputStreamTest.shouldConsumeArchiveCompletely(ZipArchiveInputStreamTest.java:87)

testUnshrinkEntry(org.apache.commons.compress.archivers.zip.ZipArchiveInputStreamTest)  Time elapsed: 0.001 sec  <<< ERROR!
java.io.FileNotFoundException: couldn't find SHRUNK.ZIP
	at org.apache.commons.compress.AbstractTestCase.getFile(AbstractTestCase.java:78)
	at org.apache.commons.compress.archivers.zip.ZipArchiveInputStreamTest.testUnshrinkEntry(ZipArchiveInputStreamTest.java:128)

properUseOfInflater(org.apache.commons.compress.archivers.zip.ZipArchiveInputStreamTest)  Time elapsed: 0.001 sec  <<< ERROR!
java.io.FileNotFoundException: couldn't find COMPRESS-189.zip
	at org.apache.commons.compress.AbstractTestCase.getFile(AbstractTestCase.java:78)
	at org.apache.commons.compress.archivers.zip.ZipArchiveInputStreamTest.properUseOfInflater(ZipArchiveInputStreamTest.java:63)

winzipBackSlashWorkaround(org.apache.commons.compress.archivers.zip.ZipArchiveInputStreamTest)  Time elapsed: 0.001 sec  <<< ERROR!
java.io.FileNotFoundException: couldn't find test-winzip.zip
	at org.apache.commons.compress.AbstractTestCase.getFile(AbstractTestCase.java:78)
	at org.apache.commons.compress.archivers.zip.ZipArchiveInputStreamTest.winzipBackSlashWorkaround(ZipArchiveInputStreamTest.java:43)

shouldReadNestedZip(org.apache.commons.compress.archivers.zip.ZipArchiveInputStreamTest)  Time elapsed: 0.004 sec  <<< ERROR!
java.io.FileNotFoundException: couldn't find COMPRESS-219.zip
	at org.apache.commons.compress.AbstractTestCase.getFile(AbstractTestCase.java:78)
	at org.apache.commons.compress.archivers.zip.ZipArchiveInputStreamTest.shouldReadNestedZip(ZipArchiveInputStreamTest.java:106)

Running org.apache.commons.compress.archivers.zip.GeneralPurposeBitTest
Tests run: 6, Failures: 0, Errors: 0, Skipped: 0, Time elapsed: 0.011 sec - in org.apache.commons.compress.archivers.zip.GeneralPurposeBitTest
Running org.apache.commons.compress.archivers.zip.X7875_NewUnixTest
Tests run: 5, Failures: 0, Errors: 1, Skipped: 0, Time elapsed: 0.005 sec <<< FAILURE! - in org.apache.commons.compress.archivers.zip.X7875_NewUnixTest
testSampleFile(org.apache.commons.compress.archivers.zip.X7875_NewUnixTest)  Time elapsed: 0.001 sec  <<< ERROR!
java.io.FileNotFoundException: couldn't find COMPRESS-211_uid_gid_zip_test.zip
	at org.apache.commons.compress.AbstractTestCase.getFile(AbstractTestCase.java:78)
	at org.apache.commons.compress.archivers.zip.X7875_NewUnixTest.testSampleFile(X7875_NewUnixTest.java:48)

Running org.apache.commons.compress.archivers.zip.BitStreamTest
Tests run: 5, Failures: 0, Errors: 0, Skipped: 0, Time elapsed: 0.003 sec - in org.apache.commons.compress.archivers.zip.BitStreamTest
Running org.apache.commons.compress.archivers.zip.ZipShortTest
Tests run: 5, Failures: 0, Errors: 0, Skipped: 0, Time elapsed: 0.013 sec - in org.apache.commons.compress.archivers.zip.ZipShortTest
Running org.apache.commons.compress.archivers.zip.ZipEncodingTest
Tests run: 3, Failures: 0, Errors: 0, Skipped: 0, Time elapsed: 0.01 sec - in org.apache.commons.compress.archivers.zip.ZipEncodingTest
Running org.apache.commons.compress.archivers.zip.BinaryTreeTest
Tests run: 1, Failures: 0, Errors: 0, Skipped: 0, Time elapsed: 0.002 sec - in org.apache.commons.compress.archivers.zip.BinaryTreeTest
Running org.apache.commons.compress.archivers.zip.UTF8ZipFilesTest
Tests run: 17, Failures: 0, Errors: 7, Skipped: 0, Time elapsed: 0.054 sec <<< FAILURE! - in org.apache.commons.compress.archivers.zip.UTF8ZipFilesTest
testRead7ZipArchiveForStream(org.apache.commons.compress.archivers.zip.UTF8ZipFilesTest)  Time elapsed: 0.001 sec  <<< ERROR!
java.io.FileNotFoundException: couldn't find utf8-7zip-test.zip
	at org.apache.commons.compress.AbstractTestCase.getFile(AbstractTestCase.java:78)
	at org.apache.commons.compress.archivers.zip.UTF8ZipFilesTest.testRead7ZipArchiveForStream(UTF8ZipFilesTest.java:101)

testRead7ZipArchive(org.apache.commons.compress.archivers.zip.UTF8ZipFilesTest)  Time elapsed: 0.001 sec  <<< ERROR!
java.io.FileNotFoundException: couldn't find utf8-7zip-test.zip
	at org.apache.commons.compress.AbstractTestCase.getFile(AbstractTestCase.java:78)
	at org.apache.commons.compress.archivers.zip.UTF8ZipFilesTest.testRead7ZipArchive(UTF8ZipFilesTest.java:87)

testReadWinZipArchiveForStream(org.apache.commons.compress.archivers.zip.UTF8ZipFilesTest)  Time elapsed: 0.001 sec  <<< ERROR!
java.io.FileNotFoundException: couldn't find utf8-winzip-test.zip
	at org.apache.commons.compress.AbstractTestCase.getFile(AbstractTestCase.java:78)
	at org.apache.commons.compress.archivers.zip.UTF8ZipFilesTest.testReadWinZipArchiveForStream(UTF8ZipFilesTest.java:146)

testReadWinZipArchive(org.apache.commons.compress.archivers.zip.UTF8ZipFilesTest)  Time elapsed: 0.002 sec  <<< ERROR!
java.io.FileNotFoundException: couldn't find utf8-winzip-test.zip
	at org.apache.commons.compress.AbstractTestCase.getFile(AbstractTestCase.java:78)
	at org.apache.commons.compress.archivers.zip.UTF8ZipFilesTest.testReadWinZipArchive(UTF8ZipFilesTest.java:120)

testUtf8Interoperability(org.apache.commons.compress.archivers.zip.UTF8ZipFilesTest)  Time elapsed: 0.001 sec  <<< ERROR!
java.io.FileNotFoundException: couldn't find utf8-7zip-test.zip
	at org.apache.commons.compress.AbstractTestCase.getFile(AbstractTestCase.java:78)
	at org.apache.commons.compress.archivers.zip.UTF8ZipFilesTest.testUtf8Interoperability(UTF8ZipFilesTest.java:369)

testRawNameReadFromZipFile(org.apache.commons.compress.archivers.zip.UTF8ZipFilesTest)  Time elapsed: 0.002 sec  <<< ERROR!
java.io.FileNotFoundException: couldn't find utf8-7zip-test.zip
	at org.apache.commons.compress.AbstractTestCase.getFile(AbstractTestCase.java:78)
	at org.apache.commons.compress.archivers.zip.UTF8ZipFilesTest.testRawNameReadFromZipFile(UTF8ZipFilesTest.java:198)

testRawNameReadFromStream(org.apache.commons.compress.archivers.zip.UTF8ZipFilesTest)  Time elapsed: 0.001 sec  <<< ERROR!
java.io.FileNotFoundException: couldn't find utf8-7zip-test.zip
	at org.apache.commons.compress.AbstractTestCase.getFile(AbstractTestCase.java:78)
	at org.apache.commons.compress.archivers.zip.UTF8ZipFilesTest.testRawNameReadFromStream(UTF8ZipFilesTest.java:211)

Running org.apache.commons.compress.archivers.zip.ExplodeSupportTest
Tests run: 6, Failures: 0, Errors: 6, Skipped: 0, Time elapsed: 0.006 sec <<< FAILURE! - in org.apache.commons.compress.archivers.zip.ExplodeSupportTest
testArchiveWithImplodeCompression4K2Trees(org.apache.commons.compress.archivers.zip.ExplodeSupportTest)  Time elapsed: 0.001 sec  <<< ERROR!
java.io.FileNotFoundException: target/test-classes/archives/imploding-4Kdict-2trees.zip (No such file or directory)
	at java.io.RandomAccessFile.open0(Native Method)
	at java.io.RandomAccessFile.open(RandomAccessFile.java:316)
	at java.io.RandomAccessFile.<init>(RandomAccessFile.java:243)
	at org.apache.commons.compress.archivers.zip.ZipFile.<init>(ZipFile.java:213)
	at org.apache.commons.compress.archivers.zip.ZipFile.<init>(ZipFile.java:192)
	at org.apache.commons.compress.archivers.zip.ZipFile.<init>(ZipFile.java:153)
	at org.apache.commons.compress.archivers.zip.ExplodeSupportTest.testArchiveWithImplodeCompression(ExplodeSupportTest.java:37)
	at org.apache.commons.compress.archivers.zip.ExplodeSupportTest.testArchiveWithImplodeCompression4K2Trees(ExplodeSupportTest.java:53)

testZipStreamWithImplodeCompression8K3Trees(org.apache.commons.compress.archivers.zip.ExplodeSupportTest)  Time elapsed: 0.001 sec  <<< ERROR!
java.io.FileNotFoundException: target/test-classes/archives/imploding-8Kdict-3trees.zip (No such file or directory)
	at java.io.FileInputStream.open0(Native Method)
	at java.io.FileInputStream.open(FileInputStream.java:195)
	at java.io.FileInputStream.<init>(FileInputStream.java:138)
	at org.apache.commons.compress.archivers.zip.ExplodeSupportTest.testZipStreamWithImplodeCompression(ExplodeSupportTest.java:65)
	at org.apache.commons.compress.archivers.zip.ExplodeSupportTest.testZipStreamWithImplodeCompression8K3Trees(ExplodeSupportTest.java:87)

testTikaTestArchive(org.apache.commons.compress.archivers.zip.ExplodeSupportTest)  Time elapsed: 0.001 sec  <<< ERROR!
java.io.FileNotFoundException: target/test-classes/moby-imploded.zip (No such file or directory)
	at java.io.RandomAccessFile.open0(Native Method)
	at java.io.RandomAccessFile.open(RandomAccessFile.java:316)
	at java.io.RandomAccessFile.<init>(RandomAccessFile.java:243)
	at org.apache.commons.compress.archivers.zip.ZipFile.<init>(ZipFile.java:213)
	at org.apache.commons.compress.archivers.zip.ZipFile.<init>(ZipFile.java:192)
	at org.apache.commons.compress.archivers.zip.ZipFile.<init>(ZipFile.java:153)
	at org.apache.commons.compress.archivers.zip.ExplodeSupportTest.testArchiveWithImplodeCompression(ExplodeSupportTest.java:37)
	at org.apache.commons.compress.archivers.zip.ExplodeSupportTest.testTikaTestArchive(ExplodeSupportTest.java:61)

testArchiveWithImplodeCompression8K3Trees(org.apache.commons.compress.archivers.zip.ExplodeSupportTest)  Time elapsed: 0.001 sec  <<< ERROR!
java.io.FileNotFoundException: target/test-classes/archives/imploding-8Kdict-3trees.zip (No such file or directory)
	at java.io.RandomAccessFile.open0(Native Method)
	at java.io.RandomAccessFile.open(RandomAccessFile.java:316)
	at java.io.RandomAccessFile.<init>(RandomAccessFile.java:243)
	at org.apache.commons.compress.archivers.zip.ZipFile.<init>(ZipFile.java:213)
	at org.apache.commons.compress.archivers.zip.ZipFile.<init>(ZipFile.java:192)
	at org.apache.commons.compress.archivers.zip.ZipFile.<init>(ZipFile.java:153)
	at org.apache.commons.compress.archivers.zip.ExplodeSupportTest.testArchiveWithImplodeCompression(ExplodeSupportTest.java:37)
	at org.apache.commons.compress.archivers.zip.ExplodeSupportTest.testArchiveWithImplodeCompression8K3Trees(ExplodeSupportTest.java:57)

testZipStreamWithImplodeCompression4K2Trees(org.apache.commons.compress.archivers.zip.ExplodeSupportTest)  Time elapsed: 0.001 sec  <<< ERROR!
java.io.FileNotFoundException: target/test-classes/archives/imploding-4Kdict-2trees.zip (No such file or directory)
	at java.io.FileInputStream.open0(Native Method)
	at java.io.FileInputStream.open(FileInputStream.java:195)
	at java.io.FileInputStream.<init>(FileInputStream.java:138)
	at org.apache.commons.compress.archivers.zip.ExplodeSupportTest.testZipStreamWithImplodeCompression(ExplodeSupportTest.java:65)
	at org.apache.commons.compress.archivers.zip.ExplodeSupportTest.testZipStreamWithImplodeCompression4K2Trees(ExplodeSupportTest.java:83)

testTikaTestStream(org.apache.commons.compress.archivers.zip.ExplodeSupportTest)  Time elapsed: 0 sec  <<< ERROR!
java.io.FileNotFoundException: target/test-classes/moby-imploded.zip (No such file or directory)
	at java.io.FileInputStream.open0(Native Method)
	at java.io.FileInputStream.open(FileInputStream.java:195)
	at java.io.FileInputStream.<init>(FileInputStream.java:138)
	at org.apache.commons.compress.archivers.zip.ExplodeSupportTest.testZipStreamWithImplodeCompression(ExplodeSupportTest.java:65)
	at org.apache.commons.compress.archivers.zip.ExplodeSupportTest.testTikaTestStream(ExplodeSupportTest.java:91)

Running org.apache.commons.compress.archivers.CpioTestCase
Tests run: 6, Failures: 0, Errors: 2, Skipped: 0, Time elapsed: 0.02 sec <<< FAILURE! - in org.apache.commons.compress.archivers.CpioTestCase
testCpioUnarchive(org.apache.commons.compress.archivers.CpioTestCase)  Time elapsed: 0.001 sec  <<< ERROR!
java.io.FileNotFoundException: couldn't find test1.xml
	at org.apache.commons.compress.AbstractTestCase.getFile(AbstractTestCase.java:78)
	at org.apache.commons.compress.archivers.CpioTestCase.testCpioUnarchive(CpioTestCase.java:60)

testCpioArchiveCreation(org.apache.commons.compress.archivers.CpioTestCase)  Time elapsed: 0.001 sec  <<< ERROR!
java.io.FileNotFoundException: couldn't find test1.xml
	at org.apache.commons.compress.AbstractTestCase.getFile(AbstractTestCase.java:78)
	at org.apache.commons.compress.archivers.CpioTestCase.testCpioArchiveCreation(CpioTestCase.java:41)

Running org.apache.commons.compress.archivers.ar.ArArchiveOutputStreamTest
Tests run: 2, Failures: 0, Errors: 0, Skipped: 0, Time elapsed: 0.015 sec - in org.apache.commons.compress.archivers.ar.ArArchiveOutputStreamTest
Running org.apache.commons.compress.archivers.ar.ArArchiveInputStreamTest
Tests run: 2, Failures: 0, Errors: 2, Skipped: 0, Time elapsed: 0.01 sec <<< FAILURE! - in org.apache.commons.compress.archivers.ar.ArArchiveInputStreamTest
testReadLongNamesBSD(org.apache.commons.compress.archivers.ar.ArArchiveInputStreamTest)  Time elapsed: 0.001 sec  <<< ERROR!
java.io.FileNotFoundException: couldn't find longfile_bsd.ar
	at org.apache.commons.compress.AbstractTestCase.getFile(AbstractTestCase.java:78)
	at org.apache.commons.compress.archivers.ar.ArArchiveInputStreamTest.checkLongNameEntry(ArArchiveInputStreamTest.java:39)
	at org.apache.commons.compress.archivers.ar.ArArchiveInputStreamTest.testReadLongNamesBSD(ArArchiveInputStreamTest.java:35)

testReadLongNamesGNU(org.apache.commons.compress.archivers.ar.ArArchiveInputStreamTest)  Time elapsed: 0.001 sec  <<< ERROR!
java.io.FileNotFoundException: couldn't find longfile_gnu.ar
	at org.apache.commons.compress.AbstractTestCase.getFile(AbstractTestCase.java:78)
	at org.apache.commons.compress.archivers.ar.ArArchiveInputStreamTest.checkLongNameEntry(ArArchiveInputStreamTest.java:39)
	at org.apache.commons.compress.archivers.ar.ArArchiveInputStreamTest.testReadLongNamesGNU(ArArchiveInputStreamTest.java:31)

Running org.apache.commons.compress.archivers.ArTestCase
Tests run: 5, Failures: 0, Errors: 3, Skipped: 0, Time elapsed: 0.02 sec <<< FAILURE! - in org.apache.commons.compress.archivers.ArTestCase
testArDelete(org.apache.commons.compress.archivers.ArTestCase)  Time elapsed: 0.003 sec  <<< ERROR!
java.io.FileNotFoundException: couldn't find test1.xml
	at org.apache.commons.compress.AbstractTestCase.getFile(AbstractTestCase.java:78)
	at org.apache.commons.compress.archivers.ArTestCase.testArDelete(ArTestCase.java:94)

testArUnarchive(org.apache.commons.compress.archivers.ArTestCase)  Time elapsed: 0.001 sec  <<< ERROR!
java.io.FileNotFoundException: couldn't find test1.xml
	at org.apache.commons.compress.AbstractTestCase.getFile(AbstractTestCase.java:78)
	at org.apache.commons.compress.archivers.ArTestCase.testArUnarchive(ArTestCase.java:59)

testArArchiveCreation(org.apache.commons.compress.archivers.ArTestCase)  Time elapsed: 0.001 sec  <<< ERROR!
java.io.FileNotFoundException: couldn't find test1.xml
	at org.apache.commons.compress.AbstractTestCase.getFile(AbstractTestCase.java:78)
	at org.apache.commons.compress.archivers.ArTestCase.testArArchiveCreation(ArTestCase.java:40)

Running org.apache.commons.compress.archivers.memory.MemoryArchiveTestCase
Tests run: 1, Failures: 0, Errors: 0, Skipped: 0, Time elapsed: 0.004 sec - in org.apache.commons.compress.archivers.memory.MemoryArchiveTestCase
Running org.apache.commons.compress.archivers.JarTestCase
Tests run: 3, Failures: 0, Errors: 3, Skipped: 0, Time elapsed: 0.019 sec <<< FAILURE! - in org.apache.commons.compress.archivers.JarTestCase
testJarUnarchive(org.apache.commons.compress.archivers.JarTestCase)  Time elapsed: 0.007 sec  <<< ERROR!
java.io.FileNotFoundException: couldn't find bla.jar
	at org.apache.commons.compress.AbstractTestCase.getFile(AbstractTestCase.java:78)
	at org.apache.commons.compress.archivers.JarTestCase.testJarUnarchive(JarTestCase.java:55)

testJarArchiveCreation(org.apache.commons.compress.archivers.JarTestCase)  Time elapsed: 0.001 sec  <<< ERROR!
java.io.FileNotFoundException: couldn't find test1.xml
	at org.apache.commons.compress.AbstractTestCase.getFile(AbstractTestCase.java:78)
	at org.apache.commons.compress.archivers.JarTestCase.testJarArchiveCreation(JarTestCase.java:35)

testJarUnarchiveAll(org.apache.commons.compress.archivers.JarTestCase)  Time elapsed: 0.011 sec  <<< ERROR!
java.io.FileNotFoundException: couldn't find bla.jar
	at org.apache.commons.compress.AbstractTestCase.getFile(AbstractTestCase.java:78)
	at org.apache.commons.compress.archivers.JarTestCase.testJarUnarchiveAll(JarTestCase.java:85)

Running org.apache.commons.compress.archivers.sevenz.SevenZArchiveEntryTest
Tests run: 3, Failures: 0, Errors: 0, Skipped: 0, Time elapsed: 0.004 sec - in org.apache.commons.compress.archivers.sevenz.SevenZArchiveEntryTest
Running org.apache.commons.compress.archivers.sevenz.SevenZOutputFileTest
Tests run: 13, Failures: 0, Errors: 0, Skipped: 0, Time elapsed: 0.573 sec - in org.apache.commons.compress.archivers.sevenz.SevenZOutputFileTest
Running org.apache.commons.compress.archivers.sevenz.SevenZFileTest
Tests run: 7, Failures: 1, Errors: 6, Skipped: 0, Time elapsed: 0.017 sec <<< FAILURE! - in org.apache.commons.compress.archivers.sevenz.SevenZFileTest
test7zUnarchive(org.apache.commons.compress.archivers.sevenz.SevenZFileTest)  Time elapsed: 0.002 sec  <<< ERROR!
java.io.FileNotFoundException: couldn't find bla.7z
	at org.apache.commons.compress.AbstractTestCase.getFile(AbstractTestCase.java:78)
	at org.apache.commons.compress.archivers.sevenz.SevenZFileTest.test7zUnarchive(SevenZFileTest.java:48)

testHelloWorldHeaderCompressionOffLZMA2(org.apache.commons.compress.archivers.sevenz.SevenZFileTest)  Time elapsed: 0.001 sec  <<< ERROR!
java.io.FileNotFoundException: couldn't find 7z-hello-mhc-off-lzma2.7z
	at org.apache.commons.compress.AbstractTestCase.getFile(AbstractTestCase.java:78)
	at org.apache.commons.compress.archivers.sevenz.SevenZFileTest.checkHelloWorld(SevenZFileTest.java:97)
	at org.apache.commons.compress.archivers.sevenz.SevenZFileTest.testHelloWorldHeaderCompressionOffLZMA2(SevenZFileTest.java:44)

testAllEmptyFilesArchive(org.apache.commons.compress.archivers.sevenz.SevenZFileTest)  Time elapsed: 0.001 sec  <<< ERROR!
java.io.FileNotFoundException: couldn't find 7z-empty-mhc-off.7z
	at org.apache.commons.compress.AbstractTestCase.getFile(AbstractTestCase.java:78)
	at org.apache.commons.compress.archivers.sevenz.SevenZFileTest.testAllEmptyFilesArchive(SevenZFileTest.java:31)

test7zDecryptUnarchive(org.apache.commons.compress.archivers.sevenz.SevenZFileTest)  Time elapsed: 0.006 sec  <<< ERROR!
java.io.FileNotFoundException: couldn't find bla.encrypted.7z
	at org.apache.commons.compress.AbstractTestCase.getFile(AbstractTestCase.java:78)
	at org.apache.commons.compress.archivers.sevenz.SevenZFileTest.test7zDecryptUnarchive(SevenZFileTest.java:57)

testEncryptedArchiveRequiresPassword(org.apache.commons.compress.archivers.sevenz.SevenZFileTest)  Time elapsed: 0.001 sec  <<< FAILURE!
junit.framework.ComparisonFailure: expected:<[Cannot read encrypted files without a password]> but was:<[couldn't find bla.encrypted.7z]>
	at junit.framework.Assert.assertEquals(Assert.java:100)
	at junit.framework.Assert.assertEquals(Assert.java:107)
	at junit.framework.TestCase.assertEquals(TestCase.java:269)
	at org.apache.commons.compress.archivers.sevenz.SevenZFileTest.testEncryptedArchiveRequiresPassword(SevenZFileTest.java:70)

test7zDeflateUnarchive(org.apache.commons.compress.archivers.sevenz.SevenZFileTest)  Time elapsed: 0.001 sec  <<< ERROR!
java.io.FileNotFoundException: couldn't find bla.deflate.7z
	at org.apache.commons.compress.AbstractTestCase.getFile(AbstractTestCase.java:78)
	at org.apache.commons.compress.archivers.sevenz.SevenZFileTest.test7zDeflateUnarchive(SevenZFileTest.java:52)

testHelloWorldHeaderCompressionOffCopy(org.apache.commons.compress.archivers.sevenz.SevenZFileTest)  Time elapsed: 0.001 sec  <<< ERROR!
java.io.FileNotFoundException: couldn't find 7z-hello-mhc-off-copy.7z
	at org.apache.commons.compress.AbstractTestCase.getFile(AbstractTestCase.java:78)
	at org.apache.commons.compress.archivers.sevenz.SevenZFileTest.checkHelloWorld(SevenZFileTest.java:97)
	at org.apache.commons.compress.archivers.sevenz.SevenZFileTest.testHelloWorldHeaderCompressionOffCopy(SevenZFileTest.java:40)

Running org.apache.commons.compress.archivers.ArchiveStreamFactoryTest
Tests run: 4, Failures: 0, Errors: 3, Skipped: 0, Time elapsed: 0.006 sec <<< FAILURE! - in org.apache.commons.compress.archivers.ArchiveStreamFactoryTest
skipsPK00Prefix(org.apache.commons.compress.archivers.ArchiveStreamFactoryTest)  Time elapsed: 0.001 sec  <<< ERROR!
java.io.FileNotFoundException: src/test/resources/COMPRESS-208.zip (No such file or directory)
	at java.io.FileInputStream.open0(Native Method)
	at java.io.FileInputStream.open(FileInputStream.java:195)
	at java.io.FileInputStream.<init>(FileInputStream.java:138)
	at java.io.FileInputStream.<init>(FileInputStream.java:93)
	at org.apache.commons.compress.archivers.ArchiveStreamFactoryTest.skipsPK00Prefix(ArchiveStreamFactoryTest.java:94)

aiffFilesAreNoTARs(org.apache.commons.compress.archivers.ArchiveStreamFactoryTest)  Time elapsed: 0 sec  <<< ERROR!
java.io.FileNotFoundException: src/test/resources/testAIFF.aif (No such file or directory)
	at java.io.FileInputStream.open0(Native Method)
	at java.io.FileInputStream.open(FileInputStream.java:195)
	at java.io.FileInputStream.<init>(FileInputStream.java:138)
	at java.io.FileInputStream.<init>(FileInputStream.java:93)
	at org.apache.commons.compress.archivers.ArchiveStreamFactoryTest.aiffFilesAreNoTARs(ArchiveStreamFactoryTest.java:53)

testCOMPRESS209(org.apache.commons.compress.archivers.ArchiveStreamFactoryTest)  Time elapsed: 0 sec  <<< ERROR!
java.io.FileNotFoundException: src/test/resources/testCompress209.doc (No such file or directory)
	at java.io.FileInputStream.open0(Native Method)
	at java.io.FileInputStream.open(FileInputStream.java:195)
	at java.io.FileInputStream.<init>(FileInputStream.java:138)
	at java.io.FileInputStream.<init>(FileInputStream.java:93)
	at org.apache.commons.compress.archivers.ArchiveStreamFactoryTest.testCOMPRESS209(ArchiveStreamFactoryTest.java:71)

Running org.apache.commons.compress.archivers.cpio.CpioArchiveInputStreamTest
Tests run: 2, Failures: 0, Errors: 2, Skipped: 0, Time elapsed: 0.004 sec <<< FAILURE! - in org.apache.commons.compress.archivers.cpio.CpioArchiveInputStreamTest
testCpioUnarchive(org.apache.commons.compress.archivers.cpio.CpioArchiveInputStreamTest)  Time elapsed: 0.002 sec  <<< ERROR!
java.io.FileNotFoundException: couldn't find bla.cpio
	at org.apache.commons.compress.AbstractTestCase.getFile(AbstractTestCase.java:78)
	at org.apache.commons.compress.archivers.cpio.CpioArchiveInputStreamTest.testCpioUnarchive(CpioArchiveInputStreamTest.java:34)

testCpioUnarchiveCreatedByRedlineRpm(org.apache.commons.compress.archivers.cpio.CpioArchiveInputStreamTest)  Time elapsed: 0 sec  <<< ERROR!
java.io.FileNotFoundException: couldn't find redline.cpio
	at org.apache.commons.compress.AbstractTestCase.getFile(AbstractTestCase.java:78)
	at org.apache.commons.compress.archivers.cpio.CpioArchiveInputStreamTest.testCpioUnarchiveCreatedByRedlineRpm(CpioArchiveInputStreamTest.java:51)

Running org.apache.commons.compress.archivers.cpio.CpioUtilTest
Tests run: 4, Failures: 0, Errors: 0, Skipped: 0, Time elapsed: 0.005 sec - in org.apache.commons.compress.archivers.cpio.CpioUtilTest
Running org.apache.commons.compress.archivers.cpio.CpioArchiveOutputStreamTest
Tests run: 1, Failures: 0, Errors: 1, Skipped: 0, Time elapsed: 0.002 sec <<< FAILURE! - in org.apache.commons.compress.archivers.cpio.CpioArchiveOutputStreamTest
testWriteOldBinary(org.apache.commons.compress.archivers.cpio.CpioArchiveOutputStreamTest)  Time elapsed: 0.001 sec  <<< ERROR!
java.io.FileNotFoundException: couldn't find test1.xml
	at org.apache.commons.compress.AbstractTestCase.getFile(AbstractTestCase.java:78)
	at org.apache.commons.compress.archivers.cpio.CpioArchiveOutputStreamTest.testWriteOldBinary(CpioArchiveOutputStreamTest.java:32)

Running org.apache.commons.compress.archivers.arj.ArjArchiveInputStreamTest
Tests run: 3, Failures: 0, Errors: 3, Skipped: 0, Time elapsed: 0.007 sec <<< FAILURE! - in org.apache.commons.compress.archivers.arj.ArjArchiveInputStreamTest
testReadingOfAttributesUnixVersion(org.apache.commons.compress.archivers.arj.ArjArchiveInputStreamTest)  Time elapsed: 0.001 sec  <<< ERROR!
java.io.FileNotFoundException: couldn't find bla.unix.arj
	at org.apache.commons.compress.AbstractTestCase.getFile(AbstractTestCase.java:78)
	at org.apache.commons.compress.archivers.arj.ArjArchiveInputStreamTest.testReadingOfAttributesUnixVersion(ArjArchiveInputStreamTest.java:66)

testArjUnarchive(org.apache.commons.compress.archivers.arj.ArjArchiveInputStreamTest)  Time elapsed: 0 sec  <<< ERROR!
java.io.FileNotFoundException: couldn't find bla.arj
	at org.apache.commons.compress.AbstractTestCase.getFile(AbstractTestCase.java:78)
	at org.apache.commons.compress.archivers.arj.ArjArchiveInputStreamTest.testArjUnarchive(ArjArchiveInputStreamTest.java:37)

testReadingOfAttributesDosVersion(org.apache.commons.compress.archivers.arj.ArjArchiveInputStreamTest)  Time elapsed: 0.001 sec  <<< ERROR!
java.io.FileNotFoundException: couldn't find bla.arj
	at org.apache.commons.compress.AbstractTestCase.getFile(AbstractTestCase.java:78)
	at org.apache.commons.compress.archivers.arj.ArjArchiveInputStreamTest.testReadingOfAttributesDosVersion(ArjArchiveInputStreamTest.java:54)

Running org.apache.commons.compress.archivers.SevenZTestCase
Tests run: 4, Failures: 0, Errors: 4, Skipped: 0, Time elapsed: 0.006 sec <<< FAILURE! - in org.apache.commons.compress.archivers.SevenZTestCase
testSevenZArchiveCreationUsingCopy(org.apache.commons.compress.archivers.SevenZTestCase)  Time elapsed: 0.001 sec  <<< ERROR!
java.io.FileNotFoundException: couldn't find test1.xml
	at org.apache.commons.compress.AbstractTestCase.getFile(AbstractTestCase.java:78)
	at org.apache.commons.compress.archivers.SevenZTestCase.testSevenZArchiveCreation(SevenZTestCase.java:50)
	at org.apache.commons.compress.archivers.SevenZTestCase.testSevenZArchiveCreationUsingCopy(SevenZTestCase.java:33)

testSevenZArchiveCreationUsingBZIP2(org.apache.commons.compress.archivers.SevenZTestCase)  Time elapsed: 0.001 sec  <<< ERROR!
java.io.FileNotFoundException: couldn't find test1.xml
	at org.apache.commons.compress.AbstractTestCase.getFile(AbstractTestCase.java:78)
	at org.apache.commons.compress.archivers.SevenZTestCase.testSevenZArchiveCreation(SevenZTestCase.java:50)
	at org.apache.commons.compress.archivers.SevenZTestCase.testSevenZArchiveCreationUsingBZIP2(SevenZTestCase.java:41)

testSevenZArchiveCreationUsingLZMA2(org.apache.commons.compress.archivers.SevenZTestCase)  Time elapsed: 0.001 sec  <<< ERROR!
java.io.FileNotFoundException: couldn't find test1.xml
	at org.apache.commons.compress.AbstractTestCase.getFile(AbstractTestCase.java:78)
	at org.apache.commons.compress.archivers.SevenZTestCase.testSevenZArchiveCreation(SevenZTestCase.java:50)
	at org.apache.commons.compress.archivers.SevenZTestCase.testSevenZArchiveCreationUsingLZMA2(SevenZTestCase.java:37)

testSevenZArchiveCreationUsingDeflate(org.apache.commons.compress.archivers.SevenZTestCase)  Time elapsed: 0 sec  <<< ERROR!
java.io.FileNotFoundException: couldn't find test1.xml
	at org.apache.commons.compress.AbstractTestCase.getFile(AbstractTestCase.java:78)
	at org.apache.commons.compress.archivers.SevenZTestCase.testSevenZArchiveCreation(SevenZTestCase.java:50)
	at org.apache.commons.compress.archivers.SevenZTestCase.testSevenZArchiveCreationUsingDeflate(SevenZTestCase.java:45)

Running org.apache.commons.compress.archivers.ZipTestCase
Tests run: 10, Failures: 0, Errors: 6, Skipped: 0, Time elapsed: 0.018 sec <<< FAILURE! - in org.apache.commons.compress.archivers.ZipTestCase
testSkipsPK00Prefix(org.apache.commons.compress.archivers.ZipTestCase)  Time elapsed: 0.001 sec  <<< ERROR!
java.io.FileNotFoundException: couldn't find COMPRESS-208.zip
	at org.apache.commons.compress.AbstractTestCase.getFile(AbstractTestCase.java:78)
	at org.apache.commons.compress.archivers.ZipTestCase.testSkipsPK00Prefix(ZipTestCase.java:125)

testZipUnarchive(org.apache.commons.compress.archivers.ZipTestCase)  Time elapsed: 0.001 sec  <<< ERROR!
java.io.FileNotFoundException: couldn't find bla.zip
	at org.apache.commons.compress.AbstractTestCase.getFile(AbstractTestCase.java:78)
	at org.apache.commons.compress.archivers.ZipTestCase.testZipUnarchive(ZipTestCase.java:109)

testSkipEntryWithUnsupportedCompressionMethod(org.apache.commons.compress.archivers.ZipTestCase)  Time elapsed: 0.001 sec  <<< ERROR!
java.io.FileNotFoundException: couldn't find moby.zip
	at org.apache.commons.compress.AbstractTestCase.getFile(AbstractTestCase.java:78)
	at org.apache.commons.compress.archivers.ZipTestCase.testSkipEntryWithUnsupportedCompressionMethod(ZipTestCase.java:167)

testSupportedCompressionMethod(org.apache.commons.compress.archivers.ZipTestCase)  Time elapsed: 0.001 sec  <<< ERROR!
java.io.FileNotFoundException: couldn't find moby.zip
	at org.apache.commons.compress.AbstractTestCase.getFile(AbstractTestCase.java:78)
	at org.apache.commons.compress.archivers.ZipTestCase.testSupportedCompressionMethod(ZipTestCase.java:149)

testListAllFilesWithNestedArchive(org.apache.commons.compress.archivers.ZipTestCase)  Time elapsed: 0 sec  <<< ERROR!
java.io.FileNotFoundException: couldn't find OSX_ArchiveWithNestedArchive.zip
	at org.apache.commons.compress.AbstractTestCase.getFile(AbstractTestCase.java:78)
	at org.apache.commons.compress.archivers.ZipTestCase.testListAllFilesWithNestedArchive(ZipTestCase.java:194)

testZipArchiveCreation(org.apache.commons.compress.archivers.ZipTestCase)  Time elapsed: 0.001 sec  <<< ERROR!
java.io.FileNotFoundException: couldn't find test1.xml
	at org.apache.commons.compress.AbstractTestCase.getFile(AbstractTestCase.java:78)
	at org.apache.commons.compress.archivers.ZipTestCase.testZipArchiveCreation(ZipTestCase.java:47)

Running org.apache.commons.compress.archivers.ExceptionMessageTest
Tests run: 4, Failures: 0, Errors: 0, Skipped: 0, Time elapsed: 0.002 sec - in org.apache.commons.compress.archivers.ExceptionMessageTest
Running org.apache.commons.compress.archivers.TarTestCase
Tests run: 9, Failures: 0, Errors: 5, Skipped: 0, Time elapsed: 0.018 sec <<< FAILURE! - in org.apache.commons.compress.archivers.TarTestCase
testTarUnarchive(org.apache.commons.compress.archivers.TarTestCase)  Time elapsed: 0.001 sec  <<< ERROR!
java.io.FileNotFoundException: couldn't find bla.tar
	at org.apache.commons.compress.AbstractTestCase.getFile(AbstractTestCase.java:78)
	at org.apache.commons.compress.archivers.TarTestCase.testTarUnarchive(TarTestCase.java:108)

testTarArchiveLongNameCreation(org.apache.commons.compress.archivers.TarTestCase)  Time elapsed: 0.001 sec  <<< ERROR!
java.io.FileNotFoundException: couldn't find test1.xml
	at org.apache.commons.compress.AbstractTestCase.getFile(AbstractTestCase.java:78)
	at org.apache.commons.compress.archivers.TarTestCase.testTarArchiveLongNameCreation(TarTestCase.java:61)

testTarArchiveCreation(org.apache.commons.compress.archivers.TarTestCase)  Time elapsed: 0.001 sec  <<< ERROR!
java.io.FileNotFoundException: couldn't find test1.xml
	at org.apache.commons.compress.AbstractTestCase.getFile(AbstractTestCase.java:78)
	at org.apache.commons.compress.archivers.TarTestCase.testTarArchiveCreation(TarTestCase.java:38)

testCOMPRESS114(org.apache.commons.compress.archivers.TarTestCase)  Time elapsed: 0 sec  <<< ERROR!
java.io.FileNotFoundException: couldn't find COMPRESS-114.tar
	at org.apache.commons.compress.AbstractTestCase.getFile(AbstractTestCase.java:78)
	at org.apache.commons.compress.archivers.TarTestCase.testCOMPRESS114(TarTestCase.java:119)

testCOMPRESS178(org.apache.commons.compress.archivers.TarTestCase)  Time elapsed: 0.001 sec  <<< ERROR!
java.io.FileNotFoundException: couldn't find COMPRESS-178.tar
	at org.apache.commons.compress.AbstractTestCase.getFile(AbstractTestCase.java:78)
	at org.apache.commons.compress.archivers.TarTestCase.testCOMPRESS178(TarTestCase.java:307)

Running org.apache.commons.compress.archivers.dump.DumpArchiveEntryTest
Tests run: 2, Failures: 0, Errors: 0, Skipped: 0, Time elapsed: 0.003 sec - in org.apache.commons.compress.archivers.dump.DumpArchiveEntryTest
Running org.apache.commons.compress.archivers.dump.DumpArchiveInputStreamTest
Tests run: 3, Failures: 0, Errors: 3, Skipped: 0, Time elapsed: 0.005 sec <<< FAILURE! - in org.apache.commons.compress.archivers.dump.DumpArchiveInputStreamTest
testNotADumpArchive(org.apache.commons.compress.archivers.dump.DumpArchiveInputStreamTest)  Time elapsed: 0.001 sec  <<< ERROR!
java.io.FileNotFoundException: couldn't find bla.zip
	at org.apache.commons.compress.AbstractTestCase.getFile(AbstractTestCase.java:78)
	at org.apache.commons.compress.archivers.dump.DumpArchiveInputStreamTest.testNotADumpArchive(DumpArchiveInputStreamTest.java:32)

testConsumesArchiveCompletely(org.apache.commons.compress.archivers.dump.DumpArchiveInputStreamTest)  Time elapsed: 0.002 sec  <<< ERROR!
org.apache.commons.compress.archivers.ArchiveException: input buffer is closed
	at org.apache.commons.compress.archivers.dump.TapeInputStream.readBlock(TapeInputStream.java:259)
	at org.apache.commons.compress.archivers.dump.TapeInputStream.read(TapeInputStream.java:129)
	at org.apache.commons.compress.archivers.dump.TapeInputStream.readRecord(TapeInputStream.java:241)
	at org.apache.commons.compress.archivers.dump.DumpArchiveInputStream.<init>(DumpArchiveInputStream.java:106)
	at org.apache.commons.compress.archivers.dump.DumpArchiveInputStream.<init>(DumpArchiveInputStream.java:87)
	at org.apache.commons.compress.archivers.dump.DumpArchiveInputStreamTest.testConsumesArchiveCompletely(DumpArchiveInputStreamTest.java:60)

testNotADumpArchiveButBigEnough(org.apache.commons.compress.archivers.dump.DumpArchiveInputStreamTest)  Time elapsed: 0.001 sec  <<< ERROR!
java.io.FileNotFoundException: couldn't find zip64support.tar.bz2
	at org.apache.commons.compress.AbstractTestCase.getFile(AbstractTestCase.java:78)
	at org.apache.commons.compress.archivers.dump.DumpArchiveInputStreamTest.testNotADumpArchiveButBigEnough(DumpArchiveInputStreamTest.java:45)

Running org.apache.commons.compress.archivers.dump.DumpArchiveUtilTest
Tests run: 3, Failures: 0, Errors: 0, Skipped: 0, Time elapsed: 0.002 sec - in org.apache.commons.compress.archivers.dump.DumpArchiveUtilTest
Running org.apache.commons.compress.archivers.tar.SparseFilesTest
Tests run: 1, Failures: 0, Errors: 1, Skipped: 0, Time elapsed: 0.001 sec <<< FAILURE! - in org.apache.commons.compress.archivers.tar.SparseFilesTest
testOldGNU(org.apache.commons.compress.archivers.tar.SparseFilesTest)  Time elapsed: 0 sec  <<< ERROR!
java.io.FileNotFoundException: couldn't find oldgnu_sparse.tar
	at org.apache.commons.compress.AbstractTestCase.getFile(AbstractTestCase.java:78)
	at org.apache.commons.compress.archivers.tar.SparseFilesTest.testOldGNU(SparseFilesTest.java:31)

Running org.apache.commons.compress.archivers.tar.TarUtilsTest
Tests run: 15, Failures: 0, Errors: 0, Skipped: 0, Time elapsed: 0.009 sec - in org.apache.commons.compress.archivers.tar.TarUtilsTest
Running org.apache.commons.compress.archivers.tar.TarArchiveOutputStreamTest
Tests run: 25, Failures: 0, Errors: 2, Skipped: 0, Time elapsed: 0.032 sec <<< FAILURE! - in org.apache.commons.compress.archivers.tar.TarArchiveOutputStreamTest
testCount(org.apache.commons.compress.archivers.tar.TarArchiveOutputStreamTest)  Time elapsed: 0.001 sec  <<< ERROR!
java.io.FileNotFoundException: couldn't find test1.xml
	at org.apache.commons.compress.AbstractTestCase.getFile(AbstractTestCase.java:78)
	at org.apache.commons.compress.archivers.tar.TarArchiveOutputStreamTest.testCount(TarArchiveOutputStreamTest.java:47)

testPadsOutputToFullBlockLength(org.apache.commons.compress.archivers.tar.TarArchiveOutputStreamTest)  Time elapsed: 0.001 sec  <<< ERROR!
java.io.FileNotFoundException: couldn't find test1.xml
	at org.apache.commons.compress.AbstractTestCase.getFile(AbstractTestCase.java:78)
	at org.apache.commons.compress.archivers.tar.TarArchiveOutputStreamTest.testPadsOutputToFullBlockLength(TarArchiveOutputStreamTest.java:561)

Running org.apache.commons.compress.archivers.tar.TarArchiveInputStreamTest
Tests run: 10, Failures: 0, Errors: 6, Skipped: 0, Time elapsed: 0.012 sec <<< FAILURE! - in org.apache.commons.compress.archivers.tar.TarArchiveInputStreamTest
workaroundForBrokenTimeHeader(org.apache.commons.compress.archivers.tar.TarArchiveInputStreamTest)  Time elapsed: 0 sec  <<< ERROR!
java.io.FileNotFoundException: couldn't find simple-aix-native-tar.tar
	at org.apache.commons.compress.AbstractTestCase.getFile(AbstractTestCase.java:78)
	at org.apache.commons.compress.archivers.tar.TarArchiveInputStreamTest.workaroundForBrokenTimeHeader(TarArchiveInputStreamTest.java:85)

shouldConsumeArchiveCompletely(org.apache.commons.compress.archivers.tar.TarArchiveInputStreamTest)  Time elapsed: 0 sec  <<< ERROR!
java.lang.NullPointerException: null
	at org.apache.commons.compress.utils.IOUtils.readFully(IOUtils.java:138)
	at org.apache.commons.compress.utils.IOUtils.readFully(IOUtils.java:112)
	at org.apache.commons.compress.archivers.tar.TarArchiveInputStream.readRecord(TarArchiveInputStream.java:388)
	at org.apache.commons.compress.archivers.tar.TarArchiveInputStream.getRecord(TarArchiveInputStream.java:357)
	at org.apache.commons.compress.archivers.tar.TarArchiveInputStream.getNextTarEntry(TarArchiveInputStream.java:238)
	at org.apache.commons.compress.archivers.tar.TarArchiveInputStreamTest.shouldConsumeArchiveCompletely(TarArchiveInputStreamTest.java:174)

readsArchiveCompletely_COMPRESS245(org.apache.commons.compress.archivers.tar.TarArchiveInputStreamTest)  Time elapsed: 0 sec  <<< ERROR!
java.lang.NullPointerException: null
	at org.apache.commons.compress.archivers.tar.TarArchiveInputStreamTest.readsArchiveCompletely_COMPRESS245(TarArchiveInputStreamTest.java:203)

datePriorToEpochInGNUFormat(org.apache.commons.compress.archivers.tar.TarArchiveInputStreamTest)  Time elapsed: 0.001 sec  <<< ERROR!
java.io.FileNotFoundException: couldn't find preepoch-star.tar
	at org.apache.commons.compress.AbstractTestCase.getFile(AbstractTestCase.java:78)
	at org.apache.commons.compress.archivers.tar.TarArchiveInputStreamTest.datePriorToEpoch(TarArchiveInputStreamTest.java:113)
	at org.apache.commons.compress.archivers.tar.TarArchiveInputStreamTest.datePriorToEpochInGNUFormat(TarArchiveInputStreamTest.java:101)

testCompress197(org.apache.commons.compress.archivers.tar.TarArchiveInputStreamTest)  Time elapsed: 0.001 sec  <<< ERROR!
java.lang.NullPointerException: null
	at org.apache.commons.compress.archivers.tar.TarArchiveInputStream.close(TarArchiveInputStream.java:151)
	at org.apache.commons.compress.archivers.tar.TarArchiveInputStreamTest.testCompress197(TarArchiveInputStreamTest.java:139)

datePriorToEpochInPAXFormat(org.apache.commons.compress.archivers.tar.TarArchiveInputStreamTest)  Time elapsed: 0 sec  <<< ERROR!
java.io.FileNotFoundException: couldn't find preepoch-posix.tar
	at org.apache.commons.compress.AbstractTestCase.getFile(AbstractTestCase.java:78)
	at org.apache.commons.compress.archivers.tar.TarArchiveInputStreamTest.datePriorToEpoch(TarArchiveInputStreamTest.java:113)
	at org.apache.commons.compress.archivers.tar.TarArchiveInputStreamTest.datePriorToEpochInPAXFormat(TarArchiveInputStreamTest.java:107)

Running org.apache.commons.compress.archivers.tar.TarArchiveEntryTest
Tests run: 6, Failures: 0, Errors: 0, Skipped: 0, Time elapsed: 0.004 sec - in org.apache.commons.compress.archivers.tar.TarArchiveEntryTest
Running org.apache.commons.compress.archivers.DumpTestCase
Tests run: 6, Failures: 0, Errors: 6, Skipped: 0, Time elapsed: 0.005 sec <<< FAILURE! - in org.apache.commons.compress.archivers.DumpTestCase
testArchiveDetection(org.apache.commons.compress.archivers.DumpTestCase)  Time elapsed: 0.001 sec  <<< ERROR!
java.io.FileNotFoundException: couldn't find bla.dump
	at org.apache.commons.compress.AbstractTestCase.getFile(AbstractTestCase.java:78)
	at org.apache.commons.compress.archivers.DumpTestCase.testArchiveDetection(DumpTestCase.java:78)

testCompressedDumpUnarchiveAll(org.apache.commons.compress.archivers.DumpTestCase)  Time elapsed: 0.001 sec  <<< ERROR!
java.io.FileNotFoundException: couldn't find bla.z.dump
	at org.apache.commons.compress.AbstractTestCase.getFile(AbstractTestCase.java:78)
	at org.apache.commons.compress.archivers.DumpTestCase.testCompressedDumpUnarchiveAll(DumpTestCase.java:40)

testDumpUnarchiveAll(org.apache.commons.compress.archivers.DumpTestCase)  Time elapsed: 0 sec  <<< ERROR!
java.io.FileNotFoundException: couldn't find bla.dump
	at org.apache.commons.compress.AbstractTestCase.getFile(AbstractTestCase.java:78)
	at org.apache.commons.compress.archivers.DumpTestCase.testDumpUnarchiveAll(DumpTestCase.java:36)

testCheckArchive(org.apache.commons.compress.archivers.DumpTestCase)  Time elapsed: 0.001 sec  <<< ERROR!
java.io.FileNotFoundException: couldn't find bla.dump
	at org.apache.commons.compress.AbstractTestCase.getFile(AbstractTestCase.java:78)
	at org.apache.commons.compress.archivers.DumpTestCase.testCheckArchive(DumpTestCase.java:98)

testCheckCompressedArchive(org.apache.commons.compress.archivers.DumpTestCase)  Time elapsed: 0.001 sec  <<< ERROR!
java.io.FileNotFoundException: couldn't find bla.z.dump
	at org.apache.commons.compress.AbstractTestCase.getFile(AbstractTestCase.java:78)
	at org.apache.commons.compress.archivers.DumpTestCase.testCheckCompressedArchive(DumpTestCase.java:102)

testCompressedArchiveDetection(org.apache.commons.compress.archivers.DumpTestCase)  Time elapsed: 0 sec  <<< ERROR!
java.io.FileNotFoundException: couldn't find bla.z.dump
	at org.apache.commons.compress.AbstractTestCase.getFile(AbstractTestCase.java:78)
	at org.apache.commons.compress.archivers.DumpTestCase.testCompressedArchiveDetection(DumpTestCase.java:82)

Running org.apache.commons.compress.ChainingTestCase
Tests run: 2, Failures: 0, Errors: 2, Skipped: 0, Time elapsed: 0.003 sec <<< FAILURE! - in org.apache.commons.compress.ChainingTestCase
testTarGzip(org.apache.commons.compress.ChainingTestCase)  Time elapsed: 0.001 sec  <<< ERROR!
java.io.FileNotFoundException: couldn't find bla.tgz
	at org.apache.commons.compress.AbstractTestCase.getFile(AbstractTestCase.java:78)
	at org.apache.commons.compress.ChainingTestCase.testTarGzip(ChainingTestCase.java:33)

testTarBzip2(org.apache.commons.compress.ChainingTestCase)  Time elapsed: 0.001 sec  <<< ERROR!
java.io.FileNotFoundException: couldn't find bla.tar.bz2
	at org.apache.commons.compress.AbstractTestCase.getFile(AbstractTestCase.java:78)
	at org.apache.commons.compress.ChainingTestCase.testTarBzip2(ChainingTestCase.java:42)

Running org.apache.commons.compress.DetectArchiverTestCase
Tests run: 6, Failures: 0, Errors: 3, Skipped: 0, Time elapsed: 0.006 sec <<< FAILURE! - in org.apache.commons.compress.DetectArchiverTestCase
testDetection(org.apache.commons.compress.DetectArchiverTestCase)  Time elapsed: 0.002 sec  <<< ERROR!
java.io.FileNotFoundException: couldn't find bla.ar
	at org.apache.commons.compress.AbstractTestCase.getFile(AbstractTestCase.java:78)
	at org.apache.commons.compress.DetectArchiverTestCase.getStreamFor(DetectArchiverTestCase.java:93)
	at org.apache.commons.compress.DetectArchiverTestCase.testDetection(DetectArchiverTestCase.java:58)

testDetectionNotArchive(org.apache.commons.compress.DetectArchiverTestCase)  Time elapsed: 0 sec  <<< ERROR!
java.io.FileNotFoundException: couldn't find test.txt
	at org.apache.commons.compress.AbstractTestCase.getFile(AbstractTestCase.java:78)
	at org.apache.commons.compress.DetectArchiverTestCase.getStreamFor(DetectArchiverTestCase.java:93)
	at org.apache.commons.compress.DetectArchiverTestCase.testDetectionNotArchive(DetectArchiverTestCase.java:43)

testCOMPRESS117(org.apache.commons.compress.DetectArchiverTestCase)  Time elapsed: 0.001 sec  <<< ERROR!
java.io.FileNotFoundException: couldn't find COMPRESS-117.tar
	at org.apache.commons.compress.AbstractTestCase.getFile(AbstractTestCase.java:78)
	at org.apache.commons.compress.DetectArchiverTestCase.getStreamFor(DetectArchiverTestCase.java:93)
	at org.apache.commons.compress.DetectArchiverTestCase.testCOMPRESS117(DetectArchiverTestCase.java:51)

Running org.apache.commons.compress.compressors.pack200.Pack200UtilsTest
Tests run: 2, Failures: 0, Errors: 2, Skipped: 0, Time elapsed: 0.002 sec <<< FAILURE! - in org.apache.commons.compress.compressors.pack200.Pack200UtilsTest
testNormalizeInPlace(org.apache.commons.compress.compressors.pack200.Pack200UtilsTest)  Time elapsed: 0 sec  <<< ERROR!
java.io.FileNotFoundException: couldn't find bla.jar
	at org.apache.commons.compress.AbstractTestCase.getFile(AbstractTestCase.java:78)
	at org.apache.commons.compress.compressors.pack200.Pack200UtilsTest.testNormalizeInPlace(Pack200UtilsTest.java:72)

testNormalize(org.apache.commons.compress.compressors.pack200.Pack200UtilsTest)  Time elapsed: 0.001 sec  <<< ERROR!
java.io.FileNotFoundException: couldn't find bla.jar
	at org.apache.commons.compress.AbstractTestCase.getFile(AbstractTestCase.java:78)
	at org.apache.commons.compress.compressors.pack200.Pack200UtilsTest.testNormalize(Pack200UtilsTest.java:36)

Running org.apache.commons.compress.compressors.ZTestCase
Tests run: 2, Failures: 0, Errors: 2, Skipped: 0, Time elapsed: 0.004 sec <<< FAILURE! - in org.apache.commons.compress.compressors.ZTestCase
testZUnarchiveViaFactory(org.apache.commons.compress.compressors.ZTestCase)  Time elapsed: 0.001 sec  <<< ERROR!
java.io.FileNotFoundException: couldn't find bla.tar.Z
	at org.apache.commons.compress.AbstractTestCase.getFile(AbstractTestCase.java:78)
	at org.apache.commons.compress.compressors.ZTestCase.testUnarchive(ZTestCase.java:51)
	at org.apache.commons.compress.compressors.ZTestCase.testZUnarchiveViaFactory(ZTestCase.java:42)

testZUnarchive(org.apache.commons.compress.compressors.ZTestCase)  Time elapsed: 0.001 sec  <<< ERROR!
java.io.FileNotFoundException: couldn't find bla.tar.Z
	at org.apache.commons.compress.AbstractTestCase.getFile(AbstractTestCase.java:78)
	at org.apache.commons.compress.compressors.ZTestCase.testUnarchive(ZTestCase.java:51)
	at org.apache.commons.compress.compressors.ZTestCase.testZUnarchive(ZTestCase.java:34)

Running org.apache.commons.compress.compressors.LZMATestCase
Tests run: 1, Failures: 0, Errors: 1, Skipped: 0, Time elapsed: 0.002 sec <<< FAILURE! - in org.apache.commons.compress.compressors.LZMATestCase
testLZMAUnarchive(org.apache.commons.compress.compressors.LZMATestCase)  Time elapsed: 0.001 sec  <<< ERROR!
java.io.FileNotFoundException: couldn't find bla.tar.lzma
	at org.apache.commons.compress.AbstractTestCase.getFile(AbstractTestCase.java:78)
	at org.apache.commons.compress.compressors.LZMATestCase.testLZMAUnarchive(LZMATestCase.java:33)

Running org.apache.commons.compress.compressors.Pack200TestCase
Tests run: 11, Failures: 0, Errors: 10, Skipped: 0, Time elapsed: 0.211 sec <<< FAILURE! - in org.apache.commons.compress.compressors.Pack200TestCase
testInputStreamMethods(org.apache.commons.compress.compressors.Pack200TestCase)  Time elapsed: 0.001 sec  <<< ERROR!
java.io.FileNotFoundException: couldn't find bla.jar
	at org.apache.commons.compress.AbstractTestCase.getFile(AbstractTestCase.java:78)
	at org.apache.commons.compress.compressors.Pack200TestCase.testInputStreamMethods(Pack200TestCase.java:177)

testJarArchiveCreationTempFile(org.apache.commons.compress.compressors.Pack200TestCase)  Time elapsed: 0.001 sec  <<< ERROR!
java.io.FileNotFoundException: couldn't find test1.xml
	at org.apache.commons.compress.AbstractTestCase.getFile(AbstractTestCase.java:78)
	at org.apache.commons.compress.compressors.Pack200TestCase.jarArchiveCreation(Pack200TestCase.java:103)
	at org.apache.commons.compress.compressors.Pack200TestCase.testJarArchiveCreationTempFile(Pack200TestCase.java:97)

testJarUnarchiveAllInMemory(org.apache.commons.compress.compressors.Pack200TestCase)  Time elapsed: 0.001 sec  <<< ERROR!
java.io.FileNotFoundException: couldn't find bla.pack
	at org.apache.commons.compress.AbstractTestCase.getFile(AbstractTestCase.java:78)
	at org.apache.commons.compress.compressors.Pack200TestCase.jarUnarchiveAll(Pack200TestCase.java:62)
	at org.apache.commons.compress.compressors.Pack200TestCase.testJarUnarchiveAllInMemory(Pack200TestCase.java:45)

testJarArchiveCreationInMemory(org.apache.commons.compress.compressors.Pack200TestCase)  Time elapsed: 0.001 sec  <<< ERROR!
java.io.FileNotFoundException: couldn't find test1.xml
	at org.apache.commons.compress.AbstractTestCase.getFile(AbstractTestCase.java:78)
	at org.apache.commons.compress.compressors.Pack200TestCase.jarArchiveCreation(Pack200TestCase.java:103)
	at org.apache.commons.compress.compressors.Pack200TestCase.testJarArchiveCreationInMemory(Pack200TestCase.java:93)

testJarUnarchiveAllFileArgInMemory(org.apache.commons.compress.compressors.Pack200TestCase)  Time elapsed: 0.001 sec  <<< ERROR!
java.io.FileNotFoundException: couldn't find bla.pack
	at org.apache.commons.compress.AbstractTestCase.getFile(AbstractTestCase.java:78)
	at org.apache.commons.compress.compressors.Pack200TestCase.jarUnarchiveAll(Pack200TestCase.java:62)
	at org.apache.commons.compress.compressors.Pack200TestCase.testJarUnarchiveAllFileArgInMemory(Pack200TestCase.java:49)

testBadSignature(org.apache.commons.compress.compressors.Pack200TestCase)  Time elapsed: 0.001 sec  <<< ERROR!
java.io.FileNotFoundException: couldn't find bla.jar
	at org.apache.commons.compress.AbstractTestCase.getFile(AbstractTestCase.java:78)
	at org.apache.commons.compress.compressors.Pack200TestCase.testBadSignature(Pack200TestCase.java:152)

testJarUnarchiveAllFileTempFile(org.apache.commons.compress.compressors.Pack200TestCase)  Time elapsed: 0.001 sec  <<< ERROR!
java.io.FileNotFoundException: couldn't find bla.pack
	at org.apache.commons.compress.AbstractTestCase.getFile(AbstractTestCase.java:78)
	at org.apache.commons.compress.compressors.Pack200TestCase.jarUnarchiveAll(Pack200TestCase.java:62)
	at org.apache.commons.compress.compressors.Pack200TestCase.testJarUnarchiveAllFileTempFile(Pack200TestCase.java:57)

testShortSignature(org.apache.commons.compress.compressors.Pack200TestCase)  Time elapsed: 0.001 sec  <<< ERROR!
java.io.FileNotFoundException: couldn't find bla.pack
	at org.apache.commons.compress.AbstractTestCase.getFile(AbstractTestCase.java:78)
	at org.apache.commons.compress.compressors.Pack200TestCase.testShortSignature(Pack200TestCase.java:163)

testGoodSignature(org.apache.commons.compress.compressors.Pack200TestCase)  Time elapsed: 0.001 sec  <<< ERROR!
java.io.FileNotFoundException: couldn't find bla.pack
	at org.apache.commons.compress.AbstractTestCase.getFile(AbstractTestCase.java:78)
	at org.apache.commons.compress.compressors.Pack200TestCase.testGoodSignature(Pack200TestCase.java:141)

testJarUnarchiveAllTempFile(org.apache.commons.compress.compressors.Pack200TestCase)  Time elapsed: 0 sec  <<< ERROR!
java.io.FileNotFoundException: couldn't find bla.pack
	at org.apache.commons.compress.AbstractTestCase.getFile(AbstractTestCase.java:78)
	at org.apache.commons.compress.compressors.Pack200TestCase.jarUnarchiveAll(Pack200TestCase.java:62)
	at org.apache.commons.compress.compressors.Pack200TestCase.testJarUnarchiveAllTempFile(Pack200TestCase.java:53)

Running org.apache.commons.compress.compressors.BZip2UtilsTestCase
Tests run: 3, Failures: 0, Errors: 0, Skipped: 0, Time elapsed: 0.004 sec - in org.apache.commons.compress.compressors.BZip2UtilsTestCase
Running org.apache.commons.compress.compressors.GZipTestCase
Tests run: 12, Failures: 0, Errors: 10, Skipped: 0, Time elapsed: 0.032 sec <<< FAILURE! - in org.apache.commons.compress.compressors.GZipTestCase
testInteroperabilityWithGzipCompressorInputStream(org.apache.commons.compress.compressors.GZipTestCase)  Time elapsed: 0.001 sec  <<< ERROR!
java.io.FileNotFoundException: couldn't find test3.xml
	at org.apache.commons.compress.AbstractTestCase.getFile(AbstractTestCase.java:78)
	at org.apache.commons.compress.compressors.GZipTestCase.testInteroperabilityWithGzipCompressorInputStream(GZipTestCase.java:157)

testInteroperabilityWithGZIPInputStream(org.apache.commons.compress.compressors.GZipTestCase)  Time elapsed: 0.001 sec  <<< ERROR!
java.io.FileNotFoundException: couldn't find test3.xml
	at org.apache.commons.compress.AbstractTestCase.getFile(AbstractTestCase.java:78)
	at org.apache.commons.compress.compressors.GZipTestCase.testInteroperabilityWithGZIPInputStream(GZipTestCase.java:185)

testGzipUnarchive(org.apache.commons.compress.compressors.GZipTestCase)  Time elapsed: 0.001 sec  <<< ERROR!
java.io.FileNotFoundException: couldn't find bla.tgz
	at org.apache.commons.compress.AbstractTestCase.getFile(AbstractTestCase.java:78)
	at org.apache.commons.compress.compressors.GZipTestCase.testGzipUnarchive(GZipTestCase.java:59)

testGzipCreation(org.apache.commons.compress.compressors.GZipTestCase)  Time elapsed: 0 sec  <<< ERROR!
java.io.FileNotFoundException: couldn't find test1.xml
	at org.apache.commons.compress.AbstractTestCase.getFile(AbstractTestCase.java:78)
	at org.apache.commons.compress.compressors.GZipTestCase.testGzipCreation(GZipTestCase.java:42)

testExtraFlagsFastestCompression(org.apache.commons.compress.compressors.GZipTestCase)  Time elapsed: 0.001 sec  <<< ERROR!
java.io.FileNotFoundException: couldn't find test3.xml
	at org.apache.commons.compress.AbstractTestCase.getFile(AbstractTestCase.java:78)
	at org.apache.commons.compress.compressors.GZipTestCase.testExtraFlags(GZipTestCase.java:230)
	at org.apache.commons.compress.compressors.GZipTestCase.testExtraFlagsFastestCompression(GZipTestCase.java:251)

testConcatenatedStreamsReadFirstOnly(org.apache.commons.compress.compressors.GZipTestCase)  Time elapsed: 0.001 sec  <<< ERROR!
java.io.FileNotFoundException: couldn't find multiple.gz
	at org.apache.commons.compress.AbstractTestCase.getFile(AbstractTestCase.java:78)
	at org.apache.commons.compress.compressors.GZipTestCase.testConcatenatedStreamsReadFirstOnly(GZipTestCase.java:81)

testConcatenatedStreamsReadFully(org.apache.commons.compress.compressors.GZipTestCase)  Time elapsed: 0 sec  <<< ERROR!
java.io.FileNotFoundException: couldn't find multiple.gz
	at org.apache.commons.compress.AbstractTestCase.getFile(AbstractTestCase.java:78)
	at org.apache.commons.compress.compressors.GZipTestCase.testConcatenatedStreamsReadFully(GZipTestCase.java:98)

testCorruptedInput(org.apache.commons.compress.compressors.GZipTestCase)  Time elapsed: 0.001 sec  <<< ERROR!
java.io.FileNotFoundException: couldn't find bla.tgz
	at org.apache.commons.compress.AbstractTestCase.getFile(AbstractTestCase.java:78)
	at org.apache.commons.compress.compressors.GZipTestCase.testCorruptedInput(GZipTestCase.java:124)

testExtraFlagsDefaultCompression(org.apache.commons.compress.compressors.GZipTestCase)  Time elapsed: 0.001 sec  <<< ERROR!
java.io.FileNotFoundException: couldn't find test3.xml
	at org.apache.commons.compress.AbstractTestCase.getFile(AbstractTestCase.java:78)
	at org.apache.commons.compress.compressors.GZipTestCase.testExtraFlags(GZipTestCase.java:230)
	at org.apache.commons.compress.compressors.GZipTestCase.testExtraFlagsDefaultCompression(GZipTestCase.java:259)

testExtraFlagsBestCompression(org.apache.commons.compress.compressors.GZipTestCase)  Time elapsed: 0.002 sec  <<< ERROR!
java.io.FileNotFoundException: couldn't find test3.xml
	at org.apache.commons.compress.AbstractTestCase.getFile(AbstractTestCase.java:78)
	at org.apache.commons.compress.compressors.GZipTestCase.testExtraFlags(GZipTestCase.java:230)
	at org.apache.commons.compress.compressors.GZipTestCase.testExtraFlagsBestCompression(GZipTestCase.java:255)

Running org.apache.commons.compress.compressors.GzipUtilsTestCase
Tests run: 3, Failures: 0, Errors: 0, Skipped: 0, Time elapsed: 0.004 sec - in org.apache.commons.compress.compressors.GzipUtilsTestCase
Running org.apache.commons.compress.compressors.XZUtilsTestCase
Tests run: 3, Failures: 0, Errors: 0, Skipped: 0, Time elapsed: 0.003 sec - in org.apache.commons.compress.compressors.XZUtilsTestCase
Running org.apache.commons.compress.compressors.bzip2.BlockSortTest
Tests run: 7, Failures: 0, Errors: 0, Skipped: 0, Time elapsed: 0.02 sec - in org.apache.commons.compress.compressors.bzip2.BlockSortTest
Running org.apache.commons.compress.compressors.FramedSnappyTestCase
Tests run: 3, Failures: 0, Errors: 3, Skipped: 0, Time elapsed: 0.005 sec <<< FAILURE! - in org.apache.commons.compress.compressors.FramedSnappyTestCase
testDefaultExtractionViaFactoryAutodetection(org.apache.commons.compress.compressors.FramedSnappyTestCase)  Time elapsed: 0.001 sec  <<< ERROR!
java.io.FileNotFoundException: couldn't find bla.tar.sz
	at org.apache.commons.compress.AbstractTestCase.getFile(AbstractTestCase.java:78)
	at org.apache.commons.compress.compressors.FramedSnappyTestCase.testUnarchive(FramedSnappyTestCase.java:64)
	at org.apache.commons.compress.compressors.FramedSnappyTestCase.testDefaultExtractionViaFactoryAutodetection(FramedSnappyTestCase.java:56)

testDefaultExtraction(org.apache.commons.compress.compressors.FramedSnappyTestCase)  Time elapsed: 0.001 sec  <<< ERROR!
java.io.FileNotFoundException: couldn't find bla.tar.sz
	at org.apache.commons.compress.AbstractTestCase.getFile(AbstractTestCase.java:78)
	at org.apache.commons.compress.compressors.FramedSnappyTestCase.testUnarchive(FramedSnappyTestCase.java:64)
	at org.apache.commons.compress.compressors.FramedSnappyTestCase.testDefaultExtraction(FramedSnappyTestCase.java:38)

testDefaultExtractionViaFactory(org.apache.commons.compress.compressors.FramedSnappyTestCase)  Time elapsed: 0.001 sec  <<< ERROR!
java.io.FileNotFoundException: couldn't find bla.tar.sz
	at org.apache.commons.compress.AbstractTestCase.getFile(AbstractTestCase.java:78)
	at org.apache.commons.compress.compressors.FramedSnappyTestCase.testUnarchive(FramedSnappyTestCase.java:64)
	at org.apache.commons.compress.compressors.FramedSnappyTestCase.testDefaultExtractionViaFactory(FramedSnappyTestCase.java:46)

Running org.apache.commons.compress.compressors.XZTestCase
XZTestCase: HeapMax=1590165504 bytes 1516.5 MB
Tests run: 4, Failures: 0, Errors: 4, Skipped: 0, Time elapsed: 0.03 sec <<< FAILURE! - in org.apache.commons.compress.compressors.XZTestCase
testXZCreation(org.apache.commons.compress.compressors.XZTestCase)  Time elapsed: 0.023 sec  <<< ERROR!
java.io.FileNotFoundException: couldn't find test1.xml
	at org.apache.commons.compress.AbstractTestCase.getFile(AbstractTestCase.java:78)
	at org.apache.commons.compress.compressors.XZTestCase.testXZCreation(XZTestCase.java:37)

testConcatenatedStreamsReadFirstOnly(org.apache.commons.compress.compressors.XZTestCase)  Time elapsed: 0.002 sec  <<< ERROR!
java.io.FileNotFoundException: couldn't find multiple.xz
	at org.apache.commons.compress.AbstractTestCase.getFile(AbstractTestCase.java:78)
	at org.apache.commons.compress.compressors.XZTestCase.testConcatenatedStreamsReadFirstOnly(XZTestCase.java:76)

testConcatenatedStreamsReadFully(org.apache.commons.compress.compressors.XZTestCase)  Time elapsed: 0.001 sec  <<< ERROR!
java.io.FileNotFoundException: couldn't find multiple.xz
	at org.apache.commons.compress.AbstractTestCase.getFile(AbstractTestCase.java:78)
	at org.apache.commons.compress.compressors.XZTestCase.testConcatenatedStreamsReadFully(XZTestCase.java:93)

testXZUnarchive(org.apache.commons.compress.compressors.XZTestCase)  Time elapsed: 0.002 sec  <<< ERROR!
java.io.FileNotFoundException: couldn't find bla.tar.xz
	at org.apache.commons.compress.AbstractTestCase.getFile(AbstractTestCase.java:78)
	at org.apache.commons.compress.compressors.XZTestCase.testXZUnarchive(XZTestCase.java:54)

Running org.apache.commons.compress.compressors.snappy.FramedSnappyCompressorInputStreamTest
Tests run: 6, Failures: 0, Errors: 4, Skipped: 0, Time elapsed: 0.015 sec <<< FAILURE! - in org.apache.commons.compress.compressors.snappy.FramedSnappyCompressorInputStreamTest
testRemainingChunkTypes(org.apache.commons.compress.compressors.snappy.FramedSnappyCompressorInputStreamTest)  Time elapsed: 0.001 sec  <<< ERROR!
java.io.FileNotFoundException: couldn't find mixed.txt.sz
	at org.apache.commons.compress.AbstractTestCase.getFile(AbstractTestCase.java:78)
	at org.apache.commons.compress.compressors.snappy.FramedSnappyCompressorInputStreamTest.testRemainingChunkTypes(FramedSnappyCompressorInputStreamTest.java:105)

testAvailable(org.apache.commons.compress.compressors.snappy.FramedSnappyCompressorInputStreamTest)  Time elapsed: 0.002 sec  <<< ERROR!
java.io.FileNotFoundException: couldn't find mixed.txt.sz
	at org.apache.commons.compress.AbstractTestCase.getFile(AbstractTestCase.java:78)
	at org.apache.commons.compress.compressors.snappy.FramedSnappyCompressorInputStreamTest.testAvailable(FramedSnappyCompressorInputStreamTest.java:127)

testLoremIpsum(org.apache.commons.compress.compressors.snappy.FramedSnappyCompressorInputStreamTest)  Time elapsed: 0.003 sec  <<< ERROR!
java.io.FileNotFoundException: couldn't find lorem-ipsum.txt.sz
	at org.apache.commons.compress.AbstractTestCase.getFile(AbstractTestCase.java:78)
	at org.apache.commons.compress.compressors.snappy.FramedSnappyCompressorInputStreamTest.testLoremIpsum(FramedSnappyCompressorInputStreamTest.java:56)

testMatches(org.apache.commons.compress.compressors.snappy.FramedSnappyCompressorInputStreamTest)  Time elapsed: 0.001 sec  <<< ERROR!
java.io.FileNotFoundException: couldn't find bla.tar.sz
	at org.apache.commons.compress.AbstractTestCase.getFile(AbstractTestCase.java:78)
	at org.apache.commons.compress.compressors.snappy.FramedSnappyCompressorInputStreamTest.testMatches(FramedSnappyCompressorInputStreamTest.java:40)

Running org.apache.commons.compress.compressors.BZip2TestCase
Tests run: 5, Failures: 0, Errors: 5, Skipped: 0, Time elapsed: 0.005 sec <<< FAILURE! - in org.apache.commons.compress.compressors.BZip2TestCase
testBzip2Unarchive(org.apache.commons.compress.compressors.BZip2TestCase)  Time elapsed: 0 sec  <<< ERROR!
java.io.FileNotFoundException: couldn't find bla.txt.bz2
	at org.apache.commons.compress.AbstractTestCase.getFile(AbstractTestCase.java:78)
	at org.apache.commons.compress.compressors.BZip2TestCase.testBzip2Unarchive(BZip2TestCase.java:62)

testBzipCreation(org.apache.commons.compress.compressors.BZip2TestCase)  Time elapsed: 0 sec  <<< ERROR!
java.io.FileNotFoundException: couldn't find test.txt
	at org.apache.commons.compress.AbstractTestCase.getFile(AbstractTestCase.java:78)
	at org.apache.commons.compress.compressors.BZip2TestCase.testBzipCreation(BZip2TestCase.java:35)

testConcatenatedStreamsReadFirstOnly(org.apache.commons.compress.compressors.BZip2TestCase)  Time elapsed: 0.001 sec  <<< ERROR!
java.io.FileNotFoundException: couldn't find multiple.bz2
	at org.apache.commons.compress.AbstractTestCase.getFile(AbstractTestCase.java:78)
	at org.apache.commons.compress.compressors.BZip2TestCase.testConcatenatedStreamsReadFirstOnly(BZip2TestCase.java:73)

testConcatenatedStreamsReadFully(org.apache.commons.compress.compressors.BZip2TestCase)  Time elapsed: 0.001 sec  <<< ERROR!
java.io.FileNotFoundException: couldn't find multiple.bz2
	at org.apache.commons.compress.AbstractTestCase.getFile(AbstractTestCase.java:78)
	at org.apache.commons.compress.compressors.BZip2TestCase.testConcatenatedStreamsReadFully(BZip2TestCase.java:90)

testCOMPRESS131(org.apache.commons.compress.compressors.BZip2TestCase)  Time elapsed: 0.001 sec  <<< ERROR!
java.io.FileNotFoundException: couldn't find COMPRESS-131.bz2
	at org.apache.commons.compress.AbstractTestCase.getFile(AbstractTestCase.java:78)
	at org.apache.commons.compress.compressors.BZip2TestCase.testCOMPRESS131(BZip2TestCase.java:109)

Running org.apache.commons.compress.ArchiveUtilsTest
Tests run: 3, Failures: 0, Errors: 0, Skipped: 0, Time elapsed: 0.003 sec - in org.apache.commons.compress.ArchiveUtilsTest
Running org.apache.commons.compress.utils.CountingStreamTest
Tests run: 2, Failures: 0, Errors: 0, Skipped: 0, Time elapsed: 0.002 sec - in org.apache.commons.compress.utils.CountingStreamTest
Running org.apache.commons.compress.utils.CharsetsTest
Tests run: 7, Failures: 0, Errors: 0, Skipped: 0, Time elapsed: 0.006 sec - in org.apache.commons.compress.utils.CharsetsTest
Running org.apache.commons.compress.IOMethodsTest
Tests run: 10, Failures: 0, Errors: 5, Skipped: 0, Time elapsed: 0.023 sec <<< FAILURE! - in org.apache.commons.compress.IOMethodsTest
testReadCpio(org.apache.commons.compress.IOMethodsTest)  Time elapsed: 0.002 sec  <<< ERROR!
java.io.FileNotFoundException: couldn't find test1.xml
	at org.apache.commons.compress.AbstractTestCase.getFile(AbstractTestCase.java:78)
	at org.apache.commons.compress.AbstractTestCase.createSingleEntryArchive(AbstractTestCase.java:273)
	at org.apache.commons.compress.IOMethodsTest.compareReads(IOMethodsTest.java:129)
	at org.apache.commons.compress.IOMethodsTest.testReadCpio(IOMethodsTest.java:79)

testReadJar(org.apache.commons.compress.IOMethodsTest)  Time elapsed: 0.001 sec  <<< ERROR!
java.io.FileNotFoundException: couldn't find test1.xml
	at org.apache.commons.compress.AbstractTestCase.getFile(AbstractTestCase.java:78)
	at org.apache.commons.compress.AbstractTestCase.createSingleEntryArchive(AbstractTestCase.java:273)
	at org.apache.commons.compress.IOMethodsTest.compareReads(IOMethodsTest.java:129)
	at org.apache.commons.compress.IOMethodsTest.testReadJar(IOMethodsTest.java:83)

testReadTar(org.apache.commons.compress.IOMethodsTest)  Time elapsed: 0.001 sec  <<< ERROR!
java.io.FileNotFoundException: couldn't find test1.xml
	at org.apache.commons.compress.AbstractTestCase.getFile(AbstractTestCase.java:78)
	at org.apache.commons.compress.AbstractTestCase.createSingleEntryArchive(AbstractTestCase.java:273)
	at org.apache.commons.compress.IOMethodsTest.compareReads(IOMethodsTest.java:129)
	at org.apache.commons.compress.IOMethodsTest.testReadTar(IOMethodsTest.java:87)

testReadZip(org.apache.commons.compress.IOMethodsTest)  Time elapsed: 0.001 sec  <<< ERROR!
java.io.FileNotFoundException: couldn't find test1.xml
	at org.apache.commons.compress.AbstractTestCase.getFile(AbstractTestCase.java:78)
	at org.apache.commons.compress.AbstractTestCase.createSingleEntryArchive(AbstractTestCase.java:273)
	at org.apache.commons.compress.IOMethodsTest.compareReads(IOMethodsTest.java:129)
	at org.apache.commons.compress.IOMethodsTest.testReadZip(IOMethodsTest.java:91)

testReadAr(org.apache.commons.compress.IOMethodsTest)  Time elapsed: 0.001 sec  <<< ERROR!
java.io.FileNotFoundException: couldn't find test1.xml
	at org.apache.commons.compress.AbstractTestCase.getFile(AbstractTestCase.java:78)
	at org.apache.commons.compress.AbstractTestCase.createSingleEntryArchive(AbstractTestCase.java:273)
	at org.apache.commons.compress.IOMethodsTest.compareReads(IOMethodsTest.java:129)
	at org.apache.commons.compress.IOMethodsTest.testReadAr(IOMethodsTest.java:75)

Running org.apache.commons.compress.DetectCompressorTestCase
Tests run: 1, Failures: 0, Errors: 1, Skipped: 0, Time elapsed: 0.004 sec <<< FAILURE! - in org.apache.commons.compress.DetectCompressorTestCase
testDetection(org.apache.commons.compress.DetectCompressorTestCase)  Time elapsed: 0.001 sec  <<< ERROR!
java.io.FileNotFoundException: couldn't find bla.txt.bz2
	at org.apache.commons.compress.AbstractTestCase.getFile(AbstractTestCase.java:78)
	at org.apache.commons.compress.DetectCompressorTestCase.getStreamFor(DetectCompressorTestCase.java:74)
	at org.apache.commons.compress.DetectCompressorTestCase.testDetection(DetectCompressorTestCase.java:46)

Running org.apache.commons.compress.changes.ChangeSetTestCase
Tests run: 28, Failures: 0, Errors: 26, Skipped: 0, Time elapsed: 0.048 sec <<< FAILURE! - in org.apache.commons.compress.changes.ChangeSetTestCase
testDeleteFile2(org.apache.commons.compress.changes.ChangeSetTestCase)  Time elapsed: 0.002 sec  <<< ERROR!
java.io.FileNotFoundException: couldn't find test1.xml
	at org.apache.commons.compress.AbstractTestCase.getFile(AbstractTestCase.java:78)
	at org.apache.commons.compress.AbstractTestCase.createArchive(AbstractTestCase.java:185)
	at org.apache.commons.compress.changes.ChangeSetTestCase.testDeleteFile2(ChangeSetTestCase.java:313)

testAddDeleteToOneFileArchive(org.apache.commons.compress.changes.ChangeSetTestCase)  Time elapsed: 0.001 sec  <<< ERROR!
java.io.FileNotFoundException: couldn't find test1.xml
	at org.apache.commons.compress.AbstractTestCase.getFile(AbstractTestCase.java:78)
	at org.apache.commons.compress.AbstractTestCase.createSingleEntryArchive(AbstractTestCase.java:273)
	at org.apache.commons.compress.changes.ChangeSetTestCase.testAddDeleteToOneFileArchive(ChangeSetTestCase.java:1134)

testDeleteFromAndAddToZipUsingZipFilePerform(org.apache.commons.compress.changes.ChangeSetTestCase)  Time elapsed: 0.001 sec  <<< ERROR!
java.io.FileNotFoundException: couldn't find test1.xml
	at org.apache.commons.compress.AbstractTestCase.getFile(AbstractTestCase.java:78)
	at org.apache.commons.compress.AbstractTestCase.createArchive(AbstractTestCase.java:185)
	at org.apache.commons.compress.changes.ChangeSetTestCase.testDeleteFromAndAddToZipUsingZipFilePerform(ChangeSetTestCase.java:582)

testAddToEmptyArchive(org.apache.commons.compress.changes.ChangeSetTestCase)  Time elapsed: 0.001 sec  <<< ERROR!
java.io.FileNotFoundException: couldn't find test.txt
	at org.apache.commons.compress.AbstractTestCase.getFile(AbstractTestCase.java:78)
	at org.apache.commons.compress.changes.ChangeSetTestCase.testAddToEmptyArchive(ChangeSetTestCase.java:1057)

testDeleteAddToOneFileArchive(org.apache.commons.compress.changes.ChangeSetTestCase)  Time elapsed: 0.002 sec  <<< ERROR!
java.io.FileNotFoundException: couldn't find test1.xml
	at org.apache.commons.compress.AbstractTestCase.getFile(AbstractTestCase.java:78)
	at org.apache.commons.compress.AbstractTestCase.createSingleEntryArchive(AbstractTestCase.java:273)
	at org.apache.commons.compress.changes.ChangeSetTestCase.testDeleteAddToOneFileArchive(ChangeSetTestCase.java:1086)

testAddAllreadyExistingWithReplaceFalse(org.apache.commons.compress.changes.ChangeSetTestCase)  Time elapsed: 0.001 sec  <<< ERROR!
java.io.FileNotFoundException: couldn't find test1.xml
	at org.apache.commons.compress.AbstractTestCase.getFile(AbstractTestCase.java:78)
	at org.apache.commons.compress.AbstractTestCase.createArchive(AbstractTestCase.java:185)
	at org.apache.commons.compress.changes.ChangeSetTestCase.testAddAllreadyExistingWithReplaceFalse(ChangeSetTestCase.java:1227)

testChangeSetResults(org.apache.commons.compress.changes.ChangeSetTestCase)  Time elapsed: 0.003 sec  <<< ERROR!
java.io.FileNotFoundException: couldn't find test1.xml
	at org.apache.commons.compress.AbstractTestCase.getFile(AbstractTestCase.java:78)
	at org.apache.commons.compress.AbstractTestCase.createArchive(AbstractTestCase.java:185)
	at org.apache.commons.compress.changes.ChangeSetTestCase.testChangeSetResults(ChangeSetTestCase.java:427)

testDeleteFromAndAddToAr(org.apache.commons.compress.changes.ChangeSetTestCase)  Time elapsed: 0.001 sec  <<< ERROR!
java.io.FileNotFoundException: couldn't find test.txt
	at org.apache.commons.compress.AbstractTestCase.getFile(AbstractTestCase.java:78)
	at org.apache.commons.compress.changes.ChangeSetTestCase.testDeleteFromAndAddToAr(ChangeSetTestCase.java:978)

testDeleteFromAr(org.apache.commons.compress.changes.ChangeSetTestCase)  Time elapsed: 0.001 sec  <<< ERROR!
java.io.FileNotFoundException: couldn't find bla.ar
	at org.apache.commons.compress.AbstractTestCase.getFile(AbstractTestCase.java:78)
	at org.apache.commons.compress.changes.ChangeSetTestCase.testDeleteFromAr(ChangeSetTestCase.java:940)

testDeleteAddDelete(org.apache.commons.compress.changes.ChangeSetTestCase)  Time elapsed: 0.001 sec  <<< ERROR!
java.io.FileNotFoundException: couldn't find test1.xml
	at org.apache.commons.compress.AbstractTestCase.getFile(AbstractTestCase.java:78)
	at org.apache.commons.compress.AbstractTestCase.createArchive(AbstractTestCase.java:185)
	at org.apache.commons.compress.changes.ChangeSetTestCase.testDeleteAddDelete(ChangeSetTestCase.java:675)

testDeleteDir(org.apache.commons.compress.changes.ChangeSetTestCase)  Time elapsed: 0.001 sec  <<< ERROR!
java.io.FileNotFoundException: couldn't find test1.xml
	at org.apache.commons.compress.AbstractTestCase.getFile(AbstractTestCase.java:78)
	at org.apache.commons.compress.AbstractTestCase.createArchive(AbstractTestCase.java:185)
	at org.apache.commons.compress.changes.ChangeSetTestCase.testDeleteDir(ChangeSetTestCase.java:148)

testAddDeleteAdd(org.apache.commons.compress.changes.ChangeSetTestCase)  Time elapsed: 0.002 sec  <<< ERROR!
java.io.FileNotFoundException: couldn't find test1.xml
	at org.apache.commons.compress.AbstractTestCase.getFile(AbstractTestCase.java:78)
	at org.apache.commons.compress.AbstractTestCase.createArchive(AbstractTestCase.java:185)
	at org.apache.commons.compress.changes.ChangeSetTestCase.testAddDeleteAdd(ChangeSetTestCase.java:627)

testAddChangeTwiceWithoutReplace(org.apache.commons.compress.changes.ChangeSetTestCase)  Time elapsed: 0.001 sec  <<< ERROR!
java.io.FileNotFoundException: couldn't find test.txt
	at org.apache.commons.compress.AbstractTestCase.getFile(AbstractTestCase.java:78)
	at org.apache.commons.compress.changes.ChangeSetTestCase.testAddChangeTwiceWithoutReplace(ChangeSetTestCase.java:115)

testDeletePlusAddSame(org.apache.commons.compress.changes.ChangeSetTestCase)  Time elapsed: 0.001 sec  <<< ERROR!
java.io.FileNotFoundException: couldn't find test1.xml
	at org.apache.commons.compress.AbstractTestCase.getFile(AbstractTestCase.java:78)
	at org.apache.commons.compress.AbstractTestCase.createArchive(AbstractTestCase.java:185)
	at org.apache.commons.compress.changes.ChangeSetTestCase.testDeletePlusAddSame(ChangeSetTestCase.java:356)

testDeleteDir2(org.apache.commons.compress.changes.ChangeSetTestCase)  Time elapsed: 0.001 sec  <<< ERROR!
java.io.FileNotFoundException: couldn't find test1.xml
	at org.apache.commons.compress.AbstractTestCase.getFile(AbstractTestCase.java:78)
	at org.apache.commons.compress.AbstractTestCase.createArchive(AbstractTestCase.java:185)
	at org.apache.commons.compress.changes.ChangeSetTestCase.testDeleteDir2(ChangeSetTestCase.java:189)

testDeleteDir3(org.apache.commons.compress.changes.ChangeSetTestCase)  Time elapsed: 0.002 sec  <<< ERROR!
java.io.FileNotFoundException: couldn't find test1.xml
	at org.apache.commons.compress.AbstractTestCase.getFile(AbstractTestCase.java:78)
	at org.apache.commons.compress.AbstractTestCase.createArchive(AbstractTestCase.java:185)
	at org.apache.commons.compress.changes.ChangeSetTestCase.testDeleteDir3(ChangeSetTestCase.java:230)

testDeleteFile(org.apache.commons.compress.changes.ChangeSetTestCase)  Time elapsed: 0.002 sec  <<< ERROR!
java.io.FileNotFoundException: couldn't find test1.xml
	at org.apache.commons.compress.AbstractTestCase.getFile(AbstractTestCase.java:78)
	at org.apache.commons.compress.AbstractTestCase.createArchive(AbstractTestCase.java:185)
	at org.apache.commons.compress.changes.ChangeSetTestCase.testDeleteFile(ChangeSetTestCase.java:271)

testAddAllreadyExistingWithReplaceTrue(org.apache.commons.compress.changes.ChangeSetTestCase)  Time elapsed: 0.002 sec  <<< ERROR!
java.io.FileNotFoundException: couldn't find test1.xml
	at org.apache.commons.compress.AbstractTestCase.getFile(AbstractTestCase.java:78)
	at org.apache.commons.compress.AbstractTestCase.createArchive(AbstractTestCase.java:185)
	at org.apache.commons.compress.changes.ChangeSetTestCase.testAddAllreadyExistingWithReplaceTrue(ChangeSetTestCase.java:1183)

testDeleteFromJar(org.apache.commons.compress.changes.ChangeSetTestCase)  Time elapsed: 0.001 sec  <<< ERROR!
java.io.FileNotFoundException: couldn't find bla.jar
	at org.apache.commons.compress.AbstractTestCase.getFile(AbstractTestCase.java:78)
	at org.apache.commons.compress.changes.ChangeSetTestCase.testDeleteFromJar(ChangeSetTestCase.java:810)

testDeleteFromTar(org.apache.commons.compress.changes.ChangeSetTestCase)  Time elapsed: 0.001 sec  <<< ERROR!
java.io.FileNotFoundException: couldn't find bla.tar
	at org.apache.commons.compress.AbstractTestCase.getFile(AbstractTestCase.java:78)
	at org.apache.commons.compress.changes.ChangeSetTestCase.testDeleteFromTar(ChangeSetTestCase.java:770)

testDeleteFromZip(org.apache.commons.compress.changes.ChangeSetTestCase)  Time elapsed: 0.001 sec  <<< ERROR!
java.io.FileNotFoundException: couldn't find bla.zip
	at org.apache.commons.compress.AbstractTestCase.getFile(AbstractTestCase.java:78)
	at org.apache.commons.compress.changes.ChangeSetTestCase.testDeleteFromZip(ChangeSetTestCase.java:730)

testDeletePlusAdd(org.apache.commons.compress.changes.ChangeSetTestCase)  Time elapsed: 0.001 sec  <<< ERROR!
java.io.FileNotFoundException: couldn't find test1.xml
	at org.apache.commons.compress.AbstractTestCase.getFile(AbstractTestCase.java:78)
	at org.apache.commons.compress.AbstractTestCase.createArchive(AbstractTestCase.java:185)
	at org.apache.commons.compress.changes.ChangeSetTestCase.testDeletePlusAdd(ChangeSetTestCase.java:490)

testDeleteFromAndAddToJar(org.apache.commons.compress.changes.ChangeSetTestCase)  Time elapsed: 0.001 sec  <<< ERROR!
java.io.FileNotFoundException: couldn't find test.txt
	at org.apache.commons.compress.AbstractTestCase.getFile(AbstractTestCase.java:78)
	at org.apache.commons.compress.changes.ChangeSetTestCase.testDeleteFromAndAddToJar(ChangeSetTestCase.java:898)

testDeleteFromAndAddToTar(org.apache.commons.compress.changes.ChangeSetTestCase)  Time elapsed: 0.001 sec  <<< ERROR!
java.io.FileNotFoundException: couldn't find test.txt
	at org.apache.commons.compress.AbstractTestCase.getFile(AbstractTestCase.java:78)
	at org.apache.commons.compress.changes.ChangeSetTestCase.testDeleteFromAndAddToTar(ChangeSetTestCase.java:842)

testDeleteFromAndAddToZip(org.apache.commons.compress.changes.ChangeSetTestCase)  Time elapsed: 0.004 sec  <<< ERROR!
java.io.FileNotFoundException: couldn't find test1.xml
	at org.apache.commons.compress.AbstractTestCase.getFile(AbstractTestCase.java:78)
	at org.apache.commons.compress.AbstractTestCase.createArchive(AbstractTestCase.java:185)
	at org.apache.commons.compress.changes.ChangeSetTestCase.testDeleteFromAndAddToZip(ChangeSetTestCase.java:536)

testAddChangeTwice(org.apache.commons.compress.changes.ChangeSetTestCase)  Time elapsed: 0.001 sec  <<< ERROR!
java.io.FileNotFoundException: couldn't find test.txt
	at org.apache.commons.compress.AbstractTestCase.getFile(AbstractTestCase.java:78)
	at org.apache.commons.compress.changes.ChangeSetTestCase.testAddChangeTwice(ChangeSetTestCase.java:81)


Results :

Failed tests: 
  SevenZFileTest.testEncryptedArchiveRequiresPassword:70 expected:<[Cannot read encrypted files without a password]> but was:<[couldn't find bla.encrypted.7z]>

Tests in error: 
  LongPathTest.suite:67->createSuite:74->AbstractTestCase.getFile:78 » FileNotFound
  ArchiveOutputStreamTest.testCallSequenceAr:118->doCallSequence:139->AbstractTestCase.getFile:78 » FileNotFound
  ArchiveOutputStreamTest.testCallSequenceCpio:122->doCallSequence:139->AbstractTestCase.getFile:78 » FileNotFound
  ArchiveOutputStreamTest.testCallSequenceJar:126->doCallSequence:139->AbstractTestCase.getFile:78 » FileNotFound
  ArchiveOutputStreamTest.testCallSequenceTar:130->doCallSequence:139->AbstractTestCase.getFile:78 » FileNotFound
  ArchiveOutputStreamTest.testCallSequenceZip:134->doCallSequence:139->AbstractTestCase.getFile:78 » FileNotFound
  ZipFileTest.testSkipsPK00Prefix:165 » FileNotFound couldn't find COMPRESS-208....
  ZipFileTest.testDuplicateEntry:214 » FileNotFound couldn't find COMPRESS-227.z...
  ZipFileTest.testPhysicalOrder:75->readOrderTest:272 » FileNotFound couldn't fi...
  ZipFileTest.testExcessDataInZip64ExtraField:233 » FileNotFound couldn't find C...
  ZipFileTest.testCDOrder:47->readOrderTest:272 » FileNotFound couldn't find ord...
  ZipFileTest.testUnshrinking:242 » FileNotFound couldn't find SHRUNK.ZIP
  ZipFileTest.testUnixSymlinkSampleFile:192 » FileNotFound couldn't find COMPRES...
  ZipFileTest.testWinzipBackSlashWorkaround:153 » FileNotFound couldn't find tes...
  ZipFileTest.testDoubleClose:103->readOrderTest:272 » FileNotFound couldn't fin...
  Maven221MultiVolumeTest.testRead7ZipMultiVolumeArchiveForStream:71 » FileNotFound
  Maven221MultiVolumeTest.testRead7ZipMultiVolumeArchiveForFile:115 » FileNotFound
  EncryptedArchiveTest.testReadPasswordEncryptedEntryViaStream:55 » FileNotFound
  EncryptedArchiveTest.testReadPasswordEncryptedEntryViaZipFile:33 » FileNotFound
  X5455_ExtendedTimestampTest.testSampleFile:105 » FileNotFound couldn't find CO...
  ZipArchiveInputStreamTest.shouldConsumeArchiveCompletely:87 » IO Stream closed
  ZipArchiveInputStreamTest.testUnshrinkEntry:128 » FileNotFound couldn't find S...
  ZipArchiveInputStreamTest.properUseOfInflater:63 » FileNotFound couldn't find ...
  ZipArchiveInputStreamTest.winzipBackSlashWorkaround:43 » FileNotFound couldn't...
  ZipArchiveInputStreamTest.shouldReadNestedZip:106 » FileNotFound couldn't find...
  X7875_NewUnixTest.testSampleFile:48 » FileNotFound couldn't find COMPRESS-211_...
  UTF8ZipFilesTest.testRead7ZipArchiveForStream:101->AbstractTestCase.getFile:78 » FileNotFound
  UTF8ZipFilesTest.testRead7ZipArchive:87->AbstractTestCase.getFile:78 » FileNotFound
  UTF8ZipFilesTest.testReadWinZipArchiveForStream:146->AbstractTestCase.getFile:78 » FileNotFound
  UTF8ZipFilesTest.testReadWinZipArchive:120->AbstractTestCase.getFile:78 » FileNotFound
  UTF8ZipFilesTest.testUtf8Interoperability:369->AbstractTestCase.getFile:78 » FileNotFound
  UTF8ZipFilesTest.testRawNameReadFromZipFile:198->AbstractTestCase.getFile:78 » FileNotFound
  UTF8ZipFilesTest.testRawNameReadFromStream:211->AbstractTestCase.getFile:78 » FileNotFound
  ExplodeSupportTest.testArchiveWithImplodeCompression4K2Trees:53->testArchiveWithImplodeCompression:37 » FileNotFound
  ExplodeSupportTest.testZipStreamWithImplodeCompression8K3Trees:87->testZipStreamWithImplodeCompression:65 » FileNotFound
  ExplodeSupportTest.testTikaTestArchive:61->testArchiveWithImplodeCompression:37 » FileNotFound
  ExplodeSupportTest.testArchiveWithImplodeCompression8K3Trees:57->testArchiveWithImplodeCompression:37 » FileNotFound
  ExplodeSupportTest.testZipStreamWithImplodeCompression4K2Trees:83->testZipStreamWithImplodeCompression:65 » FileNotFound
  ExplodeSupportTest.testTikaTestStream:91->testZipStreamWithImplodeCompression:65 » FileNotFound
  CpioTestCase.testCpioUnarchive:60->AbstractTestCase.getFile:78 » FileNotFound ...
  CpioTestCase.testCpioArchiveCreation:41->AbstractTestCase.getFile:78 » FileNotFound
  ArArchiveInputStreamTest.testReadLongNamesBSD:35->checkLongNameEntry:39->AbstractTestCase.getFile:78 » FileNotFound
  ArArchiveInputStreamTest.testReadLongNamesGNU:31->checkLongNameEntry:39->AbstractTestCase.getFile:78 » FileNotFound
  ArTestCase.testArDelete:94->AbstractTestCase.getFile:78 » FileNotFound couldn'...
  ArTestCase.testArUnarchive:59->AbstractTestCase.getFile:78 » FileNotFound coul...
  ArTestCase.testArArchiveCreation:40->AbstractTestCase.getFile:78 » FileNotFound
  JarTestCase.testJarUnarchive:55->AbstractTestCase.getFile:78 » FileNotFound co...
  JarTestCase.testJarArchiveCreation:35->AbstractTestCase.getFile:78 » FileNotFound
  JarTestCase.testJarUnarchiveAll:85->AbstractTestCase.getFile:78 » FileNotFound
  SevenZFileTest.test7zUnarchive:48->AbstractTestCase.getFile:78 » FileNotFound ...
  SevenZFileTest.testHelloWorldHeaderCompressionOffLZMA2:44->checkHelloWorld:97->AbstractTestCase.getFile:78 » FileNotFound
  SevenZFileTest.testAllEmptyFilesArchive:31->AbstractTestCase.getFile:78 » FileNotFound
  SevenZFileTest.test7zDecryptUnarchive:57->AbstractTestCase.getFile:78 » FileNotFound
  SevenZFileTest.test7zDeflateUnarchive:52->AbstractTestCase.getFile:78 » FileNotFound
  SevenZFileTest.testHelloWorldHeaderCompressionOffCopy:40->checkHelloWorld:97->AbstractTestCase.getFile:78 » FileNotFound
  ArchiveStreamFactoryTest.skipsPK00Prefix:94 » FileNotFound src/test/resources/...
  ArchiveStreamFactoryTest.aiffFilesAreNoTARs:53 » FileNotFound src/test/resourc...
  ArchiveStreamFactoryTest.testCOMPRESS209:71 » FileNotFound src/test/resources/...
  CpioArchiveInputStreamTest.testCpioUnarchive:34->AbstractTestCase.getFile:78 » FileNotFound
  CpioArchiveInputStreamTest.testCpioUnarchiveCreatedByRedlineRpm:51->AbstractTestCase.getFile:78 » FileNotFound
  CpioArchiveOutputStreamTest.testWriteOldBinary:32->AbstractTestCase.getFile:78 » FileNotFound
  ArjArchiveInputStreamTest.testReadingOfAttributesUnixVersion:66->AbstractTestCase.getFile:78 » FileNotFound
  ArjArchiveInputStreamTest.testArjUnarchive:37->AbstractTestCase.getFile:78 » FileNotFound
  ArjArchiveInputStreamTest.testReadingOfAttributesDosVersion:54->AbstractTestCase.getFile:78 » FileNotFound
  SevenZTestCase.testSevenZArchiveCreationUsingCopy:33->testSevenZArchiveCreation:50->AbstractTestCase.getFile:78 » FileNotFound
  SevenZTestCase.testSevenZArchiveCreationUsingBZIP2:41->testSevenZArchiveCreation:50->AbstractTestCase.getFile:78 » FileNotFound
  SevenZTestCase.testSevenZArchiveCreationUsingLZMA2:37->testSevenZArchiveCreation:50->AbstractTestCase.getFile:78 » FileNotFound
  SevenZTestCase.testSevenZArchiveCreationUsingDeflate:45->testSevenZArchiveCreation:50->AbstractTestCase.getFile:78 » FileNotFound
  ZipTestCase.testSkipsPK00Prefix:125->AbstractTestCase.getFile:78 » FileNotFound
  ZipTestCase.testZipUnarchive:109->AbstractTestCase.getFile:78 » FileNotFound c...
  ZipTestCase.testSkipEntryWithUnsupportedCompressionMethod:167->AbstractTestCase.getFile:78 » FileNotFound
  ZipTestCase.testSupportedCompressionMethod:149->AbstractTestCase.getFile:78 » FileNotFound
  ZipTestCase.testListAllFilesWithNestedArchive:194->AbstractTestCase.getFile:78 » FileNotFound
  ZipTestCase.testZipArchiveCreation:47->AbstractTestCase.getFile:78 » FileNotFound
  TarTestCase.testTarUnarchive:108->AbstractTestCase.getFile:78 » FileNotFound c...
  TarTestCase.testTarArchiveLongNameCreation:61->AbstractTestCase.getFile:78 » FileNotFound
  TarTestCase.testTarArchiveCreation:38->AbstractTestCase.getFile:78 » FileNotFound
  TarTestCase.testCOMPRESS114:119->AbstractTestCase.getFile:78 » FileNotFound co...
  TarTestCase.testCOMPRESS178:307->AbstractTestCase.getFile:78 » FileNotFound co...
  DumpArchiveInputStreamTest.testNotADumpArchive:32->AbstractTestCase.getFile:78 » FileNotFound
  DumpArchiveInputStreamTest.testConsumesArchiveCompletely:60 » Archive input bu...
  DumpArchiveInputStreamTest.testNotADumpArchiveButBigEnough:45->AbstractTestCase.getFile:78 » FileNotFound
  SparseFilesTest.testOldGNU:31 » FileNotFound couldn't find oldgnu_sparse.tar
  TarArchiveOutputStreamTest.testCount:47->AbstractTestCase.getFile:78 » FileNotFound
  TarArchiveOutputStreamTest.testPadsOutputToFullBlockLength:561->AbstractTestCase.getFile:78 » FileNotFound
  TarArchiveInputStreamTest.workaroundForBrokenTimeHeader:85 » FileNotFound coul...
  TarArchiveInputStreamTest.shouldConsumeArchiveCompletely:174 » NullPointer
  TarArchiveInputStreamTest.readsArchiveCompletely_COMPRESS245:203 NullPointer
  TarArchiveInputStreamTest.datePriorToEpochInGNUFormat:101->datePriorToEpoch:113 » FileNotFound
  TarArchiveInputStreamTest.testCompress197:139 » NullPointer
  TarArchiveInputStreamTest.datePriorToEpochInPAXFormat:107->datePriorToEpoch:113 » FileNotFound
  DumpTestCase.testArchiveDetection:78->AbstractTestCase.getFile:78 » FileNotFound
  DumpTestCase.testCompressedDumpUnarchiveAll:40->AbstractTestCase.getFile:78 » FileNotFound
  DumpTestCase.testDumpUnarchiveAll:36->AbstractTestCase.getFile:78 » FileNotFound
  DumpTestCase.testCheckArchive:98->AbstractTestCase.getFile:78 » FileNotFound c...
  DumpTestCase.testCheckCompressedArchive:102->AbstractTestCase.getFile:78 » FileNotFound
  DumpTestCase.testCompressedArchiveDetection:82->AbstractTestCase.getFile:78 » FileNotFound
  ChainingTestCase.testTarGzip:33->AbstractTestCase.getFile:78 » FileNotFound co...
  ChainingTestCase.testTarBzip2:42->AbstractTestCase.getFile:78 » FileNotFound c...
  DetectArchiverTestCase.testDetection:58->getStreamFor:93->AbstractTestCase.getFile:78 » FileNotFound
  DetectArchiverTestCase.testDetectionNotArchive:43->getStreamFor:93->AbstractTestCase.getFile:78 » FileNotFound
  DetectArchiverTestCase.testCOMPRESS117:51->getStreamFor:93->AbstractTestCase.getFile:78 » FileNotFound
  Pack200UtilsTest.testNormalizeInPlace:72->AbstractTestCase.getFile:78 » FileNotFound
  Pack200UtilsTest.testNormalize:36->AbstractTestCase.getFile:78 » FileNotFound ...
  ZTestCase.testZUnarchiveViaFactory:42->testUnarchive:51->AbstractTestCase.getFile:78 » FileNotFound
  ZTestCase.testZUnarchive:34->testUnarchive:51->AbstractTestCase.getFile:78 » FileNotFound
  LZMATestCase.testLZMAUnarchive:33->AbstractTestCase.getFile:78 » FileNotFound ...
  Pack200TestCase.testInputStreamMethods:177->AbstractTestCase.getFile:78 » FileNotFound
  Pack200TestCase.testJarArchiveCreationTempFile:97->jarArchiveCreation:103->AbstractTestCase.getFile:78 » FileNotFound
  Pack200TestCase.testJarUnarchiveAllInMemory:45->jarUnarchiveAll:62->AbstractTestCase.getFile:78 » FileNotFound
  Pack200TestCase.testJarArchiveCreationInMemory:93->jarArchiveCreation:103->AbstractTestCase.getFile:78 » FileNotFound
  Pack200TestCase.testJarUnarchiveAllFileArgInMemory:49->jarUnarchiveAll:62->AbstractTestCase.getFile:78 » FileNotFound
  Pack200TestCase.testBadSignature:152->AbstractTestCase.getFile:78 » FileNotFound
  Pack200TestCase.testJarUnarchiveAllFileTempFile:57->jarUnarchiveAll:62->AbstractTestCase.getFile:78 » FileNotFound
  Pack200TestCase.testShortSignature:163->AbstractTestCase.getFile:78 » FileNotFound
  Pack200TestCase.testGoodSignature:141->AbstractTestCase.getFile:78 » FileNotFound
  Pack200TestCase.testJarUnarchiveAllTempFile:53->jarUnarchiveAll:62->AbstractTestCase.getFile:78 » FileNotFound
  GZipTestCase.testInteroperabilityWithGzipCompressorInputStream:157->AbstractTestCase.getFile:78 » FileNotFound
  GZipTestCase.testInteroperabilityWithGZIPInputStream:185->AbstractTestCase.getFile:78 » FileNotFound
  GZipTestCase.testGzipUnarchive:59->AbstractTestCase.getFile:78 » FileNotFound ...
  GZipTestCase.testGzipCreation:42->AbstractTestCase.getFile:78 » FileNotFound c...
  GZipTestCase.testExtraFlagsFastestCompression:251->testExtraFlags:230->AbstractTestCase.getFile:78 » FileNotFound
  GZipTestCase.testConcatenatedStreamsReadFirstOnly:81->AbstractTestCase.getFile:78 » FileNotFound
  GZipTestCase.testConcatenatedStreamsReadFully:98->AbstractTestCase.getFile:78 » FileNotFound
  GZipTestCase.testCorruptedInput:124->AbstractTestCase.getFile:78 » FileNotFound
  GZipTestCase.testExtraFlagsDefaultCompression:259->testExtraFlags:230->AbstractTestCase.getFile:78 » FileNotFound
  GZipTestCase.testExtraFlagsBestCompression:255->testExtraFlags:230->AbstractTestCase.getFile:78 » FileNotFound
  FramedSnappyTestCase.testDefaultExtractionViaFactoryAutodetection:56->testUnarchive:64->AbstractTestCase.getFile:78 » FileNotFound
  FramedSnappyTestCase.testDefaultExtraction:38->testUnarchive:64->AbstractTestCase.getFile:78 » FileNotFound
  FramedSnappyTestCase.testDefaultExtractionViaFactory:46->testUnarchive:64->AbstractTestCase.getFile:78 » FileNotFound
  XZTestCase.testXZCreation:37->AbstractTestCase.getFile:78 » FileNotFound could...
  XZTestCase.testConcatenatedStreamsReadFirstOnly:76->AbstractTestCase.getFile:78 » FileNotFound
  XZTestCase.testConcatenatedStreamsReadFully:93->AbstractTestCase.getFile:78 » FileNotFound
  XZTestCase.testXZUnarchive:54->AbstractTestCase.getFile:78 » FileNotFound coul...
  FramedSnappyCompressorInputStreamTest.testRemainingChunkTypes:105->AbstractTestCase.getFile:78 » FileNotFound
  FramedSnappyCompressorInputStreamTest.testAvailable:127->AbstractTestCase.getFile:78 » FileNotFound
  FramedSnappyCompressorInputStreamTest.testLoremIpsum:56->AbstractTestCase.getFile:78 » FileNotFound
  FramedSnappyCompressorInputStreamTest.testMatches:40->AbstractTestCase.getFile:78 » FileNotFound
  BZip2TestCase.testBzip2Unarchive:62->AbstractTestCase.getFile:78 » FileNotFound
  BZip2TestCase.testBzipCreation:35->AbstractTestCase.getFile:78 » FileNotFound ...
  BZip2TestCase.testConcatenatedStreamsReadFirstOnly:73->AbstractTestCase.getFile:78 » FileNotFound
  BZip2TestCase.testConcatenatedStreamsReadFully:90->AbstractTestCase.getFile:78 » FileNotFound
  BZip2TestCase.testCOMPRESS131:109->AbstractTestCase.getFile:78 » FileNotFound ...
  IOMethodsTest.testReadCpio:79->compareReads:129->AbstractTestCase.createSingleEntryArchive:273->AbstractTestCase.getFile:78 » FileNotFound
  IOMethodsTest.testReadJar:83->compareReads:129->AbstractTestCase.createSingleEntryArchive:273->AbstractTestCase.getFile:78 » FileNotFound
  IOMethodsTest.testReadTar:87->compareReads:129->AbstractTestCase.createSingleEntryArchive:273->AbstractTestCase.getFile:78 » FileNotFound
  IOMethodsTest.testReadZip:91->compareReads:129->AbstractTestCase.createSingleEntryArchive:273->AbstractTestCase.getFile:78 » FileNotFound
  IOMethodsTest.testReadAr:75->compareReads:129->AbstractTestCase.createSingleEntryArchive:273->AbstractTestCase.getFile:78 » FileNotFound
  DetectCompressorTestCase.testDetection:46->getStreamFor:74 » FileNotFound coul...
  ChangeSetTestCase.testDeleteFile2:313->AbstractTestCase.createArchive:185->AbstractTestCase.getFile:78 » FileNotFound
  ChangeSetTestCase.testAddDeleteToOneFileArchive:1134->AbstractTestCase.createSingleEntryArchive:273->AbstractTestCase.getFile:78 » FileNotFound
  ChangeSetTestCase.testDeleteFromAndAddToZipUsingZipFilePerform:582->AbstractTestCase.createArchive:185->AbstractTestCase.getFile:78 » FileNotFound
  ChangeSetTestCase.testAddToEmptyArchive:1057->AbstractTestCase.getFile:78 » FileNotFound
  ChangeSetTestCase.testDeleteAddToOneFileArchive:1086->AbstractTestCase.createSingleEntryArchive:273->AbstractTestCase.getFile:78 » FileNotFound
  ChangeSetTestCase.testAddAllreadyExistingWithReplaceFalse:1227->AbstractTestCase.createArchive:185->AbstractTestCase.getFile:78 » FileNotFound
  ChangeSetTestCase.testChangeSetResults:427->AbstractTestCase.createArchive:185->AbstractTestCase.getFile:78 » FileNotFound
  ChangeSetTestCase.testDeleteFromAndAddToAr:978->AbstractTestCase.getFile:78 » FileNotFound
  ChangeSetTestCase.testDeleteFromAr:940->AbstractTestCase.getFile:78 » FileNotFound
  ChangeSetTestCase.testDeleteAddDelete:675->AbstractTestCase.createArchive:185->AbstractTestCase.getFile:78 » FileNotFound
  ChangeSetTestCase.testDeleteDir:148->AbstractTestCase.createArchive:185->AbstractTestCase.getFile:78 » FileNotFound
  ChangeSetTestCase.testAddDeleteAdd:627->AbstractTestCase.createArchive:185->AbstractTestCase.getFile:78 » FileNotFound
  ChangeSetTestCase.testAddChangeTwiceWithoutReplace:115->AbstractTestCase.getFile:78 » FileNotFound
  ChangeSetTestCase.testDeletePlusAddSame:356->AbstractTestCase.createArchive:185->AbstractTestCase.getFile:78 » FileNotFound
  ChangeSetTestCase.testDeleteDir2:189->AbstractTestCase.createArchive:185->AbstractTestCase.getFile:78 » FileNotFound
  ChangeSetTestCase.testDeleteDir3:230->AbstractTestCase.createArchive:185->AbstractTestCase.getFile:78 » FileNotFound
  ChangeSetTestCase.testDeleteFile:271->AbstractTestCase.createArchive:185->AbstractTestCase.getFile:78 » FileNotFound
  ChangeSetTestCase.testAddAllreadyExistingWithReplaceTrue:1183->AbstractTestCase.createArchive:185->AbstractTestCase.getFile:78 » FileNotFound
  ChangeSetTestCase.testDeleteFromJar:810->AbstractTestCase.getFile:78 » FileNotFound
  ChangeSetTestCase.testDeleteFromTar:770->AbstractTestCase.getFile:78 » FileNotFound
  ChangeSetTestCase.testDeleteFromZip:730->AbstractTestCase.getFile:78 » FileNotFound
  ChangeSetTestCase.testDeletePlusAdd:490->AbstractTestCase.createArchive:185->AbstractTestCase.getFile:78 » FileNotFound
  ChangeSetTestCase.testDeleteFromAndAddToJar:898->AbstractTestCase.getFile:78 » FileNotFound
  ChangeSetTestCase.testDeleteFromAndAddToTar:842->AbstractTestCase.getFile:78 » FileNotFound
  ChangeSetTestCase.testDeleteFromAndAddToZip:536->AbstractTestCase.createArchive:185->AbstractTestCase.getFile:78 » FileNotFound
  ChangeSetTestCase.testAddChangeTwice:81->AbstractTestCase.getFile:78 » FileNotFound

Tests run: 406, Failures: 1, Errors: 175, Skipped: 0

[INFO] ------------------------------------------------------------------------
[INFO] BUILD FAILURE
[INFO] ------------------------------------------------------------------------
[INFO] Total time: 11.469 s
[INFO] Finished at: 2017-09-21T12:21:09+02:00
[INFO] Final Memory: 30M/350M
[INFO] ------------------------------------------------------------------------
[ERROR] Failed to execute goal org.apache.maven.plugins:maven-surefire-plugin:2.15:test (default-test) on project commons-compress: There are test failures.
[ERROR] 
[ERROR] Please refer to /home/artefact/tests/Maven Test Sources/commons-compress-1.7-test-sources/target/surefire-reports for the individual test results.
[ERROR] -> [Help 1]
[ERROR] 
[ERROR] To see the full stack trace of the errors, re-run Maven with the -e switch.
[ERROR] Re-run Maven using the -X switch to enable full debug logging.
[ERROR] 
[ERROR] For more information about the errors and possible solutions, please read the following articles:
[ERROR] [Help 1] http://cwiki.apache.org/confluence/display/MAVEN/MojoFailureException
