[INFO] Scanning for projects...
[INFO]                                                                         
[INFO] ------------------------------------------------------------------------
[INFO] Building Apache Commons Lang 3.3
[INFO] ------------------------------------------------------------------------
[INFO] 
[INFO] --- maven-antrun-plugin:1.7:run (javadoc.resources) @ commons-lang3 ---
[INFO] Executing tasks

main:
[INFO] Executed tasks
[INFO] 
[INFO] --- maven-remote-resources-plugin:1.5:process (default) @ commons-lang3 ---
[INFO] 
[INFO] --- buildnumber-maven-plugin:1.2:create (default) @ commons-lang3 ---
[INFO] Checking for local modifications: skipped.
[INFO] Updating project files from SCM: skipped.
[INFO] Executing: /bin/sh -c cd "/home/artefact/tests/Maven Test Sources/commons-lang3-3.3-test-sources" && svn --non-interactive info
[INFO] Working directory: /home/artefact/tests/Maven Test Sources/commons-lang3-3.3-test-sources
[INFO] Storing buildNumber: ?????? at timestamp: 1505990742475
[INFO] Executing: /bin/sh -c cd "/home/artefact/tests/Maven Test Sources/commons-lang3-3.3-test-sources" && svn --non-interactive info
[INFO] Working directory: /home/artefact/tests/Maven Test Sources/commons-lang3-3.3-test-sources
[INFO] Storing buildScmBranch: UNKNOWN_BRANCH
[INFO] 
[INFO] --- maven-resources-plugin:2.6:resources (default-resources) @ commons-lang3 ---
[INFO] Using 'ISO-8859-1' encoding to copy filtered resources.
[INFO] skip non existing resourceDirectory /home/artefact/tests/Maven Test Sources/commons-lang3-3.3-test-sources/src/main/resources
[INFO] Copying 0 resource to META-INF
[INFO] 
[INFO] --- maven-compiler-plugin:3.1:compile (default-compile) @ commons-lang3 ---
[INFO] Changes detected - recompiling the module!
[INFO] Compiling 132 source files to /home/artefact/tests/Maven Test Sources/commons-lang3-3.3-test-sources/target/classes
[INFO] 
[INFO] --- maven-bundle-plugin:2.4.0:manifest (bundle-manifest) @ commons-lang3 ---
[INFO] 
[INFO] --- maven-resources-plugin:2.6:testResources (default-testResources) @ commons-lang3 ---
[INFO] Using 'ISO-8859-1' encoding to copy filtered resources.
[INFO] skip non existing resourceDirectory /home/artefact/tests/Maven Test Sources/commons-lang3-3.3-test-sources/src/test/resources
[INFO] Copying 0 resource to META-INF
[INFO] 
[INFO] --- maven-compiler-plugin:3.1:testCompile (default-testCompile) @ commons-lang3 ---
[INFO] Changes detected - recompiling the module!
[INFO] Compiling 142 source files to /home/artefact/tests/Maven Test Sources/commons-lang3-3.3-test-sources/target/test-classes
[INFO] 
[INFO] --- maven-surefire-plugin:2.16:test (default-test) @ commons-lang3 ---
[INFO] Surefire report directory: /home/artefact/tests/Maven Test Sources/commons-lang3-3.3-test-sources/target/surefire-reports

-------------------------------------------------------
 T E S T S
-------------------------------------------------------
Running org.apache.commons.lang3.CharUtilsTest
Tests run: 23, Failures: 0, Errors: 0, Skipped: 0, Time elapsed: 0.08 sec - in org.apache.commons.lang3.CharUtilsTest
Running org.apache.commons.lang3.builder.EqualsBuilderTest
Tests run: 48, Failures: 0, Errors: 0, Skipped: 0, Time elapsed: 0.052 sec - in org.apache.commons.lang3.builder.EqualsBuilderTest
Running org.apache.commons.lang3.builder.DiffTest
Tests run: 4, Failures: 0, Errors: 0, Skipped: 0, Time elapsed: 0.009 sec - in org.apache.commons.lang3.builder.DiffTest
Running org.apache.commons.lang3.builder.ReflectionToStringBuilderExcludeTest
Tests run: 11, Failures: 0, Errors: 0, Skipped: 0, Time elapsed: 0.008 sec - in org.apache.commons.lang3.builder.ReflectionToStringBuilderExcludeTest
Running org.apache.commons.lang3.builder.MultiLineToStringStyleTest
Tests run: 8, Failures: 0, Errors: 0, Skipped: 0, Time elapsed: 0 sec - in org.apache.commons.lang3.builder.MultiLineToStringStyleTest
Running org.apache.commons.lang3.builder.ReflectionToStringBuilderMutateInspectConcurrencyTest
Tests run: 1, Failures: 0, Errors: 0, Skipped: 1, Time elapsed: 0.005 sec - in org.apache.commons.lang3.builder.ReflectionToStringBuilderMutateInspectConcurrencyTest
Running org.apache.commons.lang3.builder.ToStringBuilderTest
Tests run: 74, Failures: 0, Errors: 0, Skipped: 1, Time elapsed: 0.106 sec - in org.apache.commons.lang3.builder.ToStringBuilderTest
Running org.apache.commons.lang3.builder.RecursiveToStringStyleTest
Tests run: 8, Failures: 0, Errors: 0, Skipped: 0, Time elapsed: 0.012 sec - in org.apache.commons.lang3.builder.RecursiveToStringStyleTest
Running org.apache.commons.lang3.builder.DiffBuilderTest
Tests run: 26, Failures: 0, Errors: 0, Skipped: 0, Time elapsed: 0.041 sec - in org.apache.commons.lang3.builder.DiffBuilderTest
Running org.apache.commons.lang3.builder.CompareToBuilderTest
Tests run: 48, Failures: 0, Errors: 0, Skipped: 0, Time elapsed: 0.038 sec - in org.apache.commons.lang3.builder.CompareToBuilderTest
Running org.apache.commons.lang3.builder.HashCodeBuilderTest
Tests run: 43, Failures: 0, Errors: 0, Skipped: 0, Time elapsed: 0.024 sec - in org.apache.commons.lang3.builder.HashCodeBuilderTest
Running org.apache.commons.lang3.builder.StandardToStringStyleTest
Tests run: 8, Failures: 0, Errors: 0, Skipped: 0, Time elapsed: 0.004 sec - in org.apache.commons.lang3.builder.StandardToStringStyleTest
Running org.apache.commons.lang3.builder.DefaultToStringStyleTest
Tests run: 8, Failures: 0, Errors: 0, Skipped: 0, Time elapsed: 0.008 sec - in org.apache.commons.lang3.builder.DefaultToStringStyleTest
Running org.apache.commons.lang3.builder.ToStringStyleConcurrencyTest
Tests run: 3, Failures: 0, Errors: 0, Skipped: 0, Time elapsed: 3.084 sec - in org.apache.commons.lang3.builder.ToStringStyleConcurrencyTest
Running org.apache.commons.lang3.builder.ToStringStyleTest
Tests run: 12, Failures: 0, Errors: 0, Skipped: 0, Time elapsed: 0.002 sec - in org.apache.commons.lang3.builder.ToStringStyleTest
Running org.apache.commons.lang3.builder.NoFieldNamesToStringStyleTest
Tests run: 8, Failures: 0, Errors: 0, Skipped: 0, Time elapsed: 0.02 sec - in org.apache.commons.lang3.builder.NoFieldNamesToStringStyleTest
Running org.apache.commons.lang3.builder.ReflectionToStringBuilderConcurrencyTest
Tests run: 3, Failures: 0, Errors: 0, Skipped: 3, Time elapsed: 0.003 sec - in org.apache.commons.lang3.builder.ReflectionToStringBuilderConcurrencyTest
Running org.apache.commons.lang3.builder.HashCodeBuilderAndEqualsBuilderTest
Tests run: 4, Failures: 0, Errors: 0, Skipped: 0, Time elapsed: 0.003 sec - in org.apache.commons.lang3.builder.HashCodeBuilderAndEqualsBuilderTest
Running org.apache.commons.lang3.builder.ShortPrefixToStringStyleTest
Tests run: 8, Failures: 0, Errors: 0, Skipped: 0, Time elapsed: 0.004 sec - in org.apache.commons.lang3.builder.ShortPrefixToStringStyleTest
Running org.apache.commons.lang3.builder.DiffResultTest
Tests run: 9, Failures: 0, Errors: 0, Skipped: 0, Time elapsed: 0.006 sec - in org.apache.commons.lang3.builder.DiffResultTest
Running org.apache.commons.lang3.builder.SimpleToStringStyleTest
Tests run: 8, Failures: 0, Errors: 0, Skipped: 0, Time elapsed: 0.012 sec - in org.apache.commons.lang3.builder.SimpleToStringStyleTest
Running org.apache.commons.lang3.StringEscapeUtilsTest
Tests run: 28, Failures: 0, Errors: 1, Skipped: 0, Time elapsed: 0.186 sec <<< FAILURE! - in org.apache.commons.lang3.StringEscapeUtilsTest
testLang708(org.apache.commons.lang3.StringEscapeUtilsTest)  Time elapsed: 0.005 sec  <<< ERROR!
java.io.FileNotFoundException: src/test/resources/lang-708-input.txt (No such file or directory)
	at java.io.FileInputStream.open0(Native Method)
	at java.io.FileInputStream.open(FileInputStream.java:195)
	at java.io.FileInputStream.<init>(FileInputStream.java:138)
	at java.io.FileInputStream.<init>(FileInputStream.java:93)
	at org.apache.commons.lang3.StringEscapeUtilsTest.testLang708(StringEscapeUtilsTest.java:560)

Running org.apache.commons.lang3.CharSetTest
Tests run: 14, Failures: 0, Errors: 0, Skipped: 0, Time elapsed: 0.098 sec - in org.apache.commons.lang3.CharSetTest
Running org.apache.commons.lang3.ArrayUtilsRemoveTest
Tests run: 19, Failures: 0, Errors: 0, Skipped: 0, Time elapsed: 0.004 sec - in org.apache.commons.lang3.ArrayUtilsRemoveTest
Running org.apache.commons.lang3.ArrayUtilsAddTest
Tests run: 13, Failures: 0, Errors: 0, Skipped: 0, Time elapsed: 0 sec - in org.apache.commons.lang3.ArrayUtilsAddTest
Running org.apache.commons.lang3.JavaVersionTest
Tests run: 3, Failures: 0, Errors: 0, Skipped: 0, Time elapsed: 0 sec - in org.apache.commons.lang3.JavaVersionTest
Running org.apache.commons.lang3.AnnotationUtilsTest
Tests run: 10, Failures: 0, Errors: 0, Skipped: 0, Time elapsed: 0.038 sec - in org.apache.commons.lang3.AnnotationUtilsTest
Running org.apache.commons.lang3.ClassUtilsTest
Tests run: 53, Failures: 0, Errors: 0, Skipped: 0, Time elapsed: 0.044 sec - in org.apache.commons.lang3.ClassUtilsTest
Running org.apache.commons.lang3.CharRangeTest
Tests run: 16, Failures: 0, Errors: 0, Skipped: 0, Time elapsed: 0.036 sec - in org.apache.commons.lang3.CharRangeTest
Running org.apache.commons.lang3.exception.DefaultExceptionContextTest
Tests run: 8, Failures: 0, Errors: 0, Skipped: 0, Time elapsed: 0.049 sec - in org.apache.commons.lang3.exception.DefaultExceptionContextTest
Running org.apache.commons.lang3.exception.ExceptionUtilsTest
Tests run: 28, Failures: 0, Errors: 0, Skipped: 0, Time elapsed: 0.035 sec - in org.apache.commons.lang3.exception.ExceptionUtilsTest
Running org.apache.commons.lang3.exception.ContextedExceptionTest
Tests run: 14, Failures: 0, Errors: 0, Skipped: 0, Time elapsed: 0.031 sec - in org.apache.commons.lang3.exception.ContextedExceptionTest
Running org.apache.commons.lang3.exception.ContextedRuntimeExceptionTest
Tests run: 14, Failures: 0, Errors: 0, Skipped: 0, Time elapsed: 0.017 sec - in org.apache.commons.lang3.exception.ContextedRuntimeExceptionTest
Running org.apache.commons.lang3.RandomStringUtilsTest
Tests run: 11, Failures: 0, Errors: 0, Skipped: 0, Time elapsed: 0.018 sec - in org.apache.commons.lang3.RandomStringUtilsTest
Running org.apache.commons.lang3.ArrayUtilsTest
Tests run: 194, Failures: 0, Errors: 0, Skipped: 0, Time elapsed: 0.034 sec - in org.apache.commons.lang3.ArrayUtilsTest
Running org.apache.commons.lang3.StringUtilsEqualsIndexOfTest
Tests run: 49, Failures: 0, Errors: 0, Skipped: 0, Time elapsed: 0.01 sec - in org.apache.commons.lang3.StringUtilsEqualsIndexOfTest
Running org.apache.commons.lang3.RandomUtilsTest
Tests run: 23, Failures: 0, Errors: 0, Skipped: 0, Time elapsed: 0.005 sec - in org.apache.commons.lang3.RandomUtilsTest
Running org.apache.commons.lang3.StringUtilsStartsEndsWithTest
Tests run: 6, Failures: 0, Errors: 0, Skipped: 0, Time elapsed: 0.002 sec - in org.apache.commons.lang3.StringUtilsStartsEndsWithTest
Running org.apache.commons.lang3.BooleanUtilsTest
Tests run: 71, Failures: 0, Errors: 0, Skipped: 0, Time elapsed: 0.012 sec - in org.apache.commons.lang3.BooleanUtilsTest
Running org.apache.commons.lang3.StringUtilsTest
Tests run: 117, Failures: 0, Errors: 0, Skipped: 0, Time elapsed: 0.098 sec - in org.apache.commons.lang3.StringUtilsTest
Running org.apache.commons.lang3.NotImplementedExceptionTest
Tests run: 1, Failures: 0, Errors: 0, Skipped: 0, Time elapsed: 0 sec - in org.apache.commons.lang3.NotImplementedExceptionTest
Running org.apache.commons.lang3.ValidateTest
Tests run: 62, Failures: 0, Errors: 0, Skipped: 0, Time elapsed: 0.018 sec - in org.apache.commons.lang3.ValidateTest
Running org.apache.commons.lang3.LocaleUtilsTest
Tests run: 15, Failures: 0, Errors: 0, Skipped: 0, Time elapsed: 0.033 sec - in org.apache.commons.lang3.LocaleUtilsTest
Running org.apache.commons.lang3.event.EventUtilsTest
Tests run: 8, Failures: 0, Errors: 0, Skipped: 0, Time elapsed: 0.015 sec - in org.apache.commons.lang3.event.EventUtilsTest
Running org.apache.commons.lang3.event.EventListenerSupportTest
Tests run: 9, Failures: 0, Errors: 0, Skipped: 0, Time elapsed: 0.033 sec - in org.apache.commons.lang3.event.EventListenerSupportTest
Running org.apache.commons.lang3.ArrayUtilsRemoveMultipleTest
Tests run: 55, Failures: 0, Errors: 0, Skipped: 0, Time elapsed: 0.014 sec - in org.apache.commons.lang3.ArrayUtilsRemoveMultipleTest
Running org.apache.commons.lang3.text.translate.UnicodeUnpairedSurrogateRemoverTest
Tests run: 2, Failures: 0, Errors: 0, Skipped: 0, Time elapsed: 0.001 sec - in org.apache.commons.lang3.text.translate.UnicodeUnpairedSurrogateRemoverTest
Running org.apache.commons.lang3.text.translate.NumericEntityEscaperTest
Tests run: 4, Failures: 0, Errors: 0, Skipped: 0, Time elapsed: 0.001 sec - in org.apache.commons.lang3.text.translate.NumericEntityEscaperTest
Running org.apache.commons.lang3.text.translate.NumericEntityUnescaperTest
Tests run: 3, Failures: 0, Errors: 0, Skipped: 0, Time elapsed: 0.002 sec - in org.apache.commons.lang3.text.translate.NumericEntityUnescaperTest
Running org.apache.commons.lang3.text.translate.UnicodeEscaperTest
Tests run: 3, Failures: 0, Errors: 0, Skipped: 0, Time elapsed: 0.001 sec - in org.apache.commons.lang3.text.translate.UnicodeEscaperTest
Running org.apache.commons.lang3.text.translate.UnicodeUnescaperTest
Tests run: 3, Failures: 0, Errors: 0, Skipped: 0, Time elapsed: 0.001 sec - in org.apache.commons.lang3.text.translate.UnicodeUnescaperTest
Running org.apache.commons.lang3.text.translate.OctalUnescaperTest
Tests run: 1, Failures: 0, Errors: 0, Skipped: 0, Time elapsed: 0.004 sec - in org.apache.commons.lang3.text.translate.OctalUnescaperTest
Running org.apache.commons.lang3.text.translate.LookupTranslatorTest
Tests run: 2, Failures: 0, Errors: 0, Skipped: 0, Time elapsed: 0.001 sec - in org.apache.commons.lang3.text.translate.LookupTranslatorTest
Running org.apache.commons.lang3.text.translate.EntityArraysTest
Tests run: 3, Failures: 0, Errors: 0, Skipped: 0, Time elapsed: 0.001 sec - in org.apache.commons.lang3.text.translate.EntityArraysTest
Running org.apache.commons.lang3.text.ExtendedMessageFormatTest
Tests run: 9, Failures: 0, Errors: 0, Skipped: 0, Time elapsed: 1.001 sec - in org.apache.commons.lang3.text.ExtendedMessageFormatTest
Running org.apache.commons.lang3.text.StrLookupTest
Tests run: 4, Failures: 0, Errors: 0, Skipped: 0, Time elapsed: 0.002 sec - in org.apache.commons.lang3.text.StrLookupTest
Running org.apache.commons.lang3.text.FormattableUtilsTest
Tests run: 5, Failures: 0, Errors: 0, Skipped: 0, Time elapsed: 0.002 sec - in org.apache.commons.lang3.text.FormattableUtilsTest
Running org.apache.commons.lang3.text.StrBuilderTest
Tests run: 79, Failures: 0, Errors: 0, Skipped: 0, Time elapsed: 0.034 sec - in org.apache.commons.lang3.text.StrBuilderTest
Running org.apache.commons.lang3.text.StrBuilderAppendInsertTest
Tests run: 51, Failures: 0, Errors: 0, Skipped: 0, Time elapsed: 0.02 sec - in org.apache.commons.lang3.text.StrBuilderAppendInsertTest
Running org.apache.commons.lang3.text.StrTokenizerTest
Tests run: 55, Failures: 0, Errors: 0, Skipped: 0, Time elapsed: 0.024 sec - in org.apache.commons.lang3.text.StrTokenizerTest
Running org.apache.commons.lang3.text.CompositeFormatTest
Tests run: 2, Failures: 0, Errors: 0, Skipped: 0, Time elapsed: 0.005 sec - in org.apache.commons.lang3.text.CompositeFormatTest
Running org.apache.commons.lang3.text.WordUtilsTest
Tests run: 12, Failures: 0, Errors: 0, Skipped: 0, Time elapsed: 0.007 sec - in org.apache.commons.lang3.text.WordUtilsTest
Running org.apache.commons.lang3.text.StrSubstitutorTest
Tests run: 39, Failures: 0, Errors: 0, Skipped: 0, Time elapsed: 0.015 sec - in org.apache.commons.lang3.text.StrSubstitutorTest
Running org.apache.commons.lang3.text.StrMatcherTest
Tests run: 14, Failures: 0, Errors: 0, Skipped: 0, Time elapsed: 0.003 sec - in org.apache.commons.lang3.text.StrMatcherTest
Running org.apache.commons.lang3.math.FractionTest
Tests run: 25, Failures: 0, Errors: 0, Skipped: 0, Time elapsed: 0.113 sec - in org.apache.commons.lang3.math.FractionTest
Running org.apache.commons.lang3.math.NumberUtilsTest
Tests run: 84, Failures: 0, Errors: 0, Skipped: 0, Time elapsed: 0.024 sec - in org.apache.commons.lang3.math.NumberUtilsTest
Running org.apache.commons.lang3.math.IEEE754rUtilsTest
Tests run: 3, Failures: 0, Errors: 0, Skipped: 0, Time elapsed: 0.002 sec - in org.apache.commons.lang3.math.IEEE754rUtilsTest
Running org.apache.commons.lang3.SystemUtilsTest
Can't test IS_JAVA value: 1.8.0_121
Tests run: 11, Failures: 0, Errors: 0, Skipped: 0, Time elapsed: 0.004 sec - in org.apache.commons.lang3.SystemUtilsTest
Running org.apache.commons.lang3.tuple.MutableTripleTest
Tests run: 8, Failures: 0, Errors: 0, Skipped: 0, Time elapsed: 0.004 sec - in org.apache.commons.lang3.tuple.MutableTripleTest
Running org.apache.commons.lang3.tuple.ImmutableTripleTest
Tests run: 6, Failures: 0, Errors: 0, Skipped: 0, Time elapsed: 0.009 sec - in org.apache.commons.lang3.tuple.ImmutableTripleTest
Running org.apache.commons.lang3.tuple.ImmutablePairTest
Tests run: 6, Failures: 0, Errors: 0, Skipped: 0, Time elapsed: 0.002 sec - in org.apache.commons.lang3.tuple.ImmutablePairTest
Running org.apache.commons.lang3.tuple.PairTest
Tests run: 9, Failures: 0, Errors: 0, Skipped: 0, Time elapsed: 0.005 sec - in org.apache.commons.lang3.tuple.PairTest
Running org.apache.commons.lang3.tuple.TripleTest
Tests run: 10, Failures: 0, Errors: 0, Skipped: 0, Time elapsed: 0.004 sec - in org.apache.commons.lang3.tuple.TripleTest
Running org.apache.commons.lang3.tuple.MutablePairTest
Tests run: 8, Failures: 0, Errors: 0, Skipped: 0, Time elapsed: 0.003 sec - in org.apache.commons.lang3.tuple.MutablePairTest
Running org.apache.commons.lang3.time.DateUtilsTest
DateUtilsTest: Default Locale=en_US
Tests run: 38, Failures: 0, Errors: 0, Skipped: 0, Time elapsed: 0.289 sec - in org.apache.commons.lang3.time.DateUtilsTest
Running org.apache.commons.lang3.time.FastDateParserTest
/1/2/10/6/午前/0/0/土/+0100 ja_JP_JP_#u-ca-japanese 1867 G/y/M/d/h/a/m/s/E/Z America/New_York
Tests run: 29, Failures: 0, Errors: 1, Skipped: 0, Time elapsed: 1.761 sec <<< FAILURE! - in org.apache.commons.lang3.time.FastDateParserTest
testParses(org.apache.commons.lang3.time.FastDateParserTest)  Time elapsed: 0.991 sec  <<< ERROR!
java.text.ParseException: (The ja_JP_JP_#u-ca-japanese locale does not support dates before 1868 AD)
Unparseable date: "/1/2/10/6/午前/0/0/土/+0100" does not match (\Q大正\E|\Q平成\E|\Q明治\E|\Q昭和\E|\Q西暦\E|\QH\E|\QM\E|\QS\E|\QT\E)\Q/\E(\p{Nd}++)\Q/\E(\p{Nd}++)\Q/\E(\p{Nd}++)\Q/\E(\p{Nd}++)\Q/\E(\Q午前\E|\Q午後\E|\Qa\E|\Qp\E)\Q/\E(\p{Nd}++)\Q/\E(\p{Nd}++)\Q/\E(\Q土曜日\E|\Q日曜日\E|\Q月曜日\E|\Q木曜日\E|\Q水曜日\E|\Q火曜日\E|\Q金曜日\E|\Q土\E|\Q日\E|\Q月\E|\Q木\E|\Q水\E|\Q火\E|\Q金\E)\Q/\E(GMT[+\-]\d{0,1}\d{2}|[+\-]\d{2}:?\d{2}|\QACDT\E|\QACST\E|\QACT\E|\QACWST\E|\QADT\E|\QAEDT\E|\QAEST\E|\QAFT\E|\QAKDT\E|\QAKST\E|\QALMT\E|\QAMST\E|\QAMT\E|\QANAT\E|\QAQTT\E|\QART\E|\QAST\E|\QAWST\E|\QAZOST\E|\QAZOT\E|\QAZT\E|\QBDT\E|\QBNT\E|\QBOT\E|\QBougainville Standard Time\E|\QBRST\E|\QBRT\E|\QBST\E|\QBTT\E|\QCAT\E|\QCCT\E|\QCDT\E|\QCEST\E|\QCET\E|\QCHADT\E|\QCHAST\E|\QCHOST\E|\QCHOT\E|\QChST\E|\QCHUT\E|\QCKT\E|\QCLST\E|\QCLT\E|\QCOT\E|\QCST\E|\QCVT\E|\QCXT\E|\QDAVT\E|\QDDUT\E|\QEASST\E|\QEAST\E|\QEAT\E|\QECT\E|\QEDT\E|\QEEST\E|\QEET\E|\QEGST\E|\QEGT\E|\QEST\E|\QFJST\E|\QFJT\E|\QFKT\E|\QFNT\E|\QGALT\E|\QGAMT\E|\QGET\E|\QGFT\E|\QGILT\E|\QGMT\E|\QGST\E|\QGYT\E|\QHDT\E|\QHKT\E|\QHOVST\E|\QHOVT\E|\QHST\E|\QICT\E|\QIDT\E|\QIOT\E|\QIRDT\E|\QIRKT\E|\QIRST\E|\QIST\E|\QJST\E|\QKGT\E|\QKOST\E|\QKRAT\E|\QKST\E|\QLHDT\E|\QLHST\E|\QLINT\E|\QMAGT\E|\QMART\E|\QMAWT\E|\QMDT\E|\QMEST\E|\QMET\E|\QMHT\E|\QMIST\E|\QMMT\E|\QMSK\E|\QMST\E|\QMUT\E|\QMVT\E|\QMYT\E|\QNCT\E|\QNDT\E|\QNFT\E|\QNOVT\E|\QNPT\E|\QNRT\E|\QNST\E|\QNUT\E|\QNZDT\E|\QNZST\E|\QOMST\E|\QORAT\E|\QPDT\E|\QPET\E|\QPETT\E|\QPGT\E|\QPHOT\E|\QPHT\E|\QPKT\E|\QPMDT\E|\QPMST\E|\QPONT\E|\QPST\E|\QPWT\E|\QPYST\E|\QPYT\E|\QQYZT\E|\QRET\E|\QROTT\E|\QSAKT\E|\QSAMT\E|\QSAST\E|\QSBT\E|\QSCT\E|\QSGT\E|\QSrednekolymsk Time\E|\QSRET\E|\QSRT\E|\QSST\E|\QSYOT\E|\QTAHT\E|\QTFT\E|\QTJT\E|\QTKT\E|\QTLT\E|\QTMT\E|\QTOST\E|\QTOT\E|\QTVT\E|\QULAST\E|\QULAT\E|\QUTC\E|\QUYT\E|\QUZT\E|\QVET\E|\QVLAT\E|\QVOST\E|\QVUT\E|\QWAKT\E|\QWAST\E|\QWAT\E|\QWEST\E|\QWET\E|\QWFT\E|\QWGST\E|\QWGT\E|\QWIB\E|\QWIT\E|\QWITA\E|\QWSDT\E|\QWSST\E|\QXJT\E|\QYAKT\E|\QYEKT\E|\Qアイルランド夏時間\E|\Qアクタウ時間\E|\Qアクトベ時間\E|\Qアクレ時間\E|\Qアゼルバイジャン時間\E|\Qアゾレス夏時間\E|\Qアゾレス時間\E|\Qアナドゥイリ時間\E|\Qアフガニスタン時間\E|\Qアマゾン夏時間\E|\Qアマゾン時間\E|\Qアラスカ夏時間\E|\Qアラスカ標準時\E|\Qアラビア標準時\E|\Qアルゼンチン時間\E|\Qアルマアタ時間\E|\Qアルメニア時間\E|\Qイスラエル夏時間\E|\Qイスラエル標準時\E|\Qイラン夏時間\E|\Qイラン標準時\E|\Qイルクーツク時間\E|\Qインドシナ時間\E|\Qインド標準時\E|\Qインド洋地域時間\E|\Qイースター島夏時間\E|\Qイースター島時間\E|\Qウェーク時間\E|\Qウスチネラ時間\E|\Qウズベキスタン時間\E|\Qウラジオストク時間\E|\Qウラーンバートル夏時間\E|\Qウラーンバートル時間\E|\Qウルグアイ時間\E|\Qエカテリンブルグ時間\E|\Qエクアドル時間\E|\Qオムスク時間\E|\Qオラル時間\E|\Qカーボベルデ時間\E|\Qガイアナ時間\E|\Qガラパゴス時間\E|\Qガンビア時間\E|\Qガーナ標準時\E|\Qキジルオルダ時間\E|\Qキューバ夏時間\E|\Qキューバ標準時\E|\Qキルギスタン時間\E|\Qギルバート諸島時間\E|\Qクック諸島時間\E|\Qクラスノヤルスク時間\E|\Qクリスマス諸島時間\E|\Qグアム標準時\E|\Qグリニッジ標準時\E|\Qグルジア時間\E|\Qココス諸島時間\E|\Qコスラエ時間\E|\Qコロンビア時間\E|\Qサマラ時間\E|\Qサモア標準時\E|\Qサンピエール・ミクロン諸島夏時間\E|\Qサンピエール・ミクロン諸島標準時\E|\Qシンガポール時間\E|\Qスリナム時間\E|\Qセイシェル時間\E|\Qソロモン諸島時間\E|\Qタジキスタン時間\E|\Qタヒチ時間\E|\Qチャタム夏時間\E|\Qチャタム標準時\E|\Qチューク時間\E|\Qチョイバルサン夏時間\E|\Qチョイバルサン時間\E|\Qチリ夏時間\E|\Qチリ時間\E|\Qツバル時間\E|\Qデイビス時間\E|\Qデュモンデュルヴィル時間\E|\Qトケラウ諸島時間\E|\Qトルクメニスタン時間\E|\Qトンガ夏時間\E|\Qトンガ時間\E|\Qナウル時間\E|\Qニウエ島時間\E|\Qニューカレドニア時間\E|\Qニュージーランド夏時間\E|\Qニュージーランド標準時\E|\Qニューファンドランド夏時間\E|\Qニューファンドランド標準時\E|\Qネパール時間\E|\Qノボシビルスク時間\E|\Qノーフォーク時間\E|\Qハワイ夏時間\E|\Qハワイ標準時\E|\Qバヌアツ時間\E|\Qバングラデシュ時間\E|\Qパキスタン時間\E|\Qパプアニューギニア時間\E|\Qパラオ時間\E|\Qパラグアイ夏時間\E|\Qパラグアイ時間\E|\Qピトケルン島標準時\E|\Qフィジー夏時間\E|\Qフィジー時間\E|\Qフィリピン時間\E|\Qフェニックス諸島時間\E|\Qフェルナンド・デ・ノローニャ時間\E|\Qフォークランド諸島時間\E|\Qブラジル夏時間\E|\Qブラジル時間\E|\Qブルネイ時間\E|\Qブータン時間\E|\Qベネズエラ時間\E|\Qペトロパブロフスクカムチャツキー時間\E|\Qペルー時間\E|\Qホブド夏時間\E|\Qホブド時間\E|\Qボストーク基地時間\E|\Qボリビア時間\E|\Qポンペイ時間\E|\Qマガダン時間\E|\Qマッコーリー島時間\E|\Qマルケサス時間\E|\Qマレーシア時間\E|\Qマーシャル島時間\E|\Qミャンマー時間\E|\Qモスクワ標準時\E|\Qモルジブ時間\E|\Qモーソン時間\E|\Qモーリシャス時間\E|\Qヤクーツク時間\E|\Qライン諸島時間\E|\Qレユニオン時間\E|\Qロゼラ時間\E|\Qロードハウ島夏時間\E|\Qロードハウ島標準時\E|\Qワリス及びフツナ時間\E|\Q中国標準時\E|\Q中央インドネシア時間\E|\Q中西部標準時(オーストラリア)\E|\Q中部アフリカ時間\E|\Q中部ヨーロッパ夏時間\E|\Q中部ヨーロッパ時間\E|\Q中部夏時間\E|\Q中部夏時間(南オーストラリア)\E|\Q中部夏時間(南オーストラリア/ニューサウスウェールズ)\E|\Q中部標準時\E|\Q中部標準時(ノーザンテリトリー)\E|\Q中部標準時(南オーストラリア)\E|\Q中部標準時(南オーストラリア/ニューサウスウェールズ)\E|\Q仏南方領および南極時間\E|\Q仏領ギアナ時間\E|\Q協定世界時\E|\Q南アフリカ標準時\E|\Q南ジョージア島標準時\E|\Q大西洋夏時間\E|\Q大西洋標準時\E|\Q太平洋夏時間\E|\Q太平洋標準時\E|\Q山地夏時間\E|\Q山地標準時\E|\Q日本標準時\E|\Q昭和基地時間\E|\Q東アフリカ時間\E|\Q東インドネシア時間\E|\Q東グリーンランド夏時間\E|\Q東グリーンランド時間\E|\Q東ティモール時間\E|\Q東ヨーロッパ夏時間\E|\Q東ヨーロッパ時間\E|\Q東部夏時間\E|\Q東部夏時間(タスマニア)\E|\Q東部夏時間(ニューサウスウェールズ)\E|\Q東部夏時間(ビクトリア)\E|\Q東部標準時\E|\Q東部標準時(クイーンズランド)\E|\Q東部標準時(タスマニア)\E|\Q東部標準時(ニューサウスウェールズ)\E|\Q東部標準時(ビクトリア)\E|\Q樺太時間\E|\Q湾岸標準時\E|\Q英国夏時間\E|\Q西アフリカ夏時間\E|\Q西アフリカ時間\E|\Q西インドネシア時間\E|\Q西グリーンランド夏時間\E|\Q西グリーンランド時間\E|\Q西サモア夏時間\E|\Q西サモア時間\E|\Q西ヨーロッパ夏時間\E|\Q西ヨーロッパ時間\E|\Q西部標準時(オーストラリア)\E|\Q韓国標準時\E|\Q香港時間\E)
	at org.apache.commons.lang3.time.FastDateParser.parse(FastDateParser.java:287)
	at org.apache.commons.lang3.time.FastDateParserTest.validateSdfFormatFdpParseEquality(FastDateParserTest.java:219)
	at org.apache.commons.lang3.time.FastDateParserTest.testParses(FastDateParserTest.java:242)

Running org.apache.commons.lang3.time.DurationFormatUtilsTest
Tests run: 15, Failures: 0, Errors: 0, Skipped: 0, Time elapsed: 0.664 sec - in org.apache.commons.lang3.time.DurationFormatUtilsTest
Running org.apache.commons.lang3.time.FastDateFormat_ParserTest
/1/2/10/5/午前/0/0/土/+0000 ja_JP_JP_#u-ca-japanese 1867 G/y/M/d/h/a/m/s/E/Z America/New_York
Tests run: 29, Failures: 0, Errors: 1, Skipped: 0, Time elapsed: 1.633 sec <<< FAILURE! - in org.apache.commons.lang3.time.FastDateFormat_ParserTest
testParses(org.apache.commons.lang3.time.FastDateFormat_ParserTest)  Time elapsed: 1.333 sec  <<< ERROR!
java.text.ParseException: (The ja_JP_JP_#u-ca-japanese locale does not support dates before 1868 AD)
Unparseable date: "/1/2/10/5/午前/0/0/土/+0000" does not match (\Q大正\E|\Q平成\E|\Q明治\E|\Q昭和\E|\Q西暦\E|\QH\E|\QM\E|\QS\E|\QT\E)\Q/\E(\p{Nd}++)\Q/\E(\p{Nd}++)\Q/\E(\p{Nd}++)\Q/\E(\p{Nd}++)\Q/\E(\Q午前\E|\Q午後\E|\Qa\E|\Qp\E)\Q/\E(\p{Nd}++)\Q/\E(\p{Nd}++)\Q/\E(\Q土曜日\E|\Q日曜日\E|\Q月曜日\E|\Q木曜日\E|\Q水曜日\E|\Q火曜日\E|\Q金曜日\E|\Q土\E|\Q日\E|\Q月\E|\Q木\E|\Q水\E|\Q火\E|\Q金\E)\Q/\E(GMT[+\-]\d{0,1}\d{2}|[+\-]\d{2}:?\d{2}|\QACDT\E|\QACST\E|\QACT\E|\QACWST\E|\QADT\E|\QAEDT\E|\QAEST\E|\QAFT\E|\QAKDT\E|\QAKST\E|\QALMT\E|\QAMST\E|\QAMT\E|\QANAT\E|\QAQTT\E|\QART\E|\QAST\E|\QAWST\E|\QAZOST\E|\QAZOT\E|\QAZT\E|\QBDT\E|\QBNT\E|\QBOT\E|\QBougainville Standard Time\E|\QBRST\E|\QBRT\E|\QBST\E|\QBTT\E|\QCAT\E|\QCCT\E|\QCDT\E|\QCEST\E|\QCET\E|\QCHADT\E|\QCHAST\E|\QCHOST\E|\QCHOT\E|\QChST\E|\QCHUT\E|\QCKT\E|\QCLST\E|\QCLT\E|\QCOT\E|\QCST\E|\QCVT\E|\QCXT\E|\QDAVT\E|\QDDUT\E|\QEASST\E|\QEAST\E|\QEAT\E|\QECT\E|\QEDT\E|\QEEST\E|\QEET\E|\QEGST\E|\QEGT\E|\QEST\E|\QFJST\E|\QFJT\E|\QFKT\E|\QFNT\E|\QGALT\E|\QGAMT\E|\QGET\E|\QGFT\E|\QGILT\E|\QGMT\E|\QGST\E|\QGYT\E|\QHDT\E|\QHKT\E|\QHOVST\E|\QHOVT\E|\QHST\E|\QICT\E|\QIDT\E|\QIOT\E|\QIRDT\E|\QIRKT\E|\QIRST\E|\QIST\E|\QJST\E|\QKGT\E|\QKOST\E|\QKRAT\E|\QKST\E|\QLHDT\E|\QLHST\E|\QLINT\E|\QMAGT\E|\QMART\E|\QMAWT\E|\QMDT\E|\QMEST\E|\QMET\E|\QMHT\E|\QMIST\E|\QMMT\E|\QMSK\E|\QMST\E|\QMUT\E|\QMVT\E|\QMYT\E|\QNCT\E|\QNDT\E|\QNFT\E|\QNOVT\E|\QNPT\E|\QNRT\E|\QNST\E|\QNUT\E|\QNZDT\E|\QNZST\E|\QOMST\E|\QORAT\E|\QPDT\E|\QPET\E|\QPETT\E|\QPGT\E|\QPHOT\E|\QPHT\E|\QPKT\E|\QPMDT\E|\QPMST\E|\QPONT\E|\QPST\E|\QPWT\E|\QPYST\E|\QPYT\E|\QQYZT\E|\QRET\E|\QROTT\E|\QSAKT\E|\QSAMT\E|\QSAST\E|\QSBT\E|\QSCT\E|\QSGT\E|\QSrednekolymsk Time\E|\QSRET\E|\QSRT\E|\QSST\E|\QSYOT\E|\QTAHT\E|\QTFT\E|\QTJT\E|\QTKT\E|\QTLT\E|\QTMT\E|\QTOST\E|\QTOT\E|\QTVT\E|\QULAST\E|\QULAT\E|\QUTC\E|\QUYT\E|\QUZT\E|\QVET\E|\QVLAT\E|\QVOST\E|\QVUT\E|\QWAKT\E|\QWAST\E|\QWAT\E|\QWEST\E|\QWET\E|\QWFT\E|\QWGST\E|\QWGT\E|\QWIB\E|\QWIT\E|\QWITA\E|\QWSDT\E|\QWSST\E|\QXJT\E|\QYAKT\E|\QYEKT\E|\Qアイルランド夏時間\E|\Qアクタウ時間\E|\Qアクトベ時間\E|\Qアクレ時間\E|\Qアゼルバイジャン時間\E|\Qアゾレス夏時間\E|\Qアゾレス時間\E|\Qアナドゥイリ時間\E|\Qアフガニスタン時間\E|\Qアマゾン夏時間\E|\Qアマゾン時間\E|\Qアラスカ夏時間\E|\Qアラスカ標準時\E|\Qアラビア標準時\E|\Qアルゼンチン時間\E|\Qアルマアタ時間\E|\Qアルメニア時間\E|\Qイスラエル夏時間\E|\Qイスラエル標準時\E|\Qイラン夏時間\E|\Qイラン標準時\E|\Qイルクーツク時間\E|\Qインドシナ時間\E|\Qインド標準時\E|\Qインド洋地域時間\E|\Qイースター島夏時間\E|\Qイースター島時間\E|\Qウェーク時間\E|\Qウスチネラ時間\E|\Qウズベキスタン時間\E|\Qウラジオストク時間\E|\Qウラーンバートル夏時間\E|\Qウラーンバートル時間\E|\Qウルグアイ時間\E|\Qエカテリンブルグ時間\E|\Qエクアドル時間\E|\Qオムスク時間\E|\Qオラル時間\E|\Qカーボベルデ時間\E|\Qガイアナ時間\E|\Qガラパゴス時間\E|\Qガンビア時間\E|\Qガーナ標準時\E|\Qキジルオルダ時間\E|\Qキューバ夏時間\E|\Qキューバ標準時\E|\Qキルギスタン時間\E|\Qギルバート諸島時間\E|\Qクック諸島時間\E|\Qクラスノヤルスク時間\E|\Qクリスマス諸島時間\E|\Qグアム標準時\E|\Qグリニッジ標準時\E|\Qグルジア時間\E|\Qココス諸島時間\E|\Qコスラエ時間\E|\Qコロンビア時間\E|\Qサマラ時間\E|\Qサモア標準時\E|\Qサンピエール・ミクロン諸島夏時間\E|\Qサンピエール・ミクロン諸島標準時\E|\Qシンガポール時間\E|\Qスリナム時間\E|\Qセイシェル時間\E|\Qソロモン諸島時間\E|\Qタジキスタン時間\E|\Qタヒチ時間\E|\Qチャタム夏時間\E|\Qチャタム標準時\E|\Qチューク時間\E|\Qチョイバルサン夏時間\E|\Qチョイバルサン時間\E|\Qチリ夏時間\E|\Qチリ時間\E|\Qツバル時間\E|\Qデイビス時間\E|\Qデュモンデュルヴィル時間\E|\Qトケラウ諸島時間\E|\Qトルクメニスタン時間\E|\Qトンガ夏時間\E|\Qトンガ時間\E|\Qナウル時間\E|\Qニウエ島時間\E|\Qニューカレドニア時間\E|\Qニュージーランド夏時間\E|\Qニュージーランド標準時\E|\Qニューファンドランド夏時間\E|\Qニューファンドランド標準時\E|\Qネパール時間\E|\Qノボシビルスク時間\E|\Qノーフォーク時間\E|\Qハワイ夏時間\E|\Qハワイ標準時\E|\Qバヌアツ時間\E|\Qバングラデシュ時間\E|\Qパキスタン時間\E|\Qパプアニューギニア時間\E|\Qパラオ時間\E|\Qパラグアイ夏時間\E|\Qパラグアイ時間\E|\Qピトケルン島標準時\E|\Qフィジー夏時間\E|\Qフィジー時間\E|\Qフィリピン時間\E|\Qフェニックス諸島時間\E|\Qフェルナンド・デ・ノローニャ時間\E|\Qフォークランド諸島時間\E|\Qブラジル夏時間\E|\Qブラジル時間\E|\Qブルネイ時間\E|\Qブータン時間\E|\Qベネズエラ時間\E|\Qペトロパブロフスクカムチャツキー時間\E|\Qペルー時間\E|\Qホブド夏時間\E|\Qホブド時間\E|\Qボストーク基地時間\E|\Qボリビア時間\E|\Qポンペイ時間\E|\Qマガダン時間\E|\Qマッコーリー島時間\E|\Qマルケサス時間\E|\Qマレーシア時間\E|\Qマーシャル島時間\E|\Qミャンマー時間\E|\Qモスクワ標準時\E|\Qモルジブ時間\E|\Qモーソン時間\E|\Qモーリシャス時間\E|\Qヤクーツク時間\E|\Qライン諸島時間\E|\Qレユニオン時間\E|\Qロゼラ時間\E|\Qロードハウ島夏時間\E|\Qロードハウ島標準時\E|\Qワリス及びフツナ時間\E|\Q中国標準時\E|\Q中央インドネシア時間\E|\Q中西部標準時(オーストラリア)\E|\Q中部アフリカ時間\E|\Q中部ヨーロッパ夏時間\E|\Q中部ヨーロッパ時間\E|\Q中部夏時間\E|\Q中部夏時間(南オーストラリア)\E|\Q中部夏時間(南オーストラリア/ニューサウスウェールズ)\E|\Q中部標準時\E|\Q中部標準時(ノーザンテリトリー)\E|\Q中部標準時(南オーストラリア)\E|\Q中部標準時(南オーストラリア/ニューサウスウェールズ)\E|\Q仏南方領および南極時間\E|\Q仏領ギアナ時間\E|\Q協定世界時\E|\Q南アフリカ標準時\E|\Q南ジョージア島標準時\E|\Q大西洋夏時間\E|\Q大西洋標準時\E|\Q太平洋夏時間\E|\Q太平洋標準時\E|\Q山地夏時間\E|\Q山地標準時\E|\Q日本標準時\E|\Q昭和基地時間\E|\Q東アフリカ時間\E|\Q東インドネシア時間\E|\Q東グリーンランド夏時間\E|\Q東グリーンランド時間\E|\Q東ティモール時間\E|\Q東ヨーロッパ夏時間\E|\Q東ヨーロッパ時間\E|\Q東部夏時間\E|\Q東部夏時間(タスマニア)\E|\Q東部夏時間(ニューサウスウェールズ)\E|\Q東部夏時間(ビクトリア)\E|\Q東部標準時\E|\Q東部標準時(クイーンズランド)\E|\Q東部標準時(タスマニア)\E|\Q東部標準時(ニューサウスウェールズ)\E|\Q東部標準時(ビクトリア)\E|\Q樺太時間\E|\Q湾岸標準時\E|\Q英国夏時間\E|\Q西アフリカ夏時間\E|\Q西アフリカ時間\E|\Q西インドネシア時間\E|\Q西グリーンランド夏時間\E|\Q西グリーンランド時間\E|\Q西サモア夏時間\E|\Q西サモア時間\E|\Q西ヨーロッパ夏時間\E|\Q西ヨーロッパ時間\E|\Q西部標準時(オーストラリア)\E|\Q韓国標準時\E|\Q香港時間\E)
	at org.apache.commons.lang3.time.FastDateParser.parse(FastDateParser.java:287)
	at org.apache.commons.lang3.time.FastDateParserTest.validateSdfFormatFdpParseEquality(FastDateParserTest.java:219)
	at org.apache.commons.lang3.time.FastDateParserTest.testParses(FastDateParserTest.java:242)
	at sun.reflect.NativeMethodAccessorImpl.invoke0(Native Method)
	at sun.reflect.NativeMethodAccessorImpl.invoke(NativeMethodAccessorImpl.java:62)
	at sun.reflect.DelegatingMethodAccessorImpl.invoke(DelegatingMethodAccessorImpl.java:43)
	at java.lang.reflect.Method.invoke(Method.java:498)
	at org.junit.runners.model.FrameworkMethod$1.runReflectiveCall(FrameworkMethod.java:47)
	at org.junit.internal.runners.model.ReflectiveCallable.run(ReflectiveCallable.java:12)
	at org.junit.runners.model.FrameworkMethod.invokeExplosively(FrameworkMethod.java:44)
	at org.junit.internal.runners.statements.InvokeMethod.evaluate(InvokeMethod.java:17)
	at org.junit.runners.ParentRunner.runLeaf(ParentRunner.java:271)
	at org.junit.runners.BlockJUnit4ClassRunner.runChild(BlockJUnit4ClassRunner.java:70)
	at org.junit.runners.BlockJUnit4ClassRunner.runChild(BlockJUnit4ClassRunner.java:50)
	at org.junit.runners.ParentRunner$3.run(ParentRunner.java:238)
	at org.junit.runners.ParentRunner$1.schedule(ParentRunner.java:63)
	at org.junit.runners.ParentRunner.runChildren(ParentRunner.java:236)
	at org.junit.runners.ParentRunner.access$000(ParentRunner.java:53)
	at org.junit.runners.ParentRunner$2.evaluate(ParentRunner.java:229)
	at org.junit.runners.ParentRunner.run(ParentRunner.java:309)
	at org.apache.maven.surefire.junit4.JUnit4Provider.execute(JUnit4Provider.java:264)
	at org.apache.maven.surefire.junit4.JUnit4Provider.executeTestSet(JUnit4Provider.java:153)
	at org.apache.maven.surefire.junit4.JUnit4Provider.invoke(JUnit4Provider.java:124)
	at org.apache.maven.surefire.booter.ForkedBooter.invokeProviderInSameClassLoader(ForkedBooter.java:200)
	at org.apache.maven.surefire.booter.ForkedBooter.runSuitesInProcess(ForkedBooter.java:153)
	at org.apache.maven.surefire.booter.ForkedBooter.main(ForkedBooter.java:103)

Running org.apache.commons.lang3.time.FastDateFormatTest
>>FastDateFormatTest: FastDateParser:2569  SimpleDateFormat:6342
Tests run: 14, Failures: 0, Errors: 0, Skipped: 0, Time elapsed: 1.25 sec - in org.apache.commons.lang3.time.FastDateFormatTest
Running org.apache.commons.lang3.time.DateFormatUtilsTest
Tests run: 9, Failures: 0, Errors: 0, Skipped: 0, Time elapsed: 0.014 sec - in org.apache.commons.lang3.time.DateFormatUtilsTest
Running org.apache.commons.lang3.time.StopWatchTest
Tests run: 8, Failures: 0, Errors: 0, Skipped: 0, Time elapsed: 4.762 sec - in org.apache.commons.lang3.time.StopWatchTest
Running org.apache.commons.lang3.time.DateUtilsFragmentTest
Tests run: 53, Failures: 0, Errors: 0, Skipped: 0, Time elapsed: 0.046 sec - in org.apache.commons.lang3.time.DateUtilsFragmentTest
Running org.apache.commons.lang3.time.DateUtilsRoundingTest
Tests run: 22, Failures: 0, Errors: 0, Skipped: 0, Time elapsed: 0.025 sec - in org.apache.commons.lang3.time.DateUtilsRoundingTest
Running org.apache.commons.lang3.time.FastDatePrinterTest
Tests run: 14, Failures: 0, Errors: 0, Skipped: 0, Time elapsed: 0.021 sec - in org.apache.commons.lang3.time.FastDatePrinterTest
Running org.apache.commons.lang3.time.FastDateFormat_PrinterTest
Tests run: 14, Failures: 0, Errors: 0, Skipped: 0, Time elapsed: 0.005 sec - in org.apache.commons.lang3.time.FastDateFormat_PrinterTest
Running org.apache.commons.lang3.EnumUtilsTest
Tests run: 34, Failures: 0, Errors: 0, Skipped: 0, Time elapsed: 0.013 sec - in org.apache.commons.lang3.EnumUtilsTest
Running org.apache.commons.lang3.RangeTest
Tests run: 24, Failures: 0, Errors: 0, Skipped: 0, Time elapsed: 0.009 sec - in org.apache.commons.lang3.RangeTest
Running org.apache.commons.lang3.BitFieldTest
Tests run: 15, Failures: 0, Errors: 0, Skipped: 0, Time elapsed: 0.005 sec - in org.apache.commons.lang3.BitFieldTest
Running org.apache.commons.lang3.concurrent.ConcurrentUtilsTest
Tests run: 40, Failures: 0, Errors: 0, Skipped: 0, Time elapsed: 0.012 sec - in org.apache.commons.lang3.concurrent.ConcurrentUtilsTest
Running org.apache.commons.lang3.concurrent.MultiBackgroundInitializerTest
Tests run: 17, Failures: 0, Errors: 0, Skipped: 0, Time elapsed: 0.138 sec - in org.apache.commons.lang3.concurrent.MultiBackgroundInitializerTest
Running org.apache.commons.lang3.concurrent.ConstantInitializerTest
Tests run: 7, Failures: 0, Errors: 0, Skipped: 0, Time elapsed: 0.002 sec - in org.apache.commons.lang3.concurrent.ConstantInitializerTest
Running org.apache.commons.lang3.concurrent.AtomicSafeInitializerTest
Tests run: 4, Failures: 0, Errors: 0, Skipped: 0, Time elapsed: 0.026 sec - in org.apache.commons.lang3.concurrent.AtomicSafeInitializerTest
Running org.apache.commons.lang3.concurrent.AtomicInitializerTest
Tests run: 3, Failures: 0, Errors: 0, Skipped: 0, Time elapsed: 0.005 sec - in org.apache.commons.lang3.concurrent.AtomicInitializerTest
Running org.apache.commons.lang3.concurrent.LazyInitializerTest
Tests run: 3, Failures: 0, Errors: 0, Skipped: 0, Time elapsed: 0.011 sec - in org.apache.commons.lang3.concurrent.LazyInitializerTest
Running org.apache.commons.lang3.concurrent.CallableBackgroundInitializerTest
Tests run: 4, Failures: 0, Errors: 0, Skipped: 0, Time elapsed: 0.001 sec - in org.apache.commons.lang3.concurrent.CallableBackgroundInitializerTest
Running org.apache.commons.lang3.concurrent.BackgroundInitializerTest
Tests run: 15, Failures: 0, Errors: 0, Skipped: 0, Time elapsed: 0.007 sec - in org.apache.commons.lang3.concurrent.BackgroundInitializerTest
Running org.apache.commons.lang3.concurrent.BasicThreadFactoryTest
Tests run: 15, Failures: 0, Errors: 0, Skipped: 0, Time elapsed: 0.012 sec - in org.apache.commons.lang3.concurrent.BasicThreadFactoryTest
Running org.apache.commons.lang3.concurrent.TimedSemaphoreTest
Tests run: 15, Failures: 0, Errors: 0, Skipped: 0, Time elapsed: 1.186 sec - in org.apache.commons.lang3.concurrent.TimedSemaphoreTest
Running org.apache.commons.lang3.ConversionTest
Tests run: 42, Failures: 0, Errors: 0, Skipped: 0, Time elapsed: 0.016 sec - in org.apache.commons.lang3.ConversionTest
Running org.apache.commons.lang3.mutable.MutableIntTest
Tests run: 17, Failures: 0, Errors: 0, Skipped: 0, Time elapsed: 0.006 sec - in org.apache.commons.lang3.mutable.MutableIntTest
Running org.apache.commons.lang3.mutable.MutableBooleanTest
Tests run: 9, Failures: 0, Errors: 0, Skipped: 0, Time elapsed: 0.004 sec - in org.apache.commons.lang3.mutable.MutableBooleanTest
Running org.apache.commons.lang3.mutable.MutableFloatTest
Tests run: 18, Failures: 0, Errors: 0, Skipped: 0, Time elapsed: 0.006 sec - in org.apache.commons.lang3.mutable.MutableFloatTest
Running org.apache.commons.lang3.mutable.MutableByteTest
Tests run: 17, Failures: 0, Errors: 0, Skipped: 0, Time elapsed: 0.008 sec - in org.apache.commons.lang3.mutable.MutableByteTest
Running org.apache.commons.lang3.mutable.MutableObjectTest
Tests run: 5, Failures: 0, Errors: 0, Skipped: 0, Time elapsed: 0.001 sec - in org.apache.commons.lang3.mutable.MutableObjectTest
Running org.apache.commons.lang3.mutable.MutableDoubleTest
Tests run: 18, Failures: 0, Errors: 0, Skipped: 0, Time elapsed: 0.006 sec - in org.apache.commons.lang3.mutable.MutableDoubleTest
Running org.apache.commons.lang3.mutable.MutableShortTest
Tests run: 14, Failures: 0, Errors: 0, Skipped: 0, Time elapsed: 0.004 sec - in org.apache.commons.lang3.mutable.MutableShortTest
Running org.apache.commons.lang3.mutable.MutableLongTest
Tests run: 17, Failures: 0, Errors: 0, Skipped: 0, Time elapsed: 0.005 sec - in org.apache.commons.lang3.mutable.MutableLongTest
Running org.apache.commons.lang3.ObjectUtilsTest
Tests run: 36, Failures: 0, Errors: 0, Skipped: 0, Time elapsed: 0.01 sec - in org.apache.commons.lang3.ObjectUtilsTest
Running org.apache.commons.lang3.CharEncodingTest
Tests run: 6, Failures: 0, Errors: 0, Skipped: 0, Time elapsed: 0.009 sec - in org.apache.commons.lang3.CharEncodingTest
Running org.apache.commons.lang3.StringUtilsTrimEmptyTest
Tests run: 15, Failures: 0, Errors: 0, Skipped: 0, Time elapsed: 0.013 sec - in org.apache.commons.lang3.StringUtilsTrimEmptyTest
Running org.apache.commons.lang3.CharSequenceUtilsTest
Tests run: 2, Failures: 0, Errors: 0, Skipped: 0, Time elapsed: 0.001 sec - in org.apache.commons.lang3.CharSequenceUtilsTest
Running org.apache.commons.lang3.reflect.FieldUtilsTest
Tests run: 56, Failures: 0, Errors: 0, Skipped: 0, Time elapsed: 0.025 sec - in org.apache.commons.lang3.reflect.FieldUtilsTest
Running org.apache.commons.lang3.reflect.MethodUtilsTest
Tests run: 15, Failures: 0, Errors: 0, Skipped: 0, Time elapsed: 0.013 sec - in org.apache.commons.lang3.reflect.MethodUtilsTest
Running org.apache.commons.lang3.reflect.InheritanceUtilsTest
Tests run: 9, Failures: 0, Errors: 0, Skipped: 0, Time elapsed: 0.003 sec - in org.apache.commons.lang3.reflect.InheritanceUtilsTest
Running org.apache.commons.lang3.reflect.TypeUtilsTest
Tests run: 17, Failures: 0, Errors: 0, Skipped: 0, Time elapsed: 0.03 sec - in org.apache.commons.lang3.reflect.TypeUtilsTest
Running org.apache.commons.lang3.reflect.ConstructorUtilsTest
Tests run: 7, Failures: 0, Errors: 0, Skipped: 0, Time elapsed: 0.005 sec - in org.apache.commons.lang3.reflect.ConstructorUtilsTest
Running org.apache.commons.lang3.reflect.TypeLiteralTest
Tests run: 4, Failures: 0, Errors: 0, Skipped: 0, Time elapsed: 0.005 sec - in org.apache.commons.lang3.reflect.TypeLiteralTest
Running org.apache.commons.lang3.StringUtilsIsTest
Tests run: 8, Failures: 0, Errors: 0, Skipped: 0, Time elapsed: 0.001 sec - in org.apache.commons.lang3.StringUtilsIsTest
Running org.apache.commons.lang3.StringUtilsSubstringTest
Tests run: 13, Failures: 0, Errors: 0, Skipped: 0, Time elapsed: 0.003 sec - in org.apache.commons.lang3.StringUtilsSubstringTest
Running org.apache.commons.lang3.CharSetUtilsTest
Tests run: 11, Failures: 0, Errors: 0, Skipped: 0, Time elapsed: 0.007 sec - in org.apache.commons.lang3.CharSetUtilsTest
Running org.apache.commons.lang3.ClassPathUtilsTest
Tests run: 13, Failures: 0, Errors: 0, Skipped: 0, Time elapsed: 0 sec - in org.apache.commons.lang3.ClassPathUtilsTest
Running org.apache.commons.lang3.HashSetvBitSetTest
Ratio=30% array=100 count=1 extract=9573156 bitset=2920798
Ratio=26% array=100 count=10 extract=9050781 bitset=2417357
Ratio=4% array=100 count=50 extract=21878085 bitset=877171
Ratio=20% array=100 count=100 extract=17833207 bitset=3568681
Ratio=51% array=1000 count=10 extract=10252125 bitset=5235237
Ratio=31% array=1000 count=100 extract=14897221 bitset=4704001
Ratio=5% array=1000 count=500 extract=52240927 bitset=3077442
Ratio=0% array=1000 count=1000 extract=74421884 bitset=656408
Ratio=674% count=0 hash=220528 bits=1486557
Ratio=61% count=5 hash=868948 bits=533698
Ratio=55% count=10 hash=1465751 bits=808986
Ratio=31% count=200 hash=20489277 bits=6506385
Ratio=56% count=50 hash=2784124 bits=1566142
Ratio=55% count=100 hash=5418788 bits=3018721
Ratio=30% count=1000 hash=50915990 bits=15375534
Ratio=31% count=2000 hash=103697940 bits=32509103
Tests run: 2, Failures: 0, Errors: 0, Skipped: 0, Time elapsed: 0.533 sec - in org.apache.commons.lang3.HashSetvBitSetTest
Running org.apache.commons.lang3.SerializationUtilsTest
Tests run: 26, Failures: 0, Errors: 0, Skipped: 0, Time elapsed: 0.018 sec - in org.apache.commons.lang3.SerializationUtilsTest

Results :

Tests in error: 
  StringEscapeUtilsTest.testLang708:560 » FileNotFound src/test/resources/lang-7...
  FastDateParserTest.testParses:242->validateSdfFormatFdpParseEquality:219 » Parse
  FastDateFormat_ParserTest>FastDateParserTest.testParses:242->FastDateParserTest.validateSdfFormatFdpParseEquality:219 » Parse

Tests run: 2505, Failures: 0, Errors: 3, Skipped: 5

[INFO] ------------------------------------------------------------------------
[INFO] BUILD FAILURE
[INFO] ------------------------------------------------------------------------
[INFO] Total time: 29.272 s
[INFO] Finished at: 2017-09-21T12:46:10+02:00
[INFO] Final Memory: 26M/442M
[INFO] ------------------------------------------------------------------------
[ERROR] Failed to execute goal org.apache.maven.plugins:maven-surefire-plugin:2.16:test (default-test) on project commons-lang3: There are test failures.
[ERROR] 
[ERROR] Please refer to /home/artefact/tests/Maven Test Sources/commons-lang3-3.3-test-sources/target/surefire-reports for the individual test results.
[ERROR] -> [Help 1]
[ERROR] 
[ERROR] To see the full stack trace of the errors, re-run Maven with the -e switch.
[ERROR] Re-run Maven using the -X switch to enable full debug logging.
[ERROR] 
[ERROR] For more information about the errors and possible solutions, please read the following articles:
[ERROR] [Help 1] http://cwiki.apache.org/confluence/display/MAVEN/MojoFailureException
