[INFO] Scanning for projects...
[INFO]                                                                         
[INFO] ------------------------------------------------------------------------
[INFO] Building Apache Commons Lang 3.4
[INFO] ------------------------------------------------------------------------
[INFO] 
[INFO] --- maven-enforcer-plugin:1.3.1:enforce (enforce-maven-3) @ commons-lang3 ---
[INFO] 
[INFO] --- build-helper-maven-plugin:1.8:parse-version (parse-version) @ commons-lang3 ---
[INFO] 
[INFO] --- maven-antrun-plugin:1.8:run (javadoc.resources) @ commons-lang3 ---
[INFO] Executing tasks

main:
[INFO] Executed tasks
[INFO] 
[INFO] --- maven-remote-resources-plugin:1.5:process (default) @ commons-lang3 ---
[INFO] 
[INFO] --- buildnumber-maven-plugin:1.3:create (default) @ commons-lang3 ---
[INFO] Executing: /bin/sh -c cd "/home/artefact/tests/Maven Test Sources/commons-lang3-3.4-test-sources" && svn --non-interactive info
[INFO] Working directory: /home/artefact/tests/Maven Test Sources/commons-lang3-3.4-test-sources
[INFO] Storing buildNumber: ?????? at timestamp: 1505990804327
[INFO] Executing: /bin/sh -c cd "/home/artefact/tests/Maven Test Sources/commons-lang3-3.4-test-sources" && svn --non-interactive info
[INFO] Working directory: /home/artefact/tests/Maven Test Sources/commons-lang3-3.4-test-sources
[INFO] Storing buildScmBranch: UNKNOWN_BRANCH
[INFO] 
[INFO] --- maven-resources-plugin:2.7:resources (default-resources) @ commons-lang3 ---
[INFO] Using 'ISO-8859-1' encoding to copy filtered resources.
[INFO] skip non existing resourceDirectory /home/artefact/tests/Maven Test Sources/commons-lang3-3.4-test-sources/src/main/resources
[INFO] Copying 0 resource to META-INF
[INFO] 
[INFO] --- maven-compiler-plugin:3.2:compile (default-compile) @ commons-lang3 ---
[INFO] Changes detected - recompiling the module!
[INFO] Compiling 133 source files to /home/artefact/tests/Maven Test Sources/commons-lang3-3.4-test-sources/target/classes
[INFO] /home/artefact/tests/Maven Test Sources/commons-lang3-3.4-test-sources/src/main/java/org/apache/commons/lang3/SerializationUtils.java: /home/artefact/tests/Maven Test Sources/commons-lang3-3.4-test-sources/src/main/java/org/apache/commons/lang3/SerializationUtils.java uses unchecked or unsafe operations.
[INFO] /home/artefact/tests/Maven Test Sources/commons-lang3-3.4-test-sources/src/main/java/org/apache/commons/lang3/SerializationUtils.java: Recompile with -Xlint:unchecked for details.
[INFO] 
[INFO] --- maven-bundle-plugin:2.5.3:manifest (bundle-manifest) @ commons-lang3 ---
[INFO] 
[INFO] --- animal-sniffer-maven-plugin:1.13:check (checkAPIcompatibility) @ commons-lang3 ---
[INFO] Checking unresolved references to org.codehaus.mojo.signature:java16:1.0
[INFO] 
[INFO] --- maven-resources-plugin:2.7:testResources (default-testResources) @ commons-lang3 ---
[INFO] Using 'ISO-8859-1' encoding to copy filtered resources.
[INFO] skip non existing resourceDirectory /home/artefact/tests/Maven Test Sources/commons-lang3-3.4-test-sources/src/test/resources
[INFO] Copying 0 resource to META-INF
[INFO] 
[INFO] --- maven-compiler-plugin:3.2:testCompile (default-testCompile) @ commons-lang3 ---
[INFO] Changes detected - recompiling the module!
[INFO] Compiling 148 source files to /home/artefact/tests/Maven Test Sources/commons-lang3-3.4-test-sources/target/test-classes
[INFO] /home/artefact/tests/Maven Test Sources/commons-lang3-3.4-test-sources/src/test/java/org/apache/commons/lang3/exception/AbstractExceptionContextTest.java: /home/artefact/tests/Maven Test Sources/commons-lang3-3.4-test-sources/src/test/java/org/apache/commons/lang3/exception/AbstractExceptionContextTest.java uses unchecked or unsafe operations.
[INFO] /home/artefact/tests/Maven Test Sources/commons-lang3-3.4-test-sources/src/test/java/org/apache/commons/lang3/exception/AbstractExceptionContextTest.java: Recompile with -Xlint:unchecked for details.
[INFO] 
[INFO] --- maven-surefire-plugin:2.18:test (default-test) @ commons-lang3 ---
[INFO] Surefire report directory: /home/artefact/tests/Maven Test Sources/commons-lang3-3.4-test-sources/target/surefire-reports

-------------------------------------------------------
 T E S T S
-------------------------------------------------------
Running org.apache.commons.lang3.CharUtilsTest
Tests run: 24, Failures: 0, Errors: 0, Skipped: 0, Time elapsed: 0.01 sec - in org.apache.commons.lang3.CharUtilsTest
Running org.apache.commons.lang3.builder.EqualsBuilderTest
Tests run: 48, Failures: 0, Errors: 0, Skipped: 0, Time elapsed: 0.057 sec - in org.apache.commons.lang3.builder.EqualsBuilderTest
Running org.apache.commons.lang3.builder.DiffTest
Tests run: 4, Failures: 0, Errors: 0, Skipped: 0, Time elapsed: 0.025 sec - in org.apache.commons.lang3.builder.DiffTest
Running org.apache.commons.lang3.builder.ReflectionToStringBuilderExcludeTest
Tests run: 11, Failures: 0, Errors: 0, Skipped: 0, Time elapsed: 0.02 sec - in org.apache.commons.lang3.builder.ReflectionToStringBuilderExcludeTest
Running org.apache.commons.lang3.builder.NoClassNameToStringStyleTest
Tests run: 8, Failures: 0, Errors: 0, Skipped: 0, Time elapsed: 0.009 sec - in org.apache.commons.lang3.builder.NoClassNameToStringStyleTest
Running org.apache.commons.lang3.builder.JsonToStringStyleTest
Tests run: 9, Failures: 0, Errors: 0, Skipped: 0, Time elapsed: 0.005 sec - in org.apache.commons.lang3.builder.JsonToStringStyleTest
Running org.apache.commons.lang3.builder.MultiLineToStringStyleTest
Tests run: 8, Failures: 0, Errors: 0, Skipped: 0, Time elapsed: 0.016 sec - in org.apache.commons.lang3.builder.MultiLineToStringStyleTest
Running org.apache.commons.lang3.builder.ReflectionToStringBuilderMutateInspectConcurrencyTest
Tests run: 1, Failures: 0, Errors: 0, Skipped: 1, Time elapsed: 0.002 sec - in org.apache.commons.lang3.builder.ReflectionToStringBuilderMutateInspectConcurrencyTest
Running org.apache.commons.lang3.builder.ToStringBuilderTest
Tests run: 74, Failures: 0, Errors: 0, Skipped: 1, Time elapsed: 0.096 sec - in org.apache.commons.lang3.builder.ToStringBuilderTest
Running org.apache.commons.lang3.builder.RecursiveToStringStyleTest
Tests run: 8, Failures: 0, Errors: 0, Skipped: 0, Time elapsed: 0.011 sec - in org.apache.commons.lang3.builder.RecursiveToStringStyleTest
Running org.apache.commons.lang3.builder.DiffBuilderTest
Tests run: 30, Failures: 0, Errors: 0, Skipped: 0, Time elapsed: 0.043 sec - in org.apache.commons.lang3.builder.DiffBuilderTest
Running org.apache.commons.lang3.builder.CompareToBuilderTest
Tests run: 48, Failures: 0, Errors: 0, Skipped: 0, Time elapsed: 0.028 sec - in org.apache.commons.lang3.builder.CompareToBuilderTest
Running org.apache.commons.lang3.builder.HashCodeBuilderTest
Tests run: 44, Failures: 0, Errors: 0, Skipped: 0, Time elapsed: 0.015 sec - in org.apache.commons.lang3.builder.HashCodeBuilderTest
Running org.apache.commons.lang3.builder.StandardToStringStyleTest
Tests run: 8, Failures: 0, Errors: 0, Skipped: 0, Time elapsed: 0.005 sec - in org.apache.commons.lang3.builder.StandardToStringStyleTest
Running org.apache.commons.lang3.builder.DefaultToStringStyleTest
Tests run: 8, Failures: 0, Errors: 0, Skipped: 0, Time elapsed: 0.004 sec - in org.apache.commons.lang3.builder.DefaultToStringStyleTest
Running org.apache.commons.lang3.builder.ToStringStyleConcurrencyTest
Tests run: 3, Failures: 0, Errors: 0, Skipped: 0, Time elapsed: 3.087 sec - in org.apache.commons.lang3.builder.ToStringStyleConcurrencyTest
Running org.apache.commons.lang3.builder.ToStringStyleTest
Tests run: 12, Failures: 0, Errors: 0, Skipped: 0, Time elapsed: 0.001 sec - in org.apache.commons.lang3.builder.ToStringStyleTest
Running org.apache.commons.lang3.builder.NoFieldNamesToStringStyleTest
Tests run: 8, Failures: 0, Errors: 0, Skipped: 0, Time elapsed: 0.001 sec - in org.apache.commons.lang3.builder.NoFieldNamesToStringStyleTest
Running org.apache.commons.lang3.builder.ReflectionToStringBuilderConcurrencyTest
Tests run: 3, Failures: 0, Errors: 0, Skipped: 3, Time elapsed: 0 sec - in org.apache.commons.lang3.builder.ReflectionToStringBuilderConcurrencyTest
Running org.apache.commons.lang3.builder.HashCodeBuilderAndEqualsBuilderTest
Tests run: 4, Failures: 0, Errors: 0, Skipped: 0, Time elapsed: 0.012 sec - in org.apache.commons.lang3.builder.HashCodeBuilderAndEqualsBuilderTest
Running org.apache.commons.lang3.builder.ShortPrefixToStringStyleTest
Tests run: 8, Failures: 0, Errors: 0, Skipped: 0, Time elapsed: 0 sec - in org.apache.commons.lang3.builder.ShortPrefixToStringStyleTest
Running org.apache.commons.lang3.builder.DiffResultTest
Tests run: 9, Failures: 0, Errors: 0, Skipped: 0, Time elapsed: 0.001 sec - in org.apache.commons.lang3.builder.DiffResultTest
Running org.apache.commons.lang3.builder.SimpleToStringStyleTest
Tests run: 8, Failures: 0, Errors: 0, Skipped: 0, Time elapsed: 0.001 sec - in org.apache.commons.lang3.builder.SimpleToStringStyleTest
Running org.apache.commons.lang3.builder.MultilineRecursiveToStringStyleTest
Tests run: 10, Failures: 0, Errors: 0, Skipped: 0, Time elapsed: 0.002 sec - in org.apache.commons.lang3.builder.MultilineRecursiveToStringStyleTest
Running org.apache.commons.lang3.StringEscapeUtilsTest
Tests run: 28, Failures: 0, Errors: 1, Skipped: 0, Time elapsed: 0.224 sec <<< FAILURE! - in org.apache.commons.lang3.StringEscapeUtilsTest
testLang708(org.apache.commons.lang3.StringEscapeUtilsTest)  Time elapsed: 0.006 sec  <<< ERROR!
java.io.FileNotFoundException: src/test/resources/lang-708-input.txt (No such file or directory)
	at java.io.FileInputStream.open0(Native Method)
	at java.io.FileInputStream.open(FileInputStream.java:195)
	at java.io.FileInputStream.<init>(FileInputStream.java:138)
	at java.io.FileInputStream.<init>(FileInputStream.java:93)
	at org.apache.commons.lang3.StringEscapeUtilsTest.testLang708(StringEscapeUtilsTest.java:560)

Running org.apache.commons.lang3.CharSetTest
Tests run: 14, Failures: 0, Errors: 0, Skipped: 0, Time elapsed: 0.066 sec - in org.apache.commons.lang3.CharSetTest
Running org.apache.commons.lang3.ArrayUtilsRemoveTest
Tests run: 19, Failures: 0, Errors: 0, Skipped: 0, Time elapsed: 0.004 sec - in org.apache.commons.lang3.ArrayUtilsRemoveTest
Running org.apache.commons.lang3.ArrayUtilsAddTest
Tests run: 13, Failures: 0, Errors: 0, Skipped: 0, Time elapsed: 0.003 sec - in org.apache.commons.lang3.ArrayUtilsAddTest
Running org.apache.commons.lang3.JavaVersionTest
Tests run: 3, Failures: 0, Errors: 0, Skipped: 0, Time elapsed: 0 sec - in org.apache.commons.lang3.JavaVersionTest
Running org.apache.commons.lang3.AnnotationUtilsTest
Tests run: 10, Failures: 0, Errors: 0, Skipped: 0, Time elapsed: 0.028 sec - in org.apache.commons.lang3.AnnotationUtilsTest
Running org.apache.commons.lang3.ClassUtilsTest
Tests run: 57, Failures: 0, Errors: 0, Skipped: 0, Time elapsed: 0.041 sec - in org.apache.commons.lang3.ClassUtilsTest
Running org.apache.commons.lang3.CharRangeTest
Tests run: 16, Failures: 0, Errors: 0, Skipped: 0, Time elapsed: 0.019 sec - in org.apache.commons.lang3.CharRangeTest
Running org.apache.commons.lang3.exception.DefaultExceptionContextTest
Tests run: 8, Failures: 0, Errors: 0, Skipped: 0, Time elapsed: 0.025 sec - in org.apache.commons.lang3.exception.DefaultExceptionContextTest
Running org.apache.commons.lang3.exception.ExceptionUtilsTest
Tests run: 28, Failures: 0, Errors: 0, Skipped: 0, Time elapsed: 0.033 sec - in org.apache.commons.lang3.exception.ExceptionUtilsTest
Running org.apache.commons.lang3.exception.ContextedExceptionTest
Tests run: 14, Failures: 0, Errors: 0, Skipped: 0, Time elapsed: 0.024 sec - in org.apache.commons.lang3.exception.ContextedExceptionTest
Running org.apache.commons.lang3.exception.ContextedRuntimeExceptionTest
Tests run: 14, Failures: 0, Errors: 0, Skipped: 0, Time elapsed: 0.009 sec - in org.apache.commons.lang3.exception.ContextedRuntimeExceptionTest
Running org.apache.commons.lang3.RandomStringUtilsTest
Tests run: 11, Failures: 0, Errors: 0, Skipped: 0, Time elapsed: 0.011 sec - in org.apache.commons.lang3.RandomStringUtilsTest
Running org.apache.commons.lang3.ArrayUtilsTest
Tests run: 205, Failures: 0, Errors: 0, Skipped: 0, Time elapsed: 0.064 sec - in org.apache.commons.lang3.ArrayUtilsTest
Running org.apache.commons.lang3.StringUtilsEqualsIndexOfTest
Tests run: 50, Failures: 0, Errors: 0, Skipped: 0, Time elapsed: 0.015 sec - in org.apache.commons.lang3.StringUtilsEqualsIndexOfTest
Running org.apache.commons.lang3.RandomUtilsTest
Tests run: 23, Failures: 0, Errors: 0, Skipped: 0, Time elapsed: 0.011 sec - in org.apache.commons.lang3.RandomUtilsTest
Running org.apache.commons.lang3.StringUtilsStartsEndsWithTest
Tests run: 6, Failures: 0, Errors: 0, Skipped: 0, Time elapsed: 0.003 sec - in org.apache.commons.lang3.StringUtilsStartsEndsWithTest
Running org.apache.commons.lang3.BooleanUtilsTest
Tests run: 72, Failures: 0, Errors: 0, Skipped: 0, Time elapsed: 0.032 sec - in org.apache.commons.lang3.BooleanUtilsTest
Running org.apache.commons.lang3.StringUtilsTest
Tests run: 124, Failures: 0, Errors: 0, Skipped: 0, Time elapsed: 0.08 sec - in org.apache.commons.lang3.StringUtilsTest
Running org.apache.commons.lang3.NotImplementedExceptionTest
Tests run: 1, Failures: 0, Errors: 0, Skipped: 0, Time elapsed: 0 sec - in org.apache.commons.lang3.NotImplementedExceptionTest
Running org.apache.commons.lang3.ValidateTest
Tests run: 63, Failures: 0, Errors: 0, Skipped: 0, Time elapsed: 0.01 sec - in org.apache.commons.lang3.ValidateTest
Running org.apache.commons.lang3.LocaleUtilsTest
Tests run: 15, Failures: 0, Errors: 0, Skipped: 0, Time elapsed: 0.027 sec - in org.apache.commons.lang3.LocaleUtilsTest
Running org.apache.commons.lang3.event.EventUtilsTest
Tests run: 8, Failures: 0, Errors: 0, Skipped: 0, Time elapsed: 0.01 sec - in org.apache.commons.lang3.event.EventUtilsTest
Running org.apache.commons.lang3.event.EventListenerSupportTest
Tests run: 9, Failures: 0, Errors: 0, Skipped: 0, Time elapsed: 0.041 sec - in org.apache.commons.lang3.event.EventListenerSupportTest
Running org.apache.commons.lang3.ArrayUtilsRemoveMultipleTest
Tests run: 55, Failures: 0, Errors: 0, Skipped: 0, Time elapsed: 0.015 sec - in org.apache.commons.lang3.ArrayUtilsRemoveMultipleTest
Running org.apache.commons.lang3.text.translate.UnicodeUnpairedSurrogateRemoverTest
Tests run: 2, Failures: 0, Errors: 0, Skipped: 0, Time elapsed: 0 sec - in org.apache.commons.lang3.text.translate.UnicodeUnpairedSurrogateRemoverTest
Running org.apache.commons.lang3.text.translate.NumericEntityEscaperTest
Tests run: 4, Failures: 0, Errors: 0, Skipped: 0, Time elapsed: 0 sec - in org.apache.commons.lang3.text.translate.NumericEntityEscaperTest
Running org.apache.commons.lang3.text.translate.NumericEntityUnescaperTest
Tests run: 3, Failures: 0, Errors: 0, Skipped: 0, Time elapsed: 0.003 sec - in org.apache.commons.lang3.text.translate.NumericEntityUnescaperTest
Running org.apache.commons.lang3.text.translate.UnicodeEscaperTest
Tests run: 3, Failures: 0, Errors: 0, Skipped: 0, Time elapsed: 0 sec - in org.apache.commons.lang3.text.translate.UnicodeEscaperTest
Running org.apache.commons.lang3.text.translate.UnicodeUnescaperTest
Tests run: 3, Failures: 0, Errors: 0, Skipped: 0, Time elapsed: 0 sec - in org.apache.commons.lang3.text.translate.UnicodeUnescaperTest
Running org.apache.commons.lang3.text.translate.OctalUnescaperTest
Tests run: 1, Failures: 0, Errors: 0, Skipped: 0, Time elapsed: 0 sec - in org.apache.commons.lang3.text.translate.OctalUnescaperTest
Running org.apache.commons.lang3.text.translate.LookupTranslatorTest
Tests run: 2, Failures: 0, Errors: 0, Skipped: 0, Time elapsed: 0 sec - in org.apache.commons.lang3.text.translate.LookupTranslatorTest
Running org.apache.commons.lang3.text.translate.EntityArraysTest
Tests run: 3, Failures: 0, Errors: 0, Skipped: 0, Time elapsed: 0 sec - in org.apache.commons.lang3.text.translate.EntityArraysTest
Running org.apache.commons.lang3.text.ExtendedMessageFormatTest
Tests run: 10, Failures: 0, Errors: 0, Skipped: 0, Time elapsed: 0.957 sec - in org.apache.commons.lang3.text.ExtendedMessageFormatTest
Running org.apache.commons.lang3.text.StrLookupTest
Tests run: 5, Failures: 0, Errors: 0, Skipped: 0, Time elapsed: 0.002 sec - in org.apache.commons.lang3.text.StrLookupTest
Running org.apache.commons.lang3.text.FormattableUtilsTest
Tests run: 5, Failures: 0, Errors: 0, Skipped: 0, Time elapsed: 0.001 sec - in org.apache.commons.lang3.text.FormattableUtilsTest
Running org.apache.commons.lang3.text.StrBuilderTest
Tests run: 90, Failures: 0, Errors: 0, Skipped: 0, Time elapsed: 0.019 sec - in org.apache.commons.lang3.text.StrBuilderTest
Running org.apache.commons.lang3.text.StrBuilderAppendInsertTest
Tests run: 51, Failures: 0, Errors: 0, Skipped: 0, Time elapsed: 0.027 sec - in org.apache.commons.lang3.text.StrBuilderAppendInsertTest
Running org.apache.commons.lang3.text.StrTokenizerTest
Tests run: 55, Failures: 0, Errors: 0, Skipped: 0, Time elapsed: 0.01 sec - in org.apache.commons.lang3.text.StrTokenizerTest
Running org.apache.commons.lang3.text.CompositeFormatTest
Tests run: 2, Failures: 0, Errors: 0, Skipped: 0, Time elapsed: 0 sec - in org.apache.commons.lang3.text.CompositeFormatTest
Running org.apache.commons.lang3.text.WordUtilsTest
Tests run: 12, Failures: 0, Errors: 0, Skipped: 0, Time elapsed: 0.01 sec - in org.apache.commons.lang3.text.WordUtilsTest
Running org.apache.commons.lang3.text.StrSubstitutorTest
Tests run: 40, Failures: 0, Errors: 0, Skipped: 0, Time elapsed: 0.013 sec - in org.apache.commons.lang3.text.StrSubstitutorTest
Running org.apache.commons.lang3.text.StrMatcherTest
Tests run: 14, Failures: 0, Errors: 0, Skipped: 0, Time elapsed: 0.001 sec - in org.apache.commons.lang3.text.StrMatcherTest
Running org.apache.commons.lang3.math.FractionTest
Tests run: 25, Failures: 0, Errors: 0, Skipped: 0, Time elapsed: 0.081 sec - in org.apache.commons.lang3.math.FractionTest
Running org.apache.commons.lang3.math.NumberUtilsTest
Tests run: 91, Failures: 0, Errors: 0, Skipped: 0, Time elapsed: 0.029 sec - in org.apache.commons.lang3.math.NumberUtilsTest
Running org.apache.commons.lang3.math.IEEE754rUtilsTest
Tests run: 3, Failures: 0, Errors: 0, Skipped: 0, Time elapsed: 0 sec - in org.apache.commons.lang3.math.IEEE754rUtilsTest
Running org.apache.commons.lang3.SystemUtilsTest
Can't test IS_OS value: HAL-9000
Tests run: 12, Failures: 0, Errors: 0, Skipped: 0, Time elapsed: 0.001 sec - in org.apache.commons.lang3.SystemUtilsTest
Running org.apache.commons.lang3.tuple.MutableTripleTest
Tests run: 8, Failures: 0, Errors: 0, Skipped: 0, Time elapsed: 0.003 sec - in org.apache.commons.lang3.tuple.MutableTripleTest
Running org.apache.commons.lang3.tuple.ImmutableTripleTest
Tests run: 6, Failures: 0, Errors: 0, Skipped: 0, Time elapsed: 0.003 sec - in org.apache.commons.lang3.tuple.ImmutableTripleTest
Running org.apache.commons.lang3.tuple.ImmutablePairTest
Tests run: 6, Failures: 0, Errors: 0, Skipped: 0, Time elapsed: 0 sec - in org.apache.commons.lang3.tuple.ImmutablePairTest
Running org.apache.commons.lang3.tuple.PairTest
Tests run: 9, Failures: 0, Errors: 0, Skipped: 0, Time elapsed: 0 sec - in org.apache.commons.lang3.tuple.PairTest
Running org.apache.commons.lang3.tuple.TripleTest
Tests run: 10, Failures: 0, Errors: 0, Skipped: 0, Time elapsed: 0.002 sec - in org.apache.commons.lang3.tuple.TripleTest
Running org.apache.commons.lang3.tuple.MutablePairTest
Tests run: 8, Failures: 0, Errors: 0, Skipped: 0, Time elapsed: 0 sec - in org.apache.commons.lang3.tuple.MutablePairTest
Running org.apache.commons.lang3.time.DateUtilsTest
DateUtilsTest: Default Locale=en_US
Tests run: 38, Failures: 0, Errors: 0, Skipped: 0, Time elapsed: 0.181 sec - in org.apache.commons.lang3.time.DateUtilsTest
Running org.apache.commons.lang3.time.FastDateParserTest
Tests run: 33, Failures: 0, Errors: 0, Skipped: 0, Time elapsed: 1.298 sec - in org.apache.commons.lang3.time.FastDateParserTest
Running org.apache.commons.lang3.time.DurationFormatUtilsTest
Tests run: 25, Failures: 0, Errors: 0, Skipped: 0, Time elapsed: 0.703 sec - in org.apache.commons.lang3.time.DurationFormatUtilsTest
Running org.apache.commons.lang3.time.FastDatePrinterTimeZonesTest
Tests run: 625, Failures: 0, Errors: 0, Skipped: 0, Time elapsed: 0.148 sec - in org.apache.commons.lang3.time.FastDatePrinterTimeZonesTest
Running org.apache.commons.lang3.time.FastDateFormat_ParserTest
Tests run: 33, Failures: 0, Errors: 0, Skipped: 0, Time elapsed: 0.652 sec - in org.apache.commons.lang3.time.FastDateFormat_ParserTest
Running org.apache.commons.lang3.time.FastDateFormatTest
>>FastDateFormatTest: FastDateParser:3604  SimpleDateFormat:4280
Tests run: 14, Failures: 0, Errors: 0, Skipped: 0, Time elapsed: 1.112 sec - in org.apache.commons.lang3.time.FastDateFormatTest
Running org.apache.commons.lang3.time.DateFormatUtilsTest
Tests run: 10, Failures: 0, Errors: 0, Skipped: 0, Time elapsed: 0.005 sec - in org.apache.commons.lang3.time.DateFormatUtilsTest
Running org.apache.commons.lang3.time.StopWatchTest
Tests run: 8, Failures: 0, Errors: 0, Skipped: 0, Time elapsed: 4.761 sec - in org.apache.commons.lang3.time.StopWatchTest
Running org.apache.commons.lang3.time.DateUtilsFragmentTest
Tests run: 57, Failures: 0, Errors: 0, Skipped: 0, Time elapsed: 0.028 sec - in org.apache.commons.lang3.time.DateUtilsFragmentTest
Running org.apache.commons.lang3.time.DateUtilsRoundingTest
Tests run: 22, Failures: 0, Errors: 0, Skipped: 0, Time elapsed: 0.037 sec - in org.apache.commons.lang3.time.DateUtilsRoundingTest
Running org.apache.commons.lang3.time.FastDateParserSDFTest
Tests run: 276, Failures: 0, Errors: 0, Skipped: 92, Time elapsed: 0.049 sec - in org.apache.commons.lang3.time.FastDateParserSDFTest
Running org.apache.commons.lang3.time.FastDatePrinterTest
Tests run: 17, Failures: 0, Errors: 0, Skipped: 0, Time elapsed: 0.005 sec - in org.apache.commons.lang3.time.FastDatePrinterTest
Running org.apache.commons.lang3.time.FastDateFormat_PrinterTest
Tests run: 17, Failures: 0, Errors: 0, Skipped: 0, Time elapsed: 0.006 sec - in org.apache.commons.lang3.time.FastDateFormat_PrinterTest
Running org.apache.commons.lang3.EnumUtilsTest
Tests run: 34, Failures: 0, Errors: 0, Skipped: 0, Time elapsed: 0.008 sec - in org.apache.commons.lang3.EnumUtilsTest
Running org.apache.commons.lang3.RangeTest
Tests run: 24, Failures: 0, Errors: 0, Skipped: 0, Time elapsed: 0.008 sec - in org.apache.commons.lang3.RangeTest
Running org.apache.commons.lang3.BitFieldTest
Tests run: 15, Failures: 0, Errors: 0, Skipped: 0, Time elapsed: 0.002 sec - in org.apache.commons.lang3.BitFieldTest
Running org.apache.commons.lang3.concurrent.ConcurrentUtilsTest
Tests run: 40, Failures: 0, Errors: 0, Skipped: 0, Time elapsed: 0.01 sec - in org.apache.commons.lang3.concurrent.ConcurrentUtilsTest
Running org.apache.commons.lang3.concurrent.MultiBackgroundInitializerTest
Tests run: 17, Failures: 0, Errors: 0, Skipped: 0, Time elapsed: 0.135 sec - in org.apache.commons.lang3.concurrent.MultiBackgroundInitializerTest
Running org.apache.commons.lang3.concurrent.ConstantInitializerTest
Tests run: 7, Failures: 0, Errors: 0, Skipped: 0, Time elapsed: 0 sec - in org.apache.commons.lang3.concurrent.ConstantInitializerTest
Running org.apache.commons.lang3.concurrent.AtomicSafeInitializerTest
Tests run: 4, Failures: 0, Errors: 0, Skipped: 0, Time elapsed: 0.012 sec - in org.apache.commons.lang3.concurrent.AtomicSafeInitializerTest
Running org.apache.commons.lang3.concurrent.AtomicInitializerTest
Tests run: 3, Failures: 0, Errors: 0, Skipped: 0, Time elapsed: 0.013 sec - in org.apache.commons.lang3.concurrent.AtomicInitializerTest
Running org.apache.commons.lang3.concurrent.LazyInitializerTest
Tests run: 3, Failures: 0, Errors: 0, Skipped: 0, Time elapsed: 0.007 sec - in org.apache.commons.lang3.concurrent.LazyInitializerTest
Running org.apache.commons.lang3.concurrent.CallableBackgroundInitializerTest
Tests run: 4, Failures: 0, Errors: 0, Skipped: 0, Time elapsed: 0.001 sec - in org.apache.commons.lang3.concurrent.CallableBackgroundInitializerTest
Running org.apache.commons.lang3.concurrent.BackgroundInitializerTest
Tests run: 15, Failures: 0, Errors: 0, Skipped: 0, Time elapsed: 0.007 sec - in org.apache.commons.lang3.concurrent.BackgroundInitializerTest
Running org.apache.commons.lang3.concurrent.BasicThreadFactoryTest
Tests run: 15, Failures: 0, Errors: 0, Skipped: 0, Time elapsed: 0.011 sec - in org.apache.commons.lang3.concurrent.BasicThreadFactoryTest
Running org.apache.commons.lang3.concurrent.TimedSemaphoreTest
Tests run: 15, Failures: 0, Errors: 0, Skipped: 0, Time elapsed: 1.187 sec - in org.apache.commons.lang3.concurrent.TimedSemaphoreTest
Running org.apache.commons.lang3.ConversionTest
Tests run: 42, Failures: 0, Errors: 0, Skipped: 0, Time elapsed: 0.003 sec - in org.apache.commons.lang3.ConversionTest
Running org.apache.commons.lang3.mutable.MutableIntTest
Tests run: 17, Failures: 0, Errors: 0, Skipped: 0, Time elapsed: 0.001 sec - in org.apache.commons.lang3.mutable.MutableIntTest
Running org.apache.commons.lang3.mutable.MutableBooleanTest
Tests run: 9, Failures: 0, Errors: 0, Skipped: 0, Time elapsed: 0 sec - in org.apache.commons.lang3.mutable.MutableBooleanTest
Running org.apache.commons.lang3.mutable.MutableFloatTest
Tests run: 18, Failures: 0, Errors: 0, Skipped: 0, Time elapsed: 0.001 sec - in org.apache.commons.lang3.mutable.MutableFloatTest
Running org.apache.commons.lang3.mutable.MutableByteTest
Tests run: 17, Failures: 0, Errors: 0, Skipped: 0, Time elapsed: 0 sec - in org.apache.commons.lang3.mutable.MutableByteTest
Running org.apache.commons.lang3.mutable.MutableObjectTest
Tests run: 5, Failures: 0, Errors: 0, Skipped: 0, Time elapsed: 0 sec - in org.apache.commons.lang3.mutable.MutableObjectTest
Running org.apache.commons.lang3.mutable.MutableDoubleTest
Tests run: 18, Failures: 0, Errors: 0, Skipped: 0, Time elapsed: 0.009 sec - in org.apache.commons.lang3.mutable.MutableDoubleTest
Running org.apache.commons.lang3.mutable.MutableShortTest
Tests run: 14, Failures: 0, Errors: 0, Skipped: 0, Time elapsed: 0.003 sec - in org.apache.commons.lang3.mutable.MutableShortTest
Running org.apache.commons.lang3.mutable.MutableLongTest
Tests run: 17, Failures: 0, Errors: 0, Skipped: 0, Time elapsed: 0.003 sec - in org.apache.commons.lang3.mutable.MutableLongTest
Running org.apache.commons.lang3.ObjectUtilsTest
Tests run: 36, Failures: 0, Errors: 0, Skipped: 0, Time elapsed: 0.009 sec - in org.apache.commons.lang3.ObjectUtilsTest
Running org.apache.commons.lang3.CharEncodingTest
Tests run: 6, Failures: 0, Errors: 0, Skipped: 0, Time elapsed: 0 sec - in org.apache.commons.lang3.CharEncodingTest
Running org.apache.commons.lang3.StringUtilsTrimEmptyTest
Tests run: 15, Failures: 0, Errors: 0, Skipped: 0, Time elapsed: 0 sec - in org.apache.commons.lang3.StringUtilsTrimEmptyTest
Running org.apache.commons.lang3.CharSequenceUtilsTest
Tests run: 2, Failures: 0, Errors: 0, Skipped: 0, Time elapsed: 0 sec - in org.apache.commons.lang3.CharSequenceUtilsTest
Running org.apache.commons.lang3.reflect.FieldUtilsTest
Tests run: 64, Failures: 0, Errors: 0, Skipped: 0, Time elapsed: 0 sec - in org.apache.commons.lang3.reflect.FieldUtilsTest
Running org.apache.commons.lang3.reflect.MethodUtilsTest
Tests run: 23, Failures: 0, Errors: 0, Skipped: 0, Time elapsed: 0 sec - in org.apache.commons.lang3.reflect.MethodUtilsTest
Running org.apache.commons.lang3.reflect.InheritanceUtilsTest
Tests run: 9, Failures: 0, Errors: 0, Skipped: 0, Time elapsed: 0 sec - in org.apache.commons.lang3.reflect.InheritanceUtilsTest
Running org.apache.commons.lang3.reflect.TypeUtilsTest
Tests run: 19, Failures: 0, Errors: 0, Skipped: 0, Time elapsed: 0 sec - in org.apache.commons.lang3.reflect.TypeUtilsTest
Running org.apache.commons.lang3.reflect.ConstructorUtilsTest
Tests run: 7, Failures: 0, Errors: 0, Skipped: 0, Time elapsed: 0.001 sec - in org.apache.commons.lang3.reflect.ConstructorUtilsTest
Running org.apache.commons.lang3.reflect.TypeLiteralTest
Tests run: 4, Failures: 0, Errors: 0, Skipped: 0, Time elapsed: 0 sec - in org.apache.commons.lang3.reflect.TypeLiteralTest
Running org.apache.commons.lang3.StringUtilsIsTest
Tests run: 8, Failures: 0, Errors: 0, Skipped: 0, Time elapsed: 0 sec - in org.apache.commons.lang3.StringUtilsIsTest
Running org.apache.commons.lang3.StringUtilsSubstringTest
Tests run: 14, Failures: 0, Errors: 0, Skipped: 0, Time elapsed: 0 sec - in org.apache.commons.lang3.StringUtilsSubstringTest
Running org.apache.commons.lang3.CharSetUtilsTest
Tests run: 11, Failures: 0, Errors: 0, Skipped: 0, Time elapsed: 0 sec - in org.apache.commons.lang3.CharSetUtilsTest
Running org.apache.commons.lang3.ClassPathUtilsTest
Tests run: 13, Failures: 0, Errors: 0, Skipped: 0, Time elapsed: 0 sec - in org.apache.commons.lang3.ClassPathUtilsTest
Running org.apache.commons.lang3.HashSetvBitSetTest
Ratio=74% array=100 count=1 extract=4741225 bitset=3541039
Ratio=11% array=100 count=10 extract=30055926 bitset=3597283
Ratio=10% array=100 count=50 extract=41808509 bitset=4549301
Ratio=8% array=100 count=100 extract=41118578 bitset=3572490
Ratio=69% array=1000 count=10 extract=13829816 bitset=9618986
Ratio=17% array=1000 count=100 extract=51254237 bitset=8741214
Ratio=4% array=1000 count=500 extract=148681971 bitset=7254706
Ratio=6% array=1000 count=1000 extract=76024545 bitset=5206100
Ratio=199% count=0 hash=187964 bits=375858
Ratio=60% count=5 hash=866675 bits=524081
Ratio=59% count=10 hash=1483097 bits=883705
Ratio=63% count=200 hash=18599248 bits=11867122
Ratio=43% count=50 hash=3247474 bits=1407615
Ratio=44% count=100 hash=6312274 bits=2823919
Ratio=24% count=1000 hash=60212225 bits=15037187
Ratio=25% count=2000 hash=114265665 bits=29599108
Tests run: 2, Failures: 0, Errors: 0, Skipped: 0, Time elapsed: 0.671 sec - in org.apache.commons.lang3.HashSetvBitSetTest
Running org.apache.commons.lang3.SerializationUtilsTest
Tests run: 26, Failures: 0, Errors: 0, Skipped: 0, Time elapsed: 0.018 sec - in org.apache.commons.lang3.SerializationUtilsTest

Results :


Tests in error: 
  StringEscapeUtilsTest.testLang708:560 Â» FileNotFound src/test/resources/lang-7...


Tests run: 3534, Failures: 0, Errors: 1, Skipped: 97

[INFO] ------------------------------------------------------------------------
[INFO] BUILD FAILURE
[INFO] ------------------------------------------------------------------------
[INFO] Total time: 29.833 s
[INFO] Finished at: 2017-09-21T12:47:12+02:00
[INFO] Final Memory: 27M/449M
[INFO] ------------------------------------------------------------------------
[ERROR] Failed to execute goal org.apache.maven.plugins:maven-surefire-plugin:2.18:test (default-test) on project commons-lang3: There are test failures.
[ERROR] 
[ERROR] Please refer to /home/artefact/tests/Maven Test Sources/commons-lang3-3.4-test-sources/target/surefire-reports for the individual test results.
[ERROR] -> [Help 1]
[ERROR] 
[ERROR] To see the full stack trace of the errors, re-run Maven with the -e switch.
[ERROR] Re-run Maven using the -X switch to enable full debug logging.
[ERROR] 
[ERROR] For more information about the errors and possible solutions, please read the following articles:
[ERROR] [Help 1] http://cwiki.apache.org/confluence/display/MAVEN/MojoFailureException
