[INFO] Scanning for projects...
[INFO]                                                                         
[INFO] ------------------------------------------------------------------------
[INFO] Building Apache Commons Codec 1.10
[INFO] ------------------------------------------------------------------------
[INFO] 
[INFO] --- maven-enforcer-plugin:1.3.1:enforce (enforce-maven-3) @ commons-codec ---
[INFO] 
[INFO] --- maven-antrun-plugin:1.7:run (javadoc.resources) @ commons-codec ---
[INFO] Executing tasks

main:
[INFO] Executed tasks
[INFO] 
[INFO] --- maven-remote-resources-plugin:1.5:process (default) @ commons-codec ---
[INFO] 
[INFO] --- buildnumber-maven-plugin:1.3:create (default) @ commons-codec ---
[INFO] Executing: /bin/sh -c cd "/home/artefact/tests/Maven Test Sources/commons-codec-1.10-test-sources" && svn --non-interactive info
[INFO] Working directory: /home/artefact/tests/Maven Test Sources/commons-codec-1.10-test-sources
[INFO] Storing buildNumber: ?????? at timestamp: 1505991250970
[INFO] Executing: /bin/sh -c cd "/home/artefact/tests/Maven Test Sources/commons-codec-1.10-test-sources" && svn --non-interactive info
[INFO] Working directory: /home/artefact/tests/Maven Test Sources/commons-codec-1.10-test-sources
[INFO] Storing buildScmBranch: UNKNOWN_BRANCH
[INFO] 
[INFO] --- maven-resources-plugin:2.7:resources (default-resources) @ commons-codec ---
[INFO] Using 'UTF-8' encoding to copy filtered resources.
[INFO] skip non existing resourceDirectory /home/artefact/tests/Maven Test Sources/commons-codec-1.10-test-sources/src/main/resources
[INFO] Copying 0 resource to META-INF
[INFO] 
[INFO] --- maven-compiler-plugin:3.2:compile (default-compile) @ commons-codec ---
[INFO] Changes detected - recompiling the module!
[INFO] Compiling 60 source files to /home/artefact/tests/Maven Test Sources/commons-codec-1.10-test-sources/target/classes
[INFO] /home/artefact/tests/Maven Test Sources/commons-codec-1.10-test-sources/src/main/java/org/apache/commons/codec/net/QuotedPrintableCodec.java: Some input files use or override a deprecated API.
[INFO] /home/artefact/tests/Maven Test Sources/commons-codec-1.10-test-sources/src/main/java/org/apache/commons/codec/net/QuotedPrintableCodec.java: Recompile with -Xlint:deprecation for details.
[INFO] 
[INFO] --- maven-bundle-plugin:2.5.3:manifest (bundle-manifest) @ commons-codec ---
[INFO] 
[INFO] --- maven-resources-plugin:2.7:testResources (default-testResources) @ commons-codec ---
[INFO] Using 'UTF-8' encoding to copy filtered resources.
[INFO] skip non existing resourceDirectory /home/artefact/tests/Maven Test Sources/commons-codec-1.10-test-sources/src/test/resources
[INFO] Copying 0 resource to META-INF
[INFO] 
[INFO] --- maven-compiler-plugin:3.2:testCompile (default-testCompile) @ commons-codec ---
[INFO] Changes detected - recompiling the module!
[INFO] Compiling 55 source files to /home/artefact/tests/Maven Test Sources/commons-codec-1.10-test-sources/target/test-classes
[INFO] /home/artefact/tests/Maven Test Sources/commons-codec-1.10-test-sources/src/test/java/org/apache/commons/codec/binary/Base32Test.java: Some input files use or override a deprecated API.
[INFO] /home/artefact/tests/Maven Test Sources/commons-codec-1.10-test-sources/src/test/java/org/apache/commons/codec/binary/Base32Test.java: Recompile with -Xlint:deprecation for details.
[INFO] /home/artefact/tests/Maven Test Sources/commons-codec-1.10-test-sources/src/test/java/org/apache/commons/codec/StringEncoderComparatorTest.java: /home/artefact/tests/Maven Test Sources/commons-codec-1.10-test-sources/src/test/java/org/apache/commons/codec/StringEncoderComparatorTest.java uses unchecked or unsafe operations.
[INFO] /home/artefact/tests/Maven Test Sources/commons-codec-1.10-test-sources/src/test/java/org/apache/commons/codec/StringEncoderComparatorTest.java: Recompile with -Xlint:unchecked for details.
[INFO] 
[INFO] --- maven-surefire-plugin:2.17:test (default-test) @ commons-codec ---
[INFO] Surefire report directory: /home/artefact/tests/Maven Test Sources/commons-codec-1.10-test-sources/target/surefire-reports

-------------------------------------------------------
 T E S T S
-------------------------------------------------------
Running org.apache.commons.codec.digest.Sha2CryptTest
Tests run: 1, Failures: 0, Errors: 0, Skipped: 0, Time elapsed: 0.055 sec - in org.apache.commons.codec.digest.Sha2CryptTest
Running org.apache.commons.codec.digest.Apr1CryptTest
Tests run: 8, Failures: 0, Errors: 0, Skipped: 0, Time elapsed: 0.171 sec - in org.apache.commons.codec.digest.Apr1CryptTest
Running org.apache.commons.codec.digest.Md5CryptTest
Tests run: 7, Failures: 0, Errors: 0, Skipped: 0, Time elapsed: 0.046 sec - in org.apache.commons.codec.digest.Md5CryptTest
Running org.apache.commons.codec.digest.DigestUtilsTest
Tests run: 17, Failures: 0, Errors: 0, Skipped: 0, Time elapsed: 0.557 sec - in org.apache.commons.codec.digest.DigestUtilsTest
Running org.apache.commons.codec.digest.CryptTest
Tests run: 4, Failures: 0, Errors: 0, Skipped: 0, Time elapsed: 0.07 sec - in org.apache.commons.codec.digest.CryptTest
Running org.apache.commons.codec.digest.UnixCryptTest
Tests run: 9, Failures: 0, Errors: 0, Skipped: 0, Time elapsed: 0.021 sec - in org.apache.commons.codec.digest.UnixCryptTest
Running org.apache.commons.codec.digest.B64Test
Tests run: 2, Failures: 0, Errors: 0, Skipped: 0, Time elapsed: 0 sec - in org.apache.commons.codec.digest.B64Test
Running org.apache.commons.codec.digest.Sha512CryptTest
Tests run: 8, Failures: 0, Errors: 0, Skipped: 0, Time elapsed: 0.159 sec - in org.apache.commons.codec.digest.Sha512CryptTest
Running org.apache.commons.codec.digest.Sha256CryptTest
Tests run: 7, Failures: 0, Errors: 0, Skipped: 0, Time elapsed: 0.092 sec - in org.apache.commons.codec.digest.Sha256CryptTest
Running org.apache.commons.codec.digest.HmacUtilsTest
Tests run: 24, Failures: 0, Errors: 0, Skipped: 0, Time elapsed: 0.046 sec - in org.apache.commons.codec.digest.HmacUtilsTest
Running org.apache.commons.codec.DecoderExceptionTest
Tests run: 4, Failures: 0, Errors: 0, Skipped: 0, Time elapsed: 0.004 sec - in org.apache.commons.codec.DecoderExceptionTest
Running org.apache.commons.codec.CharsetsTest
Tests run: 7, Failures: 0, Errors: 0, Skipped: 0, Time elapsed: 0.007 sec - in org.apache.commons.codec.CharsetsTest
Running org.apache.commons.codec.binary.Base32OutputStreamTest
Tests run: 6, Failures: 0, Errors: 0, Skipped: 0, Time elapsed: 0.097 sec - in org.apache.commons.codec.binary.Base32OutputStreamTest
Running org.apache.commons.codec.binary.Base32InputStreamTest
Tests run: 16, Failures: 0, Errors: 0, Skipped: 0, Time elapsed: 0.087 sec - in org.apache.commons.codec.binary.Base32InputStreamTest
Running org.apache.commons.codec.binary.Base32Test
Tests run: 8, Failures: 0, Errors: 0, Skipped: 0, Time elapsed: 0.006 sec - in org.apache.commons.codec.binary.Base32Test
Running org.apache.commons.codec.binary.StringUtilsTest
Tests run: 17, Failures: 0, Errors: 0, Skipped: 0, Time elapsed: 0.019 sec - in org.apache.commons.codec.binary.StringUtilsTest
Running org.apache.commons.codec.binary.BinaryCodecTest
Tests run: 13, Failures: 0, Errors: 0, Skipped: 0, Time elapsed: 0.01 sec - in org.apache.commons.codec.binary.BinaryCodecTest
Running org.apache.commons.codec.binary.Base64OutputStreamTest
Tests run: 7, Failures: 0, Errors: 0, Skipped: 0, Time elapsed: 0.12 sec - in org.apache.commons.codec.binary.Base64OutputStreamTest
Running org.apache.commons.codec.binary.HexTest
Tests run: 19, Failures: 0, Errors: 0, Skipped: 0, Time elapsed: 0.146 sec - in org.apache.commons.codec.binary.HexTest
Running org.apache.commons.codec.binary.Base64Test
Tests run: 53, Failures: 0, Errors: 0, Skipped: 1, Time elapsed: 0.028 sec - in org.apache.commons.codec.binary.Base64Test
Running org.apache.commons.codec.binary.BaseNCodecTest
Tests run: 7, Failures: 0, Errors: 0, Skipped: 0, Time elapsed: 0.003 sec - in org.apache.commons.codec.binary.BaseNCodecTest
Running org.apache.commons.codec.binary.Base64Codec13Test
Tests run: 8, Failures: 0, Errors: 0, Skipped: 0, Time elapsed: 0.008 sec - in org.apache.commons.codec.binary.Base64Codec13Test
Running org.apache.commons.codec.binary.Base64InputStreamTest
Tests run: 19, Failures: 0, Errors: 0, Skipped: 0, Time elapsed: 0.103 sec - in org.apache.commons.codec.binary.Base64InputStreamTest
Running org.apache.commons.codec.CharEncodingTest
Tests run: 7, Failures: 0, Errors: 0, Skipped: 0, Time elapsed: 0.003 sec - in org.apache.commons.codec.CharEncodingTest
Running org.apache.commons.codec.net.QuotedPrintableCodecTest
Tests run: 21, Failures: 0, Errors: 0, Skipped: 0, Time elapsed: 0.016 sec - in org.apache.commons.codec.net.QuotedPrintableCodecTest
Running org.apache.commons.codec.net.QCodecTest
Tests run: 12, Failures: 0, Errors: 0, Skipped: 0, Time elapsed: 0.013 sec - in org.apache.commons.codec.net.QCodecTest
Running org.apache.commons.codec.net.RFC1522CodecTest
Tests run: 2, Failures: 0, Errors: 0, Skipped: 0, Time elapsed: 0.001 sec - in org.apache.commons.codec.net.RFC1522CodecTest
Running org.apache.commons.codec.net.UtilsTest
Tests run: 1, Failures: 0, Errors: 0, Skipped: 0, Time elapsed: 0 sec - in org.apache.commons.codec.net.UtilsTest
Running org.apache.commons.codec.net.URLCodecTest
Tests run: 16, Failures: 0, Errors: 0, Skipped: 0, Time elapsed: 0.011 sec - in org.apache.commons.codec.net.URLCodecTest
Running org.apache.commons.codec.net.BCodecTest
Tests run: 9, Failures: 0, Errors: 0, Skipped: 0, Time elapsed: 0.008 sec - in org.apache.commons.codec.net.BCodecTest
Running org.apache.commons.codec.StringEncoderComparatorTest
Tests run: 3, Failures: 0, Errors: 0, Skipped: 0, Time elapsed: 0.008 sec - in org.apache.commons.codec.StringEncoderComparatorTest
Running org.apache.commons.codec.language.MetaphoneTest
Tests run: 34, Failures: 0, Errors: 0, Skipped: 0, Time elapsed: 0.053 sec - in org.apache.commons.codec.language.MetaphoneTest
Running org.apache.commons.codec.language.MatchRatingApproachEncoderTest
Tests run: 96, Failures: 0, Errors: 0, Skipped: 0, Time elapsed: 0.033 sec - in org.apache.commons.codec.language.MatchRatingApproachEncoderTest
Running org.apache.commons.codec.language.DoubleMetaphoneTest
Tests run: 16, Failures: 0, Errors: 0, Skipped: 0, Time elapsed: 0.031 sec - in org.apache.commons.codec.language.DoubleMetaphoneTest
Running org.apache.commons.codec.language.SoundexTest
Tests run: 28, Failures: 0, Errors: 0, Skipped: 0, Time elapsed: 0.013 sec - in org.apache.commons.codec.language.SoundexTest
Running org.apache.commons.codec.language.DoubleMetaphone2Test
Tests run: 6, Failures: 0, Errors: 0, Skipped: 0, Time elapsed: 0.029 sec - in org.apache.commons.codec.language.DoubleMetaphone2Test
Running org.apache.commons.codec.language.ColognePhoneticTest
Tests run: 13, Failures: 0, Errors: 0, Skipped: 0, Time elapsed: 0.005 sec - in org.apache.commons.codec.language.ColognePhoneticTest
Running org.apache.commons.codec.language.Caverphone2Test
Tests run: 13, Failures: 0, Errors: 0, Skipped: 0, Time elapsed: 0.054 sec - in org.apache.commons.codec.language.Caverphone2Test
Running org.apache.commons.codec.language.DaitchMokotoffSoundexTest
Tests run: 13, Failures: 0, Errors: 13, Skipped: 0, Time elapsed: 0.018 sec <<< FAILURE! - in org.apache.commons.codec.language.DaitchMokotoffSoundexTest
testSoundexBasic(org.apache.commons.codec.language.DaitchMokotoffSoundexTest)  Time elapsed: 0.006 sec  <<< ERROR!
java.lang.ExceptionInInitializerError: null
	at org.apache.commons.codec.language.DaitchMokotoffSoundex.<clinit>(DaitchMokotoffSoundex.java:231)
	at org.apache.commons.codec.language.DaitchMokotoffSoundexTest.createStringEncoder(DaitchMokotoffSoundexTest.java:36)
	at org.apache.commons.codec.language.DaitchMokotoffSoundexTest.createStringEncoder(DaitchMokotoffSoundexTest.java:32)

testAdjacentCodes(org.apache.commons.codec.language.DaitchMokotoffSoundexTest)  Time elapsed: 0.001 sec  <<< ERROR!
java.lang.NoClassDefFoundError: Could not initialize class org.apache.commons.codec.language.DaitchMokotoffSoundex
	at org.apache.commons.codec.language.DaitchMokotoffSoundexTest.createStringEncoder(DaitchMokotoffSoundexTest.java:36)
	at org.apache.commons.codec.language.DaitchMokotoffSoundexTest.createStringEncoder(DaitchMokotoffSoundexTest.java:32)

testSpecialRomanianCharacters(org.apache.commons.codec.language.DaitchMokotoffSoundexTest)  Time elapsed: 0 sec  <<< ERROR!
java.lang.NoClassDefFoundError: Could not initialize class org.apache.commons.codec.language.DaitchMokotoffSoundex
	at org.apache.commons.codec.language.DaitchMokotoffSoundexTest.createStringEncoder(DaitchMokotoffSoundexTest.java:36)
	at org.apache.commons.codec.language.DaitchMokotoffSoundexTest.createStringEncoder(DaitchMokotoffSoundexTest.java:32)

testSoundexBasic2(org.apache.commons.codec.language.DaitchMokotoffSoundexTest)  Time elapsed: 0 sec  <<< ERROR!
java.lang.NoClassDefFoundError: Could not initialize class org.apache.commons.codec.language.DaitchMokotoffSoundex
	at org.apache.commons.codec.language.DaitchMokotoffSoundexTest.createStringEncoder(DaitchMokotoffSoundexTest.java:36)
	at org.apache.commons.codec.language.DaitchMokotoffSoundexTest.createStringEncoder(DaitchMokotoffSoundexTest.java:32)

testSoundexBasic3(org.apache.commons.codec.language.DaitchMokotoffSoundexTest)  Time elapsed: 0 sec  <<< ERROR!
java.lang.NoClassDefFoundError: Could not initialize class org.apache.commons.codec.language.DaitchMokotoffSoundex
	at org.apache.commons.codec.language.DaitchMokotoffSoundexTest.createStringEncoder(DaitchMokotoffSoundexTest.java:36)
	at org.apache.commons.codec.language.DaitchMokotoffSoundexTest.createStringEncoder(DaitchMokotoffSoundexTest.java:32)

testEncodeIgnoreHyphens(org.apache.commons.codec.language.DaitchMokotoffSoundexTest)  Time elapsed: 0 sec  <<< ERROR!
java.lang.NoClassDefFoundError: Could not initialize class org.apache.commons.codec.language.DaitchMokotoffSoundex
	at org.apache.commons.codec.language.DaitchMokotoffSoundexTest.createStringEncoder(DaitchMokotoffSoundexTest.java:36)
	at org.apache.commons.codec.language.DaitchMokotoffSoundexTest.createStringEncoder(DaitchMokotoffSoundexTest.java:32)

testEncodeIgnoreTrimmable(org.apache.commons.codec.language.DaitchMokotoffSoundexTest)  Time elapsed: 0 sec  <<< ERROR!
java.lang.NoClassDefFoundError: Could not initialize class org.apache.commons.codec.language.DaitchMokotoffSoundex
	at org.apache.commons.codec.language.DaitchMokotoffSoundexTest.createStringEncoder(DaitchMokotoffSoundexTest.java:36)
	at org.apache.commons.codec.language.DaitchMokotoffSoundexTest.createStringEncoder(DaitchMokotoffSoundexTest.java:32)

testEncodeIgnoreApostrophes(org.apache.commons.codec.language.DaitchMokotoffSoundexTest)  Time elapsed: 0 sec  <<< ERROR!
java.lang.NoClassDefFoundError: Could not initialize class org.apache.commons.codec.language.DaitchMokotoffSoundex
	at org.apache.commons.codec.language.DaitchMokotoffSoundexTest.createStringEncoder(DaitchMokotoffSoundexTest.java:36)
	at org.apache.commons.codec.language.DaitchMokotoffSoundexTest.createStringEncoder(DaitchMokotoffSoundexTest.java:32)

testAccentedCharacterFolding(org.apache.commons.codec.language.DaitchMokotoffSoundexTest)  Time elapsed: 0 sec  <<< ERROR!
java.lang.NoClassDefFoundError: Could not initialize class org.apache.commons.codec.language.DaitchMokotoffSoundex
	at org.apache.commons.codec.language.DaitchMokotoffSoundexTest.createStringEncoder(DaitchMokotoffSoundexTest.java:36)
	at org.apache.commons.codec.language.DaitchMokotoffSoundexTest.createStringEncoder(DaitchMokotoffSoundexTest.java:32)

testEncodeWithInvalidObject(org.apache.commons.codec.language.DaitchMokotoffSoundexTest)  Time elapsed: 0.001 sec  <<< ERROR!
java.lang.NoClassDefFoundError: Could not initialize class org.apache.commons.codec.language.DaitchMokotoffSoundex
	at org.apache.commons.codec.language.DaitchMokotoffSoundexTest.createStringEncoder(DaitchMokotoffSoundexTest.java:36)
	at org.apache.commons.codec.language.DaitchMokotoffSoundexTest.createStringEncoder(DaitchMokotoffSoundexTest.java:32)

testEncodeNull(org.apache.commons.codec.language.DaitchMokotoffSoundexTest)  Time elapsed: 0.001 sec  <<< ERROR!
java.lang.NoClassDefFoundError: Could not initialize class org.apache.commons.codec.language.DaitchMokotoffSoundex
	at org.apache.commons.codec.language.DaitchMokotoffSoundexTest.createStringEncoder(DaitchMokotoffSoundexTest.java:36)
	at org.apache.commons.codec.language.DaitchMokotoffSoundexTest.createStringEncoder(DaitchMokotoffSoundexTest.java:32)

testEncodeEmpty(org.apache.commons.codec.language.DaitchMokotoffSoundexTest)  Time elapsed: 0 sec  <<< ERROR!
java.lang.NoClassDefFoundError: Could not initialize class org.apache.commons.codec.language.DaitchMokotoffSoundex
	at org.apache.commons.codec.language.DaitchMokotoffSoundexTest.createStringEncoder(DaitchMokotoffSoundexTest.java:36)
	at org.apache.commons.codec.language.DaitchMokotoffSoundexTest.createStringEncoder(DaitchMokotoffSoundexTest.java:32)

testLocaleIndependence(org.apache.commons.codec.language.DaitchMokotoffSoundexTest)  Time elapsed: 0 sec  <<< ERROR!
java.lang.NoClassDefFoundError: Could not initialize class org.apache.commons.codec.language.DaitchMokotoffSoundex
	at org.apache.commons.codec.language.DaitchMokotoffSoundexTest.createStringEncoder(DaitchMokotoffSoundexTest.java:36)
	at org.apache.commons.codec.language.DaitchMokotoffSoundexTest.createStringEncoder(DaitchMokotoffSoundexTest.java:32)

Running org.apache.commons.codec.language.Caverphone1Test
Tests run: 9, Failures: 0, Errors: 0, Skipped: 0, Time elapsed: 0.008 sec - in org.apache.commons.codec.language.Caverphone1Test
Running org.apache.commons.codec.language.RefinedSoundexTest
Tests run: 10, Failures: 0, Errors: 0, Skipped: 0, Time elapsed: 0.004 sec - in org.apache.commons.codec.language.RefinedSoundexTest
Running org.apache.commons.codec.language.NysiisTest
Tests run: 23, Failures: 0, Errors: 0, Skipped: 0, Time elapsed: 0.011 sec - in org.apache.commons.codec.language.NysiisTest
Running org.apache.commons.codec.language.bm.RuleTest
Tests run: 3, Failures: 0, Errors: 2, Skipped: 0, Time elapsed: 0.006 sec <<< FAILURE! - in org.apache.commons.codec.language.bm.RuleTest
testPhonemeComparedToLaterIsNegative(org.apache.commons.codec.language.bm.RuleTest)  Time elapsed: 0.003 sec  <<< ERROR!
java.lang.ExceptionInInitializerError: null
	at org.apache.commons.codec.language.bm.Languages.getInstance(Languages.java:175)
	at org.apache.commons.codec.language.bm.Languages.<clinit>(Languages.java:161)
	at org.apache.commons.codec.language.bm.RuleTest.makePhonemes(RuleTest.java:55)
	at org.apache.commons.codec.language.bm.RuleTest.testPhonemeComparedToLaterIsNegative(RuleTest.java:64)

testPhonemeComparedToSelfIsZero(org.apache.commons.codec.language.bm.RuleTest)  Time elapsed: 0.001 sec  <<< ERROR!
java.lang.NoClassDefFoundError: Could not initialize class org.apache.commons.codec.language.bm.Languages
	at org.apache.commons.codec.language.bm.RuleTest.makePhonemes(RuleTest.java:55)
	at org.apache.commons.codec.language.bm.RuleTest.testPhonemeComparedToSelfIsZero(RuleTest.java:78)

Running org.apache.commons.codec.language.bm.PhoneticEngineRegressionTest
Tests run: 4, Failures: 0, Errors: 4, Skipped: 0, Time elapsed: 0.008 sec <<< FAILURE! - in org.apache.commons.codec.language.bm.PhoneticEngineRegressionTest
testSolrGENERIC(org.apache.commons.codec.language.bm.PhoneticEngineRegressionTest)  Time elapsed: 0.004 sec  <<< ERROR!
java.lang.NoClassDefFoundError: Could not initialize class org.apache.commons.codec.language.bm.Languages
	at org.apache.commons.codec.language.bm.Lang.<clinit>(Lang.java:102)
	at org.apache.commons.codec.language.bm.PhoneticEngine.<init>(PhoneticEngine.java:317)
	at org.apache.commons.codec.language.bm.PhoneticEngine.<init>(PhoneticEngine.java:293)
	at org.apache.commons.codec.language.bm.PhoneticEngineRegressionTest.encode(PhoneticEngineRegressionTest.java:219)
	at org.apache.commons.codec.language.bm.PhoneticEngineRegressionTest.testSolrGENERIC(PhoneticEngineRegressionTest.java:43)

testSolrSEPHARDIC(org.apache.commons.codec.language.bm.PhoneticEngineRegressionTest)  Time elapsed: 0.001 sec  <<< ERROR!
java.lang.NoClassDefFoundError: Could not initialize class org.apache.commons.codec.language.bm.Lang
	at org.apache.commons.codec.language.bm.PhoneticEngine.<init>(PhoneticEngine.java:317)
	at org.apache.commons.codec.language.bm.PhoneticEngine.<init>(PhoneticEngine.java:293)
	at org.apache.commons.codec.language.bm.PhoneticEngineRegressionTest.encode(PhoneticEngineRegressionTest.java:219)
	at org.apache.commons.codec.language.bm.PhoneticEngineRegressionTest.testSolrSEPHARDIC(PhoneticEngineRegressionTest.java:138)

testCompatibilityWithOriginalVersion(org.apache.commons.codec.language.bm.PhoneticEngineRegressionTest)  Time elapsed: 0.001 sec  <<< ERROR!
java.lang.NoClassDefFoundError: Could not initialize class org.apache.commons.codec.language.bm.Lang
	at org.apache.commons.codec.language.bm.PhoneticEngine.<init>(PhoneticEngine.java:317)
	at org.apache.commons.codec.language.bm.PhoneticEngine.<init>(PhoneticEngine.java:293)
	at org.apache.commons.codec.language.bm.PhoneticEngineRegressionTest.encode(PhoneticEngineRegressionTest.java:219)
	at org.apache.commons.codec.language.bm.PhoneticEngineRegressionTest.testCompatibilityWithOriginalVersion(PhoneticEngineRegressionTest.java:189)

testSolrASHKENAZI(org.apache.commons.codec.language.bm.PhoneticEngineRegressionTest)  Time elapsed: 0.001 sec  <<< ERROR!
java.lang.NoClassDefFoundError: Could not initialize class org.apache.commons.codec.language.bm.Lang
	at org.apache.commons.codec.language.bm.PhoneticEngine.<init>(PhoneticEngine.java:317)
	at org.apache.commons.codec.language.bm.PhoneticEngine.<init>(PhoneticEngine.java:293)
	at org.apache.commons.codec.language.bm.PhoneticEngineRegressionTest.encode(PhoneticEngineRegressionTest.java:219)
	at org.apache.commons.codec.language.bm.PhoneticEngineRegressionTest.testSolrASHKENAZI(PhoneticEngineRegressionTest.java:89)

Running org.apache.commons.codec.language.bm.BeiderMorseEncoderTest
Tests run: 22, Failures: 0, Errors: 22, Skipped: 0, Time elapsed: 0.017 sec <<< FAILURE! - in org.apache.commons.codec.language.bm.BeiderMorseEncoderTest
testEncodeGna(org.apache.commons.codec.language.bm.BeiderMorseEncoderTest)  Time elapsed: 0 sec  <<< ERROR!
java.lang.NoClassDefFoundError: Could not initialize class org.apache.commons.codec.language.bm.Lang
	at org.apache.commons.codec.language.bm.PhoneticEngine.<init>(PhoneticEngine.java:317)
	at org.apache.commons.codec.language.bm.PhoneticEngine.<init>(PhoneticEngine.java:293)
	at org.apache.commons.codec.language.bm.BeiderMorseEncoder.<init>(BeiderMorseEncoder.java:81)
	at org.apache.commons.codec.language.bm.BeiderMorseEncoderTest.createStringEncoder(BeiderMorseEncoderTest.java:51)

testAsciiEncodeNotEmpty1Letter(org.apache.commons.codec.language.bm.BeiderMorseEncoderTest)  Time elapsed: 0.001 sec  <<< ERROR!
java.lang.NoClassDefFoundError: Could not initialize class org.apache.commons.codec.language.bm.Lang
	at org.apache.commons.codec.language.bm.PhoneticEngine.<init>(PhoneticEngine.java:317)
	at org.apache.commons.codec.language.bm.PhoneticEngine.<init>(PhoneticEngine.java:293)
	at org.apache.commons.codec.language.bm.BeiderMorseEncoder.<init>(BeiderMorseEncoder.java:81)
	at org.apache.commons.codec.language.bm.BeiderMorseEncoderTest.createStringEncoder(BeiderMorseEncoderTest.java:51)

testInvalidLanguageIllegalArgumentException(org.apache.commons.codec.language.bm.BeiderMorseEncoderTest)  Time elapsed: 0 sec  <<< ERROR!
java.lang.NoClassDefFoundError: Could not initialize class org.apache.commons.codec.language.bm.Lang
	at org.apache.commons.codec.language.bm.PhoneticEngine.<init>(PhoneticEngine.java:317)
	at org.apache.commons.codec.language.bm.PhoneticEngine.<init>(PhoneticEngine.java:293)
	at org.apache.commons.codec.language.bm.BeiderMorseEncoder.<init>(BeiderMorseEncoder.java:81)
	at org.apache.commons.codec.language.bm.BeiderMorseEncoderTest.createStringEncoder(BeiderMorseEncoderTest.java:51)

testSetRuleTypeExact(org.apache.commons.codec.language.bm.BeiderMorseEncoderTest)  Time elapsed: 0 sec  <<< ERROR!
java.lang.NoClassDefFoundError: Could not initialize class org.apache.commons.codec.language.bm.Lang
	at org.apache.commons.codec.language.bm.PhoneticEngine.<init>(PhoneticEngine.java:317)
	at org.apache.commons.codec.language.bm.PhoneticEngine.<init>(PhoneticEngine.java:293)
	at org.apache.commons.codec.language.bm.BeiderMorseEncoder.<init>(BeiderMorseEncoder.java:81)
	at org.apache.commons.codec.language.bm.BeiderMorseEncoderTest.createStringEncoder(BeiderMorseEncoderTest.java:51)

testAllChars(org.apache.commons.codec.language.bm.BeiderMorseEncoderTest)  Time elapsed: 0 sec  <<< ERROR!
java.lang.NoClassDefFoundError: Could not initialize class org.apache.commons.codec.language.bm.Lang
	at org.apache.commons.codec.language.bm.PhoneticEngine.<init>(PhoneticEngine.java:317)
	at org.apache.commons.codec.language.bm.PhoneticEngine.<init>(PhoneticEngine.java:293)
	at org.apache.commons.codec.language.bm.BeiderMorseEncoder.<init>(BeiderMorseEncoder.java:81)
	at org.apache.commons.codec.language.bm.BeiderMorseEncoderTest.createStringEncoder(BeiderMorseEncoderTest.java:51)

testEncodeAtzNotEmpty(org.apache.commons.codec.language.bm.BeiderMorseEncoderTest)  Time elapsed: 0.001 sec  <<< ERROR!
java.lang.NoClassDefFoundError: Could not initialize class org.apache.commons.codec.language.bm.Lang
	at org.apache.commons.codec.language.bm.PhoneticEngine.<init>(PhoneticEngine.java:317)
	at org.apache.commons.codec.language.bm.PhoneticEngine.<init>(PhoneticEngine.java:293)
	at org.apache.commons.codec.language.bm.BeiderMorseEncoder.<init>(BeiderMorseEncoder.java:81)
	at org.apache.commons.codec.language.bm.BeiderMorseEncoderTest.createStringEncoder(BeiderMorseEncoderTest.java:51)

testOOM(org.apache.commons.codec.language.bm.BeiderMorseEncoderTest)  Time elapsed: 0 sec  <<< ERROR!
java.lang.NoClassDefFoundError: Could not initialize class org.apache.commons.codec.language.bm.Lang
	at org.apache.commons.codec.language.bm.PhoneticEngine.<init>(PhoneticEngine.java:317)
	at org.apache.commons.codec.language.bm.PhoneticEngine.<init>(PhoneticEngine.java:293)
	at org.apache.commons.codec.language.bm.BeiderMorseEncoder.<init>(BeiderMorseEncoder.java:81)
	at org.apache.commons.codec.language.bm.BeiderMorseEncoderTest.createStringEncoder(BeiderMorseEncoderTest.java:51)

testNegativeIndexForRuleMatchIndexOutOfBoundsException(org.apache.commons.codec.language.bm.BeiderMorseEncoderTest)  Time elapsed: 0.001 sec  <<< ERROR!
java.lang.NoClassDefFoundError: Could not initialize class org.apache.commons.codec.language.bm.Lang
	at org.apache.commons.codec.language.bm.PhoneticEngine.<init>(PhoneticEngine.java:317)
	at org.apache.commons.codec.language.bm.PhoneticEngine.<init>(PhoneticEngine.java:293)
	at org.apache.commons.codec.language.bm.BeiderMorseEncoder.<init>(BeiderMorseEncoder.java:81)
	at org.apache.commons.codec.language.bm.BeiderMorseEncoderTest.createStringEncoder(BeiderMorseEncoderTest.java:51)

testInvalidLangIllegalArgumentException(org.apache.commons.codec.language.bm.BeiderMorseEncoderTest)  Time elapsed: 0 sec  <<< ERROR!
java.lang.NoClassDefFoundError: Could not initialize class org.apache.commons.codec.language.bm.Lang
	at org.apache.commons.codec.language.bm.PhoneticEngine.<init>(PhoneticEngine.java:317)
	at org.apache.commons.codec.language.bm.PhoneticEngine.<init>(PhoneticEngine.java:293)
	at org.apache.commons.codec.language.bm.BeiderMorseEncoder.<init>(BeiderMorseEncoder.java:81)
	at org.apache.commons.codec.language.bm.BeiderMorseEncoderTest.createStringEncoder(BeiderMorseEncoderTest.java:51)

testAsciiEncodeNotEmpty2Letters(org.apache.commons.codec.language.bm.BeiderMorseEncoderTest)  Time elapsed: 0 sec  <<< ERROR!
java.lang.NoClassDefFoundError: Could not initialize class org.apache.commons.codec.language.bm.Lang
	at org.apache.commons.codec.language.bm.PhoneticEngine.<init>(PhoneticEngine.java:317)
	at org.apache.commons.codec.language.bm.PhoneticEngine.<init>(PhoneticEngine.java:293)
	at org.apache.commons.codec.language.bm.BeiderMorseEncoder.<init>(BeiderMorseEncoder.java:81)
	at org.apache.commons.codec.language.bm.BeiderMorseEncoderTest.createStringEncoder(BeiderMorseEncoderTest.java:51)

testSpeedCheck(org.apache.commons.codec.language.bm.BeiderMorseEncoderTest)  Time elapsed: 0 sec  <<< ERROR!
java.lang.NoClassDefFoundError: Could not initialize class org.apache.commons.codec.language.bm.Lang
	at org.apache.commons.codec.language.bm.PhoneticEngine.<init>(PhoneticEngine.java:317)
	at org.apache.commons.codec.language.bm.PhoneticEngine.<init>(PhoneticEngine.java:293)
	at org.apache.commons.codec.language.bm.BeiderMorseEncoder.<init>(BeiderMorseEncoder.java:81)
	at org.apache.commons.codec.language.bm.BeiderMorseEncoderTest.createStringEncoder(BeiderMorseEncoderTest.java:51)

testSetNameTypeAsh(org.apache.commons.codec.language.bm.BeiderMorseEncoderTest)  Time elapsed: 0 sec  <<< ERROR!
java.lang.NoClassDefFoundError: Could not initialize class org.apache.commons.codec.language.bm.Lang
	at org.apache.commons.codec.language.bm.PhoneticEngine.<init>(PhoneticEngine.java:317)
	at org.apache.commons.codec.language.bm.PhoneticEngine.<init>(PhoneticEngine.java:293)
	at org.apache.commons.codec.language.bm.BeiderMorseEncoder.<init>(BeiderMorseEncoder.java:81)
	at org.apache.commons.codec.language.bm.BeiderMorseEncoderTest.createStringEncoder(BeiderMorseEncoderTest.java:51)

testSetConcat(org.apache.commons.codec.language.bm.BeiderMorseEncoderTest)  Time elapsed: 0 sec  <<< ERROR!
java.lang.NoClassDefFoundError: Could not initialize class org.apache.commons.codec.language.bm.Lang
	at org.apache.commons.codec.language.bm.PhoneticEngine.<init>(PhoneticEngine.java:317)
	at org.apache.commons.codec.language.bm.PhoneticEngine.<init>(PhoneticEngine.java:293)
	at org.apache.commons.codec.language.bm.BeiderMorseEncoder.<init>(BeiderMorseEncoder.java:81)
	at org.apache.commons.codec.language.bm.BeiderMorseEncoderTest.createStringEncoder(BeiderMorseEncoderTest.java:51)

testSpeedCheck2(org.apache.commons.codec.language.bm.BeiderMorseEncoderTest)  Time elapsed: 0 sec  <<< ERROR!
java.lang.NoClassDefFoundError: Could not initialize class org.apache.commons.codec.language.bm.Lang
	at org.apache.commons.codec.language.bm.PhoneticEngine.<init>(PhoneticEngine.java:317)
	at org.apache.commons.codec.language.bm.PhoneticEngine.<init>(PhoneticEngine.java:293)
	at org.apache.commons.codec.language.bm.BeiderMorseEncoder.<init>(BeiderMorseEncoder.java:81)
	at org.apache.commons.codec.language.bm.BeiderMorseEncoderTest.createStringEncoder(BeiderMorseEncoderTest.java:51)

testSpeedCheck3(org.apache.commons.codec.language.bm.BeiderMorseEncoderTest)  Time elapsed: 0 sec  <<< ERROR!
java.lang.NoClassDefFoundError: Could not initialize class org.apache.commons.codec.language.bm.Lang
	at org.apache.commons.codec.language.bm.PhoneticEngine.<init>(PhoneticEngine.java:317)
	at org.apache.commons.codec.language.bm.PhoneticEngine.<init>(PhoneticEngine.java:293)
	at org.apache.commons.codec.language.bm.BeiderMorseEncoder.<init>(BeiderMorseEncoder.java:81)
	at org.apache.commons.codec.language.bm.BeiderMorseEncoderTest.createStringEncoder(BeiderMorseEncoderTest.java:51)

testSetRuleTypeToRulesIllegalArgumentException(org.apache.commons.codec.language.bm.BeiderMorseEncoderTest)  Time elapsed: 0 sec  <<< ERROR!
java.lang.NoClassDefFoundError: Could not initialize class org.apache.commons.codec.language.bm.Lang
	at org.apache.commons.codec.language.bm.PhoneticEngine.<init>(PhoneticEngine.java:317)
	at org.apache.commons.codec.language.bm.PhoneticEngine.<init>(PhoneticEngine.java:293)
	at org.apache.commons.codec.language.bm.BeiderMorseEncoder.<init>(BeiderMorseEncoder.java:81)
	at org.apache.commons.codec.language.bm.BeiderMorseEncoderTest.createStringEncoder(BeiderMorseEncoderTest.java:51)

testLongestEnglishSurname(org.apache.commons.codec.language.bm.BeiderMorseEncoderTest)  Time elapsed: 0 sec  <<< ERROR!
java.lang.NoClassDefFoundError: Could not initialize class org.apache.commons.codec.language.bm.Lang
	at org.apache.commons.codec.language.bm.PhoneticEngine.<init>(PhoneticEngine.java:317)
	at org.apache.commons.codec.language.bm.PhoneticEngine.<init>(PhoneticEngine.java:293)
	at org.apache.commons.codec.language.bm.BeiderMorseEncoder.<init>(BeiderMorseEncoder.java:81)
	at org.apache.commons.codec.language.bm.BeiderMorseEncoderTest.createStringEncoder(BeiderMorseEncoderTest.java:51)

testInvalidLangIllegalStateException(org.apache.commons.codec.language.bm.BeiderMorseEncoderTest)  Time elapsed: 0.001 sec  <<< ERROR!
java.lang.NoClassDefFoundError: Could not initialize class org.apache.commons.codec.language.bm.Lang
	at org.apache.commons.codec.language.bm.PhoneticEngine.<init>(PhoneticEngine.java:317)
	at org.apache.commons.codec.language.bm.PhoneticEngine.<init>(PhoneticEngine.java:293)
	at org.apache.commons.codec.language.bm.BeiderMorseEncoder.<init>(BeiderMorseEncoder.java:81)
	at org.apache.commons.codec.language.bm.BeiderMorseEncoderTest.createStringEncoder(BeiderMorseEncoderTest.java:51)

testEncodeWithInvalidObject(org.apache.commons.codec.language.bm.BeiderMorseEncoderTest)  Time elapsed: 0 sec  <<< ERROR!
java.lang.NoClassDefFoundError: Could not initialize class org.apache.commons.codec.language.bm.Lang
	at org.apache.commons.codec.language.bm.PhoneticEngine.<init>(PhoneticEngine.java:317)
	at org.apache.commons.codec.language.bm.PhoneticEngine.<init>(PhoneticEngine.java:293)
	at org.apache.commons.codec.language.bm.BeiderMorseEncoder.<init>(BeiderMorseEncoder.java:81)
	at org.apache.commons.codec.language.bm.BeiderMorseEncoderTest.createStringEncoder(BeiderMorseEncoderTest.java:51)

testEncodeNull(org.apache.commons.codec.language.bm.BeiderMorseEncoderTest)  Time elapsed: 0.001 sec  <<< ERROR!
java.lang.NoClassDefFoundError: Could not initialize class org.apache.commons.codec.language.bm.Lang
	at org.apache.commons.codec.language.bm.PhoneticEngine.<init>(PhoneticEngine.java:317)
	at org.apache.commons.codec.language.bm.PhoneticEngine.<init>(PhoneticEngine.java:293)
	at org.apache.commons.codec.language.bm.BeiderMorseEncoder.<init>(BeiderMorseEncoder.java:81)
	at org.apache.commons.codec.language.bm.BeiderMorseEncoderTest.createStringEncoder(BeiderMorseEncoderTest.java:51)

testEncodeEmpty(org.apache.commons.codec.language.bm.BeiderMorseEncoderTest)  Time elapsed: 0 sec  <<< ERROR!
java.lang.NoClassDefFoundError: Could not initialize class org.apache.commons.codec.language.bm.Lang
	at org.apache.commons.codec.language.bm.PhoneticEngine.<init>(PhoneticEngine.java:317)
	at org.apache.commons.codec.language.bm.PhoneticEngine.<init>(PhoneticEngine.java:293)
	at org.apache.commons.codec.language.bm.BeiderMorseEncoder.<init>(BeiderMorseEncoder.java:81)
	at org.apache.commons.codec.language.bm.BeiderMorseEncoderTest.createStringEncoder(BeiderMorseEncoderTest.java:51)

testLocaleIndependence(org.apache.commons.codec.language.bm.BeiderMorseEncoderTest)  Time elapsed: 0 sec  <<< ERROR!
java.lang.NoClassDefFoundError: Could not initialize class org.apache.commons.codec.language.bm.Lang
	at org.apache.commons.codec.language.bm.PhoneticEngine.<init>(PhoneticEngine.java:317)
	at org.apache.commons.codec.language.bm.PhoneticEngine.<init>(PhoneticEngine.java:293)
	at org.apache.commons.codec.language.bm.BeiderMorseEncoder.<init>(BeiderMorseEncoder.java:81)
	at org.apache.commons.codec.language.bm.BeiderMorseEncoderTest.createStringEncoder(BeiderMorseEncoderTest.java:51)

Running org.apache.commons.codec.language.bm.PhoneticEngineTest
Tests run: 8, Failures: 0, Errors: 8, Skipped: 0, Time elapsed: 0.049 sec <<< FAILURE! - in org.apache.commons.codec.language.bm.PhoneticEngineTest
testEncode[Renault-rinD|rinDlt|rina|rinalt|rino|rinolt|rinu|rinult-GENERIC-APPROX](org.apache.commons.codec.language.bm.PhoneticEngineTest)  Time elapsed: 0.005 sec  <<< ERROR!
java.lang.NoClassDefFoundError: Could not initialize class org.apache.commons.codec.language.bm.Lang
	at org.apache.commons.codec.language.bm.PhoneticEngine.<init>(PhoneticEngine.java:317)
	at org.apache.commons.codec.language.bm.PhoneticEngineTest.testEncode(PhoneticEngineTest.java:82)

testEncode[Renault-rYnDlt|rYnalt|rYnult|rinDlt|rinalt|rinolt|rinult-ASHKENAZI-APPROX](org.apache.commons.codec.language.bm.PhoneticEngineTest)  Time elapsed: 0.001 sec  <<< ERROR!
java.lang.NoClassDefFoundError: Could not initialize class org.apache.commons.codec.language.bm.Lang
	at org.apache.commons.codec.language.bm.PhoneticEngine.<init>(PhoneticEngine.java:317)
	at org.apache.commons.codec.language.bm.PhoneticEngineTest.testEncode(PhoneticEngineTest.java:82)

testEncode[Renault-rinDlt-ASHKENAZI-APPROX](org.apache.commons.codec.language.bm.PhoneticEngineTest)  Time elapsed: 0.003 sec  <<< ERROR!
java.lang.NoClassDefFoundError: Could not initialize class org.apache.commons.codec.language.bm.Lang
	at org.apache.commons.codec.language.bm.PhoneticEngine.<init>(PhoneticEngine.java:317)
	at org.apache.commons.codec.language.bm.PhoneticEngineTest.testEncode(PhoneticEngineTest.java:82)

testEncode[Renault-rinDlt-SEPHARDIC-APPROX](org.apache.commons.codec.language.bm.PhoneticEngineTest)  Time elapsed: 0.004 sec  <<< ERROR!
java.lang.NoClassDefFoundError: Could not initialize class org.apache.commons.codec.language.bm.Lang
	at org.apache.commons.codec.language.bm.PhoneticEngine.<init>(PhoneticEngine.java:317)
	at org.apache.commons.codec.language.bm.PhoneticEngineTest.testEncode(PhoneticEngineTest.java:82)

testEncode[SntJohn-Smith-sntjonsmit-GENERIC-EXACT](org.apache.commons.codec.language.bm.PhoneticEngineTest)  Time elapsed: 0.009 sec  <<< ERROR!
java.lang.NoClassDefFoundError: Could not initialize class org.apache.commons.codec.language.bm.Lang
	at org.apache.commons.codec.language.bm.PhoneticEngine.<init>(PhoneticEngine.java:317)
	at org.apache.commons.codec.language.bm.PhoneticEngineTest.testEncode(PhoneticEngineTest.java:82)

testEncode[d'ortley-(ortlaj|ortlej)-(dortlaj|dortlej)-GENERIC-EXACT](org.apache.commons.codec.language.bm.PhoneticEngineTest)  Time elapsed: 0.006 sec  <<< ERROR!
java.lang.NoClassDefFoundError: Could not initialize class org.apache.commons.codec.language.bm.Lang
	at org.apache.commons.codec.language.bm.PhoneticEngine.<init>(PhoneticEngine.java:317)
	at org.apache.commons.codec.language.bm.PhoneticEngineTest.testEncode(PhoneticEngineTest.java:82)

testEncode[van helsing-(elSink|elsink|helSink|helsink|helzink|xelsink)-(banhelsink|fanhelsink|fanhelzink|vanhelsink|vanhelzink|vanjelsink)-GENERIC-EXACT](org.apache.commons.codec.language.bm.PhoneticEngineTest)  Time elapsed: 0.005 sec  <<< ERROR!
java.lang.NoClassDefFoundError: Could not initialize class org.apache.commons.codec.language.bm.Lang
	at org.apache.commons.codec.language.bm.PhoneticEngine.<init>(PhoneticEngine.java:317)
	at org.apache.commons.codec.language.bm.PhoneticEngineTest.testEncode(PhoneticEngineTest.java:82)

testEncode[Judenburg-iudnbYrk|iudnbirk|iudnburk|xudnbirk|xudnburk|zudnbirk|zudnburk-GENERIC-APPROX](org.apache.commons.codec.language.bm.PhoneticEngineTest)  Time elapsed: 0.006 sec  <<< ERROR!
java.lang.NoClassDefFoundError: Could not initialize class org.apache.commons.codec.language.bm.Lang
	at org.apache.commons.codec.language.bm.PhoneticEngine.<init>(PhoneticEngine.java:317)
	at org.apache.commons.codec.language.bm.PhoneticEngineTest.testEncode(PhoneticEngineTest.java:82)

Running org.apache.commons.codec.language.bm.LanguageGuessingTest
Tests run: 18, Failures: 0, Errors: 18, Skipped: 0, Time elapsed: 0.019 sec <<< FAILURE! - in org.apache.commons.codec.language.bm.LanguageGuessingTest
testLanguageGuessing[Renault-french-exact](org.apache.commons.codec.language.bm.LanguageGuessingTest)  Time elapsed: 0.002 sec  <<< ERROR!
java.lang.NoClassDefFoundError: Could not initialize class org.apache.commons.codec.language.bm.Lang
	at org.apache.commons.codec.language.bm.LanguageGuessingTest.<init>(LanguageGuessingTest.java:65)

testLanguageGuessing[Mickiewicz-polish-exact](org.apache.commons.codec.language.bm.LanguageGuessingTest)  Time elapsed: 0 sec  <<< ERROR!
java.lang.NoClassDefFoundError: Could not initialize class org.apache.commons.codec.language.bm.Lang
	at org.apache.commons.codec.language.bm.LanguageGuessingTest.<init>(LanguageGuessingTest.java:65)

testLanguageGuessing[Thompson-english-one of](org.apache.commons.codec.language.bm.LanguageGuessingTest)  Time elapsed: 0 sec  <<< ERROR!
java.lang.NoClassDefFoundError: Could not initialize class org.apache.commons.codec.language.bm.Lang
	at org.apache.commons.codec.language.bm.LanguageGuessingTest.<init>(LanguageGuessingTest.java:65)

testLanguageGuessing[Nuñez-spanish-exact](org.apache.commons.codec.language.bm.LanguageGuessingTest)  Time elapsed: 0.001 sec  <<< ERROR!
java.lang.NoClassDefFoundError: Could not initialize class org.apache.commons.codec.language.bm.Lang
	at org.apache.commons.codec.language.bm.LanguageGuessingTest.<init>(LanguageGuessingTest.java:65)

testLanguageGuessing[Carvalho-portuguese-exact](org.apache.commons.codec.language.bm.LanguageGuessingTest)  Time elapsed: 0 sec  <<< ERROR!
java.lang.NoClassDefFoundError: Could not initialize class org.apache.commons.codec.language.bm.Lang
	at org.apache.commons.codec.language.bm.LanguageGuessingTest.<init>(LanguageGuessingTest.java:65)

testLanguageGuessing[Čapek-czech-exact](org.apache.commons.codec.language.bm.LanguageGuessingTest)  Time elapsed: 0.001 sec  <<< ERROR!
java.lang.NoClassDefFoundError: Could not initialize class org.apache.commons.codec.language.bm.Lang
	at org.apache.commons.codec.language.bm.LanguageGuessingTest.<init>(LanguageGuessingTest.java:65)

testLanguageGuessing[Sjneijder-dutch-exact](org.apache.commons.codec.language.bm.LanguageGuessingTest)  Time elapsed: 0 sec  <<< ERROR!
java.lang.NoClassDefFoundError: Could not initialize class org.apache.commons.codec.language.bm.Lang
	at org.apache.commons.codec.language.bm.LanguageGuessingTest.<init>(LanguageGuessingTest.java:65)

testLanguageGuessing[Klausewitz-german-exact](org.apache.commons.codec.language.bm.LanguageGuessingTest)  Time elapsed: 0 sec  <<< ERROR!
java.lang.NoClassDefFoundError: Could not initialize class org.apache.commons.codec.language.bm.Lang
	at org.apache.commons.codec.language.bm.LanguageGuessingTest.<init>(LanguageGuessingTest.java:65)

testLanguageGuessing[Küçük-turkish-exact](org.apache.commons.codec.language.bm.LanguageGuessingTest)  Time elapsed: 0 sec  <<< ERROR!
java.lang.NoClassDefFoundError: Could not initialize class org.apache.commons.codec.language.bm.Lang
	at org.apache.commons.codec.language.bm.LanguageGuessingTest.<init>(LanguageGuessingTest.java:65)

testLanguageGuessing[Giacometti-italian-exact](org.apache.commons.codec.language.bm.LanguageGuessingTest)  Time elapsed: 0 sec  <<< ERROR!
java.lang.NoClassDefFoundError: Could not initialize class org.apache.commons.codec.language.bm.Lang
	at org.apache.commons.codec.language.bm.LanguageGuessingTest.<init>(LanguageGuessingTest.java:65)

testLanguageGuessing[Nagy-hungarian-exact](org.apache.commons.codec.language.bm.LanguageGuessingTest)  Time elapsed: 0.001 sec  <<< ERROR!
java.lang.NoClassDefFoundError: Could not initialize class org.apache.commons.codec.language.bm.Lang
	at org.apache.commons.codec.language.bm.LanguageGuessingTest.<init>(LanguageGuessingTest.java:65)

testLanguageGuessing[Ceauşescu-romanian-exact](org.apache.commons.codec.language.bm.LanguageGuessingTest)  Time elapsed: 0 sec  <<< ERROR!
java.lang.NoClassDefFoundError: Could not initialize class org.apache.commons.codec.language.bm.Lang
	at org.apache.commons.codec.language.bm.LanguageGuessingTest.<init>(LanguageGuessingTest.java:65)

testLanguageGuessing[Angelopoulos-greeklatin-exact](org.apache.commons.codec.language.bm.LanguageGuessingTest)  Time elapsed: 0 sec  <<< ERROR!
java.lang.NoClassDefFoundError: Could not initialize class org.apache.commons.codec.language.bm.Lang
	at org.apache.commons.codec.language.bm.LanguageGuessingTest.<init>(LanguageGuessingTest.java:65)

testLanguageGuessing[Αγγελόπουλος-greek-exact](org.apache.commons.codec.language.bm.LanguageGuessingTest)  Time elapsed: 0 sec  <<< ERROR!
java.lang.NoClassDefFoundError: Could not initialize class org.apache.commons.codec.language.bm.Lang
	at org.apache.commons.codec.language.bm.LanguageGuessingTest.<init>(LanguageGuessingTest.java:65)

testLanguageGuessing[Пушкин-cyrillic-exact](org.apache.commons.codec.language.bm.LanguageGuessingTest)  Time elapsed: 0.001 sec  <<< ERROR!
java.lang.NoClassDefFoundError: Could not initialize class org.apache.commons.codec.language.bm.Lang
	at org.apache.commons.codec.language.bm.LanguageGuessingTest.<init>(LanguageGuessingTest.java:65)

testLanguageGuessing[כהן-hebrew-exact](org.apache.commons.codec.language.bm.LanguageGuessingTest)  Time elapsed: 0 sec  <<< ERROR!
java.lang.NoClassDefFoundError: Could not initialize class org.apache.commons.codec.language.bm.Lang
	at org.apache.commons.codec.language.bm.LanguageGuessingTest.<init>(LanguageGuessingTest.java:65)

testLanguageGuessing[ácz-any-exact](org.apache.commons.codec.language.bm.LanguageGuessingTest)  Time elapsed: 0 sec  <<< ERROR!
java.lang.NoClassDefFoundError: Could not initialize class org.apache.commons.codec.language.bm.Lang
	at org.apache.commons.codec.language.bm.LanguageGuessingTest.<init>(LanguageGuessingTest.java:65)

testLanguageGuessing[átz-any-exact](org.apache.commons.codec.language.bm.LanguageGuessingTest)  Time elapsed: 0 sec  <<< ERROR!
java.lang.NoClassDefFoundError: Could not initialize class org.apache.commons.codec.language.bm.Lang
	at org.apache.commons.codec.language.bm.LanguageGuessingTest.<init>(LanguageGuessingTest.java:65)

Running org.apache.commons.codec.EncoderExceptionTest
Tests run: 4, Failures: 0, Errors: 0, Skipped: 0, Time elapsed: 0.002 sec - in org.apache.commons.codec.EncoderExceptionTest

Results :

Tests in error: 
  DaitchMokotoffSoundexTest.<init>:32->StringEncoderAbstractTest.<init>:30->createStringEncoder:32->createStringEncoder:36 ExceptionInInitializer
  DaitchMokotoffSoundexTest.<init>:32->StringEncoderAbstractTest.<init>:30->createStringEncoder:32->createStringEncoder:36 NoClassDefFound
  DaitchMokotoffSoundexTest.<init>:32->StringEncoderAbstractTest.<init>:30->createStringEncoder:32->createStringEncoder:36 NoClassDefFound
  DaitchMokotoffSoundexTest.<init>:32->StringEncoderAbstractTest.<init>:30->createStringEncoder:32->createStringEncoder:36 NoClassDefFound
  DaitchMokotoffSoundexTest.<init>:32->StringEncoderAbstractTest.<init>:30->createStringEncoder:32->createStringEncoder:36 NoClassDefFound
  DaitchMokotoffSoundexTest.<init>:32->StringEncoderAbstractTest.<init>:30->createStringEncoder:32->createStringEncoder:36 NoClassDefFound
  DaitchMokotoffSoundexTest.<init>:32->StringEncoderAbstractTest.<init>:30->createStringEncoder:32->createStringEncoder:36 NoClassDefFound
  DaitchMokotoffSoundexTest.<init>:32->StringEncoderAbstractTest.<init>:30->createStringEncoder:32->createStringEncoder:36 NoClassDefFound
  DaitchMokotoffSoundexTest.<init>:32->StringEncoderAbstractTest.<init>:30->createStringEncoder:32->createStringEncoder:36 NoClassDefFound
  DaitchMokotoffSoundexTest.<init>:32->StringEncoderAbstractTest.<init>:30->createStringEncoder:32->createStringEncoder:36 NoClassDefFound
  DaitchMokotoffSoundexTest.<init>:32->StringEncoderAbstractTest.<init>:30->createStringEncoder:32->createStringEncoder:36 NoClassDefFound
  DaitchMokotoffSoundexTest.<init>:32->StringEncoderAbstractTest.<init>:30->createStringEncoder:32->createStringEncoder:36 NoClassDefFound
  DaitchMokotoffSoundexTest.<init>:32->StringEncoderAbstractTest.<init>:30->createStringEncoder:32->createStringEncoder:36 NoClassDefFound
  RuleTest.testPhonemeComparedToLaterIsNegative:64->makePhonemes:55 ExceptionInInitializer
  RuleTest.testPhonemeComparedToSelfIsZero:78->makePhonemes:55 NoClassDefFound C...
  PhoneticEngineRegressionTest.testSolrGENERIC:43->encode:219 » NoClassDefFound ...
  PhoneticEngineRegressionTest.testSolrSEPHARDIC:138->encode:219 » NoClassDefFound
  PhoneticEngineRegressionTest.testCompatibilityWithOriginalVersion:189->encode:219 » NoClassDefFound
  PhoneticEngineRegressionTest.testSolrASHKENAZI:89->encode:219 » NoClassDefFound
  BeiderMorseEncoderTest.<init>:35->StringEncoderAbstractTest.<init>:30->createStringEncoder:51 » NoClassDefFound
  BeiderMorseEncoderTest.<init>:35->StringEncoderAbstractTest.<init>:30->createStringEncoder:51 » NoClassDefFound
  BeiderMorseEncoderTest.<init>:35->StringEncoderAbstractTest.<init>:30->createStringEncoder:51 » NoClassDefFound
  BeiderMorseEncoderTest.<init>:35->StringEncoderAbstractTest.<init>:30->createStringEncoder:51 » NoClassDefFound
  BeiderMorseEncoderTest.<init>:35->StringEncoderAbstractTest.<init>:30->createStringEncoder:51 » NoClassDefFound
  BeiderMorseEncoderTest.<init>:35->StringEncoderAbstractTest.<init>:30->createStringEncoder:51 » NoClassDefFound
  BeiderMorseEncoderTest.<init>:35->StringEncoderAbstractTest.<init>:30->createStringEncoder:51 » NoClassDefFound
  BeiderMorseEncoderTest.<init>:35->StringEncoderAbstractTest.<init>:30->createStringEncoder:51 » NoClassDefFound
  BeiderMorseEncoderTest.<init>:35->StringEncoderAbstractTest.<init>:30->createStringEncoder:51 » NoClassDefFound
  BeiderMorseEncoderTest.<init>:35->StringEncoderAbstractTest.<init>:30->createStringEncoder:51 » NoClassDefFound
  BeiderMorseEncoderTest.<init>:35->StringEncoderAbstractTest.<init>:30->createStringEncoder:51 » NoClassDefFound
  BeiderMorseEncoderTest.<init>:35->StringEncoderAbstractTest.<init>:30->createStringEncoder:51 » NoClassDefFound
  BeiderMorseEncoderTest.<init>:35->StringEncoderAbstractTest.<init>:30->createStringEncoder:51 » NoClassDefFound
  BeiderMorseEncoderTest.<init>:35->StringEncoderAbstractTest.<init>:30->createStringEncoder:51 » NoClassDefFound
  BeiderMorseEncoderTest.<init>:35->StringEncoderAbstractTest.<init>:30->createStringEncoder:51 » NoClassDefFound
  BeiderMorseEncoderTest.<init>:35->StringEncoderAbstractTest.<init>:30->createStringEncoder:51 » NoClassDefFound
  BeiderMorseEncoderTest.<init>:35->StringEncoderAbstractTest.<init>:30->createStringEncoder:51 » NoClassDefFound
  BeiderMorseEncoderTest.<init>:35->StringEncoderAbstractTest.<init>:30->createStringEncoder:51 » NoClassDefFound
  BeiderMorseEncoderTest.<init>:35->StringEncoderAbstractTest.<init>:30->createStringEncoder:51 » NoClassDefFound
  BeiderMorseEncoderTest.<init>:35->StringEncoderAbstractTest.<init>:30->createStringEncoder:51 » NoClassDefFound
  BeiderMorseEncoderTest.<init>:35->StringEncoderAbstractTest.<init>:30->createStringEncoder:51 » NoClassDefFound
  BeiderMorseEncoderTest.<init>:35->StringEncoderAbstractTest.<init>:30->createStringEncoder:51 » NoClassDefFound
  PhoneticEngineTest.testEncode:82 » NoClassDefFound Could not initialize class ...
  PhoneticEngineTest.testEncode:82 » NoClassDefFound Could not initialize class ...
  PhoneticEngineTest.testEncode:82 » NoClassDefFound Could not initialize class ...
  PhoneticEngineTest.testEncode:82 » NoClassDefFound Could not initialize class ...
  PhoneticEngineTest.testEncode:82 » NoClassDefFound Could not initialize class ...
  PhoneticEngineTest.testEncode:82 » NoClassDefFound Could not initialize class ...
  PhoneticEngineTest.testEncode:82 » NoClassDefFound Could not initialize class ...
  PhoneticEngineTest.testEncode:82 » NoClassDefFound Could not initialize class ...
  LanguageGuessingTest.<init>:65 NoClassDefFound Could not initialize class org....
  LanguageGuessingTest.<init>:65 NoClassDefFound Could not initialize class org....
  LanguageGuessingTest.<init>:65 NoClassDefFound Could not initialize class org....
  LanguageGuessingTest.<init>:65 NoClassDefFound Could not initialize class org....
  LanguageGuessingTest.<init>:65 NoClassDefFound Could not initialize class org....
  LanguageGuessingTest.<init>:65 NoClassDefFound Could not initialize class org....
  LanguageGuessingTest.<init>:65 NoClassDefFound Could not initialize class org....
  LanguageGuessingTest.<init>:65 NoClassDefFound Could not initialize class org....
  LanguageGuessingTest.<init>:65 NoClassDefFound Could not initialize class org....
  LanguageGuessingTest.<init>:65 NoClassDefFound Could not initialize class org....
  LanguageGuessingTest.<init>:65 NoClassDefFound Could not initialize class org....
  LanguageGuessingTest.<init>:65 NoClassDefFound Could not initialize class org....
  LanguageGuessingTest.<init>:65 NoClassDefFound Could not initialize class org....
  LanguageGuessingTest.<init>:65 NoClassDefFound Could not initialize class org....
  LanguageGuessingTest.<init>:65 NoClassDefFound Could not initialize class org....
  LanguageGuessingTest.<init>:65 NoClassDefFound Could not initialize class org....
  LanguageGuessingTest.<init>:65 NoClassDefFound Could not initialize class org....
  LanguageGuessingTest.<init>:65 NoClassDefFound Could not initialize class org....

Tests run: 662, Failures: 0, Errors: 67, Skipped: 1

[INFO] ------------------------------------------------------------------------
[INFO] BUILD FAILURE
[INFO] ------------------------------------------------------------------------
[INFO] Total time: 8.559 s
[INFO] Finished at: 2017-09-21T12:54:17+02:00
[INFO] Final Memory: 24M/322M
[INFO] ------------------------------------------------------------------------
[ERROR] Failed to execute goal org.apache.maven.plugins:maven-surefire-plugin:2.17:test (default-test) on project commons-codec: There are test failures.
[ERROR] 
[ERROR] Please refer to /home/artefact/tests/Maven Test Sources/commons-codec-1.10-test-sources/target/surefire-reports for the individual test results.
[ERROR] -> [Help 1]
[ERROR] 
[ERROR] To see the full stack trace of the errors, re-run Maven with the -e switch.
[ERROR] Re-run Maven using the -X switch to enable full debug logging.
[ERROR] 
[ERROR] For more information about the errors and possible solutions, please read the following articles:
[ERROR] [Help 1] http://cwiki.apache.org/confluence/display/MAVEN/MojoFailureException
