[INFO] Scanning for projects...
[INFO]                                                                         
[INFO] ------------------------------------------------------------------------
[INFO] Building Commons Math 3.2
[INFO] ------------------------------------------------------------------------
[INFO] 
[INFO] --- maven-antrun-plugin:1.7:run (javadoc.resources) @ commons-math3 ---
[INFO] Executing tasks

main:
[INFO] Executed tasks
[INFO] 
[INFO] --- maven-remote-resources-plugin:1.4:process (default) @ commons-math3 ---
[INFO] 
[INFO] --- buildnumber-maven-plugin:1.2:create (default) @ commons-math3 ---
[INFO] Checking for local modifications: skipped.
[INFO] Updating project files from SCM: skipped.
[INFO] Executing: /bin/sh -c cd "/home/artefact/tests/Maven Test Sources/commons-math3-3.2-test-sources" && svn --non-interactive info
[INFO] Working directory: /home/artefact/tests/Maven Test Sources/commons-math3-3.2-test-sources
[INFO] Storing buildNumber: ?????? at timestamp: 1505989590288
[INFO] Executing: /bin/sh -c cd "/home/artefact/tests/Maven Test Sources/commons-math3-3.2-test-sources" && svn --non-interactive info
[INFO] Working directory: /home/artefact/tests/Maven Test Sources/commons-math3-3.2-test-sources
[INFO] Storing buildScmBranch: UNKNOWN_BRANCH
[INFO] 
[INFO] --- maven-resources-plugin:2.6:resources (default-resources) @ commons-math3 ---
[INFO] Using 'UTF-8' encoding to copy filtered resources.
[INFO] skip non existing resourceDirectory /home/artefact/tests/Maven Test Sources/commons-math3-3.2-test-sources/src/main/resources
[INFO] Copying 0 resource to META-INF
[INFO] 
[INFO] --- maven-compiler-plugin:3.0:compile (default-compile) @ commons-math3 ---
[INFO] Changes detected - recompiling the module!
[INFO] Compiling 787 source files to /home/artefact/tests/Maven Test Sources/commons-math3-3.2-test-sources/target/classes
[WARNING] /home/artefact/tests/Maven Test Sources/commons-math3-3.2-test-sources/src/main/java/org/apache/commons/math3/optimization/univariate/SimpleUnivariateValueChecker.java: Some input files use or override a deprecated API.
[WARNING] /home/artefact/tests/Maven Test Sources/commons-math3-3.2-test-sources/src/main/java/org/apache/commons/math3/optimization/univariate/SimpleUnivariateValueChecker.java: Recompile with -Xlint:deprecation for details.
[INFO] 
[INFO] --- maven-bundle-plugin:2.3.7:manifest (bundle-manifest) @ commons-math3 ---
[INFO] 
[INFO] --- maven-resources-plugin:2.6:testResources (default-testResources) @ commons-math3 ---
[INFO] Using 'UTF-8' encoding to copy filtered resources.
[INFO] skip non existing resourceDirectory /home/artefact/tests/Maven Test Sources/commons-math3-3.2-test-sources/src/test/resources
[INFO] Copying 0 resource to META-INF
[INFO] 
[INFO] --- maven-compiler-plugin:3.0:testCompile (default-testCompile) @ commons-math3 ---
[INFO] Changes detected - recompiling the module!
[INFO] Compiling 466 source files to /home/artefact/tests/Maven Test Sources/commons-math3-3.2-test-sources/target/test-classes
[WARNING] /home/artefact/tests/Maven Test Sources/commons-math3-3.2-test-sources/src/test/java/org/apache/commons/math3/optimization/MultivariateDifferentiableVectorMultiStartOptimizerTest.java: Some input files use or override a deprecated API.
[WARNING] /home/artefact/tests/Maven Test Sources/commons-math3-3.2-test-sources/src/test/java/org/apache/commons/math3/optimization/MultivariateDifferentiableVectorMultiStartOptimizerTest.java: Recompile with -Xlint:deprecation for details.
[INFO] 
[INFO] --- maven-surefire-plugin:2.13:test (default-test) @ commons-math3 ---
[INFO] Surefire report directory: /home/artefact/tests/Maven Test Sources/commons-math3-3.2-test-sources/target/surefire-reports

-------------------------------------------------------
 T E S T S
-------------------------------------------------------
Running org.apache.commons.math3.complex.ComplexFormatTest
Tests run: 31, Failures: 0, Errors: 0, Skipped: 0, Time elapsed: 0.108 sec
Running org.apache.commons.math3.complex.QuaternionTest
Tests run: 22, Failures: 0, Errors: 0, Skipped: 0, Time elapsed: 0.036 sec
Running org.apache.commons.math3.complex.FrenchComplexFormatTest
Tests run: 31, Failures: 0, Errors: 0, Skipped: 0, Time elapsed: 0.039 sec
Running org.apache.commons.math3.complex.ComplexFieldTest
Tests run: 3, Failures: 0, Errors: 0, Skipped: 0, Time elapsed: 0.083 sec
Running org.apache.commons.math3.complex.ComplexUtilsTest
Tests run: 5, Failures: 0, Errors: 0, Skipped: 0, Time elapsed: 0.011 sec
Running org.apache.commons.math3.complex.ComplexTest
Tests run: 123, Failures: 0, Errors: 0, Skipped: 0, Time elapsed: 0.051 sec
Running org.apache.commons.math3.complex.RootsOfUnityTest
Tests run: 6, Failures: 0, Errors: 0, Skipped: 0, Time elapsed: 0.007 sec
Running org.apache.commons.math3.ml.clustering.MultiKMeansPlusPlusClustererTest
Tests run: 1, Failures: 0, Errors: 0, Skipped: 0, Time elapsed: 0.013 sec
Running org.apache.commons.math3.ml.clustering.DBSCANClustererTest
Tests run: 7, Failures: 0, Errors: 0, Skipped: 0, Time elapsed: 0.028 sec
Running org.apache.commons.math3.ml.clustering.KMeansPlusPlusClustererTest
Tests run: 4, Failures: 0, Errors: 0, Skipped: 0, Time elapsed: 0.031 sec
Running org.apache.commons.math3.ml.distance.ManhattanDistanceTest
Tests run: 2, Failures: 0, Errors: 0, Skipped: 0, Time elapsed: 0.001 sec
Running org.apache.commons.math3.ml.distance.ChebyshevDistanceTest
Tests run: 2, Failures: 0, Errors: 0, Skipped: 0, Time elapsed: 0.001 sec
Running org.apache.commons.math3.ml.distance.EuclideanDistanceTest
Tests run: 2, Failures: 0, Errors: 0, Skipped: 0, Time elapsed: 0 sec
Running org.apache.commons.math3.ml.distance.CanberraDistanceTest
Tests run: 3, Failures: 0, Errors: 0, Skipped: 0, Time elapsed: 0.002 sec
Running org.apache.commons.math3.stat.data.LewTest
Tests run: 1, Failures: 0, Errors: 1, Skipped: 0, Time elapsed: 0.038 sec <<< FAILURE!
testCertifiedValues(org.apache.commons.math3.stat.data.LewTest)  Time elapsed: 0.038 sec  <<< ERROR!
java.lang.NullPointerException: null
	at org.apache.commons.math3.stat.data.CertifiedDataAbstractTest.loadData(CertifiedDataAbstractTest.java:63)
	at org.apache.commons.math3.stat.data.CertifiedDataAbstractTest.setUp(CertifiedDataAbstractTest.java:55)
	at sun.reflect.NativeMethodAccessorImpl.invoke0(Native Method)
	at sun.reflect.NativeMethodAccessorImpl.invoke(NativeMethodAccessorImpl.java:62)
	at sun.reflect.DelegatingMethodAccessorImpl.invoke(DelegatingMethodAccessorImpl.java:43)
	at java.lang.reflect.Method.invoke(Method.java:498)
	at org.junit.runners.model.FrameworkMethod$1.runReflectiveCall(FrameworkMethod.java:45)
	at org.junit.internal.runners.model.ReflectiveCallable.run(ReflectiveCallable.java:15)
	at org.junit.runners.model.FrameworkMethod.invokeExplosively(FrameworkMethod.java:42)
	at org.junit.internal.runners.statements.RunBefores.evaluate(RunBefores.java:27)
	at org.junit.internal.runners.statements.RunAfters.evaluate(RunAfters.java:30)
	at org.junit.runners.ParentRunner.runLeaf(ParentRunner.java:263)
	at org.junit.runners.BlockJUnit4ClassRunner.runChild(BlockJUnit4ClassRunner.java:68)
	at org.junit.runners.BlockJUnit4ClassRunner.runChild(BlockJUnit4ClassRunner.java:47)
	at org.junit.runners.ParentRunner$3.run(ParentRunner.java:231)
	at org.junit.runners.ParentRunner$1.schedule(ParentRunner.java:60)
	at org.junit.runners.ParentRunner.runChildren(ParentRunner.java:229)
	at org.junit.runners.ParentRunner.access$000(ParentRunner.java:50)
	at org.junit.runners.ParentRunner$2.evaluate(ParentRunner.java:222)
	at org.junit.runners.ParentRunner.run(ParentRunner.java:300)
	at org.apache.maven.surefire.junit4.JUnit4Provider.execute(JUnit4Provider.java:264)
	at org.apache.maven.surefire.junit4.JUnit4Provider.executeTestSet(JUnit4Provider.java:153)
	at org.apache.maven.surefire.junit4.JUnit4Provider.invoke(JUnit4Provider.java:124)
	at sun.reflect.NativeMethodAccessorImpl.invoke0(Native Method)
	at sun.reflect.NativeMethodAccessorImpl.invoke(NativeMethodAccessorImpl.java:62)
	at sun.reflect.DelegatingMethodAccessorImpl.invoke(DelegatingMethodAccessorImpl.java:43)
	at java.lang.reflect.Method.invoke(Method.java:498)
	at org.apache.maven.surefire.util.ReflectionUtils.invokeMethodWithArray2(ReflectionUtils.java:208)
	at org.apache.maven.surefire.booter.ProviderFactory$ProviderProxy.invoke(ProviderFactory.java:158)
	at org.apache.maven.surefire.booter.ProviderFactory.invokeProvider(ProviderFactory.java:86)
	at org.apache.maven.surefire.booter.ForkedBooter.runSuitesInProcess(ForkedBooter.java:153)
	at org.apache.maven.surefire.booter.ForkedBooter.main(ForkedBooter.java:95)

Running org.apache.commons.math3.stat.data.LotteryTest
Tests run: 1, Failures: 0, Errors: 1, Skipped: 0, Time elapsed: 0 sec <<< FAILURE!
testCertifiedValues(org.apache.commons.math3.stat.data.LotteryTest)  Time elapsed: 0 sec  <<< ERROR!
java.lang.NullPointerException: null
	at org.apache.commons.math3.stat.data.CertifiedDataAbstractTest.loadData(CertifiedDataAbstractTest.java:63)
	at org.apache.commons.math3.stat.data.CertifiedDataAbstractTest.setUp(CertifiedDataAbstractTest.java:55)
	at sun.reflect.NativeMethodAccessorImpl.invoke0(Native Method)
	at sun.reflect.NativeMethodAccessorImpl.invoke(NativeMethodAccessorImpl.java:62)
	at sun.reflect.DelegatingMethodAccessorImpl.invoke(DelegatingMethodAccessorImpl.java:43)
	at java.lang.reflect.Method.invoke(Method.java:498)
	at org.junit.runners.model.FrameworkMethod$1.runReflectiveCall(FrameworkMethod.java:45)
	at org.junit.internal.runners.model.ReflectiveCallable.run(ReflectiveCallable.java:15)
	at org.junit.runners.model.FrameworkMethod.invokeExplosively(FrameworkMethod.java:42)
	at org.junit.internal.runners.statements.RunBefores.evaluate(RunBefores.java:27)
	at org.junit.internal.runners.statements.RunAfters.evaluate(RunAfters.java:30)
	at org.junit.runners.ParentRunner.runLeaf(ParentRunner.java:263)
	at org.junit.runners.BlockJUnit4ClassRunner.runChild(BlockJUnit4ClassRunner.java:68)
	at org.junit.runners.BlockJUnit4ClassRunner.runChild(BlockJUnit4ClassRunner.java:47)
	at org.junit.runners.ParentRunner$3.run(ParentRunner.java:231)
	at org.junit.runners.ParentRunner$1.schedule(ParentRunner.java:60)
	at org.junit.runners.ParentRunner.runChildren(ParentRunner.java:229)
	at org.junit.runners.ParentRunner.access$000(ParentRunner.java:50)
	at org.junit.runners.ParentRunner$2.evaluate(ParentRunner.java:222)
	at org.junit.runners.ParentRunner.run(ParentRunner.java:300)
	at org.apache.maven.surefire.junit4.JUnit4Provider.execute(JUnit4Provider.java:264)
	at org.apache.maven.surefire.junit4.JUnit4Provider.executeTestSet(JUnit4Provider.java:153)
	at org.apache.maven.surefire.junit4.JUnit4Provider.invoke(JUnit4Provider.java:124)
	at sun.reflect.NativeMethodAccessorImpl.invoke0(Native Method)
	at sun.reflect.NativeMethodAccessorImpl.invoke(NativeMethodAccessorImpl.java:62)
	at sun.reflect.DelegatingMethodAccessorImpl.invoke(DelegatingMethodAccessorImpl.java:43)
	at java.lang.reflect.Method.invoke(Method.java:498)
	at org.apache.maven.surefire.util.ReflectionUtils.invokeMethodWithArray2(ReflectionUtils.java:208)
	at org.apache.maven.surefire.booter.ProviderFactory$ProviderProxy.invoke(ProviderFactory.java:158)
	at org.apache.maven.surefire.booter.ProviderFactory.invokeProvider(ProviderFactory.java:86)
	at org.apache.maven.surefire.booter.ForkedBooter.runSuitesInProcess(ForkedBooter.java:153)
	at org.apache.maven.surefire.booter.ForkedBooter.main(ForkedBooter.java:95)

Running org.apache.commons.math3.stat.inference.GTestTest
Tests run: 13, Failures: 0, Errors: 0, Skipped: 0, Time elapsed: 0.01 sec
Running org.apache.commons.math3.stat.inference.TTestTest
Tests run: 6, Failures: 0, Errors: 0, Skipped: 0, Time elapsed: 0.019 sec
Running org.apache.commons.math3.stat.inference.ChiSquareTestTest
Tests run: 7, Failures: 0, Errors: 0, Skipped: 0, Time elapsed: 0.001 sec
Running org.apache.commons.math3.stat.inference.TestUtilsTest
Tests run: 14, Failures: 0, Errors: 0, Skipped: 0, Time elapsed: 0.012 sec
Running org.apache.commons.math3.stat.inference.MannWhitneyUTestTest
Tests run: 3, Failures: 0, Errors: 0, Skipped: 0, Time elapsed: 0.009 sec
Running org.apache.commons.math3.stat.inference.WilcoxonSignedRankTestTest
Tests run: 2, Failures: 0, Errors: 0, Skipped: 0, Time elapsed: 0.006 sec
Running org.apache.commons.math3.stat.inference.OneWayAnovaTest
Tests run: 4, Failures: 0, Errors: 0, Skipped: 0, Time elapsed: 0.009 sec
Running org.apache.commons.math3.stat.descriptive.SynchronizedMultivariateSummaryStatisticsTest
Tests run: 10, Failures: 0, Errors: 0, Skipped: 0, Time elapsed: 0.031 sec
Running org.apache.commons.math3.stat.descriptive.SynchronizedDescriptiveStatisticsTest
Tests run: 10, Failures: 0, Errors: 0, Skipped: 0, Time elapsed: 0.009 sec
Running org.apache.commons.math3.stat.descriptive.DescriptiveStatisticsTest
Tests run: 10, Failures: 0, Errors: 0, Skipped: 0, Time elapsed: 0.016 sec
Running org.apache.commons.math3.stat.descriptive.AbstractUnivariateStatisticTest
Tests run: 2, Failures: 0, Errors: 0, Skipped: 0, Time elapsed: 0 sec
Running org.apache.commons.math3.stat.descriptive.AggregateSummaryStatisticsTest
Tests run: 5, Failures: 0, Errors: 0, Skipped: 0, Time elapsed: 0.012 sec
Running org.apache.commons.math3.stat.descriptive.rank.MaxTest
Tests run: 14, Failures: 0, Errors: 0, Skipped: 0, Time elapsed: 0.001 sec
Running org.apache.commons.math3.stat.descriptive.rank.MedianTest
Tests run: 5, Failures: 0, Errors: 0, Skipped: 0, Time elapsed: 0.001 sec
Running org.apache.commons.math3.stat.descriptive.rank.PercentileTest
Tests run: 14, Failures: 0, Errors: 0, Skipped: 0, Time elapsed: 0.011 sec
Running org.apache.commons.math3.stat.descriptive.rank.MinTest
Tests run: 14, Failures: 0, Errors: 0, Skipped: 0, Time elapsed: 0.009 sec
Running org.apache.commons.math3.stat.descriptive.SynchronizedSummaryStatisticsTest
Tests run: 13, Failures: 0, Errors: 0, Skipped: 0, Time elapsed: 0.042 sec
Running org.apache.commons.math3.stat.descriptive.MultivariateSummaryStatisticsTest
Tests run: 10, Failures: 0, Errors: 0, Skipped: 0, Time elapsed: 0.029 sec
Running org.apache.commons.math3.stat.descriptive.moment.FourthMomentTest
Tests run: 12, Failures: 0, Errors: 0, Skipped: 0, Time elapsed: 0.016 sec
Running org.apache.commons.math3.stat.descriptive.moment.ThirdMomentTest
Tests run: 12, Failures: 0, Errors: 0, Skipped: 0, Time elapsed: 0.007 sec
Running org.apache.commons.math3.stat.descriptive.moment.VarianceTest
Tests run: 15, Failures: 0, Errors: 0, Skipped: 0, Time elapsed: 0.015 sec
Running org.apache.commons.math3.stat.descriptive.moment.StandardDeviationTest
Tests run: 14, Failures: 0, Errors: 0, Skipped: 0, Time elapsed: 0.021 sec
Running org.apache.commons.math3.stat.descriptive.moment.KurtosisTest
Tests run: 13, Failures: 0, Errors: 0, Skipped: 0, Time elapsed: 0.013 sec
Running org.apache.commons.math3.stat.descriptive.moment.FirstMomentTest
Tests run: 12, Failures: 0, Errors: 0, Skipped: 0, Time elapsed: 0.006 sec
Running org.apache.commons.math3.stat.descriptive.moment.MeanTest
Tests run: 14, Failures: 0, Errors: 0, Skipped: 0, Time elapsed: 0.009 sec
Running org.apache.commons.math3.stat.descriptive.moment.VectorialCovarianceTest
Tests run: 4, Failures: 0, Errors: 0, Skipped: 0, Time elapsed: 0.002 sec
Running org.apache.commons.math3.stat.descriptive.moment.InteractionTest
Tests run: 1, Failures: 0, Errors: 0, Skipped: 0, Time elapsed: 0.001 sec
Running org.apache.commons.math3.stat.descriptive.moment.SecondMomentTest
Tests run: 12, Failures: 0, Errors: 0, Skipped: 0, Time elapsed: 0.005 sec
Running org.apache.commons.math3.stat.descriptive.moment.GeometricMeanTest
Tests run: 13, Failures: 0, Errors: 0, Skipped: 0, Time elapsed: 0.015 sec
Running org.apache.commons.math3.stat.descriptive.moment.SkewnessTest
Tests run: 13, Failures: 0, Errors: 0, Skipped: 0, Time elapsed: 0.008 sec
Running org.apache.commons.math3.stat.descriptive.moment.VectorialMeanTest
Tests run: 4, Failures: 0, Errors: 0, Skipped: 0, Time elapsed: 0.005 sec
Running org.apache.commons.math3.stat.descriptive.moment.SemiVarianceTest
Tests run: 9, Failures: 0, Errors: 0, Skipped: 0, Time elapsed: 0.004 sec
Running org.apache.commons.math3.stat.descriptive.StatisticalSummaryValuesTest
Tests run: 3, Failures: 0, Errors: 0, Skipped: 0, Time elapsed: 0.002 sec
Running org.apache.commons.math3.stat.descriptive.ListUnivariateImplTest
Tests run: 5, Failures: 0, Errors: 0, Skipped: 0, Time elapsed: 0.021 sec
Running org.apache.commons.math3.stat.descriptive.summary.SumLogTest
Tests run: 13, Failures: 0, Errors: 0, Skipped: 0, Time elapsed: 0.004 sec
Running org.apache.commons.math3.stat.descriptive.summary.SumSqTest
Tests run: 13, Failures: 0, Errors: 0, Skipped: 0, Time elapsed: 0.007 sec
Running org.apache.commons.math3.stat.descriptive.summary.SumTest
Tests run: 14, Failures: 0, Errors: 0, Skipped: 0, Time elapsed: 0.005 sec
Running org.apache.commons.math3.stat.descriptive.summary.ProductTest
Tests run: 14, Failures: 0, Errors: 0, Skipped: 0, Time elapsed: 0.008 sec
Running org.apache.commons.math3.stat.descriptive.MixedListUnivariateImplTest
Tests run: 4, Failures: 0, Errors: 0, Skipped: 0, Time elapsed: 0.003 sec
Running org.apache.commons.math3.stat.descriptive.SummaryStatisticsTest
Tests run: 13, Failures: 0, Errors: 0, Skipped: 0, Time elapsed: 0.007 sec
Running org.apache.commons.math3.stat.clustering.EuclideanIntegerPointTest
Tests run: 4, Failures: 0, Errors: 0, Skipped: 0, Time elapsed: 0.003 sec
Running org.apache.commons.math3.stat.clustering.DBSCANClustererTest
Tests run: 7, Failures: 0, Errors: 0, Skipped: 0, Time elapsed: 0.007 sec
Running org.apache.commons.math3.stat.clustering.EuclideanDoublePointTest
Tests run: 4, Failures: 0, Errors: 0, Skipped: 0, Time elapsed: 0.004 sec
Running org.apache.commons.math3.stat.clustering.KMeansPlusPlusClustererTest
Tests run: 5, Failures: 0, Errors: 0, Skipped: 0, Time elapsed: 0.071 sec
Running org.apache.commons.math3.stat.StatUtilsTest
Tests run: 16, Failures: 0, Errors: 0, Skipped: 0, Time elapsed: 0.006 sec
Running org.apache.commons.math3.stat.ranking.NaturalRankingTest
Tests run: 9, Failures: 0, Errors: 0, Skipped: 0, Time elapsed: 0.004 sec
Running org.apache.commons.math3.stat.FrequencyTest
Tests run: 11, Failures: 0, Errors: 0, Skipped: 0, Time elapsed: 0.011 sec
Running org.apache.commons.math3.stat.CertifiedDataTest
Tests run: 2, Failures: 2, Errors: 0, Skipped: 0, Time elapsed: 0.002 sec <<< FAILURE!
testSummaryStatistics(org.apache.commons.math3.stat.CertifiedDataTest)  Time elapsed: 0.001 sec  <<< FAILURE!
java.lang.AssertionError: Could not find resource data/PiDigits.txt
	at org.junit.Assert.fail(Assert.java:93)
	at org.junit.Assert.assertTrue(Assert.java:43)
	at org.junit.Assert.assertNotNull(Assert.java:526)
	at org.apache.commons.math3.stat.CertifiedDataTest.loadStats(CertifiedDataTest.java:117)
	at org.apache.commons.math3.stat.CertifiedDataTest.testSummaryStatistics(CertifiedDataTest.java:46)

testDescriptiveStatistics(org.apache.commons.math3.stat.CertifiedDataTest)  Time elapsed: 0 sec  <<< FAILURE!
java.lang.AssertionError: Could not find resource data/PiDigits.txt
	at org.junit.Assert.fail(Assert.java:93)
	at org.junit.Assert.assertTrue(Assert.java:43)
	at org.junit.Assert.assertNotNull(Assert.java:526)
	at org.apache.commons.math3.stat.CertifiedDataTest.loadStats(CertifiedDataTest.java:117)
	at org.apache.commons.math3.stat.CertifiedDataTest.testDescriptiveStatistics(CertifiedDataTest.java:76)

Running org.apache.commons.math3.stat.regression.SimpleRegressionTest
Tests run: 20, Failures: 0, Errors: 0, Skipped: 0, Time elapsed: 0.015 sec
Running org.apache.commons.math3.stat.regression.OLSMultipleLinearRegressionTest
Tests run: 23, Failures: 0, Errors: 0, Skipped: 0, Time elapsed: 0.02 sec
Running org.apache.commons.math3.stat.regression.GLSMultipleLinearRegressionTest
Tests run: 21, Failures: 0, Errors: 0, Skipped: 0, Time elapsed: 0.505 sec
Running org.apache.commons.math3.stat.regression.MillerUpdatingRegressionTest
Tests run: 17, Failures: 0, Errors: 0, Skipped: 0, Time elapsed: 0.065 sec
Running org.apache.commons.math3.stat.correlation.PearsonsCorrelationTest
Tests run: 8, Failures: 0, Errors: 0, Skipped: 0, Time elapsed: 0.011 sec
Running org.apache.commons.math3.stat.correlation.CovarianceTest
Tests run: 6, Failures: 0, Errors: 0, Skipped: 0, Time elapsed: 0.002 sec
Running org.apache.commons.math3.stat.correlation.SpearmansRankCorrelationTest
Tests run: 11, Failures: 0, Errors: 0, Skipped: 0, Time elapsed: 0.006 sec
Running org.apache.commons.math3.stat.correlation.StorelessCovarianceTest
Tests run: 5, Failures: 0, Errors: 0, Skipped: 0, Time elapsed: 0.004 sec
Running org.apache.commons.math3.fitting.PolynomialFitterTest
Tests run: 9, Failures: 0, Errors: 0, Skipped: 0, Time elapsed: 1.811 sec
Running org.apache.commons.math3.fitting.CurveFitterTest
Tests run: 3, Failures: 0, Errors: 0, Skipped: 0, Time elapsed: 0.003 sec
Running org.apache.commons.math3.fitting.HarmonicFitterTest
Tests run: 7, Failures: 0, Errors: 0, Skipped: 0, Time elapsed: 0.015 sec
Running org.apache.commons.math3.fitting.GaussianFitterTest
Tests run: 9, Failures: 0, Errors: 0, Skipped: 0, Time elapsed: 0.03 sec
Running org.apache.commons.math3.RetryRunnerTest
Tests run: 2, Failures: 0, Errors: 0, Skipped: 0, Time elapsed: 0.004 sec
Running org.apache.commons.math3.exception.NumberIsTooLargeExceptionTest
Tests run: 1, Failures: 0, Errors: 0, Skipped: 0, Time elapsed: 0 sec
Running org.apache.commons.math3.exception.NotStrictlyPositiveExceptionTest
Tests run: 1, Failures: 0, Errors: 0, Skipped: 0, Time elapsed: 0.001 sec
Running org.apache.commons.math3.exception.DimensionMismatchExceptionTest
Tests run: 1, Failures: 0, Errors: 0, Skipped: 0, Time elapsed: 0.004 sec
Running org.apache.commons.math3.exception.NumberIsTooSmallExceptionTest
Tests run: 1, Failures: 0, Errors: 0, Skipped: 0, Time elapsed: 0 sec
Running org.apache.commons.math3.exception.MaxCountExceededExceptionTest
Tests run: 1, Failures: 0, Errors: 0, Skipped: 0, Time elapsed: 0 sec
Running org.apache.commons.math3.exception.NotPositiveExceptionTest
Tests run: 1, Failures: 0, Errors: 0, Skipped: 0, Time elapsed: 0 sec
Running org.apache.commons.math3.exception.TooManyEvaluationsExceptionTest
Tests run: 1, Failures: 0, Errors: 0, Skipped: 0, Time elapsed: 0 sec
Running org.apache.commons.math3.exception.OutOfRangeExceptionTest
Tests run: 1, Failures: 0, Errors: 0, Skipped: 0, Time elapsed: 0.001 sec
Running org.apache.commons.math3.exception.NonMonotonicSequenceExceptionTest
Tests run: 1, Failures: 0, Errors: 0, Skipped: 0, Time elapsed: 0.001 sec
Running org.apache.commons.math3.exception.util.ArgUtilsTest
Tests run: 1, Failures: 0, Errors: 0, Skipped: 0, Time elapsed: 0.001 sec
Running org.apache.commons.math3.exception.util.ExceptionContextTest
Tests run: 5, Failures: 0, Errors: 0, Skipped: 0, Time elapsed: 0.02 sec
Running org.apache.commons.math3.exception.util.LocalizedFormatsTest
Tests run: 6, Failures: 0, Errors: 2, Skipped: 0, Time elapsed: 0.081 sec <<< FAILURE!
testAllKeysPresentInPropertiesFiles(org.apache.commons.math3.exception.util.LocalizedFormatsTest)  Time elapsed: 0.004 sec  <<< ERROR!
java.util.MissingResourceException: Can't find bundle for base name assets/org/apache/commons/math3/exception/util/LocalizedFormats, locale fr
	at java.util.ResourceBundle.throwMissingResourceException(ResourceBundle.java:1564)
	at java.util.ResourceBundle.getBundleImpl(ResourceBundle.java:1387)
	at java.util.ResourceBundle.getBundle(ResourceBundle.java:845)
	at org.apache.commons.math3.exception.util.LocalizedFormatsTest.testAllKeysPresentInPropertiesFiles(LocalizedFormatsTest.java:41)

testAllPropertiesCorrespondToKeys(org.apache.commons.math3.exception.util.LocalizedFormatsTest)  Time elapsed: 0 sec  <<< ERROR!
java.util.MissingResourceException: Can't find bundle for base name assets/org/apache/commons/math3/exception/util/LocalizedFormats, locale fr
	at java.util.ResourceBundle.throwMissingResourceException(ResourceBundle.java:1564)
	at java.util.ResourceBundle.getBundleImpl(ResourceBundle.java:1387)
	at java.util.ResourceBundle.getBundle(ResourceBundle.java:845)
	at org.apache.commons.math3.exception.util.LocalizedFormatsTest.testAllPropertiesCorrespondToKeys(LocalizedFormatsTest.java:61)

Running org.apache.commons.math3.genetics.RandomKeyMutationTest
Tests run: 1, Failures: 0, Errors: 0, Skipped: 0, Time elapsed: 0.008 sec
Running org.apache.commons.math3.genetics.GeneticAlgorithmTestBinary
Tests run: 1, Failures: 0, Errors: 0, Skipped: 0, Time elapsed: 0.047 sec
Running org.apache.commons.math3.genetics.UniformCrossoverTest
Tests run: 6, Failures: 0, Errors: 0, Skipped: 0, Time elapsed: 0.22 sec
Running org.apache.commons.math3.genetics.GeneticAlgorithmTestPermutations
Tests run: 1, Failures: 0, Errors: 0, Skipped: 0, Time elapsed: 0.299 sec
Running org.apache.commons.math3.genetics.OnePointCrossoverTest
Tests run: 1, Failures: 0, Errors: 0, Skipped: 0, Time elapsed: 0.001 sec
Running org.apache.commons.math3.genetics.CycleCrossoverTest
Tests run: 6, Failures: 0, Errors: 0, Skipped: 0, Time elapsed: 0.013 sec
Running org.apache.commons.math3.genetics.OrderedCrossoverTest
Tests run: 4, Failures: 0, Errors: 0, Skipped: 0, Time elapsed: 0.006 sec
Running org.apache.commons.math3.genetics.ElitisticListPopulationTest
Tests run: 8, Failures: 0, Errors: 0, Skipped: 0, Time elapsed: 0.001 sec
Running org.apache.commons.math3.genetics.BinaryChromosomeTest
Tests run: 3, Failures: 0, Errors: 0, Skipped: 0, Time elapsed: 0.004 sec
Running org.apache.commons.math3.genetics.BinaryMutationTest
Tests run: 1, Failures: 0, Errors: 0, Skipped: 0, Time elapsed: 0.001 sec
Running org.apache.commons.math3.genetics.ListPopulationTest
Tests run: 10, Failures: 0, Errors: 0, Skipped: 0, Time elapsed: 0.009 sec
Running org.apache.commons.math3.genetics.NPointCrossoverTest
Tests run: 5, Failures: 0, Errors: 0, Skipped: 0, Time elapsed: 0.007 sec
Running org.apache.commons.math3.genetics.FixedGenerationCountTest
Tests run: 1, Failures: 0, Errors: 0, Skipped: 0, Time elapsed: 0 sec
Running org.apache.commons.math3.genetics.TournamentSelectionTest
Tests run: 1, Failures: 0, Errors: 0, Skipped: 0, Time elapsed: 0.001 sec
Running org.apache.commons.math3.genetics.RandomKeyTest
Tests run: 10, Failures: 0, Errors: 0, Skipped: 0, Time elapsed: 0.007 sec
Running org.apache.commons.math3.genetics.FixedElapsedTimeTest
Tests run: 1, Failures: 0, Errors: 0, Skipped: 0, Time elapsed: 3.048 sec
Running org.apache.commons.math3.genetics.ChromosomeTest
Tests run: 2, Failures: 0, Errors: 0, Skipped: 0, Time elapsed: 0.002 sec
Running org.apache.commons.math3.genetics.FitnessCachingTest
Tests run: 1, Failures: 0, Errors: 0, Skipped: 0, Time elapsed: 0.003 sec
Running org.apache.commons.math3.optimization.SimplePointCheckerTest
Tests run: 3, Failures: 0, Errors: 0, Skipped: 0, Time elapsed: 0.003 sec
Running org.apache.commons.math3.optimization.fitting.PolynomialFitterTest
Tests run: 9, Failures: 0, Errors: 0, Skipped: 0, Time elapsed: 4.704 sec
Running org.apache.commons.math3.optimization.fitting.CurveFitterTest
Tests run: 3, Failures: 0, Errors: 0, Skipped: 0, Time elapsed: 0.006 sec
Running org.apache.commons.math3.optimization.fitting.HarmonicFitterTest
Tests run: 7, Failures: 0, Errors: 0, Skipped: 0, Time elapsed: 0.016 sec
Running org.apache.commons.math3.optimization.fitting.GaussianFitterTest
Tests run: 9, Failures: 0, Errors: 0, Skipped: 0, Time elapsed: 0.033 sec
Running org.apache.commons.math3.optimization.general.MinpackTest
Tests run: 18, Failures: 0, Errors: 0, Skipped: 0, Time elapsed: 0.423 sec
Running org.apache.commons.math3.optimization.general.GaussNewtonOptimizerTest
Tests run: 19, Failures: 0, Errors: 2, Skipped: 0, Time elapsed: 0.032 sec <<< FAILURE!
testHahn1(org.apache.commons.math3.optimization.general.GaussNewtonOptimizerTest)  Time elapsed: 0.001 sec  <<< ERROR!
java.lang.Exception: Unexpected exception, expected<org.apache.commons.math3.exception.ConvergenceException> but was<java.io.IOException>
	at org.apache.commons.math3.optimization.general.StatisticalReferenceDatasetFactory.createBufferedReaderFromResource(StatisticalReferenceDatasetFactory.java:49)
	at org.apache.commons.math3.optimization.general.StatisticalReferenceDatasetFactory.createHahn1(StatisticalReferenceDatasetFactory.java:77)
	at org.apache.commons.math3.optimization.general.AbstractLeastSquaresOptimizerAbstractTest.testHahn1(AbstractLeastSquaresOptimizerAbstractTest.java:493)
	at org.apache.commons.math3.optimization.general.GaussNewtonOptimizerTest.testHahn1(GaussNewtonOptimizerTest.java:149)

testKirby2(org.apache.commons.math3.optimization.general.GaussNewtonOptimizerTest)  Time elapsed: 0 sec  <<< ERROR!
java.io.IOException: could not find resource Kirby2.dat
	at org.apache.commons.math3.optimization.general.StatisticalReferenceDatasetFactory.createBufferedReaderFromResource(StatisticalReferenceDatasetFactory.java:49)
	at org.apache.commons.math3.optimization.general.StatisticalReferenceDatasetFactory.createKirby2(StatisticalReferenceDatasetFactory.java:56)
	at org.apache.commons.math3.optimization.general.AbstractLeastSquaresOptimizerAbstractTest.testKirby2(AbstractLeastSquaresOptimizerAbstractTest.java:488)
	at sun.reflect.NativeMethodAccessorImpl.invoke0(Native Method)
	at sun.reflect.NativeMethodAccessorImpl.invoke(NativeMethodAccessorImpl.java:62)
	at sun.reflect.DelegatingMethodAccessorImpl.invoke(DelegatingMethodAccessorImpl.java:43)
	at java.lang.reflect.Method.invoke(Method.java:498)
	at org.junit.runners.model.FrameworkMethod$1.runReflectiveCall(FrameworkMethod.java:45)
	at org.junit.internal.runners.model.ReflectiveCallable.run(ReflectiveCallable.java:15)
	at org.junit.runners.model.FrameworkMethod.invokeExplosively(FrameworkMethod.java:42)
	at org.junit.internal.runners.statements.InvokeMethod.evaluate(InvokeMethod.java:20)
	at org.junit.runners.ParentRunner.runLeaf(ParentRunner.java:263)
	at org.junit.runners.BlockJUnit4ClassRunner.runChild(BlockJUnit4ClassRunner.java:68)
	at org.junit.runners.BlockJUnit4ClassRunner.runChild(BlockJUnit4ClassRunner.java:47)
	at org.junit.runners.ParentRunner$3.run(ParentRunner.java:231)
	at org.junit.runners.ParentRunner$1.schedule(ParentRunner.java:60)
	at org.junit.runners.ParentRunner.runChildren(ParentRunner.java:229)
	at org.junit.runners.ParentRunner.access$000(ParentRunner.java:50)
	at org.junit.runners.ParentRunner$2.evaluate(ParentRunner.java:222)
	at org.junit.runners.ParentRunner.run(ParentRunner.java:300)
	at org.apache.maven.surefire.junit4.JUnit4Provider.execute(JUnit4Provider.java:264)
	at org.apache.maven.surefire.junit4.JUnit4Provider.executeTestSet(JUnit4Provider.java:153)
	at org.apache.maven.surefire.junit4.JUnit4Provider.invoke(JUnit4Provider.java:124)
	at sun.reflect.NativeMethodAccessorImpl.invoke0(Native Method)
	at sun.reflect.NativeMethodAccessorImpl.invoke(NativeMethodAccessorImpl.java:62)
	at sun.reflect.DelegatingMethodAccessorImpl.invoke(DelegatingMethodAccessorImpl.java:43)
	at java.lang.reflect.Method.invoke(Method.java:498)
	at org.apache.maven.surefire.util.ReflectionUtils.invokeMethodWithArray2(ReflectionUtils.java:208)
	at org.apache.maven.surefire.booter.ProviderFactory$ProviderProxy.invoke(ProviderFactory.java:158)
	at org.apache.maven.surefire.booter.ProviderFactory.invokeProvider(ProviderFactory.java:86)
	at org.apache.maven.surefire.booter.ForkedBooter.runSuitesInProcess(ForkedBooter.java:153)
	at org.apache.maven.surefire.booter.ForkedBooter.main(ForkedBooter.java:95)

Running org.apache.commons.math3.optimization.general.LevenbergMarquardtOptimizerTest
Tests run: 22, Failures: 0, Errors: 2, Skipped: 1, Time elapsed: 0.02 sec <<< FAILURE!
testHahn1(org.apache.commons.math3.optimization.general.LevenbergMarquardtOptimizerTest)  Time elapsed: 0.001 sec  <<< ERROR!
java.io.IOException: could not find resource Hahn1.dat
	at org.apache.commons.math3.optimization.general.StatisticalReferenceDatasetFactory.createBufferedReaderFromResource(StatisticalReferenceDatasetFactory.java:49)
	at org.apache.commons.math3.optimization.general.StatisticalReferenceDatasetFactory.createHahn1(StatisticalReferenceDatasetFactory.java:77)
	at org.apache.commons.math3.optimization.general.AbstractLeastSquaresOptimizerAbstractTest.testHahn1(AbstractLeastSquaresOptimizerAbstractTest.java:493)
	at sun.reflect.NativeMethodAccessorImpl.invoke0(Native Method)
	at sun.reflect.NativeMethodAccessorImpl.invoke(NativeMethodAccessorImpl.java:62)
	at sun.reflect.DelegatingMethodAccessorImpl.invoke(DelegatingMethodAccessorImpl.java:43)
	at java.lang.reflect.Method.invoke(Method.java:498)
	at org.junit.runners.model.FrameworkMethod$1.runReflectiveCall(FrameworkMethod.java:45)
	at org.junit.internal.runners.model.ReflectiveCallable.run(ReflectiveCallable.java:15)
	at org.junit.runners.model.FrameworkMethod.invokeExplosively(FrameworkMethod.java:42)
	at org.junit.internal.runners.statements.InvokeMethod.evaluate(InvokeMethod.java:20)
	at org.junit.runners.ParentRunner.runLeaf(ParentRunner.java:263)
	at org.junit.runners.BlockJUnit4ClassRunner.runChild(BlockJUnit4ClassRunner.java:68)
	at org.junit.runners.BlockJUnit4ClassRunner.runChild(BlockJUnit4ClassRunner.java:47)
	at org.junit.runners.ParentRunner$3.run(ParentRunner.java:231)
	at org.junit.runners.ParentRunner$1.schedule(ParentRunner.java:60)
	at org.junit.runners.ParentRunner.runChildren(ParentRunner.java:229)
	at org.junit.runners.ParentRunner.access$000(ParentRunner.java:50)
	at org.junit.runners.ParentRunner$2.evaluate(ParentRunner.java:222)
	at org.junit.runners.ParentRunner.run(ParentRunner.java:300)
	at org.apache.maven.surefire.junit4.JUnit4Provider.execute(JUnit4Provider.java:264)
	at org.apache.maven.surefire.junit4.JUnit4Provider.executeTestSet(JUnit4Provider.java:153)
	at org.apache.maven.surefire.junit4.JUnit4Provider.invoke(JUnit4Provider.java:124)
	at sun.reflect.NativeMethodAccessorImpl.invoke0(Native Method)
	at sun.reflect.NativeMethodAccessorImpl.invoke(NativeMethodAccessorImpl.java:62)
	at sun.reflect.DelegatingMethodAccessorImpl.invoke(DelegatingMethodAccessorImpl.java:43)
	at java.lang.reflect.Method.invoke(Method.java:498)
	at org.apache.maven.surefire.util.ReflectionUtils.invokeMethodWithArray2(ReflectionUtils.java:208)
	at org.apache.maven.surefire.booter.ProviderFactory$ProviderProxy.invoke(ProviderFactory.java:158)
	at org.apache.maven.surefire.booter.ProviderFactory.invokeProvider(ProviderFactory.java:86)
	at org.apache.maven.surefire.booter.ForkedBooter.runSuitesInProcess(ForkedBooter.java:153)
	at org.apache.maven.surefire.booter.ForkedBooter.main(ForkedBooter.java:95)

testKirby2(org.apache.commons.math3.optimization.general.LevenbergMarquardtOptimizerTest)  Time elapsed: 0 sec  <<< ERROR!
java.io.IOException: could not find resource Kirby2.dat
	at org.apache.commons.math3.optimization.general.StatisticalReferenceDatasetFactory.createBufferedReaderFromResource(StatisticalReferenceDatasetFactory.java:49)
	at org.apache.commons.math3.optimization.general.StatisticalReferenceDatasetFactory.createKirby2(StatisticalReferenceDatasetFactory.java:56)
	at org.apache.commons.math3.optimization.general.AbstractLeastSquaresOptimizerAbstractTest.testKirby2(AbstractLeastSquaresOptimizerAbstractTest.java:488)
	at sun.reflect.NativeMethodAccessorImpl.invoke0(Native Method)
	at sun.reflect.NativeMethodAccessorImpl.invoke(NativeMethodAccessorImpl.java:62)
	at sun.reflect.DelegatingMethodAccessorImpl.invoke(DelegatingMethodAccessorImpl.java:43)
	at java.lang.reflect.Method.invoke(Method.java:498)
	at org.junit.runners.model.FrameworkMethod$1.runReflectiveCall(FrameworkMethod.java:45)
	at org.junit.internal.runners.model.ReflectiveCallable.run(ReflectiveCallable.java:15)
	at org.junit.runners.model.FrameworkMethod.invokeExplosively(FrameworkMethod.java:42)
	at org.junit.internal.runners.statements.InvokeMethod.evaluate(InvokeMethod.java:20)
	at org.junit.runners.ParentRunner.runLeaf(ParentRunner.java:263)
	at org.junit.runners.BlockJUnit4ClassRunner.runChild(BlockJUnit4ClassRunner.java:68)
	at org.junit.runners.BlockJUnit4ClassRunner.runChild(BlockJUnit4ClassRunner.java:47)
	at org.junit.runners.ParentRunner$3.run(ParentRunner.java:231)
	at org.junit.runners.ParentRunner$1.schedule(ParentRunner.java:60)
	at org.junit.runners.ParentRunner.runChildren(ParentRunner.java:229)
	at org.junit.runners.ParentRunner.access$000(ParentRunner.java:50)
	at org.junit.runners.ParentRunner$2.evaluate(ParentRunner.java:222)
	at org.junit.runners.ParentRunner.run(ParentRunner.java:300)
	at org.apache.maven.surefire.junit4.JUnit4Provider.execute(JUnit4Provider.java:264)
	at org.apache.maven.surefire.junit4.JUnit4Provider.executeTestSet(JUnit4Provider.java:153)
	at org.apache.maven.surefire.junit4.JUnit4Provider.invoke(JUnit4Provider.java:124)
	at sun.reflect.NativeMethodAccessorImpl.invoke0(Native Method)
	at sun.reflect.NativeMethodAccessorImpl.invoke(NativeMethodAccessorImpl.java:62)
	at sun.reflect.DelegatingMethodAccessorImpl.invoke(DelegatingMethodAccessorImpl.java:43)
	at java.lang.reflect.Method.invoke(Method.java:498)
	at org.apache.maven.surefire.util.ReflectionUtils.invokeMethodWithArray2(ReflectionUtils.java:208)
	at org.apache.maven.surefire.booter.ProviderFactory$ProviderProxy.invoke(ProviderFactory.java:158)
	at org.apache.maven.surefire.booter.ProviderFactory.invokeProvider(ProviderFactory.java:86)
	at org.apache.maven.surefire.booter.ForkedBooter.runSuitesInProcess(ForkedBooter.java:153)
	at org.apache.maven.surefire.booter.ForkedBooter.main(ForkedBooter.java:95)

Running org.apache.commons.math3.optimization.general.NonLinearConjugateGradientOptimizerTest
Tests run: 12, Failures: 0, Errors: 0, Skipped: 0, Time elapsed: 0.017 sec
Running org.apache.commons.math3.optimization.general.AbstractLeastSquaresOptimizerTest
Tests run: 3, Failures: 0, Errors: 3, Skipped: 0, Time elapsed: 0.001 sec <<< FAILURE!
testGetChiSquare(org.apache.commons.math3.optimization.general.AbstractLeastSquaresOptimizerTest)  Time elapsed: 0.001 sec  <<< ERROR!
java.io.IOException: could not find resource Kirby2.dat
	at org.apache.commons.math3.optimization.general.StatisticalReferenceDatasetFactory.createBufferedReaderFromResource(StatisticalReferenceDatasetFactory.java:49)
	at org.apache.commons.math3.optimization.general.StatisticalReferenceDatasetFactory.createKirby2(StatisticalReferenceDatasetFactory.java:56)
	at org.apache.commons.math3.optimization.general.AbstractLeastSquaresOptimizerTest.testGetChiSquare(AbstractLeastSquaresOptimizerTest.java:43)

testComputeSigma(org.apache.commons.math3.optimization.general.AbstractLeastSquaresOptimizerTest)  Time elapsed: 0 sec  <<< ERROR!
java.io.IOException: could not find resource Kirby2.dat
	at org.apache.commons.math3.optimization.general.StatisticalReferenceDatasetFactory.createBufferedReaderFromResource(StatisticalReferenceDatasetFactory.java:49)
	at org.apache.commons.math3.optimization.general.StatisticalReferenceDatasetFactory.createKirby2(StatisticalReferenceDatasetFactory.java:56)
	at org.apache.commons.math3.optimization.general.AbstractLeastSquaresOptimizerTest.testComputeSigma(AbstractLeastSquaresOptimizerTest.java:81)

testGetRMS(org.apache.commons.math3.optimization.general.AbstractLeastSquaresOptimizerTest)  Time elapsed: 0 sec  <<< ERROR!
java.io.IOException: could not find resource Kirby2.dat
	at org.apache.commons.math3.optimization.general.StatisticalReferenceDatasetFactory.createBufferedReaderFromResource(StatisticalReferenceDatasetFactory.java:49)
	at org.apache.commons.math3.optimization.general.StatisticalReferenceDatasetFactory.createKirby2(StatisticalReferenceDatasetFactory.java:56)
	at org.apache.commons.math3.optimization.general.AbstractLeastSquaresOptimizerTest.testGetRMS(AbstractLeastSquaresOptimizerTest.java:61)

Running org.apache.commons.math3.optimization.direct.MultivariateFunctionPenaltyAdapterTest
Tests run: 5, Failures: 0, Errors: 0, Skipped: 0, Time elapsed: 0.008 sec
Running org.apache.commons.math3.optimization.direct.BOBYQAOptimizerTest
Tests run: 19, Failures: 1, Errors: 1, Skipped: 1, Time elapsed: 3.49 sec <<< FAILURE!
testDiffPow(org.apache.commons.math3.optimization.direct.BOBYQAOptimizerTest)  Time elapsed: 0.984 sec  <<< ERROR!
org.apache.commons.math3.exception.TooManyEvaluationsException: illegal state: maximal count (12,000) exceeded: evaluations
	at org.apache.commons.math3.optimization.direct.BaseAbstractMultivariateOptimizer.computeObjectiveValue(BaseAbstractMultivariateOptimizer.java:108)
	at org.apache.commons.math3.optimization.direct.BOBYQAOptimizer.bobyqb(BOBYQAOptimizer.java:828)
	at org.apache.commons.math3.optimization.direct.BOBYQAOptimizer.bobyqa(BOBYQAOptimizer.java:334)
	at org.apache.commons.math3.optimization.direct.BOBYQAOptimizer.doOptimize(BOBYQAOptimizer.java:246)
	at org.apache.commons.math3.optimization.direct.BaseAbstractMultivariateOptimizer.optimizeInternal(BaseAbstractMultivariateOptimizer.java:206)
	at org.apache.commons.math3.optimization.direct.BaseAbstractMultivariateOptimizer.optimize(BaseAbstractMultivariateOptimizer.java:145)
	at org.apache.commons.math3.optimization.direct.BOBYQAOptimizerTest.doTest(BOBYQAOptimizerTest.java:327)
	at org.apache.commons.math3.optimization.direct.BOBYQAOptimizerTest.doTest(BOBYQAOptimizerTest.java:281)
	at org.apache.commons.math3.optimization.direct.BOBYQAOptimizerTest.testDiffPow(BOBYQAOptimizerTest.java:186)

testAckley(org.apache.commons.math3.optimization.direct.BOBYQAOptimizerTest)  Time elapsed: 0.074 sec  <<< FAILURE!
java.lang.AssertionError: expected:<0.0> but was:<1.047765607609108E-8>
	at org.junit.Assert.fail(Assert.java:93)
	at org.junit.Assert.failNotEquals(Assert.java:647)
	at org.junit.Assert.assertEquals(Assert.java:443)
	at org.apache.commons.math3.optimization.direct.BOBYQAOptimizerTest.doTest(BOBYQAOptimizerTest.java:336)
	at org.apache.commons.math3.optimization.direct.BOBYQAOptimizerTest.doTest(BOBYQAOptimizerTest.java:281)
	at org.apache.commons.math3.optimization.direct.BOBYQAOptimizerTest.testAckley(BOBYQAOptimizerTest.java:208)

Running org.apache.commons.math3.optimization.direct.SimplexOptimizerMultiDirectionalTest
Tests run: 7, Failures: 0, Errors: 0, Skipped: 0, Time elapsed: 0.026 sec
Running org.apache.commons.math3.optimization.direct.PowellOptimizerTest
Tests run: 4, Failures: 0, Errors: 0, Skipped: 0, Time elapsed: 0.009 sec
Running org.apache.commons.math3.optimization.direct.CMAESOptimizerTest
Tests run: 24, Failures: 0, Errors: 0, Skipped: 0, Time elapsed: 5.584 sec
Running org.apache.commons.math3.optimization.direct.MultivariateFunctionMappingAdapterTest
Tests run: 4, Failures: 0, Errors: 0, Skipped: 0, Time elapsed: 0.007 sec
Running org.apache.commons.math3.optimization.direct.SimplexOptimizerNelderMeadTest
Tests run: 10, Failures: 0, Errors: 0, Skipped: 0, Time elapsed: 0.006 sec
Running org.apache.commons.math3.optimization.MultivariateDifferentiableVectorMultiStartOptimizerTest
Tests run: 2, Failures: 0, Errors: 0, Skipped: 0, Time elapsed: 0.004 sec
Running org.apache.commons.math3.optimization.linear.SimplexTableauTest
Tests run: 4, Failures: 0, Errors: 0, Skipped: 0, Time elapsed: 0.008 sec
Running org.apache.commons.math3.optimization.linear.SimplexSolverTest
Tests run: 26, Failures: 0, Errors: 0, Skipped: 0, Time elapsed: 0.149 sec
Running org.apache.commons.math3.optimization.univariate.BracketFinderTest
Tests run: 4, Failures: 0, Errors: 0, Skipped: 0, Time elapsed: 0.005 sec
Running org.apache.commons.math3.optimization.univariate.SimpleUnivariateValueCheckerTest
Tests run: 3, Failures: 0, Errors: 0, Skipped: 0, Time elapsed: 0.001 sec
Running org.apache.commons.math3.optimization.univariate.BrentOptimizerTest
Tests run: 10, Failures: 0, Errors: 0, Skipped: 0, Time elapsed: 0.01 sec
Running org.apache.commons.math3.optimization.univariate.UnivariateMultiStartOptimizerTest
Tests run: 3, Failures: 0, Errors: 0, Skipped: 0, Time elapsed: 0.003 sec
Running org.apache.commons.math3.optimization.MultivariateDifferentiableMultiStartOptimizerTest
Tests run: 1, Failures: 0, Errors: 0, Skipped: 0, Time elapsed: 0.01 sec
Running org.apache.commons.math3.optimization.MultivariateMultiStartOptimizerTest
Tests run: 1, Failures: 0, Errors: 0, Skipped: 0, Time elapsed: 0.007 sec
Running org.apache.commons.math3.optimization.PointValuePairTest
Tests run: 1, Failures: 0, Errors: 0, Skipped: 0, Time elapsed: 0.002 sec
Running org.apache.commons.math3.optimization.PointVectorValuePairTest
Tests run: 1, Failures: 0, Errors: 0, Skipped: 0, Time elapsed: 0.001 sec
Running org.apache.commons.math3.optimization.SimpleValueCheckerTest
Tests run: 3, Failures: 0, Errors: 0, Skipped: 0, Time elapsed: 0.002 sec
Running org.apache.commons.math3.optimization.SimpleVectorValueCheckerTest
Tests run: 3, Failures: 0, Errors: 0, Skipped: 0, Time elapsed: 0.001 sec
Running org.apache.commons.math3.dfp.DfpMathTest
Tests run: 2, Failures: 0, Errors: 0, Skipped: 0, Time elapsed: 0.241 sec
Running org.apache.commons.math3.dfp.BracketingNthOrderBrentSolverDFPTest
Tests run: 4, Failures: 0, Errors: 0, Skipped: 0, Time elapsed: 0.482 sec
Running org.apache.commons.math3.dfp.DfpTest
Tests run: 77, Failures: 0, Errors: 0, Skipped: 0, Time elapsed: 0.619 sec
Running org.apache.commons.math3.dfp.DfpDecTest
Tests run: 3, Failures: 0, Errors: 0, Skipped: 0, Time elapsed: 0.007 sec
Running org.apache.commons.math3.analysis.differentiation.DerivativeStructureTest
Tests run: 122, Failures: 0, Errors: 0, Skipped: 0, Time elapsed: 0.725 sec
Running org.apache.commons.math3.analysis.differentiation.GradientFunctionTest
Tests run: 2, Failures: 0, Errors: 0, Skipped: 0, Time elapsed: 0.096 sec
Running org.apache.commons.math3.analysis.differentiation.DSCompilerTest
Tests run: 7, Failures: 0, Errors: 0, Skipped: 0, Time elapsed: 0.009 sec
Running org.apache.commons.math3.analysis.differentiation.JacobianFunctionTest
Tests run: 1, Failures: 0, Errors: 0, Skipped: 0, Time elapsed: 0.007 sec
Running org.apache.commons.math3.analysis.differentiation.FiniteDifferencesDifferentiatorTest
Tests run: 16, Failures: 0, Errors: 0, Skipped: 0, Time elapsed: 0.041 sec
Running org.apache.commons.math3.analysis.polynomials.PolynomialFunctionTest
Tests run: 11, Failures: 0, Errors: 0, Skipped: 0, Time elapsed: 0.003 sec
Running org.apache.commons.math3.analysis.polynomials.PolynomialsUtilsTest
Tests run: 18, Failures: 0, Errors: 0, Skipped: 0, Time elapsed: 0.595 sec
Running org.apache.commons.math3.analysis.polynomials.PolynomialSplineFunctionTest
Tests run: 2, Failures: 0, Errors: 0, Skipped: 0, Time elapsed: 0.001 sec
Running org.apache.commons.math3.analysis.polynomials.PolynomialFunctionLagrangeFormTest
Tests run: 4, Failures: 0, Errors: 0, Skipped: 0, Time elapsed: 0.002 sec
Running org.apache.commons.math3.analysis.polynomials.PolynomialFunctionNewtonFormTest
Tests run: 5, Failures: 0, Errors: 0, Skipped: 0, Time elapsed: 0.002 sec
Running org.apache.commons.math3.analysis.interpolation.NevilleInterpolatorTest
Tests run: 3, Failures: 0, Errors: 0, Skipped: 0, Time elapsed: 0.001 sec
Running org.apache.commons.math3.analysis.interpolation.HermiteInterpolatorTest
Tests run: 11, Failures: 0, Errors: 0, Skipped: 0, Time elapsed: 0.034 sec
Running org.apache.commons.math3.analysis.interpolation.UnivariatePeriodicInterpolatorTest
Tests run: 5, Failures: 0, Errors: 0, Skipped: 0, Time elapsed: 0.003 sec
Running org.apache.commons.math3.analysis.interpolation.MicrosphereInterpolatorTest
Tests run: 2, Failures: 0, Errors: 0, Skipped: 0, Time elapsed: 0.091 sec
Running org.apache.commons.math3.analysis.interpolation.LoessInterpolatorTest
Tests run: 20, Failures: 0, Errors: 0, Skipped: 0, Time elapsed: 0.021 sec
Running org.apache.commons.math3.analysis.interpolation.FieldHermiteInterpolatorTest
Tests run: 12, Failures: 0, Errors: 0, Skipped: 0, Time elapsed: 0.747 sec
Running org.apache.commons.math3.analysis.interpolation.BicubicSplineInterpolatingFunctionTest
Tests run: 5, Failures: 0, Errors: 0, Skipped: 0, Time elapsed: 0.017 sec
Running org.apache.commons.math3.analysis.interpolation.TricubicSplineInterpolatingFunctionTest
Tests run: 3, Failures: 0, Errors: 0, Skipped: 0, Time elapsed: 0.012 sec
Running org.apache.commons.math3.analysis.interpolation.DividedDifferenceInterpolatorTest
Tests run: 3, Failures: 0, Errors: 0, Skipped: 0, Time elapsed: 0.001 sec
Running org.apache.commons.math3.analysis.interpolation.LinearInterpolatorTest
Tests run: 4, Failures: 0, Errors: 0, Skipped: 0, Time elapsed: 0 sec
Running org.apache.commons.math3.analysis.interpolation.BicubicSplineInterpolatorTest
Tests run: 3, Failures: 0, Errors: 0, Skipped: 0, Time elapsed: 0.002 sec
Running org.apache.commons.math3.analysis.interpolation.SmoothingPolynomialBicubicSplineInterpolatorTest
Tests run: 3, Failures: 0, Errors: 0, Skipped: 0, Time elapsed: 0.005 sec
Running org.apache.commons.math3.analysis.interpolation.TricubicSplineInterpolatorTest
Tests run: 3, Failures: 0, Errors: 0, Skipped: 0, Time elapsed: 0.013 sec
Running org.apache.commons.math3.analysis.interpolation.SplineInterpolatorTest
Tests run: 5, Failures: 0, Errors: 0, Skipped: 0, Time elapsed: 0 sec
Running org.apache.commons.math3.analysis.function.LogitTest
Tests run: 15, Failures: 0, Errors: 0, Skipped: 0, Time elapsed: 0.004 sec
Running org.apache.commons.math3.analysis.function.GaussianTest
Tests run: 14, Failures: 0, Errors: 0, Skipped: 0, Time elapsed: 0.003 sec
Running org.apache.commons.math3.analysis.function.SqrtTest
Tests run: 3, Failures: 0, Errors: 0, Skipped: 0, Time elapsed: 0.002 sec
Running org.apache.commons.math3.analysis.function.StepFunctionTest
Tests run: 9, Failures: 0, Errors: 0, Skipped: 0, Time elapsed: 0.001 sec
Running org.apache.commons.math3.analysis.function.SincTest
Tests run: 8, Failures: 0, Errors: 0, Skipped: 0, Time elapsed: 0.02 sec
Running org.apache.commons.math3.analysis.function.LogisticTest
Tests run: 14, Failures: 0, Errors: 0, Skipped: 0, Time elapsed: 0.005 sec
Running org.apache.commons.math3.analysis.function.HarmonicOscillatorTest
Tests run: 8, Failures: 0, Errors: 0, Skipped: 0, Time elapsed: 0.002 sec
Running org.apache.commons.math3.analysis.function.SigmoidTest
Tests run: 9, Failures: 0, Errors: 0, Skipped: 0, Time elapsed: 0.001 sec
Running org.apache.commons.math3.analysis.solvers.MullerSolverTest
Tests run: 4, Failures: 0, Errors: 0, Skipped: 0, Time elapsed: 0.001 sec
Running org.apache.commons.math3.analysis.solvers.BisectionSolverTest
Tests run: 3, Failures: 0, Errors: 0, Skipped: 0, Time elapsed: 0.003 sec
Running org.apache.commons.math3.analysis.solvers.SecantSolverTest
Tests run: 8, Failures: 0, Errors: 0, Skipped: 0, Time elapsed: 0.001 sec
Running org.apache.commons.math3.analysis.solvers.RegulaFalsiSolverTest
Tests run: 9, Failures: 0, Errors: 0, Skipped: 0, Time elapsed: 0.004 sec
Running org.apache.commons.math3.analysis.solvers.LaguerreSolverTest
Tests run: 5, Failures: 0, Errors: 0, Skipped: 0, Time elapsed: 0.004 sec
Running org.apache.commons.math3.analysis.solvers.MullerSolver2Test
Tests run: 4, Failures: 0, Errors: 0, Skipped: 0, Time elapsed: 0.001 sec
Running org.apache.commons.math3.analysis.solvers.BrentSolverTest
Tests run: 6, Failures: 0, Errors: 0, Skipped: 0, Time elapsed: 0.004 sec
Running org.apache.commons.math3.analysis.solvers.IllinoisSolverTest
Tests run: 8, Failures: 0, Errors: 0, Skipped: 0, Time elapsed: 0.002 sec
Running org.apache.commons.math3.analysis.solvers.NewtonRaphsonSolverTest
Tests run: 2, Failures: 0, Errors: 0, Skipped: 0, Time elapsed: 0.001 sec
Running org.apache.commons.math3.analysis.solvers.PegasusSolverTest
Tests run: 8, Failures: 0, Errors: 0, Skipped: 0, Time elapsed: 0.001 sec
Running org.apache.commons.math3.analysis.solvers.RiddersSolverTest
Tests run: 4, Failures: 0, Errors: 0, Skipped: 0, Time elapsed: 0.001 sec
Running org.apache.commons.math3.analysis.solvers.UnivariateSolverUtilsTest
Tests run: 14, Failures: 0, Errors: 0, Skipped: 0, Time elapsed: 0.003 sec
Running org.apache.commons.math3.analysis.solvers.BracketingNthOrderBrentSolverTest
Tests run: 15, Failures: 0, Errors: 0, Skipped: 0, Time elapsed: 0.006 sec
Running org.apache.commons.math3.analysis.solvers.NewtonSolverTest
Tests run: 2, Failures: 0, Errors: 0, Skipped: 0, Time elapsed: 0.002 sec
Running org.apache.commons.math3.analysis.integration.TrapezoidIntegratorTest
Tests run: 3, Failures: 0, Errors: 0, Skipped: 0, Time elapsed: 0.002 sec
Running org.apache.commons.math3.analysis.integration.LegendreGaussIntegratorTest
Tests run: 4, Failures: 0, Errors: 0, Skipped: 0, Time elapsed: 0.594 sec
Running org.apache.commons.math3.analysis.integration.RombergIntegratorTest
Tests run: 3, Failures: 0, Errors: 0, Skipped: 0, Time elapsed: 0.001 sec
Running org.apache.commons.math3.analysis.integration.IterativeLegendreGaussIntegratorTest
Tests run: 4, Failures: 0, Errors: 0, Skipped: 0, Time elapsed: 0.846 sec
Running org.apache.commons.math3.analysis.integration.SimpsonIntegratorTest
Tests run: 3, Failures: 0, Errors: 0, Skipped: 0, Time elapsed: 0.002 sec
Running org.apache.commons.math3.analysis.integration.gauss.LegendreHighPrecisionTest
Tests run: 2, Failures: 0, Errors: 0, Skipped: 0, Time elapsed: 5.662 sec
Running org.apache.commons.math3.analysis.integration.gauss.BaseRuleFactoryTest
Tests run: 1, Failures: 0, Errors: 0, Skipped: 0, Time elapsed: 0.024 sec
Running org.apache.commons.math3.analysis.integration.gauss.LegendreHighPrecisionParametricTest
Tests run: 30, Failures: 0, Errors: 0, Skipped: 0, Time elapsed: 0.844 sec
Running org.apache.commons.math3.analysis.integration.gauss.LegendreParametricTest
Tests run: 30, Failures: 0, Errors: 0, Skipped: 0, Time elapsed: 0.02 sec
Running org.apache.commons.math3.analysis.integration.gauss.LegendreTest
Tests run: 2, Failures: 0, Errors: 0, Skipped: 0, Time elapsed: 0.023 sec
Running org.apache.commons.math3.analysis.FunctionUtilsTest
Tests run: 18, Failures: 0, Errors: 0, Skipped: 0, Time elapsed: 0.022 sec
Running org.apache.commons.math3.filter.KalmanFilterTest
Tests run: 4, Failures: 0, Errors: 0, Skipped: 0, Time elapsed: 0.004 sec
Running org.apache.commons.math3.fraction.FractionTest
Tests run: 25, Failures: 0, Errors: 0, Skipped: 0, Time elapsed: 0.008 sec
Running org.apache.commons.math3.fraction.BigFractionTest
Tests run: 27, Failures: 0, Errors: 0, Skipped: 0, Time elapsed: 0.012 sec
Running org.apache.commons.math3.fraction.BigFractionFieldTest
Tests run: 3, Failures: 0, Errors: 0, Skipped: 0, Time elapsed: 0.001 sec
Running org.apache.commons.math3.fraction.FractionFieldTest
Tests run: 3, Failures: 0, Errors: 0, Skipped: 0, Time elapsed: 0.002 sec
Running org.apache.commons.math3.fraction.FractionFormatTest
Tests run: 22, Failures: 0, Errors: 0, Skipped: 0, Time elapsed: 0.009 sec
Running org.apache.commons.math3.fraction.BigFractionFormatTest
Tests run: 19, Failures: 0, Errors: 0, Skipped: 0, Time elapsed: 0.009 sec
Running org.apache.commons.math3.distribution.EnumeratedRealDistributionTest
Tests run: 13, Failures: 0, Errors: 0, Skipped: 0, Time elapsed: 0.063 sec
Running org.apache.commons.math3.distribution.HypergeometricDistributionTest
Tests run: 15, Failures: 0, Errors: 0, Skipped: 0, Time elapsed: 0.013 sec
Running org.apache.commons.math3.distribution.ExponentialDistributionTest
Tests run: 17, Failures: 0, Errors: 0, Skipped: 0, Time elapsed: 0.011 sec
Running org.apache.commons.math3.distribution.WeibullDistributionTest
Tests run: 14, Failures: 0, Errors: 0, Skipped: 0, Time elapsed: 0.017 sec
Running org.apache.commons.math3.distribution.EnumeratedIntegerDistributionTest
Tests run: 9, Failures: 0, Errors: 0, Skipped: 0, Time elapsed: 0.056 sec
Running org.apache.commons.math3.distribution.fitting.MultivariateNormalMixtureExpectationMaximizationTest
Tests run: 9, Failures: 0, Errors: 0, Skipped: 0, Time elapsed: 0.019 sec
Running org.apache.commons.math3.distribution.BetaDistributionTest
Tests run: 3, Failures: 0, Errors: 0, Skipped: 0, Time elapsed: 0.019 sec
Running org.apache.commons.math3.distribution.UniformIntegerDistributionTest
Tests run: 7, Failures: 0, Errors: 0, Skipped: 0, Time elapsed: 0.003 sec
Running org.apache.commons.math3.distribution.KolmogorovSmirnovDistributionTest
Tests run: 1, Failures: 0, Errors: 0, Skipped: 0, Time elapsed: 0.033 sec
Running org.apache.commons.math3.distribution.PoissonDistributionTest
Tests run: 14, Failures: 0, Errors: 0, Skipped: 0, Time elapsed: 0.011 sec
Running org.apache.commons.math3.distribution.NormalDistributionTest
Tests run: 19, Failures: 0, Errors: 0, Skipped: 0, Time elapsed: 0.009 sec
Running org.apache.commons.math3.distribution.CauchyDistributionTest
Tests run: 15, Failures: 0, Errors: 0, Skipped: 0, Time elapsed: 0.011 sec
Running org.apache.commons.math3.distribution.TDistributionTest
Tests run: 17, Failures: 0, Errors: 0, Skipped: 0, Time elapsed: 0.023 sec
Running org.apache.commons.math3.distribution.ZipfDistributionTest
Tests run: 9, Failures: 0, Errors: 0, Skipped: 0, Time elapsed: 0.008 sec
Running org.apache.commons.math3.distribution.AbstractRealDistributionTest
Tests run: 2, Failures: 0, Errors: 0, Skipped: 0, Time elapsed: 0.052 sec
Running org.apache.commons.math3.distribution.GammaDistributionTest
Tests run: 23, Failures: 6, Errors: 0, Skipped: 0, Time elapsed: 0.011 sec <<< FAILURE!
testMath753Shape1(org.apache.commons.math3.distribution.GammaDistributionTest)  Time elapsed: 0 sec  <<< FAILURE!
java.lang.AssertionError: Could not find resource gamma-distribution-shape-1.csv
	at org.junit.Assert.fail(Assert.java:93)
	at org.junit.Assert.assertTrue(Assert.java:43)
	at org.junit.Assert.assertNotNull(Assert.java:526)
	at org.apache.commons.math3.distribution.GammaDistributionTest.doTestMath753(GammaDistributionTest.java:233)
	at org.apache.commons.math3.distribution.GammaDistributionTest.testMath753Shape1(GammaDistributionTest.java:331)

testMath753Shape8(org.apache.commons.math3.distribution.GammaDistributionTest)  Time elapsed: 0 sec  <<< FAILURE!
java.lang.AssertionError: Could not find resource gamma-distribution-shape-8.csv
	at org.junit.Assert.fail(Assert.java:93)
	at org.junit.Assert.assertTrue(Assert.java:43)
	at org.junit.Assert.assertNotNull(Assert.java:526)
	at org.apache.commons.math3.distribution.GammaDistributionTest.doTestMath753(GammaDistributionTest.java:233)
	at org.apache.commons.math3.distribution.GammaDistributionTest.testMath753Shape8(GammaDistributionTest.java:336)

testMath753Shape10(org.apache.commons.math3.distribution.GammaDistributionTest)  Time elapsed: 0 sec  <<< FAILURE!
java.lang.AssertionError: Could not find resource gamma-distribution-shape-10.csv
	at org.junit.Assert.fail(Assert.java:93)
	at org.junit.Assert.assertTrue(Assert.java:43)
	at org.junit.Assert.assertNotNull(Assert.java:526)
	at org.apache.commons.math3.distribution.GammaDistributionTest.doTestMath753(GammaDistributionTest.java:233)
	at org.apache.commons.math3.distribution.GammaDistributionTest.testMath753Shape10(GammaDistributionTest.java:341)

testMath753Shape100(org.apache.commons.math3.distribution.GammaDistributionTest)  Time elapsed: 0.001 sec  <<< FAILURE!
java.lang.AssertionError: Could not find resource gamma-distribution-shape-100.csv
	at org.junit.Assert.fail(Assert.java:93)
	at org.junit.Assert.assertTrue(Assert.java:43)
	at org.junit.Assert.assertNotNull(Assert.java:526)
	at org.apache.commons.math3.distribution.GammaDistributionTest.doTestMath753(GammaDistributionTest.java:233)
	at org.apache.commons.math3.distribution.GammaDistributionTest.testMath753Shape100(GammaDistributionTest.java:346)

testMath753Shape142(org.apache.commons.math3.distribution.GammaDistributionTest)  Time elapsed: 0 sec  <<< FAILURE!
java.lang.AssertionError: Could not find resource gamma-distribution-shape-142.csv
	at org.junit.Assert.fail(Assert.java:93)
	at org.junit.Assert.assertTrue(Assert.java:43)
	at org.junit.Assert.assertNotNull(Assert.java:526)
	at org.apache.commons.math3.distribution.GammaDistributionTest.doTestMath753(GammaDistributionTest.java:233)
	at org.apache.commons.math3.distribution.GammaDistributionTest.testMath753Shape142(GammaDistributionTest.java:351)

testMath753Shape1000(org.apache.commons.math3.distribution.GammaDistributionTest)  Time elapsed: 0.001 sec  <<< FAILURE!
java.lang.AssertionError: Could not find resource gamma-distribution-shape-1000.csv
	at org.junit.Assert.fail(Assert.java:93)
	at org.junit.Assert.assertTrue(Assert.java:43)
	at org.junit.Assert.assertNotNull(Assert.java:526)
	at org.apache.commons.math3.distribution.GammaDistributionTest.doTestMath753(GammaDistributionTest.java:233)
	at org.apache.commons.math3.distribution.GammaDistributionTest.testMath753Shape1000(GammaDistributionTest.java:356)

Running org.apache.commons.math3.distribution.MultivariateNormalDistributionTest
Tests run: 5, Failures: 0, Errors: 0, Skipped: 0, Time elapsed: 0.158 sec
Running org.apache.commons.math3.distribution.LevyDistributionTest
Tests run: 12, Failures: 0, Errors: 0, Skipped: 0, Time elapsed: 0.008 sec
Running org.apache.commons.math3.distribution.UniformRealDistributionTest
Tests run: 16, Failures: 0, Errors: 0, Skipped: 0, Time elapsed: 0.007 sec
Running org.apache.commons.math3.distribution.LogNormalDistributionTest
Tests run: 18, Failures: 0, Errors: 0, Skipped: 0, Time elapsed: 0.06 sec
Running org.apache.commons.math3.distribution.BinomialDistributionTest
Tests run: 10, Failures: 0, Errors: 0, Skipped: 0, Time elapsed: 0.107 sec
Running org.apache.commons.math3.distribution.ChiSquaredDistributionTest
Tests run: 14, Failures: 0, Errors: 0, Skipped: 0, Time elapsed: 0.013 sec
Running org.apache.commons.math3.distribution.FDistributionTest
Tests run: 18, Failures: 0, Errors: 0, Skipped: 0, Time elapsed: 0.029 sec
Running org.apache.commons.math3.distribution.TriangularDistributionTest
Tests run: 17, Failures: 0, Errors: 0, Skipped: 0, Time elapsed: 0.022 sec
Running org.apache.commons.math3.distribution.AbstractIntegerDistributionTest
Tests run: 2, Failures: 0, Errors: 0, Skipped: 0, Time elapsed: 0.001 sec
Running org.apache.commons.math3.distribution.MultivariateNormalMixtureModelDistributionTest
Tests run: 5, Failures: 0, Errors: 0, Skipped: 0, Time elapsed: 0.002 sec
Running org.apache.commons.math3.distribution.PascalDistributionTest
Tests run: 9, Failures: 0, Errors: 0, Skipped: 0, Time elapsed: 0.007 sec
Running org.apache.commons.math3.geometry.partitioning.utilities.AVLTreeTest
Tests run: 5, Failures: 0, Errors: 0, Skipped: 0, Time elapsed: 0.003 sec
Running org.apache.commons.math3.geometry.euclidean.threed.Vector3DTest
Tests run: 33, Failures: 0, Errors: 0, Skipped: 0, Time elapsed: 0.022 sec
Running org.apache.commons.math3.geometry.euclidean.threed.SubLineTest
Tests run: 12, Failures: 0, Errors: 0, Skipped: 0, Time elapsed: 0.009 sec
Running org.apache.commons.math3.geometry.euclidean.threed.FieldRotationDfpTest
Tests run: 17, Failures: 0, Errors: 0, Skipped: 0, Time elapsed: 1.4 sec
Running org.apache.commons.math3.geometry.euclidean.threed.RotationTest
Tests run: 15, Failures: 0, Errors: 0, Skipped: 0, Time elapsed: 0.074 sec
Running org.apache.commons.math3.geometry.euclidean.threed.FrenchVector3DFormatTest
Tests run: 28, Failures: 0, Errors: 0, Skipped: 0, Time elapsed: 0.011 sec
Running org.apache.commons.math3.geometry.euclidean.threed.Vector3DFormatTest
Tests run: 28, Failures: 0, Errors: 0, Skipped: 0, Time elapsed: 0.006 sec
Running org.apache.commons.math3.geometry.euclidean.threed.RotationOrderTest
Tests run: 1, Failures: 0, Errors: 0, Skipped: 0, Time elapsed: 0.001 sec
Running org.apache.commons.math3.geometry.euclidean.threed.LineTest
Tests run: 7, Failures: 0, Errors: 0, Skipped: 0, Time elapsed: 0.002 sec
Running org.apache.commons.math3.geometry.euclidean.threed.PlaneTest
Tests run: 10, Failures: 0, Errors: 0, Skipped: 0, Time elapsed: 0.003 sec
Running org.apache.commons.math3.geometry.euclidean.threed.FieldRotationDSTest
Tests run: 18, Failures: 0, Errors: 0, Skipped: 0, Time elapsed: 1.594 sec
Running org.apache.commons.math3.geometry.euclidean.threed.FieldVector3DTest
Tests run: 31, Failures: 0, Errors: 0, Skipped: 0, Time elapsed: 0.116 sec
Running org.apache.commons.math3.geometry.euclidean.threed.PolyhedronsSetTest
Tests run: 6, Failures: 0, Errors: 0, Skipped: 0, Time elapsed: 0.183 sec
Running org.apache.commons.math3.geometry.euclidean.threed.SphericalCoordinatesTest
Tests run: 5, Failures: 0, Errors: 0, Skipped: 0, Time elapsed: 0.544 sec
Running org.apache.commons.math3.geometry.euclidean.oned.IntervalsSetTest
Tests run: 4, Failures: 0, Errors: 0, Skipped: 0, Time elapsed: 0.009 sec
Running org.apache.commons.math3.geometry.euclidean.oned.IntervalTest
Tests run: 4, Failures: 0, Errors: 0, Skipped: 0, Time elapsed: 0.003 sec
Running org.apache.commons.math3.geometry.euclidean.twod.SegmentTest
Tests run: 1, Failures: 0, Errors: 0, Skipped: 0, Time elapsed: 0 sec
Running org.apache.commons.math3.geometry.euclidean.twod.SubLineTest
Tests run: 12, Failures: 0, Errors: 0, Skipped: 0, Time elapsed: 0.002 sec
Running org.apache.commons.math3.geometry.euclidean.twod.LineTest
Tests run: 9, Failures: 0, Errors: 0, Skipped: 0, Time elapsed: 0.005 sec
Running org.apache.commons.math3.geometry.euclidean.twod.PolygonsSetTest
Tests run: 20, Failures: 0, Errors: 0, Skipped: 0, Time elapsed: 0.038 sec
Running org.apache.commons.math3.linear.EigenSolverTest
Tests run: 4, Failures: 0, Errors: 0, Skipped: 0, Time elapsed: 0 sec
Running org.apache.commons.math3.linear.QRDecompositionTest
Tests run: 7, Failures: 0, Errors: 0, Skipped: 0, Time elapsed: 0.032 sec
Running org.apache.commons.math3.linear.SchurTransformerTest
Tests run: 8, Failures: 0, Errors: 0, Skipped: 0, Time elapsed: 0.037 sec
Running org.apache.commons.math3.linear.OpenMapRealMatrixTest
Tests run: 1, Failures: 0, Errors: 0, Skipped: 0, Time elapsed: 0 sec
Running org.apache.commons.math3.linear.TriDiagonalTransformerTest
Tests run: 8, Failures: 0, Errors: 0, Skipped: 0, Time elapsed: 0.002 sec
Running org.apache.commons.math3.linear.ArrayFieldVectorTest
Tests run: 8, Failures: 0, Errors: 0, Skipped: 0, Time elapsed: 0.006 sec
Running org.apache.commons.math3.linear.BlockFieldMatrixTest
Tests run: 46, Failures: 0, Errors: 0, Skipped: 0, Time elapsed: 0.404 sec
Running org.apache.commons.math3.linear.SparseRealVectorTest
Tests run: 106, Failures: 0, Errors: 0, Skipped: 8, Time elapsed: 0.097 sec
Running org.apache.commons.math3.linear.MatrixDimensionMismatchExceptionTest
Tests run: 1, Failures: 0, Errors: 0, Skipped: 0, Time elapsed: 0 sec
Running org.apache.commons.math3.linear.EigenDecompositionTest
Tests run: 28, Failures: 0, Errors: 0, Skipped: 2, Time elapsed: 0.157 sec
Running org.apache.commons.math3.linear.MatrixUtilsTest
Tests run: 17, Failures: 0, Errors: 0, Skipped: 0, Time elapsed: 0.006 sec
Running org.apache.commons.math3.linear.LUDecompositionTest
Tests run: 9, Failures: 0, Errors: 0, Skipped: 0, Time elapsed: 0.003 sec
Running org.apache.commons.math3.linear.RectangularCholeskyDecompositionTest
Tests run: 3, Failures: 0, Errors: 0, Skipped: 0, Time elapsed: 0 sec
Running org.apache.commons.math3.linear.BiDiagonalTransformerTest
Tests run: 8, Failures: 0, Errors: 0, Skipped: 0, Time elapsed: 0.002 sec
Running org.apache.commons.math3.linear.SingularValueSolverTest
Tests run: 5, Failures: 0, Errors: 0, Skipped: 0, Time elapsed: 0.001 sec
Running org.apache.commons.math3.linear.RealVectorFormatTest
Tests run: 30, Failures: 0, Errors: 0, Skipped: 0, Time elapsed: 0.017 sec
Running org.apache.commons.math3.linear.RealMatrixFormatTest
Tests run: 29, Failures: 0, Errors: 0, Skipped: 1, Time elapsed: 0.011 sec
Running org.apache.commons.math3.linear.DiagonalMatrixTest
Tests run: 25, Failures: 0, Errors: 0, Skipped: 0, Time elapsed: 0.004 sec
Running org.apache.commons.math3.linear.SparseFieldVectorTest
Tests run: 5, Failures: 0, Errors: 0, Skipped: 0, Time elapsed: 0.005 sec
Running org.apache.commons.math3.linear.QRSolverTest
Tests run: 6, Failures: 0, Errors: 0, Skipped: 0, Time elapsed: 0.018 sec
Running org.apache.commons.math3.linear.SparseFieldMatrixTest
Tests run: 24, Failures: 0, Errors: 0, Skipped: 0, Time elapsed: 0.012 sec
Running org.apache.commons.math3.linear.UnmodifiableOpenMapRealVectorTest
Tests run: 8, Failures: 0, Errors: 0, Skipped: 0, Time elapsed: 0.072 sec
Running org.apache.commons.math3.linear.RRQRSolverTest
Tests run: 6, Failures: 0, Errors: 0, Skipped: 0, Time elapsed: 0.016 sec
Running org.apache.commons.math3.linear.CholeskyDecompositionTest
Tests run: 9, Failures: 0, Errors: 0, Skipped: 0, Time elapsed: 0.002 sec
Running org.apache.commons.math3.linear.SparseRealMatrixTest
Tests run: 27, Failures: 0, Errors: 0, Skipped: 0, Time elapsed: 0.009 sec
Running org.apache.commons.math3.linear.FieldMatrixImplTest
Tests run: 37, Failures: 0, Errors: 0, Skipped: 0, Time elapsed: 0.029 sec
Running org.apache.commons.math3.linear.ConjugateGradientTest
Tests run: 17, Failures: 0, Errors: 0, Skipped: 0, Time elapsed: 0.064 sec
Running org.apache.commons.math3.linear.BlockRealMatrixTest
Tests run: 48, Failures: 0, Errors: 0, Skipped: 0, Time elapsed: 0.102 sec
Running org.apache.commons.math3.linear.Array2DRowRealMatrixTest
Tests run: 39, Failures: 0, Errors: 0, Skipped: 0, Time elapsed: 0.028 sec
Running org.apache.commons.math3.linear.SingularValueDecompositionTest
Tests run: 13, Failures: 0, Errors: 2, Skipped: 0, Time elapsed: 0 sec <<< FAILURE!
testStability1(org.apache.commons.math3.linear.SingularValueDecompositionTest)  Time elapsed: 0 sec  <<< ERROR!
java.lang.NullPointerException: null
	at java.io.DataInputStream.read(DataInputStream.java:149)
	at sun.nio.cs.StreamDecoder.readBytes(StreamDecoder.java:284)
	at sun.nio.cs.StreamDecoder.implRead(StreamDecoder.java:326)
	at sun.nio.cs.StreamDecoder.read(StreamDecoder.java:178)
	at java.io.InputStreamReader.read(InputStreamReader.java:184)
	at java.io.BufferedReader.fill(BufferedReader.java:161)
	at java.io.BufferedReader.readLine(BufferedReader.java:324)
	at java.io.BufferedReader.readLine(BufferedReader.java:389)
	at org.apache.commons.math3.linear.SingularValueDecompositionTest.loadRealMatrix(SingularValueDecompositionTest.java:281)
	at org.apache.commons.math3.linear.SingularValueDecompositionTest.testStability1(SingularValueDecompositionTest.java:255)

testStability2(org.apache.commons.math3.linear.SingularValueDecompositionTest)  Time elapsed: 0 sec  <<< ERROR!
java.lang.NullPointerException: null
	at java.io.DataInputStream.read(DataInputStream.java:149)
	at sun.nio.cs.StreamDecoder.readBytes(StreamDecoder.java:284)
	at sun.nio.cs.StreamDecoder.implRead(StreamDecoder.java:326)
	at sun.nio.cs.StreamDecoder.read(StreamDecoder.java:178)
	at java.io.InputStreamReader.read(InputStreamReader.java:184)
	at java.io.BufferedReader.fill(BufferedReader.java:161)
	at java.io.BufferedReader.readLine(BufferedReader.java:324)
	at java.io.BufferedReader.readLine(BufferedReader.java:389)
	at org.apache.commons.math3.linear.SingularValueDecompositionTest.loadRealMatrix(SingularValueDecompositionTest.java:281)
	at org.apache.commons.math3.linear.SingularValueDecompositionTest.testStability2(SingularValueDecompositionTest.java:267)

Running org.apache.commons.math3.linear.RealVectorTest
Tests run: 105, Failures: 0, Errors: 0, Skipped: 24, Time elapsed: 0.136 sec
Running org.apache.commons.math3.linear.CholeskySolverTest
Tests run: 3, Failures: 0, Errors: 0, Skipped: 0, Time elapsed: 0 sec
Running org.apache.commons.math3.linear.UnmodifiableArrayRealVectorTest
Tests run: 8, Failures: 0, Errors: 0, Skipped: 0, Time elapsed: 0.058 sec
Running org.apache.commons.math3.linear.FieldLUSolverTest
Tests run: 5, Failures: 0, Errors: 0, Skipped: 0, Time elapsed: 0.001 sec
Running org.apache.commons.math3.linear.HessenbergTransformerTest
Tests run: 9, Failures: 0, Errors: 0, Skipped: 0, Time elapsed: 0.079 sec
Running org.apache.commons.math3.linear.LUSolverTest
Tests run: 6, Failures: 0, Errors: 0, Skipped: 0, Time elapsed: 0.001 sec
Running org.apache.commons.math3.linear.ArrayRealVectorTest
Tests run: 108, Failures: 0, Errors: 0, Skipped: 6, Time elapsed: 0.119 sec
Running org.apache.commons.math3.linear.FieldLUDecompositionTest
Tests run: 9, Failures: 0, Errors: 0, Skipped: 0, Time elapsed: 0.013 sec
Running org.apache.commons.math3.linear.FrenchRealVectorFormatTest
Tests run: 30, Failures: 0, Errors: 0, Skipped: 0, Time elapsed: 0.013 sec
Running org.apache.commons.math3.linear.RRQRDecompositionTest
Tests run: 7, Failures: 0, Errors: 0, Skipped: 0, Time elapsed: 0.113 sec
Running org.apache.commons.math3.linear.SymmLQTest
Tests run: 36, Failures: 0, Errors: 0, Skipped: 0, Time elapsed: 0.185 sec
Running org.apache.commons.math3.transform.FastSineTransformerTest
Tests run: 20, Failures: 0, Errors: 0, Skipped: 0, Time elapsed: 0.047 sec
Running org.apache.commons.math3.transform.FastFourierTransformerTest
Tests run: 12, Failures: 0, Errors: 0, Skipped: 0, Time elapsed: 0.082 sec
Running org.apache.commons.math3.transform.FastHadamardTransformerTest
Tests run: 4, Failures: 0, Errors: 0, Skipped: 0, Time elapsed: 0.001 sec
Running org.apache.commons.math3.transform.FastCosineTransformerTest
Tests run: 18, Failures: 0, Errors: 0, Skipped: 0, Time elapsed: 0.035 sec
Running org.apache.commons.math3.optim.SimplePointCheckerTest
Tests run: 3, Failures: 0, Errors: 0, Skipped: 0, Time elapsed: 0.001 sec
Running org.apache.commons.math3.optim.nonlinear.scalar.MultiStartMultivariateOptimizerTest
Tests run: 2, Failures: 0, Errors: 0, Skipped: 0, Time elapsed: 0.02 sec
Running org.apache.commons.math3.optim.nonlinear.scalar.MultivariateFunctionPenaltyAdapterTest
Tests run: 5, Failures: 0, Errors: 0, Skipped: 0, Time elapsed: 0.004 sec
Running org.apache.commons.math3.optim.nonlinear.scalar.gradient.NonLinearConjugateGradientOptimizerTest
Tests run: 13, Failures: 0, Errors: 0, Skipped: 0, Time elapsed: 0.012 sec
Running org.apache.commons.math3.optim.nonlinear.scalar.MultivariateFunctionMappingAdapterTest
Tests run: 4, Failures: 0, Errors: 0, Skipped: 0, Time elapsed: 0.01 sec
Running org.apache.commons.math3.optim.nonlinear.scalar.noderiv.BOBYQAOptimizerTest
Tests run: 19, Failures: 1, Errors: 1, Skipped: 1, Time elapsed: 5.135 sec <<< FAILURE!
testDiffPow(org.apache.commons.math3.optim.nonlinear.scalar.noderiv.BOBYQAOptimizerTest)  Time elapsed: 1.03 sec  <<< ERROR!
org.apache.commons.math3.exception.TooManyEvaluationsException: illegal state: maximal count (12,000) exceeded: evaluations
	at org.apache.commons.math3.optim.BaseOptimizer$MaxEvalCallback.trigger(BaseOptimizer.java:213)
	at org.apache.commons.math3.util.Incrementor.incrementCount(Incrementor.java:156)
	at org.apache.commons.math3.optim.BaseOptimizer.incrementEvaluationCount(BaseOptimizer.java:162)
	at org.apache.commons.math3.optim.nonlinear.scalar.MultivariateOptimizer.computeObjectiveValue(MultivariateOptimizer.java:115)
	at org.apache.commons.math3.optim.nonlinear.scalar.noderiv.BOBYQAOptimizer.bobyqb(BOBYQAOptimizer.java:823)
	at org.apache.commons.math3.optim.nonlinear.scalar.noderiv.BOBYQAOptimizer.bobyqa(BOBYQAOptimizer.java:329)
	at org.apache.commons.math3.optim.nonlinear.scalar.noderiv.BOBYQAOptimizer.doOptimize(BOBYQAOptimizer.java:241)
	at org.apache.commons.math3.optim.nonlinear.scalar.noderiv.BOBYQAOptimizer.doOptimize(BOBYQAOptimizer.java:49)
	at org.apache.commons.math3.optim.BaseOptimizer.optimize(BaseOptimizer.java:143)
	at org.apache.commons.math3.optim.BaseMultivariateOptimizer.optimize(BaseMultivariateOptimizer.java:66)
	at org.apache.commons.math3.optim.nonlinear.scalar.MultivariateOptimizer.optimize(MultivariateOptimizer.java:64)
	at org.apache.commons.math3.optim.nonlinear.scalar.noderiv.BOBYQAOptimizerTest.doTest(BOBYQAOptimizerTest.java:323)
	at org.apache.commons.math3.optim.nonlinear.scalar.noderiv.BOBYQAOptimizerTest.doTest(BOBYQAOptimizerTest.java:282)
	at org.apache.commons.math3.optim.nonlinear.scalar.noderiv.BOBYQAOptimizerTest.testDiffPow(BOBYQAOptimizerTest.java:187)

testAckley(org.apache.commons.math3.optim.nonlinear.scalar.noderiv.BOBYQAOptimizerTest)  Time elapsed: 0.11 sec  <<< FAILURE!
java.lang.AssertionError: expected:<0.0> but was:<1.047765607609108E-8>
	at org.junit.Assert.fail(Assert.java:93)
	at org.junit.Assert.failNotEquals(Assert.java:647)
	at org.junit.Assert.assertEquals(Assert.java:443)
	at org.apache.commons.math3.optim.nonlinear.scalar.noderiv.BOBYQAOptimizerTest.doTest(BOBYQAOptimizerTest.java:338)
	at org.apache.commons.math3.optim.nonlinear.scalar.noderiv.BOBYQAOptimizerTest.doTest(BOBYQAOptimizerTest.java:282)
	at org.apache.commons.math3.optim.nonlinear.scalar.noderiv.BOBYQAOptimizerTest.testAckley(BOBYQAOptimizerTest.java:209)

Running org.apache.commons.math3.optim.nonlinear.scalar.noderiv.SimplexOptimizerMultiDirectionalTest
Tests run: 8, Failures: 0, Errors: 0, Skipped: 0, Time elapsed: 0.006 sec
Running org.apache.commons.math3.optim.nonlinear.scalar.noderiv.PowellOptimizerTest
Tests run: 5, Failures: 0, Errors: 0, Skipped: 0, Time elapsed: 0.007 sec
Running org.apache.commons.math3.optim.nonlinear.scalar.noderiv.CMAESOptimizerTest
Tests run: 24, Failures: 0, Errors: 0, Skipped: 0, Time elapsed: 7.742 sec
Running org.apache.commons.math3.optim.nonlinear.scalar.noderiv.SimplexOptimizerNelderMeadTest
Tests run: 11, Failures: 0, Errors: 0, Skipped: 0, Time elapsed: 0.006 sec
Running org.apache.commons.math3.optim.nonlinear.vector.jacobian.MinpackTest
Tests run: 18, Failures: 0, Errors: 0, Skipped: 0, Time elapsed: 0.094 sec
Running org.apache.commons.math3.optim.nonlinear.vector.jacobian.GaussNewtonOptimizerTest
Tests run: 21, Failures: 0, Errors: 2, Skipped: 0, Time elapsed: 0.023 sec <<< FAILURE!
testHahn1(org.apache.commons.math3.optim.nonlinear.vector.jacobian.GaussNewtonOptimizerTest)  Time elapsed: 0.001 sec  <<< ERROR!
java.lang.Exception: Unexpected exception, expected<org.apache.commons.math3.exception.ConvergenceException> but was<java.io.IOException>
	at org.apache.commons.math3.optim.nonlinear.vector.jacobian.StatisticalReferenceDatasetFactory.createBufferedReaderFromResource(StatisticalReferenceDatasetFactory.java:48)
	at org.apache.commons.math3.optim.nonlinear.vector.jacobian.StatisticalReferenceDatasetFactory.createHahn1(StatisticalReferenceDatasetFactory.java:89)
	at org.apache.commons.math3.optim.nonlinear.vector.jacobian.AbstractLeastSquaresOptimizerAbstractTest.testHahn1(AbstractLeastSquaresOptimizerAbstractTest.java:609)
	at org.apache.commons.math3.optim.nonlinear.vector.jacobian.GaussNewtonOptimizerTest.testHahn1(GaussNewtonOptimizerTest.java:169)

testKirby2(org.apache.commons.math3.optim.nonlinear.vector.jacobian.GaussNewtonOptimizerTest)  Time elapsed: 0.001 sec  <<< ERROR!
java.io.IOException: could not find resource Kirby2.dat
	at org.apache.commons.math3.optim.nonlinear.vector.jacobian.StatisticalReferenceDatasetFactory.createBufferedReaderFromResource(StatisticalReferenceDatasetFactory.java:48)
	at org.apache.commons.math3.optim.nonlinear.vector.jacobian.StatisticalReferenceDatasetFactory.createKirby2(StatisticalReferenceDatasetFactory.java:55)
	at org.apache.commons.math3.optim.nonlinear.vector.jacobian.AbstractLeastSquaresOptimizerAbstractTest.testKirby2(AbstractLeastSquaresOptimizerAbstractTest.java:604)
	at sun.reflect.NativeMethodAccessorImpl.invoke0(Native Method)
	at sun.reflect.NativeMethodAccessorImpl.invoke(NativeMethodAccessorImpl.java:62)
	at sun.reflect.DelegatingMethodAccessorImpl.invoke(DelegatingMethodAccessorImpl.java:43)
	at java.lang.reflect.Method.invoke(Method.java:498)
	at org.junit.runners.model.FrameworkMethod$1.runReflectiveCall(FrameworkMethod.java:45)
	at org.junit.internal.runners.model.ReflectiveCallable.run(ReflectiveCallable.java:15)
	at org.junit.runners.model.FrameworkMethod.invokeExplosively(FrameworkMethod.java:42)
	at org.junit.internal.runners.statements.InvokeMethod.evaluate(InvokeMethod.java:20)
	at org.junit.runners.ParentRunner.runLeaf(ParentRunner.java:263)
	at org.junit.runners.BlockJUnit4ClassRunner.runChild(BlockJUnit4ClassRunner.java:68)
	at org.junit.runners.BlockJUnit4ClassRunner.runChild(BlockJUnit4ClassRunner.java:47)
	at org.junit.runners.ParentRunner$3.run(ParentRunner.java:231)
	at org.junit.runners.ParentRunner$1.schedule(ParentRunner.java:60)
	at org.junit.runners.ParentRunner.runChildren(ParentRunner.java:229)
	at org.junit.runners.ParentRunner.access$000(ParentRunner.java:50)
	at org.junit.runners.ParentRunner$2.evaluate(ParentRunner.java:222)
	at org.junit.runners.ParentRunner.run(ParentRunner.java:300)
	at org.apache.maven.surefire.junit4.JUnit4Provider.execute(JUnit4Provider.java:264)
	at org.apache.maven.surefire.junit4.JUnit4Provider.executeTestSet(JUnit4Provider.java:153)
	at org.apache.maven.surefire.junit4.JUnit4Provider.invoke(JUnit4Provider.java:124)
	at sun.reflect.NativeMethodAccessorImpl.invoke0(Native Method)
	at sun.reflect.NativeMethodAccessorImpl.invoke(NativeMethodAccessorImpl.java:62)
	at sun.reflect.DelegatingMethodAccessorImpl.invoke(DelegatingMethodAccessorImpl.java:43)
	at java.lang.reflect.Method.invoke(Method.java:498)
	at org.apache.maven.surefire.util.ReflectionUtils.invokeMethodWithArray2(ReflectionUtils.java:208)
	at org.apache.maven.surefire.booter.ProviderFactory$ProviderProxy.invoke(ProviderFactory.java:158)
	at org.apache.maven.surefire.booter.ProviderFactory.invokeProvider(ProviderFactory.java:86)
	at org.apache.maven.surefire.booter.ForkedBooter.runSuitesInProcess(ForkedBooter.java:153)
	at org.apache.maven.surefire.booter.ForkedBooter.main(ForkedBooter.java:95)

Running org.apache.commons.math3.optim.nonlinear.vector.jacobian.LevenbergMarquardtOptimizerTest
Tests run: 23, Failures: 0, Errors: 2, Skipped: 0, Time elapsed: 0.04 sec <<< FAILURE!
testHahn1(org.apache.commons.math3.optim.nonlinear.vector.jacobian.LevenbergMarquardtOptimizerTest)  Time elapsed: 0.001 sec  <<< ERROR!
java.io.IOException: could not find resource Hahn1.dat
	at org.apache.commons.math3.optim.nonlinear.vector.jacobian.StatisticalReferenceDatasetFactory.createBufferedReaderFromResource(StatisticalReferenceDatasetFactory.java:48)
	at org.apache.commons.math3.optim.nonlinear.vector.jacobian.StatisticalReferenceDatasetFactory.createHahn1(StatisticalReferenceDatasetFactory.java:89)
	at org.apache.commons.math3.optim.nonlinear.vector.jacobian.AbstractLeastSquaresOptimizerAbstractTest.testHahn1(AbstractLeastSquaresOptimizerAbstractTest.java:609)
	at sun.reflect.NativeMethodAccessorImpl.invoke0(Native Method)
	at sun.reflect.NativeMethodAccessorImpl.invoke(NativeMethodAccessorImpl.java:62)
	at sun.reflect.DelegatingMethodAccessorImpl.invoke(DelegatingMethodAccessorImpl.java:43)
	at java.lang.reflect.Method.invoke(Method.java:498)
	at org.junit.runners.model.FrameworkMethod$1.runReflectiveCall(FrameworkMethod.java:45)
	at org.junit.internal.runners.model.ReflectiveCallable.run(ReflectiveCallable.java:15)
	at org.junit.runners.model.FrameworkMethod.invokeExplosively(FrameworkMethod.java:42)
	at org.junit.internal.runners.statements.InvokeMethod.evaluate(InvokeMethod.java:20)
	at org.junit.runners.ParentRunner.runLeaf(ParentRunner.java:263)
	at org.junit.runners.BlockJUnit4ClassRunner.runChild(BlockJUnit4ClassRunner.java:68)
	at org.junit.runners.BlockJUnit4ClassRunner.runChild(BlockJUnit4ClassRunner.java:47)
	at org.junit.runners.ParentRunner$3.run(ParentRunner.java:231)
	at org.junit.runners.ParentRunner$1.schedule(ParentRunner.java:60)
	at org.junit.runners.ParentRunner.runChildren(ParentRunner.java:229)
	at org.junit.runners.ParentRunner.access$000(ParentRunner.java:50)
	at org.junit.runners.ParentRunner$2.evaluate(ParentRunner.java:222)
	at org.junit.runners.ParentRunner.run(ParentRunner.java:300)
	at org.apache.maven.surefire.junit4.JUnit4Provider.execute(JUnit4Provider.java:264)
	at org.apache.maven.surefire.junit4.JUnit4Provider.executeTestSet(JUnit4Provider.java:153)
	at org.apache.maven.surefire.junit4.JUnit4Provider.invoke(JUnit4Provider.java:124)
	at sun.reflect.NativeMethodAccessorImpl.invoke0(Native Method)
	at sun.reflect.NativeMethodAccessorImpl.invoke(NativeMethodAccessorImpl.java:62)
	at sun.reflect.DelegatingMethodAccessorImpl.invoke(DelegatingMethodAccessorImpl.java:43)
	at java.lang.reflect.Method.invoke(Method.java:498)
	at org.apache.maven.surefire.util.ReflectionUtils.invokeMethodWithArray2(ReflectionUtils.java:208)
	at org.apache.maven.surefire.booter.ProviderFactory$ProviderProxy.invoke(ProviderFactory.java:158)
	at org.apache.maven.surefire.booter.ProviderFactory.invokeProvider(ProviderFactory.java:86)
	at org.apache.maven.surefire.booter.ForkedBooter.runSuitesInProcess(ForkedBooter.java:153)
	at org.apache.maven.surefire.booter.ForkedBooter.main(ForkedBooter.java:95)

testKirby2(org.apache.commons.math3.optim.nonlinear.vector.jacobian.LevenbergMarquardtOptimizerTest)  Time elapsed: 0 sec  <<< ERROR!
java.io.IOException: could not find resource Kirby2.dat
	at org.apache.commons.math3.optim.nonlinear.vector.jacobian.StatisticalReferenceDatasetFactory.createBufferedReaderFromResource(StatisticalReferenceDatasetFactory.java:48)
	at org.apache.commons.math3.optim.nonlinear.vector.jacobian.StatisticalReferenceDatasetFactory.createKirby2(StatisticalReferenceDatasetFactory.java:55)
	at org.apache.commons.math3.optim.nonlinear.vector.jacobian.AbstractLeastSquaresOptimizerAbstractTest.testKirby2(AbstractLeastSquaresOptimizerAbstractTest.java:604)
	at sun.reflect.NativeMethodAccessorImpl.invoke0(Native Method)
	at sun.reflect.NativeMethodAccessorImpl.invoke(NativeMethodAccessorImpl.java:62)
	at sun.reflect.DelegatingMethodAccessorImpl.invoke(DelegatingMethodAccessorImpl.java:43)
	at java.lang.reflect.Method.invoke(Method.java:498)
	at org.junit.runners.model.FrameworkMethod$1.runReflectiveCall(FrameworkMethod.java:45)
	at org.junit.internal.runners.model.ReflectiveCallable.run(ReflectiveCallable.java:15)
	at org.junit.runners.model.FrameworkMethod.invokeExplosively(FrameworkMethod.java:42)
	at org.junit.internal.runners.statements.InvokeMethod.evaluate(InvokeMethod.java:20)
	at org.junit.runners.ParentRunner.runLeaf(ParentRunner.java:263)
	at org.junit.runners.BlockJUnit4ClassRunner.runChild(BlockJUnit4ClassRunner.java:68)
	at org.junit.runners.BlockJUnit4ClassRunner.runChild(BlockJUnit4ClassRunner.java:47)
	at org.junit.runners.ParentRunner$3.run(ParentRunner.java:231)
	at org.junit.runners.ParentRunner$1.schedule(ParentRunner.java:60)
	at org.junit.runners.ParentRunner.runChildren(ParentRunner.java:229)
	at org.junit.runners.ParentRunner.access$000(ParentRunner.java:50)
	at org.junit.runners.ParentRunner$2.evaluate(ParentRunner.java:222)
	at org.junit.runners.ParentRunner.run(ParentRunner.java:300)
	at org.apache.maven.surefire.junit4.JUnit4Provider.execute(JUnit4Provider.java:264)
	at org.apache.maven.surefire.junit4.JUnit4Provider.executeTestSet(JUnit4Provider.java:153)
	at org.apache.maven.surefire.junit4.JUnit4Provider.invoke(JUnit4Provider.java:124)
	at sun.reflect.NativeMethodAccessorImpl.invoke0(Native Method)
	at sun.reflect.NativeMethodAccessorImpl.invoke(NativeMethodAccessorImpl.java:62)
	at sun.reflect.DelegatingMethodAccessorImpl.invoke(DelegatingMethodAccessorImpl.java:43)
	at java.lang.reflect.Method.invoke(Method.java:498)
	at org.apache.maven.surefire.util.ReflectionUtils.invokeMethodWithArray2(ReflectionUtils.java:208)
	at org.apache.maven.surefire.booter.ProviderFactory$ProviderProxy.invoke(ProviderFactory.java:158)
	at org.apache.maven.surefire.booter.ProviderFactory.invokeProvider(ProviderFactory.java:86)
	at org.apache.maven.surefire.booter.ForkedBooter.runSuitesInProcess(ForkedBooter.java:153)
	at org.apache.maven.surefire.booter.ForkedBooter.main(ForkedBooter.java:95)

Running org.apache.commons.math3.optim.nonlinear.vector.jacobian.AbstractLeastSquaresOptimizerTest
Tests run: 3, Failures: 0, Errors: 3, Skipped: 0, Time elapsed: 0.008 sec <<< FAILURE!
testGetChiSquare(org.apache.commons.math3.optim.nonlinear.vector.jacobian.AbstractLeastSquaresOptimizerTest)  Time elapsed: 0 sec  <<< ERROR!
java.io.IOException: could not find resource Kirby2.dat
	at org.apache.commons.math3.optim.nonlinear.vector.jacobian.StatisticalReferenceDatasetFactory.createBufferedReaderFromResource(StatisticalReferenceDatasetFactory.java:48)
	at org.apache.commons.math3.optim.nonlinear.vector.jacobian.StatisticalReferenceDatasetFactory.createKirby2(StatisticalReferenceDatasetFactory.java:55)
	at org.apache.commons.math3.optim.nonlinear.vector.jacobian.AbstractLeastSquaresOptimizerTest.testGetChiSquare(AbstractLeastSquaresOptimizerTest.java:45)

testComputeSigma(org.apache.commons.math3.optim.nonlinear.vector.jacobian.AbstractLeastSquaresOptimizerTest)  Time elapsed: 0 sec  <<< ERROR!
java.io.IOException: could not find resource Kirby2.dat
	at org.apache.commons.math3.optim.nonlinear.vector.jacobian.StatisticalReferenceDatasetFactory.createBufferedReaderFromResource(StatisticalReferenceDatasetFactory.java:48)
	at org.apache.commons.math3.optim.nonlinear.vector.jacobian.StatisticalReferenceDatasetFactory.createKirby2(StatisticalReferenceDatasetFactory.java:55)
	at org.apache.commons.math3.optim.nonlinear.vector.jacobian.AbstractLeastSquaresOptimizerTest.testComputeSigma(AbstractLeastSquaresOptimizerTest.java:98)

testGetRMS(org.apache.commons.math3.optim.nonlinear.vector.jacobian.AbstractLeastSquaresOptimizerTest)  Time elapsed: 0.001 sec  <<< ERROR!
java.io.IOException: could not find resource Kirby2.dat
	at org.apache.commons.math3.optim.nonlinear.vector.jacobian.StatisticalReferenceDatasetFactory.createBufferedReaderFromResource(StatisticalReferenceDatasetFactory.java:48)
	at org.apache.commons.math3.optim.nonlinear.vector.jacobian.StatisticalReferenceDatasetFactory.createKirby2(StatisticalReferenceDatasetFactory.java:55)
	at org.apache.commons.math3.optim.nonlinear.vector.jacobian.AbstractLeastSquaresOptimizerTest.testGetRMS(AbstractLeastSquaresOptimizerTest.java:70)

Running org.apache.commons.math3.optim.nonlinear.vector.MultiStartMultivariateVectorOptimizerTest
Tests run: 4, Failures: 0, Errors: 0, Skipped: 0, Time elapsed: 0.014 sec
Running org.apache.commons.math3.optim.linear.SimplexTableauTest
Tests run: 4, Failures: 0, Errors: 0, Skipped: 0, Time elapsed: 0.005 sec
Running org.apache.commons.math3.optim.linear.SimplexSolverTest
Tests run: 27, Failures: 0, Errors: 0, Skipped: 0, Time elapsed: 0.352 sec
Running org.apache.commons.math3.optim.univariate.MultiStartUnivariateOptimizerTest
Tests run: 5, Failures: 0, Errors: 0, Skipped: 0, Time elapsed: 0.003 sec
Running org.apache.commons.math3.optim.univariate.BracketFinderTest
Tests run: 4, Failures: 0, Errors: 0, Skipped: 0, Time elapsed: 0.001 sec
Running org.apache.commons.math3.optim.univariate.SimpleUnivariateValueCheckerTest
Tests run: 3, Failures: 0, Errors: 0, Skipped: 0, Time elapsed: 0 sec
Running org.apache.commons.math3.optim.univariate.BrentOptimizerTest
Tests run: 10, Failures: 0, Errors: 0, Skipped: 0, Time elapsed: 0.008 sec
Running org.apache.commons.math3.optim.PointValuePairTest
Tests run: 1, Failures: 0, Errors: 0, Skipped: 0, Time elapsed: 0.002 sec
Running org.apache.commons.math3.optim.PointVectorValuePairTest
Tests run: 1, Failures: 0, Errors: 0, Skipped: 0, Time elapsed: 0.001 sec
Running org.apache.commons.math3.optim.SimpleValueCheckerTest
Tests run: 3, Failures: 0, Errors: 0, Skipped: 0, Time elapsed: 0 sec
Running org.apache.commons.math3.optim.SimpleVectorValueCheckerTest
Tests run: 3, Failures: 0, Errors: 0, Skipped: 0, Time elapsed: 0 sec
Running org.apache.commons.math3.random.BitsStreamGeneratorTest
Tests run: 62, Failures: 0, Errors: 0, Skipped: 0, Time elapsed: 2.746 sec
Running org.apache.commons.math3.random.GaussianRandomGeneratorTest
Tests run: 1, Failures: 0, Errors: 0, Skipped: 0, Time elapsed: 0.002 sec
Running org.apache.commons.math3.random.UnitSphereRandomVectorGeneratorTest
Tests run: 1, Failures: 0, Errors: 0, Skipped: 0, Time elapsed: 0.39 sec
Running org.apache.commons.math3.random.MersenneTwisterTest
Tests run: 63, Failures: 0, Errors: 0, Skipped: 0, Time elapsed: 2.435 sec
Running org.apache.commons.math3.random.RandomAdaptorTest
Tests run: 1, Failures: 0, Errors: 0, Skipped: 0, Time elapsed: 0.001 sec
Running org.apache.commons.math3.random.RandomDataGeneratorTest
Tests run: 49, Failures: 0, Errors: 0, Skipped: 0, Time elapsed: 1.991 sec
Running org.apache.commons.math3.random.Well19937cTest
Tests run: 63, Failures: 0, Errors: 0, Skipped: 0, Time elapsed: 2.522 sec
Running org.apache.commons.math3.random.Well44497bTest
Tests run: 63, Failures: 0, Errors: 0, Skipped: 0, Time elapsed: 2.619 sec
Running org.apache.commons.math3.random.Well1024aTest
Tests run: 63, Failures: 0, Errors: 0, Skipped: 0, Time elapsed: 2.286 sec
Running org.apache.commons.math3.random.UniformRandomGeneratorTest
Tests run: 1, Failures: 0, Errors: 0, Skipped: 0, Time elapsed: 0.002 sec
Running org.apache.commons.math3.random.Well19937aTest
Tests run: 63, Failures: 0, Errors: 0, Skipped: 0, Time elapsed: 2.505 sec
Running org.apache.commons.math3.random.StableRandomGeneratorTest
Tests run: 7, Failures: 0, Errors: 0, Skipped: 0, Time elapsed: 0.016 sec
Running org.apache.commons.math3.random.SynchronizedRandomGeneratorTest
Tests run: 2, Failures: 0, Errors: 0, Skipped: 0, Time elapsed: 0.633 sec
Running org.apache.commons.math3.random.EmpiricalDistributionTest
Tests run: 26, Failures: 0, Errors: 26, Skipped: 0, Time elapsed: 0.195 sec <<< FAILURE!
testSerialization(org.apache.commons.math3.random.EmpiricalDistributionTest)  Time elapsed: 0.026 sec  <<< ERROR!
java.lang.NullPointerException: null
	at org.apache.commons.math3.random.EmpiricalDistributionTest.setUp(EmpiricalDistributionTest.java:70)

testDensityIntegrals(org.apache.commons.math3.random.EmpiricalDistributionTest)  Time elapsed: 0.019 sec  <<< ERROR!
java.lang.NullPointerException: null
	at org.apache.commons.math3.random.EmpiricalDistributionTest.setUp(EmpiricalDistributionTest.java:70)

testGeneratorConfig(org.apache.commons.math3.random.EmpiricalDistributionTest)  Time elapsed: 0.007 sec  <<< ERROR!
java.lang.NullPointerException: null
	at org.apache.commons.math3.random.EmpiricalDistributionTest.setUp(EmpiricalDistributionTest.java:70)

testReSeed(org.apache.commons.math3.random.EmpiricalDistributionTest)  Time elapsed: 0.007 sec  <<< ERROR!
java.lang.NullPointerException: null
	at org.apache.commons.math3.random.EmpiricalDistributionTest.setUp(EmpiricalDistributionTest.java:70)

testKernelOverrideConstant(org.apache.commons.math3.random.EmpiricalDistributionTest)  Time elapsed: 0.007 sec  <<< ERROR!
java.lang.NullPointerException: null
	at org.apache.commons.math3.random.EmpiricalDistributionTest.setUp(EmpiricalDistributionTest.java:70)

testKernelOverrideUniform(org.apache.commons.math3.random.EmpiricalDistributionTest)  Time elapsed: 0.007 sec  <<< ERROR!
java.lang.NullPointerException: null
	at org.apache.commons.math3.random.EmpiricalDistributionTest.setUp(EmpiricalDistributionTest.java:70)

testLoad(org.apache.commons.math3.random.EmpiricalDistributionTest)  Time elapsed: 0.007 sec  <<< ERROR!
java.lang.NullPointerException: null
	at org.apache.commons.math3.random.EmpiricalDistributionTest.setUp(EmpiricalDistributionTest.java:70)

testDoubleLoad(org.apache.commons.math3.random.EmpiricalDistributionTest)  Time elapsed: 0.008 sec  <<< ERROR!
java.lang.NullPointerException: null
	at org.apache.commons.math3.random.EmpiricalDistributionTest.setUp(EmpiricalDistributionTest.java:70)

testNext(org.apache.commons.math3.random.EmpiricalDistributionTest)  Time elapsed: 0.009 sec  <<< ERROR!
java.lang.NullPointerException: null
	at org.apache.commons.math3.random.EmpiricalDistributionTest.setUp(EmpiricalDistributionTest.java:70)

testNexFail(org.apache.commons.math3.random.EmpiricalDistributionTest)  Time elapsed: 0.006 sec  <<< ERROR!
java.lang.NullPointerException: null
	at org.apache.commons.math3.random.EmpiricalDistributionTest.setUp(EmpiricalDistributionTest.java:70)

testGridTooFine(org.apache.commons.math3.random.EmpiricalDistributionTest)  Time elapsed: 0.006 sec  <<< ERROR!
java.lang.NullPointerException: null
	at org.apache.commons.math3.random.EmpiricalDistributionTest.setUp(EmpiricalDistributionTest.java:70)

testGridTooFat(org.apache.commons.math3.random.EmpiricalDistributionTest)  Time elapsed: 0.006 sec  <<< ERROR!
java.lang.NullPointerException: null
	at org.apache.commons.math3.random.EmpiricalDistributionTest.setUp(EmpiricalDistributionTest.java:70)

testBinIndexOverflow(org.apache.commons.math3.random.EmpiricalDistributionTest)  Time elapsed: 0.005 sec  <<< ERROR!
java.lang.NullPointerException: null
	at org.apache.commons.math3.random.EmpiricalDistributionTest.setUp(EmpiricalDistributionTest.java:70)

testLoadNullDoubleArray(org.apache.commons.math3.random.EmpiricalDistributionTest)  Time elapsed: 0.007 sec  <<< ERROR!
java.lang.NullPointerException: null
	at org.apache.commons.math3.random.EmpiricalDistributionTest.setUp(EmpiricalDistributionTest.java:70)

testLoadNullURL(org.apache.commons.math3.random.EmpiricalDistributionTest)  Time elapsed: 0.004 sec  <<< ERROR!
java.lang.NullPointerException: null
	at org.apache.commons.math3.random.EmpiricalDistributionTest.setUp(EmpiricalDistributionTest.java:70)

testLoadNullFile(org.apache.commons.math3.random.EmpiricalDistributionTest)  Time elapsed: 0.006 sec  <<< ERROR!
java.lang.NullPointerException: null
	at org.apache.commons.math3.random.EmpiricalDistributionTest.setUp(EmpiricalDistributionTest.java:70)

testGetBinUpperBounds(org.apache.commons.math3.random.EmpiricalDistributionTest)  Time elapsed: 0.006 sec  <<< ERROR!
java.lang.NullPointerException: null
	at org.apache.commons.math3.random.EmpiricalDistributionTest.setUp(EmpiricalDistributionTest.java:70)

testConsistency(org.apache.commons.math3.random.EmpiricalDistributionTest)  Time elapsed: 0.005 sec  <<< ERROR!
java.lang.NullPointerException: null
	at org.apache.commons.math3.random.EmpiricalDistributionTest.setUp(EmpiricalDistributionTest.java:70)

testIllegalArguments(org.apache.commons.math3.random.EmpiricalDistributionTest)  Time elapsed: 0.006 sec  <<< ERROR!
java.lang.NullPointerException: null
	at org.apache.commons.math3.random.EmpiricalDistributionTest.setUp(EmpiricalDistributionTest.java:70)

testIsSupportLowerBoundInclusive(org.apache.commons.math3.random.EmpiricalDistributionTest)  Time elapsed: 0.005 sec  <<< ERROR!
java.lang.NullPointerException: null
	at org.apache.commons.math3.random.EmpiricalDistributionTest.setUp(EmpiricalDistributionTest.java:70)

testIsSupportUpperBoundInclusive(org.apache.commons.math3.random.EmpiricalDistributionTest)  Time elapsed: 0.005 sec  <<< ERROR!
java.lang.NullPointerException: null
	at org.apache.commons.math3.random.EmpiricalDistributionTest.setUp(EmpiricalDistributionTest.java:70)

testDistributionClone(org.apache.commons.math3.random.EmpiricalDistributionTest)  Time elapsed: 0.006 sec  <<< ERROR!
java.lang.NullPointerException: null
	at org.apache.commons.math3.random.EmpiricalDistributionTest.setUp(EmpiricalDistributionTest.java:70)

testDensities(org.apache.commons.math3.random.EmpiricalDistributionTest)  Time elapsed: 0.005 sec  <<< ERROR!
java.lang.NullPointerException: null
	at org.apache.commons.math3.random.EmpiricalDistributionTest.setUp(EmpiricalDistributionTest.java:70)

testCumulativeProbabilities(org.apache.commons.math3.random.EmpiricalDistributionTest)  Time elapsed: 0.006 sec  <<< ERROR!
java.lang.NullPointerException: null
	at org.apache.commons.math3.random.EmpiricalDistributionTest.setUp(EmpiricalDistributionTest.java:70)

testInverseCumulativeProbabilities(org.apache.commons.math3.random.EmpiricalDistributionTest)  Time elapsed: 0.005 sec  <<< ERROR!
java.lang.NullPointerException: null
	at org.apache.commons.math3.random.EmpiricalDistributionTest.setUp(EmpiricalDistributionTest.java:70)

testSampling(org.apache.commons.math3.random.EmpiricalDistributionTest)  Time elapsed: 0.006 sec  <<< ERROR!
java.lang.NullPointerException: null
	at org.apache.commons.math3.random.EmpiricalDistributionTest.setUp(EmpiricalDistributionTest.java:70)

Running org.apache.commons.math3.random.Well44497aTest
Tests run: 63, Failures: 0, Errors: 0, Skipped: 0, Time elapsed: 2.464 sec
Running org.apache.commons.math3.random.UncorrelatedRandomVectorGeneratorTest
Tests run: 1, Failures: 0, Errors: 0, Skipped: 0, Time elapsed: 0.017 sec
Running org.apache.commons.math3.random.CorrelatedRandomVectorGeneratorTest
Tests run: 5, Failures: 0, Errors: 0, Skipped: 0, Time elapsed: 0.029 sec
Running org.apache.commons.math3.random.ValueServerTest
Tests run: 9, Failures: 0, Errors: 5, Skipped: 0, Time elapsed: 0.006 sec <<< FAILURE!
testEmptyDigestFile(org.apache.commons.math3.random.ValueServerTest)  Time elapsed: 0 sec  <<< ERROR!
org.apache.commons.math3.exception.NullArgumentException: null is not allowed
	at org.apache.commons.math3.util.MathUtils.checkNotNull(MathUtils.java:265)
	at org.apache.commons.math3.random.EmpiricalDistribution.load(EmpiricalDistribution.java:255)
	at org.apache.commons.math3.random.ValueServer.computeDistribution(ValueServer.java:219)
	at org.apache.commons.math3.random.ValueServer.computeDistribution(ValueServer.java:198)
	at org.apache.commons.math3.random.ValueServerTest.testEmptyDigestFile(ValueServerTest.java:146)

testReplay(org.apache.commons.math3.random.ValueServerTest)  Time elapsed: 0.001 sec  <<< ERROR!
java.lang.NullPointerException: null
	at org.apache.commons.math3.random.ValueServer.resetReplayFile(ValueServer.java:299)
	at org.apache.commons.math3.random.ValueServerTest.testReplay(ValueServerTest.java:165)

testNextDigest(org.apache.commons.math3.random.ValueServerTest)  Time elapsed: 0.001 sec  <<< ERROR!
org.apache.commons.math3.exception.NullArgumentException: null is not allowed
	at org.apache.commons.math3.util.MathUtils.checkNotNull(MathUtils.java:265)
	at org.apache.commons.math3.random.EmpiricalDistribution.load(EmpiricalDistribution.java:255)
	at org.apache.commons.math3.random.ValueServer.computeDistribution(ValueServer.java:219)
	at org.apache.commons.math3.random.ValueServer.computeDistribution(ValueServer.java:198)
	at org.apache.commons.math3.random.ValueServerTest.testNextDigest(ValueServerTest.java:58)

testFixedSeed(org.apache.commons.math3.random.ValueServerTest)  Time elapsed: 0 sec  <<< ERROR!
org.apache.commons.math3.exception.NullArgumentException: null is not allowed
	at org.apache.commons.math3.util.MathUtils.checkNotNull(MathUtils.java:265)
	at org.apache.commons.math3.random.EmpiricalDistribution.load(EmpiricalDistribution.java:255)
	at org.apache.commons.math3.random.ValueServer.computeDistribution(ValueServer.java:219)
	at org.apache.commons.math3.random.ValueServer.computeDistribution(ValueServer.java:198)
	at org.apache.commons.math3.random.ValueServerTest.testFixedSeed(ValueServerTest.java:90)

testEmptyReplayFile(org.apache.commons.math3.random.ValueServerTest)  Time elapsed: 0 sec  <<< ERROR!
java.lang.NullPointerException: null
	at org.apache.commons.math3.random.ValueServer.resetReplayFile(ValueServer.java:299)
	at org.apache.commons.math3.random.ValueServer.getNextReplay(ValueServer.java:412)
	at org.apache.commons.math3.random.ValueServer.getNext(ValueServer.java:135)
	at org.apache.commons.math3.random.ValueServerTest.testEmptyReplayFile(ValueServerTest.java:133)

Running org.apache.commons.math3.random.Well512aTest
Tests run: 63, Failures: 0, Errors: 0, Skipped: 0, Time elapsed: 2.299 sec
Running org.apache.commons.math3.random.ISAACTest
Tests run: 63, Failures: 0, Errors: 0, Skipped: 0, Time elapsed: 2.454 sec
Running org.apache.commons.math3.random.AbstractRandomGeneratorTest
Tests run: 62, Failures: 0, Errors: 0, Skipped: 0, Time elapsed: 2.538 sec
Running org.apache.commons.math3.special.ErfTest
Tests run: 16, Failures: 0, Errors: 0, Skipped: 0, Time elapsed: 0.005 sec
Running org.apache.commons.math3.special.BetaTest
Tests run: 29, Failures: 0, Errors: 0, Skipped: 0, Time elapsed: 0.007 sec
Running org.apache.commons.math3.special.GammaTest
Tests run: 25, Failures: 0, Errors: 0, Skipped: 0, Time elapsed: 0.005 sec
Running org.apache.commons.math3.util.TransformerMapTest
Tests run: 8, Failures: 0, Errors: 0, Skipped: 0, Time elapsed: 0.003 sec
Running org.apache.commons.math3.util.MultidimensionalCounterTest
Tests run: 5, Failures: 0, Errors: 0, Skipped: 0, Time elapsed: 0.002 sec
Running org.apache.commons.math3.util.ResizableDoubleArrayTest
Tests run: 17, Failures: 0, Errors: 0, Skipped: 0, Time elapsed: 0.005 sec
Running org.apache.commons.math3.util.MathArraysTest
Tests run: 38, Failures: 0, Errors: 0, Skipped: 0, Time elapsed: 0.012 sec
Running org.apache.commons.math3.util.DefaultTransformerTest
Tests run: 7, Failures: 0, Errors: 0, Skipped: 0, Time elapsed: 0.001 sec
Running org.apache.commons.math3.util.FastMathTest
FastMath does not implement: public static int java.lang.StrictMath.addExact(int,int)
FastMath does not implement: public static long java.lang.StrictMath.addExact(long,long)
FastMath does not implement: public static int java.lang.StrictMath.multiplyExact(int,int)
FastMath does not implement: public static long java.lang.StrictMath.multiplyExact(long,long)
FastMath does not implement: public static long java.lang.StrictMath.subtractExact(long,long)
FastMath does not implement: public static int java.lang.StrictMath.subtractExact(int,int)
FastMath does not implement: public static int java.lang.StrictMath.toIntExact(long)
FastMath does not implement: public static long java.lang.StrictMath.floorDiv(long,long)
FastMath does not implement: public static int java.lang.StrictMath.floorDiv(int,int)
FastMath does not implement: public static int java.lang.StrictMath.floorMod(int,int)
FastMath does not implement: public static long java.lang.StrictMath.floorMod(long,long)
FastMath does not implement: public static float java.lang.StrictMath.nextDown(float)
FastMath does not implement: public static double java.lang.StrictMath.nextDown(double)
Tests run: 48, Failures: 1, Errors: 0, Skipped: 1, Time elapsed: 6.844 sec <<< FAILURE!
checkMissingFastMathClasses(org.apache.commons.math3.util.FastMathTest)  Time elapsed: 0.003 sec  <<< FAILURE!
java.lang.AssertionError: FastMath should implement all StrictMath methods
	at org.junit.Assert.fail(Assert.java:93)
	at org.junit.Assert.assertTrue(Assert.java:43)
	at org.apache.commons.math3.util.FastMathTest.checkMissingFastMathClasses(FastMathTest.java:1109)

Running org.apache.commons.math3.util.FastMathStrictComparisonTest
Cannot find FastMath method corresponding to: public static int java.lang.StrictMath.addExact(int,int)
Cannot find FastMath method corresponding to: public static long java.lang.StrictMath.addExact(long,long)
Cannot find FastMath method corresponding to: public static int java.lang.StrictMath.multiplyExact(int,int)
Cannot find FastMath method corresponding to: public static long java.lang.StrictMath.multiplyExact(long,long)
Cannot find FastMath method corresponding to: public static long java.lang.StrictMath.subtractExact(long,long)
Cannot find FastMath method corresponding to: public static int java.lang.StrictMath.subtractExact(int,int)
Cannot find FastMath method corresponding to: public static int java.lang.StrictMath.toIntExact(long)
Cannot find FastMath method corresponding to: public static long java.lang.StrictMath.floorDiv(long,long)
Cannot find FastMath method corresponding to: public static int java.lang.StrictMath.floorDiv(int,int)
Cannot find FastMath method corresponding to: public static int java.lang.StrictMath.floorMod(int,int)
Cannot find FastMath method corresponding to: public static long java.lang.StrictMath.floorMod(long,long)
Cannot find FastMath method corresponding to: public static float java.lang.StrictMath.nextDown(float)
Cannot find FastMath method corresponding to: public static double java.lang.StrictMath.nextDown(double)
Tests run: 53, Failures: 0, Errors: 0, Skipped: 0, Time elapsed: 0.059 sec
Running org.apache.commons.math3.util.ArithmeticUtilsTest
Tests run: 24, Failures: 0, Errors: 0, Skipped: 0, Time elapsed: 0.356 sec
Running org.apache.commons.math3.util.BigRealTest
Tests run: 14, Failures: 0, Errors: 0, Skipped: 0, Time elapsed: 0.007 sec
Running org.apache.commons.math3.util.Decimal64Test
Tests run: 63, Failures: 0, Errors: 0, Skipped: 0, Time elapsed: 0.034 sec
Running org.apache.commons.math3.util.MathUtilsTest
Tests run: 19, Failures: 0, Errors: 0, Skipped: 0, Time elapsed: 0.013 sec
Running org.apache.commons.math3.util.IncrementorTest
Tests run: 10, Failures: 0, Errors: 0, Skipped: 0, Time elapsed: 0.003 sec
Running org.apache.commons.math3.util.PairTest
Tests run: 4, Failures: 0, Errors: 0, Skipped: 0, Time elapsed: 0.001 sec
Running org.apache.commons.math3.util.OpenIntToDoubleHashMapTest
Tests run: 17, Failures: 0, Errors: 0, Skipped: 0, Time elapsed: 0.047 sec
Running org.apache.commons.math3.util.OpenIntToFieldTest
Tests run: 17, Failures: 0, Errors: 0, Skipped: 0, Time elapsed: 0.032 sec
Running org.apache.commons.math3.util.ContinuedFractionTest
Tests run: 1, Failures: 0, Errors: 0, Skipped: 0, Time elapsed: 0 sec
Running org.apache.commons.math3.util.PrecisionTest
Tests run: 15, Failures: 0, Errors: 0, Skipped: 0, Time elapsed: 0.004 sec
Running org.apache.commons.math3.util.BigRealFieldTest
Tests run: 3, Failures: 0, Errors: 0, Skipped: 0, Time elapsed: 0.002 sec
Running org.apache.commons.math3.ode.events.EventFilterTest
Tests run: 7, Failures: 0, Errors: 0, Skipped: 0, Time elapsed: 0.051 sec
Running org.apache.commons.math3.ode.events.EventStateTest
Tests run: 2, Failures: 0, Errors: 0, Skipped: 0, Time elapsed: 0.003 sec
Running org.apache.commons.math3.ode.events.OverlappingEventsTest
Tests run: 2, Failures: 0, Errors: 0, Skipped: 0, Time elapsed: 0.007 sec
Running org.apache.commons.math3.ode.events.ReappearingEventTest
Tests run: 2, Failures: 0, Errors: 0, Skipped: 0, Time elapsed: 0.003 sec
Running org.apache.commons.math3.ode.nonstiff.GraggBulirschStoerIntegratorTest
Tests run: 12, Failures: 0, Errors: 0, Skipped: 0, Time elapsed: 0.126 sec
Running org.apache.commons.math3.ode.nonstiff.HighamHall54IntegratorTest
Tests run: 9, Failures: 0, Errors: 0, Skipped: 0, Time elapsed: 0.027 sec
Running org.apache.commons.math3.ode.nonstiff.AdamsBashforthIntegratorTest
Tests run: 6, Failures: 0, Errors: 0, Skipped: 0, Time elapsed: 0.03 sec
Running org.apache.commons.math3.ode.nonstiff.ClassicalRungeKuttaIntegratorTest
Tests run: 8, Failures: 0, Errors: 0, Skipped: 0, Time elapsed: 0.058 sec
Running org.apache.commons.math3.ode.nonstiff.EulerStepInterpolatorTest
Tests run: 5, Failures: 0, Errors: 0, Skipped: 0, Time elapsed: 0.028 sec
Running org.apache.commons.math3.ode.nonstiff.HighamHall54StepInterpolatorTest
Tests run: 3, Failures: 0, Errors: 0, Skipped: 0, Time elapsed: 0.014 sec
Running org.apache.commons.math3.ode.nonstiff.DormandPrince54StepInterpolatorTest
Tests run: 3, Failures: 0, Errors: 0, Skipped: 0, Time elapsed: 0.014 sec
Running org.apache.commons.math3.ode.nonstiff.GraggBulirschStoerStepInterpolatorTest
Tests run: 3, Failures: 0, Errors: 0, Skipped: 0, Time elapsed: 0.01 sec
Running org.apache.commons.math3.ode.nonstiff.AdamsMoultonIntegratorTest
Tests run: 6, Failures: 0, Errors: 0, Skipped: 0, Time elapsed: 0.023 sec
Running org.apache.commons.math3.ode.nonstiff.GillStepInterpolatorTest
Tests run: 2, Failures: 0, Errors: 0, Skipped: 0, Time elapsed: 0.031 sec
Running org.apache.commons.math3.ode.nonstiff.ClassicalRungeKuttaStepInterpolatorTest
Tests run: 2, Failures: 0, Errors: 0, Skipped: 0, Time elapsed: 0.029 sec
Running org.apache.commons.math3.ode.nonstiff.GillIntegratorTest
Tests run: 8, Failures: 0, Errors: 0, Skipped: 0, Time elapsed: 0.04 sec
Running org.apache.commons.math3.ode.nonstiff.DormandPrince853IntegratorTest
Tests run: 12, Failures: 0, Errors: 0, Skipped: 0, Time elapsed: 0.011 sec
Running org.apache.commons.math3.ode.nonstiff.DormandPrince853StepInterpolatorTest
Tests run: 3, Failures: 0, Errors: 0, Skipped: 0, Time elapsed: 0.01 sec
Running org.apache.commons.math3.ode.nonstiff.MidpointIntegratorTest
Tests run: 6, Failures: 0, Errors: 0, Skipped: 0, Time elapsed: 0.033 sec
Running org.apache.commons.math3.ode.nonstiff.ThreeEighthesStepInterpolatorTest
Tests run: 2, Failures: 0, Errors: 0, Skipped: 0, Time elapsed: 0.039 sec
Running org.apache.commons.math3.ode.nonstiff.ThreeEighthesIntegratorTest
Tests run: 7, Failures: 0, Errors: 0, Skipped: 0, Time elapsed: 0.046 sec
Running org.apache.commons.math3.ode.nonstiff.EulerIntegratorTest
Tests run: 6, Failures: 0, Errors: 0, Skipped: 0, Time elapsed: 0.016 sec
Running org.apache.commons.math3.ode.nonstiff.MidpointStepInterpolatorTest
Tests run: 2, Failures: 0, Errors: 0, Skipped: 0, Time elapsed: 0.012 sec
Running org.apache.commons.math3.ode.nonstiff.DormandPrince54IntegratorTest
Tests run: 8, Failures: 0, Errors: 0, Skipped: 0, Time elapsed: 0.012 sec
Running org.apache.commons.math3.ode.sampling.NordsieckStepInterpolatorTest
Tests run: 2, Failures: 0, Errors: 0, Skipped: 0, Time elapsed: 0.017 sec
Running org.apache.commons.math3.ode.sampling.StepNormalizerOutputTest
Tests run: 16, Failures: 0, Errors: 0, Skipped: 0, Time elapsed: 0.011 sec
Running org.apache.commons.math3.ode.sampling.StepNormalizerTest
Tests run: 2, Failures: 0, Errors: 0, Skipped: 0, Time elapsed: 0.003 sec
Running org.apache.commons.math3.ode.sampling.StepNormalizerOutputOverlapTest
Tests run: 16, Failures: 0, Errors: 0, Skipped: 0, Time elapsed: 0.009 sec
Running org.apache.commons.math3.ode.sampling.DummyStepInterpolatorTest
Tests run: 4, Failures: 0, Errors: 0, Skipped: 0, Time elapsed: 0.002 sec
Running org.apache.commons.math3.ode.ContinuousOutputModelTest
Tests run: 4, Failures: 0, Errors: 0, Skipped: 0, Time elapsed: 0.009 sec
Running org.apache.commons.math3.ode.FirstOrderConverterTest
Tests run: 4, Failures: 0, Errors: 0, Skipped: 0, Time elapsed: 0.019 sec
Running org.apache.commons.math3.ode.JacobianMatricesTest
Tests run: 6, Failures: 0, Errors: 0, Skipped: 0, Time elapsed: 0.615 sec
Running org.apache.commons.math3.primes.PrimesTest
Tests run: 3, Failures: 0, Errors: 0, Skipped: 0, Time elapsed: 0.037 sec

Results :

Failed tests: 
  CertifiedDataTest.testSummaryStatistics:46->loadStats:117 Could not find resource data/PiDigits.txt
  CertifiedDataTest.testDescriptiveStatistics:76->loadStats:117 Could not find resource data/PiDigits.txt
  BOBYQAOptimizerTest.testAckley:208->doTest:281->doTest:336 expected:<0.0> but was:<1.047765607609108E-8>
  GammaDistributionTest.testMath753Shape1:331->doTestMath753:233 Could not find resource gamma-distribution-shape-1.csv
  GammaDistributionTest.testMath753Shape8:336->doTestMath753:233 Could not find resource gamma-distribution-shape-8.csv
  GammaDistributionTest.testMath753Shape10:341->doTestMath753:233 Could not find resource gamma-distribution-shape-10.csv
  GammaDistributionTest.testMath753Shape100:346->doTestMath753:233 Could not find resource gamma-distribution-shape-100.csv
  GammaDistributionTest.testMath753Shape142:351->doTestMath753:233 Could not find resource gamma-distribution-shape-142.csv
  GammaDistributionTest.testMath753Shape1000:356->doTestMath753:233 Could not find resource gamma-distribution-shape-1000.csv
  BOBYQAOptimizerTest.testAckley:209->doTest:282->doTest:338 expected:<0.0> but was:<1.047765607609108E-8>
  FastMathTest.checkMissingFastMathClasses:1109 FastMath should implement all StrictMath methods

Tests in error: 
  LewTest>CertifiedDataAbstractTest.setUp:55->CertifiedDataAbstractTest.loadData:63 » NullPointer
  LotteryTest>CertifiedDataAbstractTest.setUp:55->CertifiedDataAbstractTest.loadData:63 » NullPointer
  LocalizedFormatsTest.testAllKeysPresentInPropertiesFiles:41 » MissingResource ...
  LocalizedFormatsTest.testAllPropertiesCorrespondToKeys:61 » MissingResource Ca...
   »  Unexpected exception, expected<org.apache.commons.math3.exception.Converge...
  GaussNewtonOptimizerTest>AbstractLeastSquaresOptimizerAbstractTest.testKirby2:488 » IO
  LevenbergMarquardtOptimizerTest>AbstractLeastSquaresOptimizerAbstractTest.testHahn1:493 » IO
  LevenbergMarquardtOptimizerTest>AbstractLeastSquaresOptimizerAbstractTest.testKirby2:488 » IO
  AbstractLeastSquaresOptimizerTest.testGetChiSquare:43 » IO could not find reso...
  AbstractLeastSquaresOptimizerTest.testComputeSigma:81 » IO could not find reso...
  AbstractLeastSquaresOptimizerTest.testGetRMS:61 » IO could not find resource K...
  BOBYQAOptimizerTest.testDiffPow:186->doTest:281->doTest:327 » TooManyEvaluations
  SingularValueDecompositionTest.testStability1:255->loadRealMatrix:281 » NullPointer
  SingularValueDecompositionTest.testStability2:267->loadRealMatrix:281 » NullPointer
  BOBYQAOptimizerTest.testDiffPow:187->doTest:282->doTest:323 » TooManyEvaluations
   »  Unexpected exception, expected<org.apache.commons.math3.exception.Converge...
  GaussNewtonOptimizerTest>AbstractLeastSquaresOptimizerAbstractTest.testKirby2:604 » IO
  LevenbergMarquardtOptimizerTest>AbstractLeastSquaresOptimizerAbstractTest.testHahn1:609 » IO
  LevenbergMarquardtOptimizerTest>AbstractLeastSquaresOptimizerAbstractTest.testKirby2:604 » IO
  AbstractLeastSquaresOptimizerTest.testGetChiSquare:45 » IO could not find reso...
  AbstractLeastSquaresOptimizerTest.testComputeSigma:98 » IO could not find reso...
  AbstractLeastSquaresOptimizerTest.testGetRMS:70 » IO could not find resource K...
  EmpiricalDistributionTest.setUp:70 NullPointer
  EmpiricalDistributionTest.setUp:70 NullPointer
  EmpiricalDistributionTest.setUp:70 NullPointer
  EmpiricalDistributionTest.setUp:70 NullPointer
  EmpiricalDistributionTest.setUp:70 NullPointer
  EmpiricalDistributionTest.setUp:70 NullPointer
  EmpiricalDistributionTest.setUp:70 NullPointer
  EmpiricalDistributionTest.setUp:70 NullPointer
  EmpiricalDistributionTest.setUp:70 NullPointer
  EmpiricalDistributionTest.setUp:70 NullPointer
  EmpiricalDistributionTest.setUp:70 NullPointer
  EmpiricalDistributionTest.setUp:70 NullPointer
  EmpiricalDistributionTest.setUp:70 NullPointer
  EmpiricalDistributionTest.setUp:70 NullPointer
  EmpiricalDistributionTest.setUp:70 NullPointer
  EmpiricalDistributionTest.setUp:70 NullPointer
  EmpiricalDistributionTest.setUp:70 NullPointer
  EmpiricalDistributionTest.setUp:70 NullPointer
  EmpiricalDistributionTest.setUp:70 NullPointer
  EmpiricalDistributionTest.setUp:70 NullPointer
  EmpiricalDistributionTest.setUp:70 NullPointer
  EmpiricalDistributionTest.setUp:70 NullPointer
  EmpiricalDistributionTest.setUp:70 NullPointer
  EmpiricalDistributionTest.setUp:70 NullPointer
  EmpiricalDistributionTest.setUp:70 NullPointer
  EmpiricalDistributionTest.setUp:70 NullPointer
  ValueServerTest.testEmptyDigestFile:146 » NullArgument null is not allowed
  ValueServerTest.testReplay:165 » NullPointer
  ValueServerTest.testNextDigest:58 » NullArgument null is not allowed
  ValueServerTest.testFixedSeed:90 » NullArgument null is not allowed
  ValueServerTest.testEmptyReplayFile:133 » NullPointer

Tests run: 4993, Failures: 11, Errors: 53, Skipped: 45

[INFO] ------------------------------------------------------------------------
[INFO] BUILD FAILURE
[INFO] ------------------------------------------------------------------------
[INFO] Total time: 01:47 min
[INFO] Finished at: 2017-09-21T12:28:15+02:00
[INFO] Final Memory: 29M/510M
[INFO] ------------------------------------------------------------------------
[ERROR] Failed to execute goal org.apache.maven.plugins:maven-surefire-plugin:2.13:test (default-test) on project commons-math3: There are test failures.
[ERROR] 
[ERROR] Please refer to /home/artefact/tests/Maven Test Sources/commons-math3-3.2-test-sources/target/surefire-reports for the individual test results.
[ERROR] -> [Help 1]
[ERROR] 
[ERROR] To see the full stack trace of the errors, re-run Maven with the -e switch.
[ERROR] Re-run Maven using the -X switch to enable full debug logging.
[ERROR] 
[ERROR] For more information about the errors and possible solutions, please read the following articles:
[ERROR] [Help 1] http://cwiki.apache.org/confluence/display/MAVEN/MojoFailureException
