[INFO] Scanning for projects...
[INFO]                                                                         
[INFO] ------------------------------------------------------------------------
[INFO] Building Apache Commons BeanUtils 1.9.1
[INFO] ------------------------------------------------------------------------
[WARNING] The POM for commons-collections:commons-collections-testframework:jar:3.2.1 is missing, no dependency information available
[INFO] 
[INFO] --- maven-antrun-plugin:1.7:run (javadoc.resources) @ commons-beanutils ---
[INFO] Executing tasks

main:
[INFO] Executed tasks
[INFO] 
[INFO] --- maven-remote-resources-plugin:1.4:process (default) @ commons-beanutils ---
[INFO] 
[INFO] --- buildnumber-maven-plugin:1.2:create (default) @ commons-beanutils ---
[INFO] Checking for local modifications: skipped.
[INFO] Updating project files from SCM: skipped.
[INFO] Executing: /bin/sh -c cd "/home/artefact/tests/Maven Test Sources/commons-beanutils-1.9.1-test-sources" && svn --non-interactive info
[INFO] Working directory: /home/artefact/tests/Maven Test Sources/commons-beanutils-1.9.1-test-sources
[INFO] Storing buildNumber: ?????? at timestamp: 1505991343245
[INFO] Executing: /bin/sh -c cd "/home/artefact/tests/Maven Test Sources/commons-beanutils-1.9.1-test-sources" && svn --non-interactive info
[INFO] Working directory: /home/artefact/tests/Maven Test Sources/commons-beanutils-1.9.1-test-sources
[INFO] Storing buildScmBranch: UNKNOWN_BRANCH
[INFO] 
[INFO] --- maven-resources-plugin:2.6:resources (default-resources) @ commons-beanutils ---
[INFO] Using 'iso-8859-1' encoding to copy filtered resources.
[INFO] skip non existing resourceDirectory /home/artefact/tests/Maven Test Sources/commons-beanutils-1.9.1-test-sources/src/main/resources
[INFO] Copying 0 resource to META-INF
[INFO] 
[INFO] --- maven-compiler-plugin:3.1:compile (default-compile) @ commons-beanutils ---
[INFO] Changes detected - recompiling the module!
[INFO] Compiling 110 source files to /home/artefact/tests/Maven Test Sources/commons-beanutils-1.9.1-test-sources/target/classes
[WARNING] /home/artefact/tests/Maven Test Sources/commons-beanutils-1.9.1-test-sources/src/main/java/org/apache/commons/beanutils/WrapDynaClass.java: /home/artefact/tests/Maven Test Sources/commons-beanutils-1.9.1-test-sources/src/main/java/org/apache/commons/beanutils/WrapDynaClass.java uses or overrides a deprecated API.
[WARNING] /home/artefact/tests/Maven Test Sources/commons-beanutils-1.9.1-test-sources/src/main/java/org/apache/commons/beanutils/WrapDynaClass.java: Recompile with -Xlint:deprecation for details.
[WARNING] /home/artefact/tests/Maven Test Sources/commons-beanutils-1.9.1-test-sources/src/main/java/org/apache/commons/beanutils/converters/AbstractArrayConverter.java: Some input files use unchecked or unsafe operations.
[WARNING] /home/artefact/tests/Maven Test Sources/commons-beanutils-1.9.1-test-sources/src/main/java/org/apache/commons/beanutils/converters/AbstractArrayConverter.java: Recompile with -Xlint:unchecked for details.
[INFO] 
[INFO] --- maven-bundle-plugin:2.4.0:manifest (bundle-manifest) @ commons-beanutils ---
[INFO] 
[INFO] --- maven-resources-plugin:2.6:testResources (default-testResources) @ commons-beanutils ---
[INFO] Using 'iso-8859-1' encoding to copy filtered resources.
[INFO] skip non existing resourceDirectory /home/artefact/tests/Maven Test Sources/commons-beanutils-1.9.1-test-sources/src/test/resources
[INFO] Copying 0 resource to META-INF
[INFO] 
[INFO] --- maven-compiler-plugin:3.1:testCompile (default-testCompile) @ commons-beanutils ---
[INFO] Changes detected - recompiling the module!
[INFO] Compiling 138 source files to /home/artefact/tests/Maven Test Sources/commons-beanutils-1.9.1-test-sources/target/test-classes
[WARNING] /home/artefact/tests/Maven Test Sources/commons-beanutils-1.9.1-test-sources/src/test/java/org/apache/commons/beanutils/converters/BooleanArrayConverterTestCase.java: Some input files use or override a deprecated API.
[WARNING] /home/artefact/tests/Maven Test Sources/commons-beanutils-1.9.1-test-sources/src/test/java/org/apache/commons/beanutils/converters/BooleanArrayConverterTestCase.java: Recompile with -Xlint:deprecation for details.
[WARNING] /home/artefact/tests/Maven Test Sources/commons-beanutils-1.9.1-test-sources/src/test/java/org/apache/commons/beanutils/BeanMapTestCase.java: /home/artefact/tests/Maven Test Sources/commons-beanutils-1.9.1-test-sources/src/test/java/org/apache/commons/beanutils/BeanMapTestCase.java uses unchecked or unsafe operations.
[WARNING] /home/artefact/tests/Maven Test Sources/commons-beanutils-1.9.1-test-sources/src/test/java/org/apache/commons/beanutils/BeanMapTestCase.java: Recompile with -Xlint:unchecked for details.
[INFO] 
[INFO] --- maven-surefire-plugin:2.15:test (default-test) @ commons-beanutils ---
[WARNING] The parameter forkMode is deprecated since version 2.14. Use forkCount and reuseForks instead.
[INFO] Surefire report directory: /home/artefact/tests/Maven Test Sources/commons-beanutils-1.9.1-test-sources/target/surefire-reports
Downloading: https://repo.maven.apache.org/maven2/org/apache/maven/surefire/surefire-junit3/2.15/surefire-junit3-2.15.pom
2/2 KB            Downloaded: https://repo.maven.apache.org/maven2/org/apache/maven/surefire/surefire-junit3/2.15/surefire-junit3-2.15.pom (2 KB at 1.5 KB/sec)
Downloading: https://repo.maven.apache.org/maven2/org/apache/maven/surefire/surefire-junit3/2.15/surefire-junit3-2.15.jar
3/25 KB   5/25 KB   8/25 KB   11/25 KB   13/25 KB   16/25 KB   19/25 KB   21/25 KB   24/25 KB   25/25 KB              Downloaded: https://repo.maven.apache.org/maven2/org/apache/maven/surefire/surefire-junit3/2.15/surefire-junit3-2.15.jar (25 KB at 51.9 KB/sec)

-------------------------------------------------------
 T E S T S
-------------------------------------------------------

-------------------------------------------------------
 T E S T S
-------------------------------------------------------
Running org.apache.commons.beanutils.BasicDynaBeanTestCase
Tests run: 35, Failures: 0, Errors: 0, Skipped: 0, Time elapsed: 0.228 sec - in org.apache.commons.beanutils.BasicDynaBeanTestCase
Running org.apache.commons.beanutils.bugs.Jira411TestCase
Tests run: 1, Failures: 0, Errors: 0, Skipped: 0, Time elapsed: 0.077 sec - in org.apache.commons.beanutils.bugs.Jira411TestCase
Running org.apache.commons.beanutils.bugs.Jira298TestCase
Tests run: 3, Failures: 0, Errors: 0, Skipped: 0, Time elapsed: 0.072 sec - in org.apache.commons.beanutils.bugs.Jira298TestCase
Running org.apache.commons.beanutils.bugs.Jira18TestCase
Tests run: 12, Failures: 0, Errors: 0, Skipped: 0, Time elapsed: 0.079 sec - in org.apache.commons.beanutils.bugs.Jira18TestCase
Running org.apache.commons.beanutils.bugs.Jira345TestCase
Tests run: 2, Failures: 0, Errors: 0, Skipped: 0, Time elapsed: 0.066 sec - in org.apache.commons.beanutils.bugs.Jira345TestCase
Running org.apache.commons.beanutils.bugs.Jira157TestCase
Tests run: 3, Failures: 0, Errors: 0, Skipped: 0, Time elapsed: 0.074 sec - in org.apache.commons.beanutils.bugs.Jira157TestCase
Running org.apache.commons.beanutils.bugs.Jira61TestCase
Tests run: 16, Failures: 0, Errors: 0, Skipped: 0, Time elapsed: 0.088 sec - in org.apache.commons.beanutils.bugs.Jira61TestCase
Running org.apache.commons.beanutils.bugs.Jira339TestCase
Tests run: 2, Failures: 0, Errors: 0, Skipped: 0, Time elapsed: 0.069 sec - in org.apache.commons.beanutils.bugs.Jira339TestCase
Running org.apache.commons.beanutils.bugs.Jira358TestCase
Tests run: 2, Failures: 0, Errors: 0, Skipped: 0, Time elapsed: 0.076 sec - in org.apache.commons.beanutils.bugs.Jira358TestCase
Running org.apache.commons.beanutils.bugs.Jira273TestCase
Tests run: 6, Failures: 0, Errors: 0, Skipped: 0, Time elapsed: 0.107 sec - in org.apache.commons.beanutils.bugs.Jira273TestCase
Running org.apache.commons.beanutils.bugs.Jira92TestCase
Tests run: 1, Failures: 0, Errors: 0, Skipped: 0, Time elapsed: 0.086 sec - in org.apache.commons.beanutils.bugs.Jira92TestCase
Running org.apache.commons.beanutils.bugs.Jira454TestCase
Tests run: 1, Failures: 0, Errors: 0, Skipped: 0, Time elapsed: 0.072 sec - in org.apache.commons.beanutils.bugs.Jira454TestCase
Running org.apache.commons.beanutils.bugs.Jira349TestCase
Tests run: 1, Failures: 0, Errors: 0, Skipped: 0, Time elapsed: 0.077 sec - in org.apache.commons.beanutils.bugs.Jira349TestCase
Running org.apache.commons.beanutils.bugs.Jira422TestCase
Tests run: 2, Failures: 2, Errors: 0, Skipped: 0, Time elapsed: 0.074 sec <<< FAILURE! - in org.apache.commons.beanutils.bugs.Jira422TestCase
testRootBean(org.apache.commons.beanutils.bugs.Jira422TestCase)  Time elapsed: 0.063 sec  <<< FAILURE!
junit.framework.ComparisonFailure: expected:<...lang.String> but was:<...util.List>
	at junit.framework.Assert.assertEquals(Assert.java:81)
	at junit.framework.Assert.assertEquals(Assert.java:87)
	at org.apache.commons.beanutils.bugs.Jira422TestCase.testRootBean(Jira422TestCase.java:36)

testSecondChildBean(org.apache.commons.beanutils.bugs.Jira422TestCase)  Time elapsed: 0.002 sec  <<< FAILURE!
junit.framework.ComparisonFailure: expected:<...lang.String> but was:<...util.List>
	at junit.framework.Assert.assertEquals(Assert.java:81)
	at junit.framework.Assert.assertEquals(Assert.java:87)
	at org.apache.commons.beanutils.bugs.Jira422TestCase.testSecondChildBean(Jira422TestCase.java:42)

Running org.apache.commons.beanutils.bugs.Jira87TestCase
Tests run: 1, Failures: 0, Errors: 0, Skipped: 0, Time elapsed: 0.074 sec - in org.apache.commons.beanutils.bugs.Jira87TestCase
Running org.apache.commons.beanutils.bugs.Jira347TestCase
Tests run: 1, Failures: 0, Errors: 0, Skipped: 0, Time elapsed: 1.772 sec - in org.apache.commons.beanutils.bugs.Jira347TestCase
Running org.apache.commons.beanutils.bugs.Jira368TestCase
Tests run: 1, Failures: 0, Errors: 0, Skipped: 0, Time elapsed: 0.075 sec - in org.apache.commons.beanutils.bugs.Jira368TestCase
Running org.apache.commons.beanutils.bugs.Jira359TestCase
Tests run: 4, Failures: 0, Errors: 0, Skipped: 0, Time elapsed: 0.074 sec - in org.apache.commons.beanutils.bugs.Jira359TestCase
Running org.apache.commons.beanutils.bugs.Jira456TestCase
Tests run: 2, Failures: 0, Errors: 0, Skipped: 0, Time elapsed: 0.05 sec - in org.apache.commons.beanutils.bugs.Jira456TestCase
Running org.apache.commons.beanutils.bugs.Jira357TestCase
Tests run: 3, Failures: 0, Errors: 0, Skipped: 0, Time elapsed: 0.074 sec - in org.apache.commons.beanutils.bugs.Jira357TestCase
Running org.apache.commons.beanutils.bugs.Jira369TestCase
Tests run: 3, Failures: 0, Errors: 0, Skipped: 0, Time elapsed: 0.079 sec - in org.apache.commons.beanutils.bugs.Jira369TestCase
Running org.apache.commons.beanutils.bugs.Jira381TestCase
Tests run: 1, Failures: 0, Errors: 0, Skipped: 0, Time elapsed: 0.027 sec - in org.apache.commons.beanutils.bugs.Jira381TestCase
Running org.apache.commons.beanutils.ConstructorUtilsTestCase
Tests run: 11, Failures: 0, Errors: 0, Skipped: 0, Time elapsed: 0.018 sec - in org.apache.commons.beanutils.ConstructorUtilsTestCase
Running org.apache.commons.beanutils.DefaultIntrospectionContextTestCase
Tests run: 9, Failures: 0, Errors: 0, Skipped: 0, Time elapsed: 0.017 sec - in org.apache.commons.beanutils.DefaultIntrospectionContextTestCase
Running org.apache.commons.beanutils.LazyDynaBeanTestCase
Tests run: 16, Failures: 0, Errors: 0, Skipped: 0, Time elapsed: 0.073 sec - in org.apache.commons.beanutils.LazyDynaBeanTestCase
Running org.apache.commons.beanutils.DynaPropertyTestCase
Tests run: 2, Failures: 0, Errors: 0, Skipped: 0, Time elapsed: 0.011 sec - in org.apache.commons.beanutils.DynaPropertyTestCase
Running org.apache.commons.beanutils.LazyDynaClassTestCase
Tests run: 15, Failures: 0, Errors: 0, Skipped: 0, Time elapsed: 0.019 sec - in org.apache.commons.beanutils.LazyDynaClassTestCase
Running org.apache.commons.beanutils.BeanificationTestCase
Tests run: 8, Failures: 0, Errors: 1, Skipped: 0, Time elapsed: 0.259 sec <<< FAILURE! - in org.apache.commons.beanutils.BeanificationTestCase
testMemoryLeak2(org.apache.commons.beanutils.BeanificationTestCase)  Time elapsed: 0.115 sec  <<< ERROR!
java.lang.OutOfMemoryError: Java heap space
	at org.apache.commons.beanutils.BeanificationTestCase.testMemoryLeak2(BeanificationTestCase.java:174)

Running org.apache.commons.beanutils.DynaBeanUtilsTestCase
Tests run: 29, Failures: 0, Errors: 0, Skipped: 0, Time elapsed: 0.162 sec - in org.apache.commons.beanutils.DynaBeanUtilsTestCase
Running org.apache.commons.beanutils.BeanComparatorTestCase
Tests run: 8, Failures: 0, Errors: 0, Skipped: 0, Time elapsed: 0.094 sec - in org.apache.commons.beanutils.BeanComparatorTestCase
Running org.apache.commons.beanutils.LazyDynaMapTestCase
Tests run: 17, Failures: 0, Errors: 0, Skipped: 0, Time elapsed: 0.07 sec - in org.apache.commons.beanutils.LazyDynaMapTestCase
Running org.apache.commons.beanutils.BeanUtilsTestCase
Tests run: 55, Failures: 0, Errors: 0, Skipped: 0, Time elapsed: 0.29 sec - in org.apache.commons.beanutils.BeanUtilsTestCase
Running org.apache.commons.beanutils.BeanPropertyValueChangeClosureTestCase
Tests run: 26, Failures: 0, Errors: 0, Skipped: 0, Time elapsed: 0.108 sec - in org.apache.commons.beanutils.BeanPropertyValueChangeClosureTestCase
Running org.apache.commons.beanutils.DynaPropertyUtilsTestCase
Tests run: 55, Failures: 0, Errors: 0, Skipped: 0, Time elapsed: 0.108 sec - in org.apache.commons.beanutils.DynaPropertyUtilsTestCase
Running org.apache.commons.beanutils.PropertyUtilsTestCase
Tests run: 116, Failures: 0, Errors: 0, Skipped: 0, Time elapsed: 0.583 sec - in org.apache.commons.beanutils.PropertyUtilsTestCase
Running org.apache.commons.beanutils.LazyDynaListTestCase
Tests run: 15, Failures: 0, Errors: 0, Skipped: 0, Time elapsed: 0.19 sec - in org.apache.commons.beanutils.LazyDynaListTestCase
Running org.apache.commons.beanutils.DynaBeanMapDecoratorTestCase
Tests run: 13, Failures: 0, Errors: 0, Skipped: 0, Time elapsed: 0.02 sec - in org.apache.commons.beanutils.DynaBeanMapDecoratorTestCase
Running org.apache.commons.beanutils.MethodUtilsTestCase
Tests run: 32, Failures: 0, Errors: 0, Skipped: 0, Time elapsed: 0.048 sec - in org.apache.commons.beanutils.MethodUtilsTestCase
Running org.apache.commons.beanutils.memoryleaktests.MemoryLeakTestCase
Tests run: 8, Failures: 0, Errors: 0, Skipped: 0, Time elapsed: 9.536 sec - in org.apache.commons.beanutils.memoryleaktests.MemoryLeakTestCase
Running org.apache.commons.beanutils.ConvertUtilsTestCase
Tests run: 13, Failures: 0, Errors: 0, Skipped: 0, Time elapsed: 0.127 sec - in org.apache.commons.beanutils.ConvertUtilsTestCase
Running org.apache.commons.beanutils.IndexedPropertyTestCase
Tests run: 29, Failures: 9, Errors: 0, Skipped: 0, Time elapsed: 0.118 sec <<< FAILURE! - in org.apache.commons.beanutils.IndexedPropertyTestCase
testSetListItemA(org.apache.commons.beanutils.IndexedPropertyTestCase)  Time elapsed: 0.004 sec  <<< FAILURE!
junit.framework.AssertionFailedError: Threw exception org.apache.commons.beanutils.ConversionException: Default conversion to List failed.
	at junit.framework.Assert.fail(Assert.java:47)
	at org.apache.commons.beanutils.IndexedPropertyTestCase.testSetListItemA(IndexedPropertyTestCase.java:535)

testListReadMethod(org.apache.commons.beanutils.IndexedPropertyTestCase)  Time elapsed: 0.002 sec  <<< FAILURE!
junit.framework.AssertionFailedError: Threw exception java.lang.ClassCastException: java.beans.PropertyDescriptor cannot be cast to java.beans.IndexedPropertyDescriptor
	at junit.framework.Assert.fail(Assert.java:47)
	at org.apache.commons.beanutils.IndexedPropertyTestCase.testListReadMethod(IndexedPropertyTestCase.java:256)

testListWriteMethod(org.apache.commons.beanutils.IndexedPropertyTestCase)  Time elapsed: 0.001 sec  <<< FAILURE!
junit.framework.AssertionFailedError: Threw exception java.lang.ClassCastException: java.beans.PropertyDescriptor cannot be cast to java.beans.IndexedPropertyDescriptor
	at junit.framework.Assert.fail(Assert.java:47)
	at org.apache.commons.beanutils.IndexedPropertyTestCase.testListWriteMethod(IndexedPropertyTestCase.java:274)

testListIndexedReadMethod(org.apache.commons.beanutils.IndexedPropertyTestCase)  Time elapsed: 0.002 sec  <<< FAILURE!
junit.framework.AssertionFailedError: Threw exception java.lang.ClassCastException: java.beans.PropertyDescriptor cannot be cast to java.beans.IndexedPropertyDescriptor
	at junit.framework.Assert.fail(Assert.java:47)
	at org.apache.commons.beanutils.IndexedPropertyTestCase.testListIndexedReadMethod(IndexedPropertyTestCase.java:288)

testListIndexedWriteMethod(org.apache.commons.beanutils.IndexedPropertyTestCase)  Time elapsed: 0.002 sec  <<< FAILURE!
junit.framework.AssertionFailedError: Threw exception java.lang.ClassCastException: java.beans.PropertyDescriptor cannot be cast to java.beans.IndexedPropertyDescriptor
	at junit.framework.Assert.fail(Assert.java:47)
	at org.apache.commons.beanutils.IndexedPropertyTestCase.testListIndexedWriteMethod(IndexedPropertyTestCase.java:302)

testArrayListReadMethod(org.apache.commons.beanutils.IndexedPropertyTestCase)  Time elapsed: 0.001 sec  <<< FAILURE!
junit.framework.AssertionFailedError: Threw exception java.lang.ClassCastException: java.beans.PropertyDescriptor cannot be cast to java.beans.IndexedPropertyDescriptor
	at junit.framework.Assert.fail(Assert.java:47)
	at org.apache.commons.beanutils.IndexedPropertyTestCase.testArrayListReadMethod(IndexedPropertyTestCase.java:316)

testArrayListWriteMethod(org.apache.commons.beanutils.IndexedPropertyTestCase)  Time elapsed: 0.001 sec  <<< FAILURE!
junit.framework.AssertionFailedError: Threw exception java.lang.ClassCastException: java.beans.PropertyDescriptor cannot be cast to java.beans.IndexedPropertyDescriptor
	at junit.framework.Assert.fail(Assert.java:47)
	at org.apache.commons.beanutils.IndexedPropertyTestCase.testArrayListWriteMethod(IndexedPropertyTestCase.java:330)

testListIndexedPropertyDescriptor(org.apache.commons.beanutils.IndexedPropertyTestCase)  Time elapsed: 0.005 sec  <<< FAILURE!
junit.framework.AssertionFailedError: Not IndexedPropertyDescriptor expected:<class java.beans.IndexedPropertyDescriptor> but was:<class java.beans.PropertyDescriptor>
	at junit.framework.Assert.fail(Assert.java:47)
	at junit.framework.Assert.failNotEquals(Assert.java:282)
	at junit.framework.Assert.assertEquals(Assert.java:64)
	at org.apache.commons.beanutils.IndexedPropertyTestCase.testListIndexedPropertyDescriptor(IndexedPropertyTestCase.java:156)

testArrayListIndexedPropertyDescriptor(org.apache.commons.beanutils.IndexedPropertyTestCase)  Time elapsed: 0.001 sec  <<< FAILURE!
junit.framework.AssertionFailedError: Not IndexedPropertyDescriptor expected:<class java.beans.IndexedPropertyDescriptor> but was:<class java.beans.PropertyDescriptor>
	at junit.framework.Assert.fail(Assert.java:47)
	at junit.framework.Assert.failNotEquals(Assert.java:282)
	at junit.framework.Assert.assertEquals(Assert.java:64)
	at org.apache.commons.beanutils.IndexedPropertyTestCase.testArrayListIndexedPropertyDescriptor(IndexedPropertyTestCase.java:175)

Running org.apache.commons.beanutils.BeanPredicateTestCase
Tests run: 4, Failures: 0, Errors: 0, Skipped: 0, Time elapsed: 0.08 sec - in org.apache.commons.beanutils.BeanPredicateTestCase
Running org.apache.commons.beanutils.MappedPropertyTestCase
Tests run: 17, Failures: 0, Errors: 0, Skipped: 0, Time elapsed: 0.078 sec - in org.apache.commons.beanutils.MappedPropertyTestCase
Running org.apache.commons.beanutils.DynaResultSetTestCase
Tests run: 7, Failures: 0, Errors: 0, Skipped: 0, Time elapsed: 0.053 sec - in org.apache.commons.beanutils.DynaResultSetTestCase
Running org.apache.commons.beanutils.BeanUtils2TestCase
Tests run: 55, Failures: 0, Errors: 0, Skipped: 0, Time elapsed: 0.251 sec - in org.apache.commons.beanutils.BeanUtils2TestCase
Running org.apache.commons.beanutils.converters.SqlTimeConverterTestCase
Tests run: 11, Failures: 0, Errors: 0, Skipped: 0, Time elapsed: 0.079 sec - in org.apache.commons.beanutils.converters.SqlTimeConverterTestCase
Running org.apache.commons.beanutils.converters.FileConverterTestCase
Tests run: 2, Failures: 0, Errors: 0, Skipped: 0, Time elapsed: 0.028 sec - in org.apache.commons.beanutils.converters.FileConverterTestCase
Running org.apache.commons.beanutils.converters.FloatConverterTestCase
Tests run: 20, Failures: 0, Errors: 0, Skipped: 0, Time elapsed: 0.107 sec - in org.apache.commons.beanutils.converters.FloatConverterTestCase
Running org.apache.commons.beanutils.converters.ShortConverterTestCase
Tests run: 20, Failures: 0, Errors: 0, Skipped: 0, Time elapsed: 0.092 sec - in org.apache.commons.beanutils.converters.ShortConverterTestCase
Running org.apache.commons.beanutils.converters.BigIntegerConverterTestCase
Tests run: 19, Failures: 0, Errors: 0, Skipped: 0, Time elapsed: 0.091 sec - in org.apache.commons.beanutils.converters.BigIntegerConverterTestCase
Running org.apache.commons.beanutils.converters.DoubleConverterTestCase
Tests run: 19, Failures: 0, Errors: 0, Skipped: 0, Time elapsed: 0.091 sec - in org.apache.commons.beanutils.converters.DoubleConverterTestCase
Running org.apache.commons.beanutils.converters.StringArrayConverterTestCase
Tests run: 1, Failures: 0, Errors: 0, Skipped: 0, Time elapsed: 0.011 sec - in org.apache.commons.beanutils.converters.StringArrayConverterTestCase
Running org.apache.commons.beanutils.converters.CharacterConverterTestCase
Tests run: 6, Failures: 0, Errors: 0, Skipped: 0, Time elapsed: 0.029 sec - in org.apache.commons.beanutils.converters.CharacterConverterTestCase
Running org.apache.commons.beanutils.converters.LongConverterTestCase
Tests run: 19, Failures: 0, Errors: 0, Skipped: 0, Time elapsed: 0.089 sec - in org.apache.commons.beanutils.converters.LongConverterTestCase
Running org.apache.commons.beanutils.converters.IntegerConverterTestCase
Tests run: 21, Failures: 0, Errors: 0, Skipped: 0, Time elapsed: 0.091 sec - in org.apache.commons.beanutils.converters.IntegerConverterTestCase
Running org.apache.commons.beanutils.converters.BooleanConverterTestCase
Tests run: 7, Failures: 0, Errors: 0, Skipped: 0, Time elapsed: 0.03 sec - in org.apache.commons.beanutils.converters.BooleanConverterTestCase
Running org.apache.commons.beanutils.converters.SqlTimestampConverterTestCase
Tests run: 11, Failures: 0, Errors: 0, Skipped: 0, Time elapsed: 0.069 sec - in org.apache.commons.beanutils.converters.SqlTimestampConverterTestCase
Running org.apache.commons.beanutils.converters.ByteConverterTestCase
Tests run: 20, Failures: 0, Errors: 0, Skipped: 0, Time elapsed: 0.109 sec - in org.apache.commons.beanutils.converters.ByteConverterTestCase
Running org.apache.commons.beanutils.converters.SqlDateConverterTestCase
Tests run: 12, Failures: 0, Errors: 0, Skipped: 0, Time elapsed: 0.069 sec - in org.apache.commons.beanutils.converters.SqlDateConverterTestCase
Running org.apache.commons.beanutils.converters.CalendarConverterTestCase
Tests run: 11, Failures: 0, Errors: 0, Skipped: 0, Time elapsed: 0.068 sec - in org.apache.commons.beanutils.converters.CalendarConverterTestCase
Running org.apache.commons.beanutils.converters.ArrayConverterTestCase
Tests run: 7, Failures: 0, Errors: 0, Skipped: 0, Time elapsed: 0.051 sec - in org.apache.commons.beanutils.converters.ArrayConverterTestCase
Running org.apache.commons.beanutils.converters.BooleanArrayConverterTestCase
Tests run: 9, Failures: 0, Errors: 0, Skipped: 0, Time elapsed: 0.062 sec - in org.apache.commons.beanutils.converters.BooleanArrayConverterTestCase
Running org.apache.commons.beanutils.converters.StringConverterTestCase
Tests run: 3, Failures: 0, Errors: 0, Skipped: 0, Time elapsed: 0.065 sec - in org.apache.commons.beanutils.converters.StringConverterTestCase
Running org.apache.commons.beanutils.converters.ClassConverterTestCase
Tests run: 7, Failures: 0, Errors: 0, Skipped: 0, Time elapsed: 0.061 sec - in org.apache.commons.beanutils.converters.ClassConverterTestCase
Running org.apache.commons.beanutils.converters.DateConverterTestCase
Tests run: 11, Failures: 0, Errors: 0, Skipped: 0, Time elapsed: 0.082 sec - in org.apache.commons.beanutils.converters.DateConverterTestCase
Running org.apache.commons.beanutils.converters.URLConverterTestCase
Tests run: 2, Failures: 0, Errors: 0, Skipped: 0, Time elapsed: 0.197 sec - in org.apache.commons.beanutils.converters.URLConverterTestCase
Running org.apache.commons.beanutils.converters.BigDecimalConverterTestCase
Tests run: 19, Failures: 0, Errors: 0, Skipped: 0, Time elapsed: 0.089 sec - in org.apache.commons.beanutils.converters.BigDecimalConverterTestCase
Running org.apache.commons.beanutils.converters.ClassReloaderTestCase
Tests run: 1, Failures: 0, Errors: 0, Skipped: 0, Time elapsed: 0.013 sec - in org.apache.commons.beanutils.converters.ClassReloaderTestCase
Running org.apache.commons.beanutils.BeanPropertyValueEqualsPredicateTestCase
Tests run: 17, Failures: 0, Errors: 0, Skipped: 0, Time elapsed: 0.085 sec - in org.apache.commons.beanutils.BeanPropertyValueEqualsPredicateTestCase
Running org.apache.commons.beanutils.WrapDynaBeanTestCase
Tests run: 43, Failures: 0, Errors: 0, Skipped: 0, Time elapsed: 0.182 sec - in org.apache.commons.beanutils.WrapDynaBeanTestCase
Running org.apache.commons.beanutils.locale.LocaleBeanUtilsTestCase
Tests run: 2, Failures: 0, Errors: 0, Skipped: 0, Time elapsed: 0.098 sec - in org.apache.commons.beanutils.locale.LocaleBeanUtilsTestCase
Running org.apache.commons.beanutils.locale.converters.BigDecimalLocaleConverterTestCase
Tests run: 10, Failures: 0, Errors: 0, Skipped: 0, Time elapsed: 0.049 sec - in org.apache.commons.beanutils.locale.converters.BigDecimalLocaleConverterTestCase
Running org.apache.commons.beanutils.locale.converters.DoubleLocaleConverterTestCase
Tests run: 10, Failures: 0, Errors: 0, Skipped: 0, Time elapsed: 0.053 sec - in org.apache.commons.beanutils.locale.converters.DoubleLocaleConverterTestCase
Running org.apache.commons.beanutils.locale.converters.LongLocaleConverterTestCase
Tests run: 10, Failures: 0, Errors: 0, Skipped: 0, Time elapsed: 0.046 sec - in org.apache.commons.beanutils.locale.converters.LongLocaleConverterTestCase
Running org.apache.commons.beanutils.locale.converters.DateLocaleConverterTestCase
Tests run: 14, Failures: 0, Errors: 0, Skipped: 0, Time elapsed: 0.073 sec - in org.apache.commons.beanutils.locale.converters.DateLocaleConverterTestCase
Running org.apache.commons.beanutils.locale.converters.FloatLocaleConverterTestCase
Tests run: 12, Failures: 0, Errors: 0, Skipped: 0, Time elapsed: 0.088 sec - in org.apache.commons.beanutils.locale.converters.FloatLocaleConverterTestCase
Running org.apache.commons.beanutils.locale.converters.ShortLocaleConverterTestCase
Tests run: 10, Failures: 0, Errors: 0, Skipped: 0, Time elapsed: 0.046 sec - in org.apache.commons.beanutils.locale.converters.ShortLocaleConverterTestCase
Running org.apache.commons.beanutils.locale.converters.IntegerLocaleConverterTestCase
Tests run: 12, Failures: 0, Errors: 0, Skipped: 0, Time elapsed: 0.065 sec - in org.apache.commons.beanutils.locale.converters.IntegerLocaleConverterTestCase
Running org.apache.commons.beanutils.locale.converters.BigIntegerLocaleConverterTestCase
Tests run: 11, Failures: 0, Errors: 0, Skipped: 0, Time elapsed: 0.048 sec - in org.apache.commons.beanutils.locale.converters.BigIntegerLocaleConverterTestCase
Running org.apache.commons.beanutils.locale.converters.BaseLocaleConverterTestCase
Tests run: 1, Failures: 0, Errors: 0, Skipped: 0, Time elapsed: 0.011 sec - in org.apache.commons.beanutils.locale.converters.BaseLocaleConverterTestCase
Running org.apache.commons.beanutils.locale.converters.ByteLocaleConverterTestCase
Tests run: 10, Failures: 0, Errors: 0, Skipped: 0, Time elapsed: 0.046 sec - in org.apache.commons.beanutils.locale.converters.ByteLocaleConverterTestCase
Running org.apache.commons.beanutils.locale.LocaleBeanificationTestCase
Tests run: 9, Failures: 0, Errors: 0, Skipped: 0, Time elapsed: 0.33 sec - in org.apache.commons.beanutils.locale.LocaleBeanificationTestCase
Running org.apache.commons.beanutils.locale.LocaleConvertUtilsTestCase
Tests run: 6, Failures: 0, Errors: 0, Skipped: 0, Time elapsed: 0.095 sec - in org.apache.commons.beanutils.locale.LocaleConvertUtilsTestCase
Running org.apache.commons.beanutils.BeanIntrospectionDataTestCase
Tests run: 4, Failures: 0, Errors: 0, Skipped: 0, Time elapsed: 0.054 sec - in org.apache.commons.beanutils.BeanIntrospectionDataTestCase
Running org.apache.commons.beanutils.expression.DefaultResolverTestCase
Tests run: 7, Failures: 0, Errors: 0, Skipped: 0, Time elapsed: 0.014 sec - in org.apache.commons.beanutils.expression.DefaultResolverTestCase
Running org.apache.commons.beanutils.BeanToPropertyValueTransformerTestCase
Tests run: 17, Failures: 0, Errors: 0, Skipped: 0, Time elapsed: 0.085 sec - in org.apache.commons.beanutils.BeanToPropertyValueTransformerTestCase
Running org.apache.commons.beanutils.DynaRowSetTestCase
Tests run: 9, Failures: 0, Errors: 0, Skipped: 0, Time elapsed: 0.063 sec - in org.apache.commons.beanutils.DynaRowSetTestCase
Running org.apache.commons.beanutils.BeanMapTestCase
Tests run: 132, Failures: 0, Errors: 0, Skipped: 0, Time elapsed: 0.293 sec - in org.apache.commons.beanutils.BeanMapTestCase
Running org.apache.commons.beanutils.FluentPropertyBeanIntrospectorTestCase
Tests run: 2, Failures: 0, Errors: 0, Skipped: 0, Time elapsed: 0.055 sec - in org.apache.commons.beanutils.FluentPropertyBeanIntrospectorTestCase

Results :

Failed tests: 
  org.apache.commons.beanutils.bugs.Jira422TestCase#testRootBean ComparisonFailure
  org.apache.commons.beanutils.bugs.Jira422TestCase#testSecondChildBean ComparisonFailure
  org.apache.commons.beanutils.IndexedPropertyTestCase#testSetListItemA AssertionFailedError
  org.apache.commons.beanutils.IndexedPropertyTestCase#testListReadMethod AssertionFailedError
  org.apache.commons.beanutils.IndexedPropertyTestCase#testListWriteMethod AssertionFailedError
  org.apache.commons.beanutils.IndexedPropertyTestCase#testListIndexedReadMethod AssertionFailedError
  org.apache.commons.beanutils.IndexedPropertyTestCase#testListIndexedWriteMethod AssertionFailedError
  org.apache.commons.beanutils.IndexedPropertyTestCase#testArrayListReadMethod AssertionFailedError
  org.apache.commons.beanutils.IndexedPropertyTestCase#testArrayListWriteMethod AssertionFailedError
  org.apache.commons.beanutils.IndexedPropertyTestCase#testListIndexedPropertyDescriptor AssertionFailedError
  org.apache.commons.beanutils.IndexedPropertyTestCase#testArrayListIndexedPropertyDescriptor AssertionFailedError

Tests in error: 
  org.apache.commons.beanutils.BeanificationTestCase#testMemoryLeak2 OutOfMemoryError

Tests run: 1269, Failures: 11, Errors: 1, Skipped: 0

[INFO] ------------------------------------------------------------------------
[INFO] BUILD FAILURE
[INFO] ------------------------------------------------------------------------
[INFO] Total time: 40.809 s
[INFO] Finished at: 2017-09-21T12:56:22+02:00
[INFO] Final Memory: 26M/374M
[INFO] ------------------------------------------------------------------------
[ERROR] Failed to execute goal org.apache.maven.plugins:maven-surefire-plugin:2.15:test (default-test) on project commons-beanutils: There are test failures.
[ERROR] 
[ERROR] Please refer to /home/artefact/tests/Maven Test Sources/commons-beanutils-1.9.1-test-sources/target/surefire-reports for the individual test results.
[ERROR] -> [Help 1]
[ERROR] 
[ERROR] To see the full stack trace of the errors, re-run Maven with the -e switch.
[ERROR] Re-run Maven using the -X switch to enable full debug logging.
[ERROR] 
[ERROR] For more information about the errors and possible solutions, please read the following articles:
[ERROR] [Help 1] http://cwiki.apache.org/confluence/display/MAVEN/MojoFailureException
