[INFO] Scanning for projects...
[INFO]                                                                         
[INFO] ------------------------------------------------------------------------
[INFO] Building Commons Codec 1.7
[INFO] ------------------------------------------------------------------------
[INFO] 
[INFO] --- maven-antrun-plugin:1.7:run (javadoc.resources) @ commons-codec ---
[INFO] Executing tasks

main:
[INFO] Executed tasks
[INFO] 
[INFO] --- maven-remote-resources-plugin:1.3:process (default) @ commons-codec ---
[INFO] 
[INFO] --- buildnumber-maven-plugin:1.1:create (default) @ commons-codec ---
[INFO] Checking for local modifications: skipped.
[INFO] Updating project files from SCM: skipped.
[INFO] Executing: /bin/sh -c cd "/home/artefact/tests/Maven Test Sources/commons-codec-1.7-test-sources" && svn --non-interactive info
[INFO] Working directory: /home/artefact/tests/Maven Test Sources/commons-codec-1.7-test-sources
[INFO] Storing buildNumber: ?????? at timestamp: 1505991228712
[INFO] Executing: /bin/sh -c cd "/home/artefact/tests/Maven Test Sources/commons-codec-1.7-test-sources" && svn --non-interactive info
[INFO] Working directory: /home/artefact/tests/Maven Test Sources/commons-codec-1.7-test-sources
[INFO] Storing buildScmBranch: UNKNOWN_BRANCH
[INFO] 
[INFO] --- maven-resources-plugin:2.5:resources (default-resources) @ commons-codec ---
[debug] execute contextualize
[INFO] Using 'UTF-8' encoding to copy filtered resources.
[INFO] skip non existing resourceDirectory /home/artefact/tests/Maven Test Sources/commons-codec-1.7-test-sources/src/main/resources
[INFO] Copying 0 resource to META-INF
[INFO] 
[INFO] --- maven-compiler-plugin:2.5.1:compile (default-compile) @ commons-codec ---
[INFO] Compiling 55 source files to /home/artefact/tests/Maven Test Sources/commons-codec-1.7-test-sources/target/classes
[INFO] 
[INFO] --- maven-bundle-plugin:2.3.7:manifest (bundle-manifest) @ commons-codec ---
[INFO] 
[INFO] --- maven-resources-plugin:2.5:testResources (default-testResources) @ commons-codec ---
[debug] execute contextualize
[INFO] Using 'UTF-8' encoding to copy filtered resources.
[INFO] skip non existing resourceDirectory /home/artefact/tests/Maven Test Sources/commons-codec-1.7-test-sources/src/test/resources
[INFO] Copying 0 resource to META-INF
[INFO] 
[INFO] --- maven-compiler-plugin:2.5.1:testCompile (default-testCompile) @ commons-codec ---
[INFO] Compiling 50 source files to /home/artefact/tests/Maven Test Sources/commons-codec-1.7-test-sources/target/test-classes
[INFO] 
[INFO] --- maven-surefire-plugin:2.12.2:test (default-test) @ commons-codec ---
[INFO] Surefire report directory: /home/artefact/tests/Maven Test Sources/commons-codec-1.7-test-sources/target/surefire-reports
Downloading: https://repo.maven.apache.org/maven2/org/apache/maven/surefire/surefire-junit4/2.12.2/surefire-junit4-2.12.2.pom
3/3 KB   3/3 KB            Downloaded: https://repo.maven.apache.org/maven2/org/apache/maven/surefire/surefire-junit4/2.12.2/surefire-junit4-2.12.2.pom (3 KB at 1.8 KB/sec)
Downloading: https://repo.maven.apache.org/maven2/org/apache/maven/surefire/surefire-providers/2.12.2/surefire-providers-2.12.2.pom
3/3 KB   3/3 KB            Downloaded: https://repo.maven.apache.org/maven2/org/apache/maven/surefire/surefire-providers/2.12.2/surefire-providers-2.12.2.pom (3 KB at 7.5 KB/sec)
Downloading: https://repo.maven.apache.org/maven2/org/apache/maven/surefire/surefire-junit4/2.12.2/surefire-junit4-2.12.2.jar
3/34 KB   5/34 KB   8/34 KB   11/34 KB   13/34 KB   16/34 KB   19/34 KB   21/34 KB   24/34 KB   27/34 KB   29/34 KB   32/34 KB   34/34 KB              Downloaded: https://repo.maven.apache.org/maven2/org/apache/maven/surefire/surefire-junit4/2.12.2/surefire-junit4-2.12.2.jar (34 KB at 64.9 KB/sec)

-------------------------------------------------------
 T E S T S
-------------------------------------------------------
Running org.apache.commons.codec.digest.Sha2CryptTest
Tests run: 1, Failures: 0, Errors: 0, Skipped: 0, Time elapsed: 0.046 sec
Running org.apache.commons.codec.digest.Apr1CryptTest
Tests run: 8, Failures: 0, Errors: 0, Skipped: 0, Time elapsed: 0.102 sec
Running org.apache.commons.codec.digest.Md5CryptTest
Tests run: 7, Failures: 0, Errors: 0, Skipped: 0, Time elapsed: 0.037 sec
Running org.apache.commons.codec.digest.DigestUtilsTest
Tests run: 17, Failures: 0, Errors: 0, Skipped: 0, Time elapsed: 0.562 sec
Running org.apache.commons.codec.digest.CryptTest
Tests run: 4, Failures: 0, Errors: 0, Skipped: 0, Time elapsed: 0.089 sec
Running org.apache.commons.codec.digest.UnixCryptTest
Tests run: 9, Failures: 0, Errors: 0, Skipped: 0, Time elapsed: 0.006 sec
Running org.apache.commons.codec.digest.B64Test
Tests run: 2, Failures: 0, Errors: 0, Skipped: 0, Time elapsed: 0.006 sec
Running org.apache.commons.codec.digest.Sha512CryptTest
Tests run: 8, Failures: 0, Errors: 0, Skipped: 0, Time elapsed: 0.152 sec
Running org.apache.commons.codec.digest.Sha256CryptTest
Tests run: 7, Failures: 0, Errors: 0, Skipped: 0, Time elapsed: 0.082 sec
Running org.apache.commons.codec.DecoderExceptionTest
Tests run: 4, Failures: 0, Errors: 0, Skipped: 0, Time elapsed: 0.01 sec
Running org.apache.commons.codec.CharsetsTest
Tests run: 7, Failures: 0, Errors: 0, Skipped: 0, Time elapsed: 0.003 sec
Running org.apache.commons.codec.binary.Base32OutputStreamTest
Tests run: 6, Failures: 0, Errors: 0, Skipped: 0, Time elapsed: 0.092 sec
Running org.apache.commons.codec.binary.Base32InputStreamTest
Tests run: 16, Failures: 0, Errors: 0, Skipped: 0, Time elapsed: 0.069 sec
Running org.apache.commons.codec.binary.Base32Test
Tests run: 7, Failures: 0, Errors: 0, Skipped: 0, Time elapsed: 0.004 sec
Running org.apache.commons.codec.binary.StringUtilsTest
Tests run: 17, Failures: 0, Errors: 0, Skipped: 0, Time elapsed: 0.023 sec
Running org.apache.commons.codec.binary.BinaryCodecTest
Tests run: 13, Failures: 0, Errors: 0, Skipped: 0, Time elapsed: 0.008 sec
Running org.apache.commons.codec.binary.Base64OutputStreamTest
Tests run: 7, Failures: 0, Errors: 0, Skipped: 0, Time elapsed: 0.124 sec
Running org.apache.commons.codec.binary.HexTest
Tests run: 19, Failures: 0, Errors: 0, Skipped: 0, Time elapsed: 0.314 sec
Running org.apache.commons.codec.binary.Base64Test
Tests run: 52, Failures: 0, Errors: 0, Skipped: 1, Time elapsed: 0.029 sec
Running org.apache.commons.codec.binary.BaseNCodecTest
Tests run: 6, Failures: 0, Errors: 0, Skipped: 0, Time elapsed: 0.003 sec
Running org.apache.commons.codec.binary.Base64Codec13Test
Tests run: 8, Failures: 0, Errors: 0, Skipped: 0, Time elapsed: 0.008 sec
Running org.apache.commons.codec.binary.Base64InputStreamTest
Tests run: 19, Failures: 0, Errors: 0, Skipped: 0, Time elapsed: 0.088 sec
Running org.apache.commons.codec.CharEncodingTest
Tests run: 7, Failures: 0, Errors: 0, Skipped: 0, Time elapsed: 0.003 sec
Running org.apache.commons.codec.net.QuotedPrintableCodecTest
Tests run: 17, Failures: 0, Errors: 0, Skipped: 2, Time elapsed: 0.011 sec
Running org.apache.commons.codec.net.QCodecTest
Tests run: 12, Failures: 0, Errors: 0, Skipped: 0, Time elapsed: 0.005 sec
Running org.apache.commons.codec.net.RFC1522CodecTest
Tests run: 2, Failures: 0, Errors: 0, Skipped: 0, Time elapsed: 0.001 sec
Running org.apache.commons.codec.net.UtilsTest
Tests run: 1, Failures: 0, Errors: 0, Skipped: 0, Time elapsed: 0 sec
Running org.apache.commons.codec.net.URLCodecTest
Tests run: 16, Failures: 0, Errors: 0, Skipped: 0, Time elapsed: 0.007 sec
Running org.apache.commons.codec.net.BCodecTest
Tests run: 9, Failures: 0, Errors: 0, Skipped: 0, Time elapsed: 0.005 sec
Running org.apache.commons.codec.StringEncoderComparatorTest
Tests run: 3, Failures: 0, Errors: 0, Skipped: 0, Time elapsed: 0.004 sec
Running org.apache.commons.codec.language.MetaphoneTest
Tests run: 34, Failures: 0, Errors: 0, Skipped: 0, Time elapsed: 0.049 sec
Running org.apache.commons.codec.language.DoubleMetaphoneTest
Tests run: 15, Failures: 0, Errors: 0, Skipped: 0, Time elapsed: 0.037 sec
Running org.apache.commons.codec.language.SoundexTest
Tests run: 28, Failures: 0, Errors: 0, Skipped: 0, Time elapsed: 0.016 sec
Running org.apache.commons.codec.language.DoubleMetaphone2Test
Tests run: 6, Failures: 0, Errors: 0, Skipped: 0, Time elapsed: 0.02 sec
Running org.apache.commons.codec.language.ColognePhoneticTest
Tests run: 13, Failures: 0, Errors: 0, Skipped: 0, Time elapsed: 0.008 sec
Running org.apache.commons.codec.language.Caverphone2Test
Tests run: 13, Failures: 0, Errors: 0, Skipped: 0, Time elapsed: 0.05 sec
Running org.apache.commons.codec.language.Caverphone1Test
Tests run: 9, Failures: 0, Errors: 0, Skipped: 0, Time elapsed: 0.005 sec
Running org.apache.commons.codec.language.RefinedSoundexTest
Tests run: 10, Failures: 0, Errors: 0, Skipped: 0, Time elapsed: 0.003 sec
Running org.apache.commons.codec.language.NysiisTest
Tests run: 23, Failures: 0, Errors: 0, Skipped: 0, Time elapsed: 0.013 sec
Running org.apache.commons.codec.language.bm.RuleTest
Tests run: 3, Failures: 0, Errors: 2, Skipped: 0, Time elapsed: 0.014 sec <<< FAILURE!
Running org.apache.commons.codec.language.bm.PhoneticEngineRegressionTest
Tests run: 3, Failures: 0, Errors: 3, Skipped: 0, Time elapsed: 0.006 sec <<< FAILURE!
Running org.apache.commons.codec.language.bm.BeiderMorseEncoderTest
Tests run: 22, Failures: 0, Errors: 22, Skipped: 0, Time elapsed: 0.015 sec <<< FAILURE!
Running org.apache.commons.codec.language.bm.PhoneticEngineTest
Tests run: 7, Failures: 0, Errors: 7, Skipped: 0, Time elapsed: 0.045 sec <<< FAILURE!
Running org.apache.commons.codec.language.bm.LanguageGuessingTest
Tests run: 18, Failures: 0, Errors: 18, Skipped: 0, Time elapsed: 0.013 sec <<< FAILURE!
Running org.apache.commons.codec.EncoderExceptionTest
Tests run: 4, Failures: 0, Errors: 0, Skipped: 0, Time elapsed: 0.001 sec

Results :

Tests in error: 
  testPhonemeComparedToLaterIsNegative(org.apache.commons.codec.language.bm.RuleTest)
  testPhonemeComparedToSelfIsZero(org.apache.commons.codec.language.bm.RuleTest): Could not initialize class org.apache.commons.codec.language.bm.Languages
  testSolrGENERIC(org.apache.commons.codec.language.bm.PhoneticEngineRegressionTest): Could not initialize class org.apache.commons.codec.language.bm.Languages
  testSolrASHKENAZI(org.apache.commons.codec.language.bm.PhoneticEngineRegressionTest): Could not initialize class org.apache.commons.codec.language.bm.Lang
  testSolrSEPHARDIC(org.apache.commons.codec.language.bm.PhoneticEngineRegressionTest): Could not initialize class org.apache.commons.codec.language.bm.Lang
  testSpeedCheck3(org.apache.commons.codec.language.bm.BeiderMorseEncoderTest): Could not initialize class org.apache.commons.codec.language.bm.Lang
  testInvalidLangIllegalArgumentException(org.apache.commons.codec.language.bm.BeiderMorseEncoderTest): Could not initialize class org.apache.commons.codec.language.bm.Lang
  testAllChars(org.apache.commons.codec.language.bm.BeiderMorseEncoderTest): Could not initialize class org.apache.commons.codec.language.bm.Lang
  testAsciiEncodeNotEmpty1Letter(org.apache.commons.codec.language.bm.BeiderMorseEncoderTest): Could not initialize class org.apache.commons.codec.language.bm.Lang
  testAsciiEncodeNotEmpty2Letters(org.apache.commons.codec.language.bm.BeiderMorseEncoderTest): Could not initialize class org.apache.commons.codec.language.bm.Lang
  testEncodeAtzNotEmpty(org.apache.commons.codec.language.bm.BeiderMorseEncoderTest): Could not initialize class org.apache.commons.codec.language.bm.Lang
  testEncodeGna(org.apache.commons.codec.language.bm.BeiderMorseEncoderTest): Could not initialize class org.apache.commons.codec.language.bm.Lang
  testInvalidLangIllegalStateException(org.apache.commons.codec.language.bm.BeiderMorseEncoderTest): Could not initialize class org.apache.commons.codec.language.bm.Lang
  testInvalidLanguageIllegalArgumentException(org.apache.commons.codec.language.bm.BeiderMorseEncoderTest): Could not initialize class org.apache.commons.codec.language.bm.Lang
  testLongestEnglishSurname(org.apache.commons.codec.language.bm.BeiderMorseEncoderTest): Could not initialize class org.apache.commons.codec.language.bm.Lang
  testNegativeIndexForRuleMatchIndexOutOfBoundsException(org.apache.commons.codec.language.bm.BeiderMorseEncoderTest): Could not initialize class org.apache.commons.codec.language.bm.Lang
  testOOM(org.apache.commons.codec.language.bm.BeiderMorseEncoderTest): Could not initialize class org.apache.commons.codec.language.bm.Lang
  testSetConcat(org.apache.commons.codec.language.bm.BeiderMorseEncoderTest): Could not initialize class org.apache.commons.codec.language.bm.Lang
  testSetNameTypeAsh(org.apache.commons.codec.language.bm.BeiderMorseEncoderTest): Could not initialize class org.apache.commons.codec.language.bm.Lang
  testSetRuleTypeExact(org.apache.commons.codec.language.bm.BeiderMorseEncoderTest): Could not initialize class org.apache.commons.codec.language.bm.Lang
  testSetRuleTypeToRulesIllegalArgumentException(org.apache.commons.codec.language.bm.BeiderMorseEncoderTest): Could not initialize class org.apache.commons.codec.language.bm.Lang
  testSpeedCheck(org.apache.commons.codec.language.bm.BeiderMorseEncoderTest): Could not initialize class org.apache.commons.codec.language.bm.Lang
  testSpeedCheck2(org.apache.commons.codec.language.bm.BeiderMorseEncoderTest): Could not initialize class org.apache.commons.codec.language.bm.Lang
  testEncodeEmpty(org.apache.commons.codec.language.bm.BeiderMorseEncoderTest): Could not initialize class org.apache.commons.codec.language.bm.Lang
  testEncodeNull(org.apache.commons.codec.language.bm.BeiderMorseEncoderTest): Could not initialize class org.apache.commons.codec.language.bm.Lang
  testEncodeWithInvalidObject(org.apache.commons.codec.language.bm.BeiderMorseEncoderTest): Could not initialize class org.apache.commons.codec.language.bm.Lang
  testLocaleIndependence(org.apache.commons.codec.language.bm.BeiderMorseEncoderTest): Could not initialize class org.apache.commons.codec.language.bm.Lang
  testEncode[0](org.apache.commons.codec.language.bm.PhoneticEngineTest): Could not initialize class org.apache.commons.codec.language.bm.Lang
  testEncode[1](org.apache.commons.codec.language.bm.PhoneticEngineTest): Could not initialize class org.apache.commons.codec.language.bm.Lang
  testEncode[2](org.apache.commons.codec.language.bm.PhoneticEngineTest): Could not initialize class org.apache.commons.codec.language.bm.Lang
  testEncode[3](org.apache.commons.codec.language.bm.PhoneticEngineTest): Could not initialize class org.apache.commons.codec.language.bm.Lang
  testEncode[4](org.apache.commons.codec.language.bm.PhoneticEngineTest): Could not initialize class org.apache.commons.codec.language.bm.Lang
  testEncode[5](org.apache.commons.codec.language.bm.PhoneticEngineTest): Could not initialize class org.apache.commons.codec.language.bm.Lang
  testEncode[6](org.apache.commons.codec.language.bm.PhoneticEngineTest): Could not initialize class org.apache.commons.codec.language.bm.Lang
  testLanguageGuessing[0](org.apache.commons.codec.language.bm.LanguageGuessingTest): Could not initialize class org.apache.commons.codec.language.bm.Lang
  testLanguageGuessing[1](org.apache.commons.codec.language.bm.LanguageGuessingTest): Could not initialize class org.apache.commons.codec.language.bm.Lang
  testLanguageGuessing[2](org.apache.commons.codec.language.bm.LanguageGuessingTest): Could not initialize class org.apache.commons.codec.language.bm.Lang
  testLanguageGuessing[3](org.apache.commons.codec.language.bm.LanguageGuessingTest): Could not initialize class org.apache.commons.codec.language.bm.Lang
  testLanguageGuessing[4](org.apache.commons.codec.language.bm.LanguageGuessingTest): Could not initialize class org.apache.commons.codec.language.bm.Lang
  testLanguageGuessing[5](org.apache.commons.codec.language.bm.LanguageGuessingTest): Could not initialize class org.apache.commons.codec.language.bm.Lang
  testLanguageGuessing[6](org.apache.commons.codec.language.bm.LanguageGuessingTest): Could not initialize class org.apache.commons.codec.language.bm.Lang
  testLanguageGuessing[7](org.apache.commons.codec.language.bm.LanguageGuessingTest): Could not initialize class org.apache.commons.codec.language.bm.Lang
  testLanguageGuessing[8](org.apache.commons.codec.language.bm.LanguageGuessingTest): Could not initialize class org.apache.commons.codec.language.bm.Lang
  testLanguageGuessing[9](org.apache.commons.codec.language.bm.LanguageGuessingTest): Could not initialize class org.apache.commons.codec.language.bm.Lang
  testLanguageGuessing[10](org.apache.commons.codec.language.bm.LanguageGuessingTest): Could not initialize class org.apache.commons.codec.language.bm.Lang
  testLanguageGuessing[11](org.apache.commons.codec.language.bm.LanguageGuessingTest): Could not initialize class org.apache.commons.codec.language.bm.Lang
  testLanguageGuessing[12](org.apache.commons.codec.language.bm.LanguageGuessingTest): Could not initialize class org.apache.commons.codec.language.bm.Lang
  testLanguageGuessing[13](org.apache.commons.codec.language.bm.LanguageGuessingTest): Could not initialize class org.apache.commons.codec.language.bm.Lang
  testLanguageGuessing[14](org.apache.commons.codec.language.bm.LanguageGuessingTest): Could not initialize class org.apache.commons.codec.language.bm.Lang
  testLanguageGuessing[15](org.apache.commons.codec.language.bm.LanguageGuessingTest): Could not initialize class org.apache.commons.codec.language.bm.Lang
  testLanguageGuessing[16](org.apache.commons.codec.language.bm.LanguageGuessingTest): Could not initialize class org.apache.commons.codec.language.bm.Lang
  testLanguageGuessing[17](org.apache.commons.codec.language.bm.LanguageGuessingTest): Could not initialize class org.apache.commons.codec.language.bm.Lang

Tests run: 519, Failures: 0, Errors: 52, Skipped: 3

[INFO] ------------------------------------------------------------------------
[INFO] BUILD FAILURE
[INFO] ------------------------------------------------------------------------
[INFO] Total time: 10.446 s
[INFO] Finished at: 2017-09-21T12:53:57+02:00
[INFO] Final Memory: 29M/329M
[INFO] ------------------------------------------------------------------------
[ERROR] Failed to execute goal org.apache.maven.plugins:maven-surefire-plugin:2.12.2:test (default-test) on project commons-codec: There are test failures.
[ERROR] 
[ERROR] Please refer to /home/artefact/tests/Maven Test Sources/commons-codec-1.7-test-sources/target/surefire-reports for the individual test results.
[ERROR] -> [Help 1]
[ERROR] 
[ERROR] To see the full stack trace of the errors, re-run Maven with the -e switch.
[ERROR] Re-run Maven using the -X switch to enable full debug logging.
[ERROR] 
[ERROR] For more information about the errors and possible solutions, please read the following articles:
[ERROR] [Help 1] http://cwiki.apache.org/confluence/display/MAVEN/MojoFailureException
