[INFO] Scanning for projects...
[INFO]                                                                         
[INFO] ------------------------------------------------------------------------
[INFO] Building Apache Commons Compress 1.11
[INFO] ------------------------------------------------------------------------
[INFO] 
[INFO] --- maven-enforcer-plugin:1.3.1:enforce (enforce-maven-3) @ commons-compress ---
[INFO] 
[INFO] --- build-helper-maven-plugin:1.9.1:parse-version (parse-version) @ commons-compress ---
[INFO] 
[INFO] --- maven-antrun-plugin:1.8:run (javadoc.resources) @ commons-compress ---
[INFO] Executing tasks

main:
[INFO] Executed tasks
[INFO] 
[INFO] --- maven-remote-resources-plugin:1.5:process (default) @ commons-compress ---
[INFO] 
[INFO] --- buildnumber-maven-plugin:1.3:create (default) @ commons-compress ---
[INFO] Executing: /bin/sh -c cd "/home/artefact/tests/Maven Test Sources/commons-compress-1.11-test-sources" && git rev-parse --verify HEAD
[INFO] Working directory: /home/artefact/tests/Maven Test Sources/commons-compress-1.11-test-sources
[INFO] Storing buildNumber: null at timestamp: 1505989356817
[INFO] Storing buildScmBranch: BuildTestSources
[INFO] 
[INFO] --- maven-resources-plugin:2.7:resources (default-resources) @ commons-compress ---
[INFO] Using 'iso-8859-1' encoding to copy filtered resources.
[INFO] skip non existing resourceDirectory /home/artefact/tests/Maven Test Sources/commons-compress-1.11-test-sources/src/main/resources
[INFO] Copying 0 resource to META-INF
[INFO] 
[INFO] --- maven-compiler-plugin:3.3:compile (default-compile) @ commons-compress ---
[INFO] Changes detected - recompiling the module!
[INFO] Compiling 165 source files to /home/artefact/tests/Maven Test Sources/commons-compress-1.11-test-sources/target/classes
[INFO] 
[INFO] --- maven-bundle-plugin:2.5.3:manifest (bundle-manifest) @ commons-compress ---
[INFO] 
[INFO] --- animal-sniffer-maven-plugin:1.14:check (checkAPIcompatibility) @ commons-compress ---
[INFO] Checking unresolved references to org.codehaus.mojo.signature:java15:1.0
[INFO] 
[INFO] --- maven-resources-plugin:2.7:testResources (default-testResources) @ commons-compress ---
[INFO] Using 'iso-8859-1' encoding to copy filtered resources.
[INFO] skip non existing resourceDirectory /home/artefact/tests/Maven Test Sources/commons-compress-1.11-test-sources/src/test/resources
[INFO] Copying 0 resource to META-INF
[INFO] 
[INFO] --- maven-compiler-plugin:3.3:testCompile (default-testCompile) @ commons-compress ---
[INFO] Changes detected - recompiling the module!
[INFO] Compiling 98 source files to /home/artefact/tests/Maven Test Sources/commons-compress-1.11-test-sources/target/test-classes
[INFO] /home/artefact/tests/Maven Test Sources/commons-compress-1.11-test-sources/src/test/java/org/apache/commons/compress/archivers/zip/X5455_ExtendedTimestampTest.java: /home/artefact/tests/Maven Test Sources/commons-compress-1.11-test-sources/src/test/java/org/apache/commons/compress/archivers/zip/X5455_ExtendedTimestampTest.java uses or overrides a deprecated API.
[INFO] /home/artefact/tests/Maven Test Sources/commons-compress-1.11-test-sources/src/test/java/org/apache/commons/compress/archivers/zip/X5455_ExtendedTimestampTest.java: Recompile with -Xlint:deprecation for details.
[INFO] 
[INFO] --- maven-surefire-plugin:2.18.1:test (default-test) @ commons-compress ---
[INFO] Surefire report directory: /home/artefact/tests/Maven Test Sources/commons-compress-1.11-test-sources/target/surefire-reports

-------------------------------------------------------
 T E S T S
-------------------------------------------------------
Running org.apache.commons.compress.archivers.LongPathTest
Tests run: 1, Failures: 0, Errors: 1, Skipped: 0, Time elapsed: 0.012 sec <<< FAILURE! - in org.apache.commons.compress.archivers.LongPathTest
initializationError(org.apache.commons.compress.archivers.LongPathTest)  Time elapsed: 0.011 sec  <<< ERROR!
java.lang.NoClassDefFoundError: Could not initialize class org.apache.commons.compress.archivers.LongPathTest
	at sun.reflect.NativeMethodAccessorImpl.invoke0(Native Method)
	at sun.reflect.NativeMethodAccessorImpl.invoke(NativeMethodAccessorImpl.java:62)
	at sun.reflect.DelegatingMethodAccessorImpl.invoke(DelegatingMethodAccessorImpl.java:43)
	at java.lang.reflect.Method.invoke(Method.java:498)
	at org.junit.runners.model.FrameworkMethod$1.runReflectiveCall(FrameworkMethod.java:50)
	at org.junit.internal.runners.model.ReflectiveCallable.run(ReflectiveCallable.java:12)
	at org.junit.runners.model.FrameworkMethod.invokeExplosively(FrameworkMethod.java:47)
	at org.junit.runners.Parameterized.allParameters(Parameterized.java:280)
	at org.junit.runners.Parameterized.<init>(Parameterized.java:248)
	at sun.reflect.NativeConstructorAccessorImpl.newInstance0(Native Method)
	at sun.reflect.NativeConstructorAccessorImpl.newInstance(NativeConstructorAccessorImpl.java:62)
	at sun.reflect.DelegatingConstructorAccessorImpl.newInstance(DelegatingConstructorAccessorImpl.java:45)
	at java.lang.reflect.Constructor.newInstance(Constructor.java:423)
	at org.junit.internal.builders.AnnotatedBuilder.buildRunner(AnnotatedBuilder.java:104)
	at org.junit.internal.builders.AnnotatedBuilder.runnerForClass(AnnotatedBuilder.java:86)
	at org.junit.runners.model.RunnerBuilder.safeRunnerForClass(RunnerBuilder.java:59)
	at org.junit.internal.builders.AllDefaultPossibilitiesBuilder.runnerForClass(AllDefaultPossibilitiesBuilder.java:26)
	at org.junit.runners.model.RunnerBuilder.safeRunnerForClass(RunnerBuilder.java:59)
	at org.junit.internal.requests.ClassRequest.getRunner(ClassRequest.java:33)
	at org.apache.maven.surefire.junit4.JUnit4Provider.execute(JUnit4Provider.java:283)
	at org.apache.maven.surefire.junit4.JUnit4Provider.executeWithRerun(JUnit4Provider.java:173)
	at org.apache.maven.surefire.junit4.JUnit4Provider.executeTestSet(JUnit4Provider.java:153)
	at org.apache.maven.surefire.junit4.JUnit4Provider.invoke(JUnit4Provider.java:128)
	at org.apache.maven.surefire.booter.ForkedBooter.invokeProviderInSameClassLoader(ForkedBooter.java:203)
	at org.apache.maven.surefire.booter.ForkedBooter.runSuitesInProcess(ForkedBooter.java:155)
	at org.apache.maven.surefire.booter.ForkedBooter.main(ForkedBooter.java:103)

Running org.apache.commons.compress.archivers.ArchiveOutputStreamTest
Tests run: 7, Failures: 0, Errors: 5, Skipped: 0, Time elapsed: 0.05 sec <<< FAILURE! - in org.apache.commons.compress.archivers.ArchiveOutputStreamTest
testCallSequenceAr(org.apache.commons.compress.archivers.ArchiveOutputStreamTest)  Time elapsed: 0 sec  <<< ERROR!
java.io.FileNotFoundException: couldn't find test1.xml
	at org.apache.commons.compress.AbstractTestCase.getFile(AbstractTestCase.java:73)
	at org.apache.commons.compress.archivers.ArchiveOutputStreamTest.doCallSequence(ArchiveOutputStreamTest.java:139)
	at org.apache.commons.compress.archivers.ArchiveOutputStreamTest.testCallSequenceAr(ArchiveOutputStreamTest.java:114)

testCallSequenceCpio(org.apache.commons.compress.archivers.ArchiveOutputStreamTest)  Time elapsed: 0 sec  <<< ERROR!
java.io.FileNotFoundException: couldn't find test1.xml
	at org.apache.commons.compress.AbstractTestCase.getFile(AbstractTestCase.java:73)
	at org.apache.commons.compress.archivers.ArchiveOutputStreamTest.doCallSequence(ArchiveOutputStreamTest.java:139)
	at org.apache.commons.compress.archivers.ArchiveOutputStreamTest.testCallSequenceCpio(ArchiveOutputStreamTest.java:119)

testCallSequenceJar(org.apache.commons.compress.archivers.ArchiveOutputStreamTest)  Time elapsed: 0.001 sec  <<< ERROR!
java.io.FileNotFoundException: couldn't find test1.xml
	at org.apache.commons.compress.AbstractTestCase.getFile(AbstractTestCase.java:73)
	at org.apache.commons.compress.archivers.ArchiveOutputStreamTest.doCallSequence(ArchiveOutputStreamTest.java:139)
	at org.apache.commons.compress.archivers.ArchiveOutputStreamTest.testCallSequenceJar(ArchiveOutputStreamTest.java:124)

testCallSequenceTar(org.apache.commons.compress.archivers.ArchiveOutputStreamTest)  Time elapsed: 0.001 sec  <<< ERROR!
java.io.FileNotFoundException: couldn't find test1.xml
	at org.apache.commons.compress.AbstractTestCase.getFile(AbstractTestCase.java:73)
	at org.apache.commons.compress.archivers.ArchiveOutputStreamTest.doCallSequence(ArchiveOutputStreamTest.java:139)
	at org.apache.commons.compress.archivers.ArchiveOutputStreamTest.testCallSequenceTar(ArchiveOutputStreamTest.java:129)

testCallSequenceZip(org.apache.commons.compress.archivers.ArchiveOutputStreamTest)  Time elapsed: 0.001 sec  <<< ERROR!
java.io.FileNotFoundException: couldn't find test1.xml
	at org.apache.commons.compress.AbstractTestCase.getFile(AbstractTestCase.java:73)
	at org.apache.commons.compress.archivers.ArchiveOutputStreamTest.doCallSequence(ArchiveOutputStreamTest.java:139)
	at org.apache.commons.compress.archivers.ArchiveOutputStreamTest.testCallSequenceZip(ArchiveOutputStreamTest.java:134)

Running org.apache.commons.compress.archivers.jar.JarArchiveOutputStreamTest
Tests run: 1, Failures: 0, Errors: 0, Skipped: 0, Time elapsed: 0.013 sec - in org.apache.commons.compress.archivers.jar.JarArchiveOutputStreamTest
Running org.apache.commons.compress.archivers.zip.X000A_NTFSTest
Tests run: 1, Failures: 0, Errors: 0, Skipped: 0, Time elapsed: 0.001 sec - in org.apache.commons.compress.archivers.zip.X000A_NTFSTest
Running org.apache.commons.compress.archivers.zip.ZipFileTest
Tests run: 12, Failures: 0, Errors: 11, Skipped: 0, Time elapsed: 0.014 sec <<< FAILURE! - in org.apache.commons.compress.archivers.zip.ZipFileTest
testSkipsPK00Prefix(org.apache.commons.compress.archivers.zip.ZipFileTest)  Time elapsed: 0.001 sec  <<< ERROR!
java.io.FileNotFoundException: couldn't find COMPRESS-208.zip
	at org.apache.commons.compress.AbstractTestCase.getFile(AbstractTestCase.java:73)
	at org.apache.commons.compress.archivers.zip.ZipFileTest.testSkipsPK00Prefix(ZipFileTest.java:173)

testDuplicateEntry(org.apache.commons.compress.archivers.zip.ZipFileTest)  Time elapsed: 0.001 sec  <<< ERROR!
java.io.FileNotFoundException: couldn't find COMPRESS-227.zip
	at org.apache.commons.compress.AbstractTestCase.getFile(AbstractTestCase.java:73)
	at org.apache.commons.compress.archivers.zip.ZipFileTest.testDuplicateEntry(ZipFileTest.java:224)

testPhysicalOrder(org.apache.commons.compress.archivers.zip.ZipFileTest)  Time elapsed: 0.001 sec  <<< ERROR!
java.io.FileNotFoundException: couldn't find ordertest.zip
	at org.apache.commons.compress.AbstractTestCase.getFile(AbstractTestCase.java:73)
	at org.apache.commons.compress.archivers.zip.ZipFileTest.readOrderTest(ZipFileTest.java:310)
	at org.apache.commons.compress.archivers.zip.ZipFileTest.testPhysicalOrder(ZipFileTest.java:79)

testReadingOfFirstStoredEntry(org.apache.commons.compress.archivers.zip.ZipFileTest)  Time elapsed: 0.001 sec  <<< ERROR!
java.io.FileNotFoundException: couldn't find COMPRESS-264.zip
	at org.apache.commons.compress.AbstractTestCase.getFile(AbstractTestCase.java:73)
	at org.apache.commons.compress.archivers.zip.ZipFileTest.testReadingOfFirstStoredEntry(ZipFileTest.java:280)

testExcessDataInZip64ExtraField(org.apache.commons.compress.archivers.zip.ZipFileTest)  Time elapsed: 0 sec  <<< ERROR!
java.io.FileNotFoundException: couldn't find COMPRESS-228.zip
	at org.apache.commons.compress.AbstractTestCase.getFile(AbstractTestCase.java:73)
	at org.apache.commons.compress.archivers.zip.ZipFileTest.testExcessDataInZip64ExtraField(ZipFileTest.java:244)

testCDOrder(org.apache.commons.compress.archivers.zip.ZipFileTest)  Time elapsed: 0 sec  <<< ERROR!
java.io.FileNotFoundException: couldn't find ordertest.zip
	at org.apache.commons.compress.AbstractTestCase.getFile(AbstractTestCase.java:73)
	at org.apache.commons.compress.archivers.zip.ZipFileTest.readOrderTest(ZipFileTest.java:310)
	at org.apache.commons.compress.archivers.zip.ZipFileTest.testCDOrder(ZipFileTest.java:50)

testUnshrinking(org.apache.commons.compress.archivers.zip.ZipFileTest)  Time elapsed: 0.001 sec  <<< ERROR!
java.io.FileNotFoundException: couldn't find SHRUNK.ZIP
	at org.apache.commons.compress.AbstractTestCase.getFile(AbstractTestCase.java:73)
	at org.apache.commons.compress.archivers.zip.ZipFileTest.testUnshrinking(ZipFileTest.java:254)

testUnixSymlinkSampleFile(org.apache.commons.compress.archivers.zip.ZipFileTest)  Time elapsed: 0.002 sec  <<< ERROR!
java.io.FileNotFoundException: couldn't find COMPRESS-214_unix_symlinks.zip
	at org.apache.commons.compress.AbstractTestCase.getFile(AbstractTestCase.java:73)
	at org.apache.commons.compress.archivers.zip.ZipFileTest.testUnixSymlinkSampleFile(ZipFileTest.java:201)

testWinzipBackSlashWorkaround(org.apache.commons.compress.archivers.zip.ZipFileTest)  Time elapsed: 0 sec  <<< ERROR!
java.io.FileNotFoundException: couldn't find test-winzip.zip
	at org.apache.commons.compress.AbstractTestCase.getFile(AbstractTestCase.java:73)
	at org.apache.commons.compress.archivers.zip.ZipFileTest.testWinzipBackSlashWorkaround(ZipFileTest.java:160)

testUnzipBZip2CompressedEntry(org.apache.commons.compress.archivers.zip.ZipFileTest)  Time elapsed: 0.001 sec  <<< ERROR!
java.io.FileNotFoundException: couldn't find bzip2-zip.zip
	at org.apache.commons.compress.AbstractTestCase.getFile(AbstractTestCase.java:73)
	at org.apache.commons.compress.archivers.zip.ZipFileTest.testUnzipBZip2CompressedEntry(ZipFileTest.java:290)

testDoubleClose(org.apache.commons.compress.archivers.zip.ZipFileTest)  Time elapsed: 0 sec  <<< ERROR!
java.io.FileNotFoundException: couldn't find ordertest.zip
	at org.apache.commons.compress.AbstractTestCase.getFile(AbstractTestCase.java:73)
	at org.apache.commons.compress.archivers.zip.ZipFileTest.readOrderTest(ZipFileTest.java:310)
	at org.apache.commons.compress.archivers.zip.ZipFileTest.testDoubleClose(ZipFileTest.java:108)

Running org.apache.commons.compress.archivers.zip.ExtraFieldUtilsTest
Tests run: 5, Failures: 0, Errors: 0, Skipped: 0, Time elapsed: 0.008 sec - in org.apache.commons.compress.archivers.zip.ExtraFieldUtilsTest
Running org.apache.commons.compress.archivers.zip.ZipUtilTest
Tests run: 10, Failures: 0, Errors: 0, Skipped: 0, Time elapsed: 0.015 sec - in org.apache.commons.compress.archivers.zip.ZipUtilTest
Running org.apache.commons.compress.archivers.zip.StreamCompressorTest
Tests run: 2, Failures: 0, Errors: 0, Skipped: 0, Time elapsed: 0.007 sec - in org.apache.commons.compress.archivers.zip.StreamCompressorTest
Running org.apache.commons.compress.archivers.zip.CircularBufferTest
Tests run: 2, Failures: 0, Errors: 0, Skipped: 0, Time elapsed: 0.001 sec - in org.apache.commons.compress.archivers.zip.CircularBufferTest
Running org.apache.commons.compress.archivers.zip.AsiExtraFieldTest
Tests run: 4, Failures: 0, Errors: 0, Skipped: 0, Time elapsed: 0.002 sec - in org.apache.commons.compress.archivers.zip.AsiExtraFieldTest
Running org.apache.commons.compress.archivers.zip.Maven221MultiVolumeTest
Tests run: 2, Failures: 0, Errors: 2, Skipped: 0, Time elapsed: 0.006 sec <<< FAILURE! - in org.apache.commons.compress.archivers.zip.Maven221MultiVolumeTest
testRead7ZipMultiVolumeArchiveForStream(org.apache.commons.compress.archivers.zip.Maven221MultiVolumeTest)  Time elapsed: 0.001 sec  <<< ERROR!
java.io.FileNotFoundException: couldn't find apache-maven-2.2.1.zip.001
	at org.apache.commons.compress.AbstractTestCase.getFile(AbstractTestCase.java:73)
	at org.apache.commons.compress.archivers.zip.Maven221MultiVolumeTest.testRead7ZipMultiVolumeArchiveForStream(Maven221MultiVolumeTest.java:72)

testRead7ZipMultiVolumeArchiveForFile(org.apache.commons.compress.archivers.zip.Maven221MultiVolumeTest)  Time elapsed: 0.001 sec  <<< ERROR!
java.io.FileNotFoundException: couldn't find apache-maven-2.2.1.zip.001
	at org.apache.commons.compress.AbstractTestCase.getFile(AbstractTestCase.java:73)
	at org.apache.commons.compress.archivers.zip.Maven221MultiVolumeTest.testRead7ZipMultiVolumeArchiveForFile(Maven221MultiVolumeTest.java:117)

Running org.apache.commons.compress.archivers.zip.Zip64ExtendedInformationExtraFieldTest
Tests run: 12, Failures: 0, Errors: 0, Skipped: 0, Time elapsed: 0.008 sec - in org.apache.commons.compress.archivers.zip.Zip64ExtendedInformationExtraFieldTest
Running org.apache.commons.compress.archivers.zip.ZipEightByteIntegerTest
Tests run: 6, Failures: 0, Errors: 0, Skipped: 0, Time elapsed: 0.006 sec - in org.apache.commons.compress.archivers.zip.ZipEightByteIntegerTest
Running org.apache.commons.compress.archivers.zip.ZipArchiveEntryTest
Tests run: 8, Failures: 0, Errors: 0, Skipped: 0, Time elapsed: 0.008 sec - in org.apache.commons.compress.archivers.zip.ZipArchiveEntryTest
Running org.apache.commons.compress.archivers.zip.EncryptedArchiveTest
Tests run: 2, Failures: 0, Errors: 2, Skipped: 0, Time elapsed: 0.002 sec <<< FAILURE! - in org.apache.commons.compress.archivers.zip.EncryptedArchiveTest
testReadPasswordEncryptedEntryViaStream(org.apache.commons.compress.archivers.zip.EncryptedArchiveTest)  Time elapsed: 0.001 sec  <<< ERROR!
java.io.FileNotFoundException: couldn't find password-encrypted.zip
	at org.apache.commons.compress.AbstractTestCase.getFile(AbstractTestCase.java:73)
	at org.apache.commons.compress.archivers.zip.EncryptedArchiveTest.testReadPasswordEncryptedEntryViaStream(EncryptedArchiveTest.java:58)

testReadPasswordEncryptedEntryViaZipFile(org.apache.commons.compress.archivers.zip.EncryptedArchiveTest)  Time elapsed: 0.001 sec  <<< ERROR!
java.io.FileNotFoundException: couldn't find password-encrypted.zip
	at org.apache.commons.compress.AbstractTestCase.getFile(AbstractTestCase.java:73)
	at org.apache.commons.compress.archivers.zip.EncryptedArchiveTest.testReadPasswordEncryptedEntryViaZipFile(EncryptedArchiveTest.java:35)

Running org.apache.commons.compress.archivers.zip.X5455_ExtendedTimestampTest
Tests run: 7, Failures: 0, Errors: 1, Skipped: 0, Time elapsed: 0.032 sec <<< FAILURE! - in org.apache.commons.compress.archivers.zip.X5455_ExtendedTimestampTest
testSampleFile(org.apache.commons.compress.archivers.zip.X5455_ExtendedTimestampTest)  Time elapsed: 0.001 sec  <<< ERROR!
java.io.FileNotFoundException: couldn't find COMPRESS-210_unix_time_zip_test.zip
	at org.apache.commons.compress.AbstractTestCase.getFile(AbstractTestCase.java:73)
	at org.apache.commons.compress.archivers.zip.X5455_ExtendedTimestampTest.testSampleFile(X5455_ExtendedTimestampTest.java:110)

Running org.apache.commons.compress.archivers.zip.ZipLongTest
Tests run: 6, Failures: 0, Errors: 0, Skipped: 0, Time elapsed: 0.002 sec - in org.apache.commons.compress.archivers.zip.ZipLongTest
Running org.apache.commons.compress.archivers.zip.ZipArchiveInputStreamTest
Tests run: 7, Failures: 0, Errors: 7, Skipped: 0, Time elapsed: 0.007 sec <<< FAILURE! - in org.apache.commons.compress.archivers.zip.ZipArchiveInputStreamTest
shouldConsumeArchiveCompletely(org.apache.commons.compress.archivers.zip.ZipArchiveInputStreamTest)  Time elapsed: 0.002 sec  <<< ERROR!
java.io.IOException: Stream closed
	at java.io.PushbackInputStream.ensureOpen(PushbackInputStream.java:74)
	at java.io.PushbackInputStream.read(PushbackInputStream.java:166)
	at org.apache.commons.compress.utils.IOUtils.readFully(IOUtils.java:160)
	at org.apache.commons.compress.utils.IOUtils.readFully(IOUtils.java:134)
	at org.apache.commons.compress.archivers.zip.ZipArchiveInputStream.readFully(ZipArchiveInputStream.java:703)
	at org.apache.commons.compress.archivers.zip.ZipArchiveInputStream.readFirstLocalFileHeader(ZipArchiveInputStream.java:331)
	at org.apache.commons.compress.archivers.zip.ZipArchiveInputStream.getNextZipEntry(ZipArchiveInputStream.java:234)
	at org.apache.commons.compress.archivers.zip.ZipArchiveInputStreamTest.shouldConsumeArchiveCompletely(ZipArchiveInputStreamTest.java:88)

testReadingOfFirstStoredEntry(org.apache.commons.compress.archivers.zip.ZipArchiveInputStreamTest)  Time elapsed: 0.001 sec  <<< ERROR!
java.io.FileNotFoundException: couldn't find COMPRESS-264.zip
	at org.apache.commons.compress.AbstractTestCase.getFile(AbstractTestCase.java:73)
	at org.apache.commons.compress.archivers.zip.ZipArchiveInputStreamTest.testReadingOfFirstStoredEntry(ZipArchiveInputStreamTest.java:162)

testUnshrinkEntry(org.apache.commons.compress.archivers.zip.ZipArchiveInputStreamTest)  Time elapsed: 0 sec  <<< ERROR!
java.io.FileNotFoundException: couldn't find SHRUNK.ZIP
	at org.apache.commons.compress.AbstractTestCase.getFile(AbstractTestCase.java:73)
	at org.apache.commons.compress.archivers.zip.ZipArchiveInputStreamTest.testUnshrinkEntry(ZipArchiveInputStreamTest.java:129)

properUseOfInflater(org.apache.commons.compress.archivers.zip.ZipArchiveInputStreamTest)  Time elapsed: 0.001 sec  <<< ERROR!
java.io.FileNotFoundException: couldn't find COMPRESS-189.zip
	at org.apache.commons.compress.AbstractTestCase.getFile(AbstractTestCase.java:73)
	at org.apache.commons.compress.archivers.zip.ZipArchiveInputStreamTest.properUseOfInflater(ZipArchiveInputStreamTest.java:64)

winzipBackSlashWorkaround(org.apache.commons.compress.archivers.zip.ZipArchiveInputStreamTest)  Time elapsed: 0 sec  <<< ERROR!
java.io.FileNotFoundException: couldn't find test-winzip.zip
	at org.apache.commons.compress.AbstractTestCase.getFile(AbstractTestCase.java:73)
	at org.apache.commons.compress.archivers.zip.ZipArchiveInputStreamTest.winzipBackSlashWorkaround(ZipArchiveInputStreamTest.java:44)

testUnzipBZip2CompressedEntry(org.apache.commons.compress.archivers.zip.ZipArchiveInputStreamTest)  Time elapsed: 0 sec  <<< ERROR!
java.io.FileNotFoundException: couldn't find bzip2-zip.zip
	at org.apache.commons.compress.AbstractTestCase.getFile(AbstractTestCase.java:73)
	at org.apache.commons.compress.archivers.zip.ZipArchiveInputStreamTest.testUnzipBZip2CompressedEntry(ZipArchiveInputStreamTest.java:176)

shouldReadNestedZip(org.apache.commons.compress.archivers.zip.ZipArchiveInputStreamTest)  Time elapsed: 0.001 sec  <<< ERROR!
java.io.FileNotFoundException: couldn't find COMPRESS-219.zip
	at org.apache.commons.compress.AbstractTestCase.getFile(AbstractTestCase.java:73)
	at org.apache.commons.compress.archivers.zip.ZipArchiveInputStreamTest.shouldReadNestedZip(ZipArchiveInputStreamTest.java:107)

Running org.apache.commons.compress.archivers.zip.GeneralPurposeBitTest
Tests run: 7, Failures: 0, Errors: 0, Skipped: 0, Time elapsed: 0.003 sec - in org.apache.commons.compress.archivers.zip.GeneralPurposeBitTest
Running org.apache.commons.compress.archivers.zip.X7875_NewUnixTest
Tests run: 5, Failures: 0, Errors: 1, Skipped: 0, Time elapsed: 0.003 sec <<< FAILURE! - in org.apache.commons.compress.archivers.zip.X7875_NewUnixTest
testSampleFile(org.apache.commons.compress.archivers.zip.X7875_NewUnixTest)  Time elapsed: 0 sec  <<< ERROR!
java.io.FileNotFoundException: couldn't find COMPRESS-211_uid_gid_zip_test.zip
	at org.apache.commons.compress.AbstractTestCase.getFile(AbstractTestCase.java:73)
	at org.apache.commons.compress.archivers.zip.X7875_NewUnixTest.testSampleFile(X7875_NewUnixTest.java:49)

Running org.apache.commons.compress.archivers.zip.ScatterZipOutputStreamTest
Tests run: 1, Failures: 0, Errors: 0, Skipped: 0, Time elapsed: 0.013 sec - in org.apache.commons.compress.archivers.zip.ScatterZipOutputStreamTest
Running org.apache.commons.compress.archivers.zip.BitStreamTest
Tests run: 5, Failures: 0, Errors: 0, Skipped: 0, Time elapsed: 0.006 sec - in org.apache.commons.compress.archivers.zip.BitStreamTest
Running org.apache.commons.compress.archivers.zip.ZipShortTest
Tests run: 6, Failures: 0, Errors: 0, Skipped: 0, Time elapsed: 0.013 sec - in org.apache.commons.compress.archivers.zip.ZipShortTest
Running org.apache.commons.compress.archivers.zip.ZipEncodingTest
Tests run: 3, Failures: 0, Errors: 0, Skipped: 0, Time elapsed: 0.016 sec - in org.apache.commons.compress.archivers.zip.ZipEncodingTest
Running org.apache.commons.compress.archivers.zip.BinaryTreeTest
Tests run: 1, Failures: 0, Errors: 0, Skipped: 0, Time elapsed: 0.006 sec - in org.apache.commons.compress.archivers.zip.BinaryTreeTest
Running org.apache.commons.compress.archivers.zip.ParallelScatterZipCreatorTest
Tests run: 2, Failures: 0, Errors: 0, Skipped: 0, Time elapsed: 0.951 sec - in org.apache.commons.compress.archivers.zip.ParallelScatterZipCreatorTest
Running org.apache.commons.compress.archivers.zip.UTF8ZipFilesTest
Tests run: 17, Failures: 0, Errors: 7, Skipped: 0, Time elapsed: 0.067 sec <<< FAILURE! - in org.apache.commons.compress.archivers.zip.UTF8ZipFilesTest
testRead7ZipArchiveForStream(org.apache.commons.compress.archivers.zip.UTF8ZipFilesTest)  Time elapsed: 0 sec  <<< ERROR!
java.io.FileNotFoundException: couldn't find utf8-7zip-test.zip
	at org.apache.commons.compress.AbstractTestCase.getFile(AbstractTestCase.java:73)
	at org.apache.commons.compress.archivers.zip.UTF8ZipFilesTest.testRead7ZipArchiveForStream(UTF8ZipFilesTest.java:114)

testRead7ZipArchive(org.apache.commons.compress.archivers.zip.UTF8ZipFilesTest)  Time elapsed: 0.001 sec  <<< ERROR!
java.io.FileNotFoundException: couldn't find utf8-7zip-test.zip
	at org.apache.commons.compress.AbstractTestCase.getFile(AbstractTestCase.java:73)
	at org.apache.commons.compress.archivers.zip.UTF8ZipFilesTest.testRead7ZipArchive(UTF8ZipFilesTest.java:99)

testReadWinZipArchiveForStream(org.apache.commons.compress.archivers.zip.UTF8ZipFilesTest)  Time elapsed: 0.002 sec  <<< ERROR!
java.io.FileNotFoundException: couldn't find utf8-winzip-test.zip
	at org.apache.commons.compress.AbstractTestCase.getFile(AbstractTestCase.java:73)
	at org.apache.commons.compress.archivers.zip.UTF8ZipFilesTest.testReadWinZipArchiveForStream(UTF8ZipFilesTest.java:161)

testReadWinZipArchive(org.apache.commons.compress.archivers.zip.UTF8ZipFilesTest)  Time elapsed: 0.005 sec  <<< ERROR!
java.io.FileNotFoundException: couldn't find utf8-winzip-test.zip
	at org.apache.commons.compress.AbstractTestCase.getFile(AbstractTestCase.java:73)
	at org.apache.commons.compress.archivers.zip.UTF8ZipFilesTest.testReadWinZipArchive(UTF8ZipFilesTest.java:134)

testUtf8Interoperability(org.apache.commons.compress.archivers.zip.UTF8ZipFilesTest)  Time elapsed: 0 sec  <<< ERROR!
java.io.FileNotFoundException: couldn't find utf8-7zip-test.zip
	at org.apache.commons.compress.AbstractTestCase.getFile(AbstractTestCase.java:73)
	at org.apache.commons.compress.archivers.zip.UTF8ZipFilesTest.testUtf8Interoperability(UTF8ZipFilesTest.java:389)

testRawNameReadFromZipFile(org.apache.commons.compress.archivers.zip.UTF8ZipFilesTest)  Time elapsed: 0 sec  <<< ERROR!
java.io.FileNotFoundException: couldn't find utf8-7zip-test.zip
	at org.apache.commons.compress.AbstractTestCase.getFile(AbstractTestCase.java:73)
	at org.apache.commons.compress.archivers.zip.UTF8ZipFilesTest.testRawNameReadFromZipFile(UTF8ZipFilesTest.java:216)

testRawNameReadFromStream(org.apache.commons.compress.archivers.zip.UTF8ZipFilesTest)  Time elapsed: 0 sec  <<< ERROR!
java.io.FileNotFoundException: couldn't find utf8-7zip-test.zip
	at org.apache.commons.compress.AbstractTestCase.getFile(AbstractTestCase.java:73)
	at org.apache.commons.compress.archivers.zip.UTF8ZipFilesTest.testRawNameReadFromStream(UTF8ZipFilesTest.java:230)

Running org.apache.commons.compress.archivers.zip.ExplodeSupportTest
Tests run: 6, Failures: 0, Errors: 6, Skipped: 0, Time elapsed: 0.001 sec <<< FAILURE! - in org.apache.commons.compress.archivers.zip.ExplodeSupportTest
testArchiveWithImplodeCompression4K2Trees(org.apache.commons.compress.archivers.zip.ExplodeSupportTest)  Time elapsed: 0 sec  <<< ERROR!
java.io.FileNotFoundException: target/test-classes/imploding-4Kdict-2trees.zip (No such file or directory)
	at java.io.RandomAccessFile.open0(Native Method)
	at java.io.RandomAccessFile.open(RandomAccessFile.java:316)
	at java.io.RandomAccessFile.<init>(RandomAccessFile.java:243)
	at org.apache.commons.compress.archivers.zip.ZipFile.<init>(ZipFile.java:214)
	at org.apache.commons.compress.archivers.zip.ZipFile.<init>(ZipFile.java:193)
	at org.apache.commons.compress.archivers.zip.ZipFile.<init>(ZipFile.java:154)
	at org.apache.commons.compress.archivers.zip.ExplodeSupportTest.testArchiveWithImplodeCompression(ExplodeSupportTest.java:38)
	at org.apache.commons.compress.archivers.zip.ExplodeSupportTest.testArchiveWithImplodeCompression4K2Trees(ExplodeSupportTest.java:56)

testZipStreamWithImplodeCompression8K3Trees(org.apache.commons.compress.archivers.zip.ExplodeSupportTest)  Time elapsed: 0 sec  <<< ERROR!
java.io.FileNotFoundException: target/test-classes/imploding-8Kdict-3trees.zip (No such file or directory)
	at java.io.FileInputStream.open0(Native Method)
	at java.io.FileInputStream.open(FileInputStream.java:195)
	at java.io.FileInputStream.<init>(FileInputStream.java:138)
	at org.apache.commons.compress.archivers.zip.ExplodeSupportTest.testZipStreamWithImplodeCompression(ExplodeSupportTest.java:70)
	at org.apache.commons.compress.archivers.zip.ExplodeSupportTest.testZipStreamWithImplodeCompression8K3Trees(ExplodeSupportTest.java:94)

testTikaTestArchive(org.apache.commons.compress.archivers.zip.ExplodeSupportTest)  Time elapsed: 0 sec  <<< ERROR!
java.io.FileNotFoundException: target/test-classes/moby-imploded.zip (No such file or directory)
	at java.io.RandomAccessFile.open0(Native Method)
	at java.io.RandomAccessFile.open(RandomAccessFile.java:316)
	at java.io.RandomAccessFile.<init>(RandomAccessFile.java:243)
	at org.apache.commons.compress.archivers.zip.ZipFile.<init>(ZipFile.java:214)
	at org.apache.commons.compress.archivers.zip.ZipFile.<init>(ZipFile.java:193)
	at org.apache.commons.compress.archivers.zip.ZipFile.<init>(ZipFile.java:154)
	at org.apache.commons.compress.archivers.zip.ExplodeSupportTest.testArchiveWithImplodeCompression(ExplodeSupportTest.java:38)
	at org.apache.commons.compress.archivers.zip.ExplodeSupportTest.testTikaTestArchive(ExplodeSupportTest.java:66)

testArchiveWithImplodeCompression8K3Trees(org.apache.commons.compress.archivers.zip.ExplodeSupportTest)  Time elapsed: 0 sec  <<< ERROR!
java.io.FileNotFoundException: target/test-classes/imploding-8Kdict-3trees.zip (No such file or directory)
	at java.io.RandomAccessFile.open0(Native Method)
	at java.io.RandomAccessFile.open(RandomAccessFile.java:316)
	at java.io.RandomAccessFile.<init>(RandomAccessFile.java:243)
	at org.apache.commons.compress.archivers.zip.ZipFile.<init>(ZipFile.java:214)
	at org.apache.commons.compress.archivers.zip.ZipFile.<init>(ZipFile.java:193)
	at org.apache.commons.compress.archivers.zip.ZipFile.<init>(ZipFile.java:154)
	at org.apache.commons.compress.archivers.zip.ExplodeSupportTest.testArchiveWithImplodeCompression(ExplodeSupportTest.java:38)
	at org.apache.commons.compress.archivers.zip.ExplodeSupportTest.testArchiveWithImplodeCompression8K3Trees(ExplodeSupportTest.java:61)

testZipStreamWithImplodeCompression4K2Trees(org.apache.commons.compress.archivers.zip.ExplodeSupportTest)  Time elapsed: 0.001 sec  <<< ERROR!
java.io.FileNotFoundException: target/test-classes/imploding-4Kdict-2trees.zip (No such file or directory)
	at java.io.FileInputStream.open0(Native Method)
	at java.io.FileInputStream.open(FileInputStream.java:195)
	at java.io.FileInputStream.<init>(FileInputStream.java:138)
	at org.apache.commons.compress.archivers.zip.ExplodeSupportTest.testZipStreamWithImplodeCompression(ExplodeSupportTest.java:70)
	at org.apache.commons.compress.archivers.zip.ExplodeSupportTest.testZipStreamWithImplodeCompression4K2Trees(ExplodeSupportTest.java:89)

testTikaTestStream(org.apache.commons.compress.archivers.zip.ExplodeSupportTest)  Time elapsed: 0 sec  <<< ERROR!
java.io.FileNotFoundException: target/test-classes/moby-imploded.zip (No such file or directory)
	at java.io.FileInputStream.open0(Native Method)
	at java.io.FileInputStream.open(FileInputStream.java:195)
	at java.io.FileInputStream.<init>(FileInputStream.java:138)
	at org.apache.commons.compress.archivers.zip.ExplodeSupportTest.testZipStreamWithImplodeCompression(ExplodeSupportTest.java:70)
	at org.apache.commons.compress.archivers.zip.ExplodeSupportTest.testTikaTestStream(ExplodeSupportTest.java:99)

Running org.apache.commons.compress.archivers.zip.ScatterSampleTest
Tests run: 1, Failures: 0, Errors: 0, Skipped: 0, Time elapsed: 0.015 sec - in org.apache.commons.compress.archivers.zip.ScatterSampleTest
Running org.apache.commons.compress.archivers.CpioTestCase
Tests run: 6, Failures: 0, Errors: 2, Skipped: 0, Time elapsed: 0.016 sec <<< FAILURE! - in org.apache.commons.compress.archivers.CpioTestCase
testCpioUnarchive(org.apache.commons.compress.archivers.CpioTestCase)  Time elapsed: 0 sec  <<< ERROR!
java.io.FileNotFoundException: couldn't find test1.xml
	at org.apache.commons.compress.AbstractTestCase.getFile(AbstractTestCase.java:73)
	at org.apache.commons.compress.archivers.CpioTestCase.testCpioUnarchive(CpioTestCase.java:65)

testCpioArchiveCreation(org.apache.commons.compress.archivers.CpioTestCase)  Time elapsed: 0 sec  <<< ERROR!
java.io.FileNotFoundException: couldn't find test1.xml
	at org.apache.commons.compress.AbstractTestCase.getFile(AbstractTestCase.java:73)
	at org.apache.commons.compress.archivers.CpioTestCase.testCpioArchiveCreation(CpioTestCase.java:45)

Running org.apache.commons.compress.archivers.ar.ArArchiveOutputStreamTest
Tests run: 2, Failures: 0, Errors: 0, Skipped: 0, Time elapsed: 0.003 sec - in org.apache.commons.compress.archivers.ar.ArArchiveOutputStreamTest
Running org.apache.commons.compress.archivers.ar.ArArchiveInputStreamTest
Tests run: 2, Failures: 0, Errors: 2, Skipped: 0, Time elapsed: 0.001 sec <<< FAILURE! - in org.apache.commons.compress.archivers.ar.ArArchiveInputStreamTest
testReadLongNamesBSD(org.apache.commons.compress.archivers.ar.ArArchiveInputStreamTest)  Time elapsed: 0 sec  <<< ERROR!
java.io.FileNotFoundException: couldn't find longfile_bsd.ar
	at org.apache.commons.compress.AbstractTestCase.getFile(AbstractTestCase.java:73)
	at org.apache.commons.compress.archivers.ar.ArArchiveInputStreamTest.checkLongNameEntry(ArArchiveInputStreamTest.java:44)
	at org.apache.commons.compress.archivers.ar.ArArchiveInputStreamTest.testReadLongNamesBSD(ArArchiveInputStreamTest.java:40)

testReadLongNamesGNU(org.apache.commons.compress.archivers.ar.ArArchiveInputStreamTest)  Time elapsed: 0.001 sec  <<< ERROR!
java.io.FileNotFoundException: couldn't find longfile_gnu.ar
	at org.apache.commons.compress.AbstractTestCase.getFile(AbstractTestCase.java:73)
	at org.apache.commons.compress.archivers.ar.ArArchiveInputStreamTest.checkLongNameEntry(ArArchiveInputStreamTest.java:44)
	at org.apache.commons.compress.archivers.ar.ArArchiveInputStreamTest.testReadLongNamesGNU(ArArchiveInputStreamTest.java:35)

Running org.apache.commons.compress.archivers.ArTestCase
Tests run: 7, Failures: 0, Errors: 3, Skipped: 2, Time elapsed: 0.01 sec <<< FAILURE! - in org.apache.commons.compress.archivers.ArTestCase
testArDelete(org.apache.commons.compress.archivers.ArTestCase)  Time elapsed: 0.001 sec  <<< ERROR!
java.io.FileNotFoundException: couldn't find test1.xml
	at org.apache.commons.compress.AbstractTestCase.getFile(AbstractTestCase.java:73)
	at org.apache.commons.compress.archivers.ArTestCase.testArDelete(ArTestCase.java:101)

testArUnarchive(org.apache.commons.compress.archivers.ArTestCase)  Time elapsed: 0.004 sec  <<< ERROR!
java.io.FileNotFoundException: couldn't find test1.xml
	at org.apache.commons.compress.AbstractTestCase.getFile(AbstractTestCase.java:73)
	at org.apache.commons.compress.archivers.ArTestCase.testArUnarchive(ArTestCase.java:65)

testArArchiveCreation(org.apache.commons.compress.archivers.ArTestCase)  Time elapsed: 0.001 sec  <<< ERROR!
java.io.FileNotFoundException: couldn't find test1.xml
	at org.apache.commons.compress.AbstractTestCase.getFile(AbstractTestCase.java:73)
	at org.apache.commons.compress.archivers.ArTestCase.testArArchiveCreation(ArTestCase.java:45)

Running org.apache.commons.compress.archivers.memory.MemoryArchiveTestCase
Tests run: 1, Failures: 0, Errors: 0, Skipped: 0, Time elapsed: 0.003 sec - in org.apache.commons.compress.archivers.memory.MemoryArchiveTestCase
Running org.apache.commons.compress.archivers.JarTestCase
Tests run: 3, Failures: 0, Errors: 3, Skipped: 0, Time elapsed: 0.003 sec <<< FAILURE! - in org.apache.commons.compress.archivers.JarTestCase
testJarUnarchive(org.apache.commons.compress.archivers.JarTestCase)  Time elapsed: 0.001 sec  <<< ERROR!
java.io.FileNotFoundException: couldn't find bla.jar
	at org.apache.commons.compress.AbstractTestCase.getFile(AbstractTestCase.java:73)
	at org.apache.commons.compress.archivers.JarTestCase.testJarUnarchive(JarTestCase.java:59)

testJarArchiveCreation(org.apache.commons.compress.archivers.JarTestCase)  Time elapsed: 0.001 sec  <<< ERROR!
java.io.FileNotFoundException: couldn't find test1.xml
	at org.apache.commons.compress.AbstractTestCase.getFile(AbstractTestCase.java:73)
	at org.apache.commons.compress.archivers.JarTestCase.testJarArchiveCreation(JarTestCase.java:38)

testJarUnarchiveAll(org.apache.commons.compress.archivers.JarTestCase)  Time elapsed: 0.001 sec  <<< ERROR!
java.io.FileNotFoundException: couldn't find bla.jar
	at org.apache.commons.compress.AbstractTestCase.getFile(AbstractTestCase.java:73)
	at org.apache.commons.compress.archivers.JarTestCase.testJarUnarchiveAll(JarTestCase.java:90)

Running org.apache.commons.compress.archivers.sevenz.SevenZMethodConfigurationTest
Tests run: 6, Failures: 0, Errors: 0, Skipped: 0, Time elapsed: 0.017 sec - in org.apache.commons.compress.archivers.sevenz.SevenZMethodConfigurationTest
Running org.apache.commons.compress.archivers.sevenz.SevenZArchiveEntryTest
Tests run: 3, Failures: 0, Errors: 0, Skipped: 0, Time elapsed: 0.004 sec - in org.apache.commons.compress.archivers.sevenz.SevenZArchiveEntryTest
Running org.apache.commons.compress.archivers.sevenz.SevenZOutputFileTest
Tests run: 30, Failures: 0, Errors: 0, Skipped: 0, Time elapsed: 0.778 sec - in org.apache.commons.compress.archivers.sevenz.SevenZOutputFileTest
Running org.apache.commons.compress.archivers.sevenz.SevenZFileTest
Tests run: 13, Failures: 0, Errors: 10, Skipped: 0, Time elapsed: 0.039 sec <<< FAILURE! - in org.apache.commons.compress.archivers.sevenz.SevenZFileTest
test7zUnarchive(org.apache.commons.compress.archivers.sevenz.SevenZFileTest)  Time elapsed: 0 sec  <<< ERROR!
java.io.FileNotFoundException: couldn't find bla.7z
	at org.apache.commons.compress.AbstractTestCase.getFile(AbstractTestCase.java:73)
	at org.apache.commons.compress.archivers.sevenz.SevenZFileTest.test7zUnarchive(SevenZFileTest.java:126)

testHelloWorldHeaderCompressionOffLZMA2(org.apache.commons.compress.archivers.sevenz.SevenZFileTest)  Time elapsed: 0.001 sec  <<< ERROR!
java.io.FileNotFoundException: couldn't find 7z-hello-mhc-off-lzma2.7z
	at org.apache.commons.compress.AbstractTestCase.getFile(AbstractTestCase.java:73)
	at org.apache.commons.compress.archivers.sevenz.SevenZFileTest.checkHelloWorld(SevenZFileTest.java:287)
	at org.apache.commons.compress.archivers.sevenz.SevenZFileTest.testHelloWorldHeaderCompressionOffLZMA2(SevenZFileTest.java:121)

getEntriesOfUnarchiveTest(org.apache.commons.compress.archivers.sevenz.SevenZFileTest)  Time elapsed: 0.001 sec  <<< ERROR!
java.io.FileNotFoundException: couldn't find bla.7z
	at org.apache.commons.compress.AbstractTestCase.getFile(AbstractTestCase.java:73)
	at org.apache.commons.compress.archivers.sevenz.SevenZFileTest.getEntriesOfUnarchiveTest(SevenZFileTest.java:249)

testCompressedHeaderWithNonDefaultDictionarySize(org.apache.commons.compress.archivers.sevenz.SevenZFileTest)  Time elapsed: 0.001 sec  <<< ERROR!
java.io.FileNotFoundException: couldn't find COMPRESS-256.7z
	at org.apache.commons.compress.AbstractTestCase.getFile(AbstractTestCase.java:73)
	at org.apache.commons.compress.archivers.sevenz.SevenZFileTest.testCompressedHeaderWithNonDefaultDictionarySize(SevenZFileTest.java:167)

testAllEmptyFilesArchive(org.apache.commons.compress.archivers.sevenz.SevenZFileTest)  Time elapsed: 0.001 sec  <<< ERROR!
java.io.FileNotFoundException: couldn't find 7z-empty-mhc-off.7z
	at org.apache.commons.compress.AbstractTestCase.getFile(AbstractTestCase.java:73)
	at org.apache.commons.compress.archivers.sevenz.SevenZFileTest.testAllEmptyFilesArchive(SevenZFileTest.java:106)

test7zDecryptUnarchive(org.apache.commons.compress.archivers.sevenz.SevenZFileTest)  Time elapsed: 0.006 sec  <<< ERROR!
java.io.FileNotFoundException: couldn't find bla.encrypted.7z
	at org.apache.commons.compress.AbstractTestCase.getFile(AbstractTestCase.java:73)
	at org.apache.commons.compress.archivers.sevenz.SevenZFileTest.test7zDecryptUnarchive(SevenZFileTest.java:137)

testRandomlySkippingEntries(org.apache.commons.compress.archivers.sevenz.SevenZFileTest)  Time elapsed: 0.001 sec  <<< ERROR!
java.io.FileNotFoundException: couldn't find COMPRESS-320/Copy.7z
	at org.apache.commons.compress.AbstractTestCase.getFile(AbstractTestCase.java:73)
	at org.apache.commons.compress.archivers.sevenz.SevenZFileTest.testRandomlySkippingEntries(SevenZFileTest.java:47)

testEncryptedArchiveRequiresPassword(org.apache.commons.compress.archivers.sevenz.SevenZFileTest)  Time elapsed: 0.001 sec  <<< ERROR!
java.io.FileNotFoundException: couldn't find bla.encrypted.7z
	at org.apache.commons.compress.AbstractTestCase.getFile(AbstractTestCase.java:73)
	at org.apache.commons.compress.archivers.sevenz.SevenZFileTest.testEncryptedArchiveRequiresPassword(SevenZFileTest.java:149)

test7zDeflateUnarchive(org.apache.commons.compress.archivers.sevenz.SevenZFileTest)  Time elapsed: 0.001 sec  <<< ERROR!
java.io.FileNotFoundException: couldn't find bla.deflate.7z
	at org.apache.commons.compress.AbstractTestCase.getFile(AbstractTestCase.java:73)
	at org.apache.commons.compress.archivers.sevenz.SevenZFileTest.test7zDeflateUnarchive(SevenZFileTest.java:131)

testHelloWorldHeaderCompressionOffCopy(org.apache.commons.compress.archivers.sevenz.SevenZFileTest)  Time elapsed: 0.001 sec  <<< ERROR!
java.io.FileNotFoundException: couldn't find 7z-hello-mhc-off-copy.7z
	at org.apache.commons.compress.AbstractTestCase.getFile(AbstractTestCase.java:73)
	at org.apache.commons.compress.archivers.sevenz.SevenZFileTest.checkHelloWorld(SevenZFileTest.java:287)
	at org.apache.commons.compress.archivers.sevenz.SevenZFileTest.testHelloWorldHeaderCompressionOffCopy(SevenZFileTest.java:116)

Running org.apache.commons.compress.archivers.ArchiveStreamFactoryTest
Tests run: 12, Failures: 0, Errors: 6, Skipped: 0, Time elapsed: 0.076 sec <<< FAILURE! - in org.apache.commons.compress.archivers.ArchiveStreamFactoryTest
skipsPK00Prefix(org.apache.commons.compress.archivers.ArchiveStreamFactoryTest)  Time elapsed: 0 sec  <<< ERROR!
java.io.FileNotFoundException: src/test/resources/COMPRESS-208.zip (No such file or directory)
	at java.io.FileInputStream.open0(Native Method)
	at java.io.FileInputStream.open(FileInputStream.java:195)
	at java.io.FileInputStream.<init>(FileInputStream.java:138)
	at java.io.FileInputStream.<init>(FileInputStream.java:93)
	at org.apache.commons.compress.archivers.ArchiveStreamFactoryTest.skipsPK00Prefix(ArchiveStreamFactoryTest.java:142)

testEncodingInputStream(org.apache.commons.compress.archivers.ArchiveStreamFactoryTest)  Time elapsed: 0 sec  <<< ERROR!
java.io.FileNotFoundException: couldn't find bla.arj
	at org.apache.commons.compress.AbstractTestCase.getFile(AbstractTestCase.java:73)
	at org.apache.commons.compress.archivers.ArchiveStreamFactoryTest.getInputStreamFor(ArchiveStreamFactoryTest.java:397)
	at org.apache.commons.compress.archivers.ArchiveStreamFactoryTest.testEncodingInputStream(ArchiveStreamFactoryTest.java:311)

testEncodingInputStreamAutodetect(org.apache.commons.compress.archivers.ArchiveStreamFactoryTest)  Time elapsed: 0 sec  <<< ERROR!
java.io.FileNotFoundException: couldn't find bla.arj
	at org.apache.commons.compress.AbstractTestCase.getFile(AbstractTestCase.java:73)
	at org.apache.commons.compress.archivers.ArchiveStreamFactoryTest.getInputStreamFor(ArchiveStreamFactoryTest.java:389)
	at org.apache.commons.compress.archivers.ArchiveStreamFactoryTest.testEncodingInputStreamAutodetect(ArchiveStreamFactoryTest.java:294)

aiffFilesAreNoTARs(org.apache.commons.compress.archivers.ArchiveStreamFactoryTest)  Time elapsed: 0 sec  <<< ERROR!
java.io.FileNotFoundException: src/test/resources/testAIFF.aif (No such file or directory)
	at java.io.FileInputStream.open0(Native Method)
	at java.io.FileInputStream.open(FileInputStream.java:195)
	at java.io.FileInputStream.<init>(FileInputStream.java:138)
	at java.io.FileInputStream.<init>(FileInputStream.java:93)
	at org.apache.commons.compress.archivers.ArchiveStreamFactoryTest.aiffFilesAreNoTARs(ArchiveStreamFactoryTest.java:64)

detectsAndThrowsFor7z(org.apache.commons.compress.archivers.ArchiveStreamFactoryTest)  Time elapsed: 0 sec  <<< ERROR!
java.io.FileNotFoundException: src/test/resources/bla.7z (No such file or directory)
	at java.io.FileInputStream.open0(Native Method)
	at java.io.FileInputStream.open(FileInputStream.java:195)
	at java.io.FileInputStream.<init>(FileInputStream.java:138)
	at java.io.FileInputStream.<init>(FileInputStream.java:93)
	at org.apache.commons.compress.archivers.ArchiveStreamFactoryTest.detectsAndThrowsFor7z(ArchiveStreamFactoryTest.java:119)

testCOMPRESS209(org.apache.commons.compress.archivers.ArchiveStreamFactoryTest)  Time elapsed: 0 sec  <<< ERROR!
java.io.FileNotFoundException: src/test/resources/testCompress209.doc (No such file or directory)
	at java.io.FileInputStream.open0(Native Method)
	at java.io.FileInputStream.open(FileInputStream.java:195)
	at java.io.FileInputStream.<init>(FileInputStream.java:138)
	at java.io.FileInputStream.<init>(FileInputStream.java:93)
	at org.apache.commons.compress.archivers.ArchiveStreamFactoryTest.testCOMPRESS209(ArchiveStreamFactoryTest.java:82)

Running org.apache.commons.compress.archivers.cpio.CpioArchiveInputStreamTest
Tests run: 2, Failures: 0, Errors: 2, Skipped: 0, Time elapsed: 0 sec <<< FAILURE! - in org.apache.commons.compress.archivers.cpio.CpioArchiveInputStreamTest
testCpioUnarchive(org.apache.commons.compress.archivers.cpio.CpioArchiveInputStreamTest)  Time elapsed: 0 sec  <<< ERROR!
java.io.FileNotFoundException: couldn't find bla.cpio
	at org.apache.commons.compress.AbstractTestCase.getFile(AbstractTestCase.java:73)
	at org.apache.commons.compress.archivers.cpio.CpioArchiveInputStreamTest.testCpioUnarchive(CpioArchiveInputStreamTest.java:38)

testCpioUnarchiveCreatedByRedlineRpm(org.apache.commons.compress.archivers.cpio.CpioArchiveInputStreamTest)  Time elapsed: 0 sec  <<< ERROR!
java.io.FileNotFoundException: couldn't find redline.cpio
	at org.apache.commons.compress.AbstractTestCase.getFile(AbstractTestCase.java:73)
	at org.apache.commons.compress.archivers.cpio.CpioArchiveInputStreamTest.testCpioUnarchiveCreatedByRedlineRpm(CpioArchiveInputStreamTest.java:56)

Running org.apache.commons.compress.archivers.cpio.CpioUtilTest
Tests run: 4, Failures: 0, Errors: 0, Skipped: 0, Time elapsed: 0 sec - in org.apache.commons.compress.archivers.cpio.CpioUtilTest
Running org.apache.commons.compress.archivers.cpio.CpioArchiveOutputStreamTest
Tests run: 1, Failures: 0, Errors: 1, Skipped: 0, Time elapsed: 0.001 sec <<< FAILURE! - in org.apache.commons.compress.archivers.cpio.CpioArchiveOutputStreamTest
testWriteOldBinary(org.apache.commons.compress.archivers.cpio.CpioArchiveOutputStreamTest)  Time elapsed: 0 sec  <<< ERROR!
java.io.FileNotFoundException: couldn't find test1.xml
	at org.apache.commons.compress.AbstractTestCase.getFile(AbstractTestCase.java:73)
	at org.apache.commons.compress.archivers.cpio.CpioArchiveOutputStreamTest.testWriteOldBinary(CpioArchiveOutputStreamTest.java:36)

Running org.apache.commons.compress.archivers.LongSymLinkTest
Tests run: 1, Failures: 0, Errors: 1, Skipped: 0, Time elapsed: 0 sec <<< FAILURE! - in org.apache.commons.compress.archivers.LongSymLinkTest
initializationError(org.apache.commons.compress.archivers.LongSymLinkTest)  Time elapsed: 0 sec  <<< ERROR!
java.lang.NoClassDefFoundError: Could not initialize class org.apache.commons.compress.archivers.LongSymLinkTest
	at sun.reflect.NativeMethodAccessorImpl.invoke0(Native Method)
	at sun.reflect.NativeMethodAccessorImpl.invoke(NativeMethodAccessorImpl.java:62)
	at sun.reflect.DelegatingMethodAccessorImpl.invoke(DelegatingMethodAccessorImpl.java:43)
	at java.lang.reflect.Method.invoke(Method.java:498)
	at org.junit.runners.model.FrameworkMethod$1.runReflectiveCall(FrameworkMethod.java:50)
	at org.junit.internal.runners.model.ReflectiveCallable.run(ReflectiveCallable.java:12)
	at org.junit.runners.model.FrameworkMethod.invokeExplosively(FrameworkMethod.java:47)
	at org.junit.runners.Parameterized.allParameters(Parameterized.java:280)
	at org.junit.runners.Parameterized.<init>(Parameterized.java:248)
	at sun.reflect.NativeConstructorAccessorImpl.newInstance0(Native Method)
	at sun.reflect.NativeConstructorAccessorImpl.newInstance(NativeConstructorAccessorImpl.java:62)
	at sun.reflect.DelegatingConstructorAccessorImpl.newInstance(DelegatingConstructorAccessorImpl.java:45)
	at java.lang.reflect.Constructor.newInstance(Constructor.java:423)
	at org.junit.internal.builders.AnnotatedBuilder.buildRunner(AnnotatedBuilder.java:104)
	at org.junit.internal.builders.AnnotatedBuilder.runnerForClass(AnnotatedBuilder.java:86)
	at org.junit.runners.model.RunnerBuilder.safeRunnerForClass(RunnerBuilder.java:59)
	at org.junit.internal.builders.AllDefaultPossibilitiesBuilder.runnerForClass(AllDefaultPossibilitiesBuilder.java:26)
	at org.junit.runners.model.RunnerBuilder.safeRunnerForClass(RunnerBuilder.java:59)
	at org.junit.internal.requests.ClassRequest.getRunner(ClassRequest.java:33)
	at org.apache.maven.surefire.junit4.JUnit4Provider.execute(JUnit4Provider.java:283)
	at org.apache.maven.surefire.junit4.JUnit4Provider.executeWithRerun(JUnit4Provider.java:173)
	at org.apache.maven.surefire.junit4.JUnit4Provider.executeTestSet(JUnit4Provider.java:153)
	at org.apache.maven.surefire.junit4.JUnit4Provider.invoke(JUnit4Provider.java:128)
	at org.apache.maven.surefire.booter.ForkedBooter.invokeProviderInSameClassLoader(ForkedBooter.java:203)
	at org.apache.maven.surefire.booter.ForkedBooter.runSuitesInProcess(ForkedBooter.java:155)
	at org.apache.maven.surefire.booter.ForkedBooter.main(ForkedBooter.java:103)

Running org.apache.commons.compress.archivers.arj.ArjArchiveInputStreamTest
Tests run: 3, Failures: 0, Errors: 3, Skipped: 0, Time elapsed: 0.002 sec <<< FAILURE! - in org.apache.commons.compress.archivers.arj.ArjArchiveInputStreamTest
testReadingOfAttributesUnixVersion(org.apache.commons.compress.archivers.arj.ArjArchiveInputStreamTest)  Time elapsed: 0 sec  <<< ERROR!
java.io.FileNotFoundException: couldn't find bla.unix.arj
	at org.apache.commons.compress.AbstractTestCase.getFile(AbstractTestCase.java:73)
	at org.apache.commons.compress.archivers.arj.ArjArchiveInputStreamTest.testReadingOfAttributesUnixVersion(ArjArchiveInputStreamTest.java:73)

testArjUnarchive(org.apache.commons.compress.archivers.arj.ArjArchiveInputStreamTest)  Time elapsed: 0 sec  <<< ERROR!
java.io.FileNotFoundException: couldn't find bla.arj
	at org.apache.commons.compress.AbstractTestCase.getFile(AbstractTestCase.java:73)
	at org.apache.commons.compress.archivers.arj.ArjArchiveInputStreamTest.testArjUnarchive(ArjArchiveInputStreamTest.java:41)

testReadingOfAttributesDosVersion(org.apache.commons.compress.archivers.arj.ArjArchiveInputStreamTest)  Time elapsed: 0 sec  <<< ERROR!
java.io.FileNotFoundException: couldn't find bla.arj
	at org.apache.commons.compress.AbstractTestCase.getFile(AbstractTestCase.java:73)
	at org.apache.commons.compress.archivers.arj.ArjArchiveInputStreamTest.testReadingOfAttributesDosVersion(ArjArchiveInputStreamTest.java:59)

Running org.apache.commons.compress.archivers.SevenZTestCase
Tests run: 4, Failures: 0, Errors: 4, Skipped: 0, Time elapsed: 0 sec <<< FAILURE! - in org.apache.commons.compress.archivers.SevenZTestCase
testSevenZArchiveCreationUsingCopy(org.apache.commons.compress.archivers.SevenZTestCase)  Time elapsed: 0 sec  <<< ERROR!
java.io.FileNotFoundException: couldn't find test1.xml
	at org.apache.commons.compress.AbstractTestCase.getFile(AbstractTestCase.java:73)
	at org.apache.commons.compress.archivers.SevenZTestCase.testSevenZArchiveCreation(SevenZTestCase.java:57)
	at org.apache.commons.compress.archivers.SevenZTestCase.testSevenZArchiveCreationUsingCopy(SevenZTestCase.java:37)

testSevenZArchiveCreationUsingBZIP2(org.apache.commons.compress.archivers.SevenZTestCase)  Time elapsed: 0 sec  <<< ERROR!
java.io.FileNotFoundException: couldn't find test1.xml
	at org.apache.commons.compress.AbstractTestCase.getFile(AbstractTestCase.java:73)
	at org.apache.commons.compress.archivers.SevenZTestCase.testSevenZArchiveCreation(SevenZTestCase.java:57)
	at org.apache.commons.compress.archivers.SevenZTestCase.testSevenZArchiveCreationUsingBZIP2(SevenZTestCase.java:47)

testSevenZArchiveCreationUsingLZMA2(org.apache.commons.compress.archivers.SevenZTestCase)  Time elapsed: 0 sec  <<< ERROR!
java.io.FileNotFoundException: couldn't find test1.xml
	at org.apache.commons.compress.AbstractTestCase.getFile(AbstractTestCase.java:73)
	at org.apache.commons.compress.archivers.SevenZTestCase.testSevenZArchiveCreation(SevenZTestCase.java:57)
	at org.apache.commons.compress.archivers.SevenZTestCase.testSevenZArchiveCreationUsingLZMA2(SevenZTestCase.java:42)

testSevenZArchiveCreationUsingDeflate(org.apache.commons.compress.archivers.SevenZTestCase)  Time elapsed: 0 sec  <<< ERROR!
java.io.FileNotFoundException: couldn't find test1.xml
	at org.apache.commons.compress.AbstractTestCase.getFile(AbstractTestCase.java:73)
	at org.apache.commons.compress.archivers.SevenZTestCase.testSevenZArchiveCreation(SevenZTestCase.java:57)
	at org.apache.commons.compress.archivers.SevenZTestCase.testSevenZArchiveCreationUsingDeflate(SevenZTestCase.java:52)

Running org.apache.commons.compress.archivers.ZipTestCase
Tests run: 13, Failures: 0, Errors: 6, Skipped: 0, Time elapsed: 0.026 sec <<< FAILURE! - in org.apache.commons.compress.archivers.ZipTestCase
testSkipsPK00Prefix(org.apache.commons.compress.archivers.ZipTestCase)  Time elapsed: 0 sec  <<< ERROR!
java.io.FileNotFoundException: couldn't find COMPRESS-208.zip
	at org.apache.commons.compress.AbstractTestCase.getFile(AbstractTestCase.java:73)
	at org.apache.commons.compress.archivers.ZipTestCase.testSkipsPK00Prefix(ZipTestCase.java:137)

testZipUnarchive(org.apache.commons.compress.archivers.ZipTestCase)  Time elapsed: 0 sec  <<< ERROR!
java.io.FileNotFoundException: couldn't find bla.zip
	at org.apache.commons.compress.AbstractTestCase.getFile(AbstractTestCase.java:73)
	at org.apache.commons.compress.archivers.ZipTestCase.testZipUnarchive(ZipTestCase.java:120)

testSkipEntryWithUnsupportedCompressionMethod(org.apache.commons.compress.archivers.ZipTestCase)  Time elapsed: 0 sec  <<< ERROR!
java.io.FileNotFoundException: couldn't find moby.zip
	at org.apache.commons.compress.AbstractTestCase.getFile(AbstractTestCase.java:73)
	at org.apache.commons.compress.archivers.ZipTestCase.testSkipEntryWithUnsupportedCompressionMethod(ZipTestCase.java:181)

testSupportedCompressionMethod(org.apache.commons.compress.archivers.ZipTestCase)  Time elapsed: 0.001 sec  <<< ERROR!
java.io.FileNotFoundException: couldn't find moby.zip
	at org.apache.commons.compress.AbstractTestCase.getFile(AbstractTestCase.java:73)
	at org.apache.commons.compress.archivers.ZipTestCase.testSupportedCompressionMethod(ZipTestCase.java:162)

testListAllFilesWithNestedArchive(org.apache.commons.compress.archivers.ZipTestCase)  Time elapsed: 0.001 sec  <<< ERROR!
java.io.FileNotFoundException: couldn't find OSX_ArchiveWithNestedArchive.zip
	at org.apache.commons.compress.AbstractTestCase.getFile(AbstractTestCase.java:73)
	at org.apache.commons.compress.archivers.ZipTestCase.testListAllFilesWithNestedArchive(ZipTestCase.java:209)

testZipArchiveCreation(org.apache.commons.compress.archivers.ZipTestCase)  Time elapsed: 0.001 sec  <<< ERROR!
java.io.FileNotFoundException: couldn't find test1.xml
	at org.apache.commons.compress.AbstractTestCase.getFile(AbstractTestCase.java:73)
	at org.apache.commons.compress.archivers.ZipTestCase.testZipArchiveCreation(ZipTestCase.java:57)

Running org.apache.commons.compress.archivers.ExceptionMessageTest
Tests run: 4, Failures: 0, Errors: 0, Skipped: 0, Time elapsed: 0 sec - in org.apache.commons.compress.archivers.ExceptionMessageTest
Running org.apache.commons.compress.archivers.TarTestCase
Tests run: 9, Failures: 0, Errors: 5, Skipped: 0, Time elapsed: 0.01 sec <<< FAILURE! - in org.apache.commons.compress.archivers.TarTestCase
testTarUnarchive(org.apache.commons.compress.archivers.TarTestCase)  Time elapsed: 0 sec  <<< ERROR!
java.io.FileNotFoundException: couldn't find bla.tar
	at org.apache.commons.compress.AbstractTestCase.getFile(AbstractTestCase.java:73)
	at org.apache.commons.compress.archivers.TarTestCase.testTarUnarchive(TarTestCase.java:115)

testTarArchiveLongNameCreation(org.apache.commons.compress.archivers.TarTestCase)  Time elapsed: 0.001 sec  <<< ERROR!
java.io.FileNotFoundException: couldn't find test1.xml
	at org.apache.commons.compress.AbstractTestCase.getFile(AbstractTestCase.java:73)
	at org.apache.commons.compress.archivers.TarTestCase.testTarArchiveLongNameCreation(TarTestCase.java:67)

testTarArchiveCreation(org.apache.commons.compress.archivers.TarTestCase)  Time elapsed: 0 sec  <<< ERROR!
java.io.FileNotFoundException: couldn't find test1.xml
	at org.apache.commons.compress.AbstractTestCase.getFile(AbstractTestCase.java:73)
	at org.apache.commons.compress.archivers.TarTestCase.testTarArchiveCreation(TarTestCase.java:43)

testCOMPRESS114(org.apache.commons.compress.archivers.TarTestCase)  Time elapsed: 0 sec  <<< ERROR!
java.io.FileNotFoundException: couldn't find COMPRESS-114.tar
	at org.apache.commons.compress.AbstractTestCase.getFile(AbstractTestCase.java:73)
	at org.apache.commons.compress.archivers.TarTestCase.testCOMPRESS114(TarTestCase.java:127)

testCOMPRESS178(org.apache.commons.compress.archivers.TarTestCase)  Time elapsed: 0.001 sec  <<< ERROR!
java.io.FileNotFoundException: couldn't find COMPRESS-178.tar
	at org.apache.commons.compress.AbstractTestCase.getFile(AbstractTestCase.java:73)
	at org.apache.commons.compress.archivers.TarTestCase.testCOMPRESS178(TarTestCase.java:320)

Running org.apache.commons.compress.archivers.dump.DumpArchiveEntryTest
Tests run: 2, Failures: 0, Errors: 0, Skipped: 0, Time elapsed: 0.003 sec - in org.apache.commons.compress.archivers.dump.DumpArchiveEntryTest
Running org.apache.commons.compress.archivers.dump.DumpArchiveInputStreamTest
Tests run: 3, Failures: 0, Errors: 3, Skipped: 0, Time elapsed: 0.008 sec <<< FAILURE! - in org.apache.commons.compress.archivers.dump.DumpArchiveInputStreamTest
testNotADumpArchive(org.apache.commons.compress.archivers.dump.DumpArchiveInputStreamTest)  Time elapsed: 0.003 sec  <<< ERROR!
java.io.FileNotFoundException: couldn't find bla.zip
	at org.apache.commons.compress.AbstractTestCase.getFile(AbstractTestCase.java:73)
	at org.apache.commons.compress.archivers.dump.DumpArchiveInputStreamTest.testNotADumpArchive(DumpArchiveInputStreamTest.java:34)

testConsumesArchiveCompletely(org.apache.commons.compress.archivers.dump.DumpArchiveInputStreamTest)  Time elapsed: 0.004 sec  <<< ERROR!
org.apache.commons.compress.archivers.ArchiveException: input buffer is closed
	at org.apache.commons.compress.archivers.dump.TapeInputStream.readBlock(TapeInputStream.java:261)
	at org.apache.commons.compress.archivers.dump.TapeInputStream.read(TapeInputStream.java:129)
	at org.apache.commons.compress.archivers.dump.TapeInputStream.readRecord(TapeInputStream.java:243)
	at org.apache.commons.compress.archivers.dump.DumpArchiveInputStream.<init>(DumpArchiveInputStream.java:111)
	at org.apache.commons.compress.archivers.dump.DumpArchiveInputStream.<init>(DumpArchiveInputStream.java:90)
	at org.apache.commons.compress.archivers.dump.DumpArchiveInputStreamTest.testConsumesArchiveCompletely(DumpArchiveInputStreamTest.java:64)

testNotADumpArchiveButBigEnough(org.apache.commons.compress.archivers.dump.DumpArchiveInputStreamTest)  Time elapsed: 0.001 sec  <<< ERROR!
java.io.FileNotFoundException: couldn't find zip64support.tar.bz2
	at org.apache.commons.compress.AbstractTestCase.getFile(AbstractTestCase.java:73)
	at org.apache.commons.compress.archivers.dump.DumpArchiveInputStreamTest.testNotADumpArchiveButBigEnough(DumpArchiveInputStreamTest.java:48)

Running org.apache.commons.compress.archivers.dump.DumpArchiveUtilTest
Tests run: 3, Failures: 0, Errors: 0, Skipped: 0, Time elapsed: 0.001 sec - in org.apache.commons.compress.archivers.dump.DumpArchiveUtilTest
Running org.apache.commons.compress.archivers.tar.SparseFilesTest
Tests run: 2, Failures: 0, Errors: 2, Skipped: 0, Time elapsed: 0.001 sec <<< FAILURE! - in org.apache.commons.compress.archivers.tar.SparseFilesTest
testOldGNU(org.apache.commons.compress.archivers.tar.SparseFilesTest)  Time elapsed: 0 sec  <<< ERROR!
java.io.FileNotFoundException: couldn't find oldgnu_sparse.tar
	at org.apache.commons.compress.AbstractTestCase.getFile(AbstractTestCase.java:73)
	at org.apache.commons.compress.archivers.tar.SparseFilesTest.testOldGNU(SparseFilesTest.java:33)

testPaxGNU(org.apache.commons.compress.archivers.tar.SparseFilesTest)  Time elapsed: 0 sec  <<< ERROR!
java.io.FileNotFoundException: couldn't find pax_gnu_sparse.tar
	at org.apache.commons.compress.AbstractTestCase.getFile(AbstractTestCase.java:73)
	at org.apache.commons.compress.archivers.tar.SparseFilesTest.testPaxGNU(SparseFilesTest.java:52)

Running org.apache.commons.compress.archivers.tar.TarUtilsTest
Tests run: 16, Failures: 0, Errors: 0, Skipped: 0, Time elapsed: 0.006 sec - in org.apache.commons.compress.archivers.tar.TarUtilsTest
Running org.apache.commons.compress.archivers.tar.TarArchiveOutputStreamTest
Tests run: 27, Failures: 0, Errors: 2, Skipped: 0, Time elapsed: 2.071 sec <<< FAILURE! - in org.apache.commons.compress.archivers.tar.TarArchiveOutputStreamTest
testCount(org.apache.commons.compress.archivers.tar.TarArchiveOutputStreamTest)  Time elapsed: 0.001 sec  <<< ERROR!
java.io.FileNotFoundException: couldn't find test1.xml
	at org.apache.commons.compress.AbstractTestCase.getFile(AbstractTestCase.java:73)
	at org.apache.commons.compress.archivers.tar.TarArchiveOutputStreamTest.testCount(TarArchiveOutputStreamTest.java:56)

testPadsOutputToFullBlockLength(org.apache.commons.compress.archivers.tar.TarArchiveOutputStreamTest)  Time elapsed: 0.001 sec  <<< ERROR!
java.io.FileNotFoundException: couldn't find test1.xml
	at org.apache.commons.compress.AbstractTestCase.getFile(AbstractTestCase.java:73)
	at org.apache.commons.compress.archivers.tar.TarArchiveOutputStreamTest.testPadsOutputToFullBlockLength(TarArchiveOutputStreamTest.java:616)

Running org.apache.commons.compress.archivers.tar.TarArchiveInputStreamTest
Tests run: 15, Failures: 0, Errors: 8, Skipped: 0, Time elapsed: 0.024 sec <<< FAILURE! - in org.apache.commons.compress.archivers.tar.TarArchiveInputStreamTest
workaroundForBrokenTimeHeader(org.apache.commons.compress.archivers.tar.TarArchiveInputStreamTest)  Time elapsed: 0 sec  <<< ERROR!
java.io.FileNotFoundException: couldn't find simple-aix-native-tar.tar
	at org.apache.commons.compress.AbstractTestCase.getFile(AbstractTestCase.java:73)
	at org.apache.commons.compress.archivers.tar.TarArchiveInputStreamTest.workaroundForBrokenTimeHeader(TarArchiveInputStreamTest.java:112)

shouldConsumeArchiveCompletely(org.apache.commons.compress.archivers.tar.TarArchiveInputStreamTest)  Time elapsed: 0.009 sec  <<< ERROR!
java.lang.NullPointerException: null
	at org.apache.commons.compress.utils.IOUtils.readFully(IOUtils.java:160)
	at org.apache.commons.compress.utils.IOUtils.readFully(IOUtils.java:134)
	at org.apache.commons.compress.archivers.tar.TarArchiveInputStream.readRecord(TarArchiveInputStream.java:431)
	at org.apache.commons.compress.archivers.tar.TarArchiveInputStream.getRecord(TarArchiveInputStream.java:400)
	at org.apache.commons.compress.archivers.tar.TarArchiveInputStream.getNextTarEntry(TarArchiveInputStream.java:275)
	at org.apache.commons.compress.archivers.tar.TarArchiveInputStreamTest.shouldConsumeArchiveCompletely(TarArchiveInputStreamTest.java:201)

readsArchiveCompletely_COMPRESS245(org.apache.commons.compress.archivers.tar.TarArchiveInputStreamTest)  Time elapsed: 0 sec  <<< ERROR!
java.lang.NullPointerException: null
	at org.apache.commons.compress.archivers.tar.TarArchiveInputStreamTest.readsArchiveCompletely_COMPRESS245(TarArchiveInputStreamTest.java:231)

datePriorToEpochInGNUFormat(org.apache.commons.compress.archivers.tar.TarArchiveInputStreamTest)  Time elapsed: 0.002 sec  <<< ERROR!
java.io.FileNotFoundException: couldn't find preepoch-star.tar
	at org.apache.commons.compress.AbstractTestCase.getFile(AbstractTestCase.java:73)
	at org.apache.commons.compress.archivers.tar.TarArchiveInputStreamTest.datePriorToEpoch(TarArchiveInputStreamTest.java:140)
	at org.apache.commons.compress.archivers.tar.TarArchiveInputStreamTest.datePriorToEpochInGNUFormat(TarArchiveInputStreamTest.java:128)

shouldThrowAnExceptionOnTruncatedEntries(org.apache.commons.compress.archivers.tar.TarArchiveInputStreamTest)  Time elapsed: 0 sec  <<< ERROR!
java.lang.Exception: Unexpected exception, expected<java.io.IOException> but was<java.lang.NullPointerException>
	at org.apache.commons.compress.archivers.tar.TarArchiveInputStream.close(TarArchiveInputStream.java:158)
	at org.apache.commons.compress.archivers.tar.TarArchiveInputStreamTest.shouldThrowAnExceptionOnTruncatedEntries(TarArchiveInputStreamTest.java:252)

testCompress197(org.apache.commons.compress.archivers.tar.TarArchiveInputStreamTest)  Time elapsed: 0 sec  <<< ERROR!
java.lang.NullPointerException: null
	at org.apache.commons.compress.archivers.tar.TarArchiveInputStream.close(TarArchiveInputStream.java:158)
	at org.apache.commons.compress.archivers.tar.TarArchiveInputStreamTest.testCompress197(TarArchiveInputStreamTest.java:166)

shouldReadGNULongNameEntryWithWrongName(org.apache.commons.compress.archivers.tar.TarArchiveInputStreamTest)  Time elapsed: 0 sec  <<< ERROR!
java.lang.NullPointerException: null
	at org.apache.commons.compress.archivers.tar.TarArchiveInputStream.close(TarArchiveInputStream.java:158)
	at org.apache.commons.compress.archivers.tar.TarArchiveInputStreamTest.shouldReadGNULongNameEntryWithWrongName(TarArchiveInputStreamTest.java:295)

datePriorToEpochInPAXFormat(org.apache.commons.compress.archivers.tar.TarArchiveInputStreamTest)  Time elapsed: 0.001 sec  <<< ERROR!
java.io.FileNotFoundException: couldn't find preepoch-posix.tar
	at org.apache.commons.compress.AbstractTestCase.getFile(AbstractTestCase.java:73)
	at org.apache.commons.compress.archivers.tar.TarArchiveInputStreamTest.datePriorToEpoch(TarArchiveInputStreamTest.java:140)
	at org.apache.commons.compress.archivers.tar.TarArchiveInputStreamTest.datePriorToEpochInPAXFormat(TarArchiveInputStreamTest.java:134)

Running org.apache.commons.compress.archivers.tar.TarArchiveEntryTest
Tests run: 6, Failures: 0, Errors: 0, Skipped: 0, Time elapsed: 0.001 sec - in org.apache.commons.compress.archivers.tar.TarArchiveEntryTest
Running org.apache.commons.compress.archivers.DumpTestCase
Tests run: 6, Failures: 0, Errors: 6, Skipped: 0, Time elapsed: 0.007 sec <<< FAILURE! - in org.apache.commons.compress.archivers.DumpTestCase
testArchiveDetection(org.apache.commons.compress.archivers.DumpTestCase)  Time elapsed: 0 sec  <<< ERROR!
java.io.FileNotFoundException: couldn't find bla.dump
	at org.apache.commons.compress.AbstractTestCase.getFile(AbstractTestCase.java:73)
	at org.apache.commons.compress.archivers.DumpTestCase.testArchiveDetection(DumpTestCase.java:84)

testCompressedDumpUnarchiveAll(org.apache.commons.compress.archivers.DumpTestCase)  Time elapsed: 0.002 sec  <<< ERROR!
java.io.FileNotFoundException: couldn't find bla.z.dump
	at org.apache.commons.compress.AbstractTestCase.getFile(AbstractTestCase.java:73)
	at org.apache.commons.compress.archivers.DumpTestCase.testCompressedDumpUnarchiveAll(DumpTestCase.java:45)

testDumpUnarchiveAll(org.apache.commons.compress.archivers.DumpTestCase)  Time elapsed: 0.001 sec  <<< ERROR!
java.io.FileNotFoundException: couldn't find bla.dump
	at org.apache.commons.compress.AbstractTestCase.getFile(AbstractTestCase.java:73)
	at org.apache.commons.compress.archivers.DumpTestCase.testDumpUnarchiveAll(DumpTestCase.java:40)

testCheckArchive(org.apache.commons.compress.archivers.DumpTestCase)  Time elapsed: 0 sec  <<< ERROR!
java.io.FileNotFoundException: couldn't find bla.dump
	at org.apache.commons.compress.AbstractTestCase.getFile(AbstractTestCase.java:73)
	at org.apache.commons.compress.archivers.DumpTestCase.testCheckArchive(DumpTestCase.java:106)

testCheckCompressedArchive(org.apache.commons.compress.archivers.DumpTestCase)  Time elapsed: 0.001 sec  <<< ERROR!
java.io.FileNotFoundException: couldn't find bla.z.dump
	at org.apache.commons.compress.AbstractTestCase.getFile(AbstractTestCase.java:73)
	at org.apache.commons.compress.archivers.DumpTestCase.testCheckCompressedArchive(DumpTestCase.java:111)

testCompressedArchiveDetection(org.apache.commons.compress.archivers.DumpTestCase)  Time elapsed: 0.001 sec  <<< ERROR!
java.io.FileNotFoundException: couldn't find bla.z.dump
	at org.apache.commons.compress.AbstractTestCase.getFile(AbstractTestCase.java:73)
	at org.apache.commons.compress.archivers.DumpTestCase.testCompressedArchiveDetection(DumpTestCase.java:89)

Running org.apache.commons.compress.ChainingTestCase
Tests run: 2, Failures: 0, Errors: 2, Skipped: 0, Time elapsed: 0.002 sec <<< FAILURE! - in org.apache.commons.compress.ChainingTestCase
testTarGzip(org.apache.commons.compress.ChainingTestCase)  Time elapsed: 0 sec  <<< ERROR!
java.io.FileNotFoundException: couldn't find bla.tgz
	at org.apache.commons.compress.AbstractTestCase.getFile(AbstractTestCase.java:73)
	at org.apache.commons.compress.ChainingTestCase.testTarGzip(ChainingTestCase.java:37)

testTarBzip2(org.apache.commons.compress.ChainingTestCase)  Time elapsed: 0.001 sec  <<< ERROR!
java.io.FileNotFoundException: couldn't find bla.tar.bz2
	at org.apache.commons.compress.AbstractTestCase.getFile(AbstractTestCase.java:73)
	at org.apache.commons.compress.ChainingTestCase.testTarBzip2(ChainingTestCase.java:47)

Running org.apache.commons.compress.DetectArchiverTestCase
Tests run: 7, Failures: 0, Errors: 4, Skipped: 0, Time elapsed: 0.006 sec <<< FAILURE! - in org.apache.commons.compress.DetectArchiverTestCase
testDetection(org.apache.commons.compress.DetectArchiverTestCase)  Time elapsed: 0 sec  <<< ERROR!
java.io.FileNotFoundException: couldn't find bla.ar
	at org.apache.commons.compress.AbstractTestCase.getFile(AbstractTestCase.java:73)
	at org.apache.commons.compress.DetectArchiverTestCase.getStreamFor(DetectArchiverTestCase.java:103)
	at org.apache.commons.compress.DetectArchiverTestCase.testDetection(DetectArchiverTestCase.java:68)

testDetectionNotArchive(org.apache.commons.compress.DetectArchiverTestCase)  Time elapsed: 0 sec  <<< ERROR!
java.io.FileNotFoundException: couldn't find test.txt
	at org.apache.commons.compress.AbstractTestCase.getFile(AbstractTestCase.java:73)
	at org.apache.commons.compress.DetectArchiverTestCase.getStreamFor(DetectArchiverTestCase.java:103)
	at org.apache.commons.compress.DetectArchiverTestCase.testDetectionNotArchive(DetectArchiverTestCase.java:44)

testCOMPRESS117(org.apache.commons.compress.DetectArchiverTestCase)  Time elapsed: 0 sec  <<< ERROR!
java.io.FileNotFoundException: couldn't find COMPRESS-117.tar
	at org.apache.commons.compress.AbstractTestCase.getFile(AbstractTestCase.java:73)
	at org.apache.commons.compress.DetectArchiverTestCase.getStreamFor(DetectArchiverTestCase.java:103)
	at org.apache.commons.compress.DetectArchiverTestCase.testCOMPRESS117(DetectArchiverTestCase.java:53)

testCOMPRESS335(org.apache.commons.compress.DetectArchiverTestCase)  Time elapsed: 0 sec  <<< ERROR!
java.io.FileNotFoundException: couldn't find COMPRESS-335.tar
	at org.apache.commons.compress.AbstractTestCase.getFile(AbstractTestCase.java:73)
	at org.apache.commons.compress.DetectArchiverTestCase.getStreamFor(DetectArchiverTestCase.java:103)
	at org.apache.commons.compress.DetectArchiverTestCase.testCOMPRESS335(DetectArchiverTestCase.java:60)

Running org.apache.commons.compress.compressors.pack200.Pack200UtilsTest
Tests run: 2, Failures: 0, Errors: 2, Skipped: 0, Time elapsed: 0.002 sec <<< FAILURE! - in org.apache.commons.compress.compressors.pack200.Pack200UtilsTest
testNormalizeInPlace(org.apache.commons.compress.compressors.pack200.Pack200UtilsTest)  Time elapsed: 0 sec  <<< ERROR!
java.io.FileNotFoundException: couldn't find bla.jar
	at org.apache.commons.compress.AbstractTestCase.getFile(AbstractTestCase.java:73)
	at org.apache.commons.compress.compressors.pack200.Pack200UtilsTest.testNormalizeInPlace(Pack200UtilsTest.java:75)

testNormalize(org.apache.commons.compress.compressors.pack200.Pack200UtilsTest)  Time elapsed: 0.002 sec  <<< ERROR!
java.io.FileNotFoundException: couldn't find bla.jar
	at org.apache.commons.compress.AbstractTestCase.getFile(AbstractTestCase.java:73)
	at org.apache.commons.compress.compressors.pack200.Pack200UtilsTest.testNormalize(Pack200UtilsTest.java:38)

Running org.apache.commons.compress.compressors.ZTestCase
Tests run: 4, Failures: 0, Errors: 3, Skipped: 0, Time elapsed: 0.003 sec <<< FAILURE! - in org.apache.commons.compress.compressors.ZTestCase
testZUnarchiveViaFactory(org.apache.commons.compress.compressors.ZTestCase)  Time elapsed: 0.001 sec  <<< ERROR!
java.io.FileNotFoundException: couldn't find bla.tar.Z
	at org.apache.commons.compress.AbstractTestCase.getFile(AbstractTestCase.java:73)
	at org.apache.commons.compress.compressors.ZTestCase.testUnarchive(ZTestCase.java:79)
	at org.apache.commons.compress.compressors.ZTestCase.testZUnarchiveViaFactory(ZTestCase.java:48)

testZUnarchive(org.apache.commons.compress.compressors.ZTestCase)  Time elapsed: 0.001 sec  <<< ERROR!
java.io.FileNotFoundException: couldn't find bla.tar.Z
	at org.apache.commons.compress.AbstractTestCase.getFile(AbstractTestCase.java:73)
	at org.apache.commons.compress.compressors.ZTestCase.testUnarchive(ZTestCase.java:79)
	at org.apache.commons.compress.compressors.ZTestCase.testZUnarchive(ZTestCase.java:39)

testZUnarchiveViaAutoDetection(org.apache.commons.compress.compressors.ZTestCase)  Time elapsed: 0 sec  <<< ERROR!
java.io.FileNotFoundException: couldn't find bla.tar.Z
	at org.apache.commons.compress.AbstractTestCase.getFile(AbstractTestCase.java:73)
	at org.apache.commons.compress.compressors.ZTestCase.testUnarchive(ZTestCase.java:79)
	at org.apache.commons.compress.compressors.ZTestCase.testZUnarchiveViaAutoDetection(ZTestCase.java:58)

Running org.apache.commons.compress.compressors.LZMATestCase
Tests run: 2, Failures: 0, Errors: 2, Skipped: 0, Time elapsed: 0 sec <<< FAILURE! - in org.apache.commons.compress.compressors.LZMATestCase
testLZMAUnarchiveWithAutodetection(org.apache.commons.compress.compressors.LZMATestCase)  Time elapsed: 0 sec  <<< ERROR!
java.io.FileNotFoundException: couldn't find bla.tar.lzma
	at org.apache.commons.compress.AbstractTestCase.getFile(AbstractTestCase.java:73)
	at org.apache.commons.compress.compressors.LZMATestCase.testLZMAUnarchiveWithAutodetection(LZMATestCase.java:50)

testLZMAUnarchive(org.apache.commons.compress.compressors.LZMATestCase)  Time elapsed: 0 sec  <<< ERROR!
java.io.FileNotFoundException: couldn't find bla.tar.lzma
	at org.apache.commons.compress.AbstractTestCase.getFile(AbstractTestCase.java:73)
	at org.apache.commons.compress.compressors.LZMATestCase.testLZMAUnarchive(LZMATestCase.java:37)

Running org.apache.commons.compress.compressors.lzma.LZMAUtilsTestCase
Tests run: 7, Failures: 0, Errors: 0, Skipped: 0, Time elapsed: 0.002 sec - in org.apache.commons.compress.compressors.lzma.LZMAUtilsTestCase
Running org.apache.commons.compress.compressors.Pack200TestCase
Tests run: 11, Failures: 0, Errors: 10, Skipped: 0, Time elapsed: 0.075 sec <<< FAILURE! - in org.apache.commons.compress.compressors.Pack200TestCase
testInputStreamMethods(org.apache.commons.compress.compressors.Pack200TestCase)  Time elapsed: 0.001 sec  <<< ERROR!
java.io.FileNotFoundException: couldn't find bla.jar
	at org.apache.commons.compress.AbstractTestCase.getFile(AbstractTestCase.java:73)
	at org.apache.commons.compress.compressors.Pack200TestCase.testInputStreamMethods(Pack200TestCase.java:190)

testJarArchiveCreationTempFile(org.apache.commons.compress.compressors.Pack200TestCase)  Time elapsed: 0.002 sec  <<< ERROR!
java.io.FileNotFoundException: couldn't find test1.xml
	at org.apache.commons.compress.AbstractTestCase.getFile(AbstractTestCase.java:73)
	at org.apache.commons.compress.compressors.Pack200TestCase.jarArchiveCreation(Pack200TestCase.java:112)
	at org.apache.commons.compress.compressors.Pack200TestCase.testJarArchiveCreationTempFile(Pack200TestCase.java:106)

testJarUnarchiveAllInMemory(org.apache.commons.compress.compressors.Pack200TestCase)  Time elapsed: 0.001 sec  <<< ERROR!
java.io.FileNotFoundException: couldn't find bla.pack
	at org.apache.commons.compress.AbstractTestCase.getFile(AbstractTestCase.java:73)
	at org.apache.commons.compress.compressors.Pack200TestCase.jarUnarchiveAll(Pack200TestCase.java:69)
	at org.apache.commons.compress.compressors.Pack200TestCase.testJarUnarchiveAllInMemory(Pack200TestCase.java:49)

testJarArchiveCreationInMemory(org.apache.commons.compress.compressors.Pack200TestCase)  Time elapsed: 0 sec  <<< ERROR!
java.io.FileNotFoundException: couldn't find test1.xml
	at org.apache.commons.compress.AbstractTestCase.getFile(AbstractTestCase.java:73)
	at org.apache.commons.compress.compressors.Pack200TestCase.jarArchiveCreation(Pack200TestCase.java:112)
	at org.apache.commons.compress.compressors.Pack200TestCase.testJarArchiveCreationInMemory(Pack200TestCase.java:101)

testJarUnarchiveAllFileArgInMemory(org.apache.commons.compress.compressors.Pack200TestCase)  Time elapsed: 0 sec  <<< ERROR!
java.io.FileNotFoundException: couldn't find bla.pack
	at org.apache.commons.compress.AbstractTestCase.getFile(AbstractTestCase.java:73)
	at org.apache.commons.compress.compressors.Pack200TestCase.jarUnarchiveAll(Pack200TestCase.java:69)
	at org.apache.commons.compress.compressors.Pack200TestCase.testJarUnarchiveAllFileArgInMemory(Pack200TestCase.java:54)

testBadSignature(org.apache.commons.compress.compressors.Pack200TestCase)  Time elapsed: 0 sec  <<< ERROR!
java.io.FileNotFoundException: couldn't find bla.jar
	at org.apache.commons.compress.AbstractTestCase.getFile(AbstractTestCase.java:73)
	at org.apache.commons.compress.compressors.Pack200TestCase.testBadSignature(Pack200TestCase.java:163)

testJarUnarchiveAllFileTempFile(org.apache.commons.compress.compressors.Pack200TestCase)  Time elapsed: 0 sec  <<< ERROR!
java.io.FileNotFoundException: couldn't find bla.pack
	at org.apache.commons.compress.AbstractTestCase.getFile(AbstractTestCase.java:73)
	at org.apache.commons.compress.compressors.Pack200TestCase.jarUnarchiveAll(Pack200TestCase.java:69)
	at org.apache.commons.compress.compressors.Pack200TestCase.testJarUnarchiveAllFileTempFile(Pack200TestCase.java:64)

testShortSignature(org.apache.commons.compress.compressors.Pack200TestCase)  Time elapsed: 0.001 sec  <<< ERROR!
java.io.FileNotFoundException: couldn't find bla.pack
	at org.apache.commons.compress.AbstractTestCase.getFile(AbstractTestCase.java:73)
	at org.apache.commons.compress.compressors.Pack200TestCase.testShortSignature(Pack200TestCase.java:175)

testGoodSignature(org.apache.commons.compress.compressors.Pack200TestCase)  Time elapsed: 0.004 sec  <<< ERROR!
java.io.FileNotFoundException: couldn't find bla.pack
	at org.apache.commons.compress.AbstractTestCase.getFile(AbstractTestCase.java:73)
	at org.apache.commons.compress.compressors.Pack200TestCase.testGoodSignature(Pack200TestCase.java:151)

testJarUnarchiveAllTempFile(org.apache.commons.compress.compressors.Pack200TestCase)  Time elapsed: 0.001 sec  <<< ERROR!
java.io.FileNotFoundException: couldn't find bla.pack
	at org.apache.commons.compress.AbstractTestCase.getFile(AbstractTestCase.java:73)
	at org.apache.commons.compress.compressors.Pack200TestCase.jarUnarchiveAll(Pack200TestCase.java:69)
	at org.apache.commons.compress.compressors.Pack200TestCase.testJarUnarchiveAllTempFile(Pack200TestCase.java:59)

Running org.apache.commons.compress.compressors.BZip2UtilsTestCase
Tests run: 3, Failures: 0, Errors: 0, Skipped: 0, Time elapsed: 0.002 sec - in org.apache.commons.compress.compressors.BZip2UtilsTestCase
Running org.apache.commons.compress.compressors.GZipTestCase
Tests run: 13, Failures: 0, Errors: 11, Skipped: 0, Time elapsed: 0.009 sec <<< FAILURE! - in org.apache.commons.compress.compressors.GZipTestCase
testInteroperabilityWithGzipCompressorInputStream(org.apache.commons.compress.compressors.GZipTestCase)  Time elapsed: 0.001 sec  <<< ERROR!
java.io.FileNotFoundException: couldn't find test3.xml
	at org.apache.commons.compress.AbstractTestCase.getFile(AbstractTestCase.java:73)
	at org.apache.commons.compress.compressors.GZipTestCase.testInteroperabilityWithGzipCompressorInputStream(GZipTestCase.java:166)

testInteroperabilityWithGZIPInputStream(org.apache.commons.compress.compressors.GZipTestCase)  Time elapsed: 0 sec  <<< ERROR!
java.io.FileNotFoundException: couldn't find test3.xml
	at org.apache.commons.compress.AbstractTestCase.getFile(AbstractTestCase.java:73)
	at org.apache.commons.compress.compressors.GZipTestCase.testInteroperabilityWithGZIPInputStream(GZipTestCase.java:195)

testMetadataRoundTrip(org.apache.commons.compress.compressors.GZipTestCase)  Time elapsed: 0.002 sec  <<< ERROR!
java.io.FileNotFoundException: couldn't find test3.xml
	at org.apache.commons.compress.AbstractTestCase.getFile(AbstractTestCase.java:73)
	at org.apache.commons.compress.compressors.GZipTestCase.testMetadataRoundTrip(GZipTestCase.java:299)

testGzipUnarchive(org.apache.commons.compress.compressors.GZipTestCase)  Time elapsed: 0.001 sec  <<< ERROR!
java.io.FileNotFoundException: couldn't find bla.tgz
	at org.apache.commons.compress.AbstractTestCase.getFile(AbstractTestCase.java:73)
	at org.apache.commons.compress.compressors.GZipTestCase.testGzipUnarchive(GZipTestCase.java:64)

testGzipCreation(org.apache.commons.compress.compressors.GZipTestCase)  Time elapsed: 0.001 sec  <<< ERROR!
java.io.FileNotFoundException: couldn't find test1.xml
	at org.apache.commons.compress.AbstractTestCase.getFile(AbstractTestCase.java:73)
	at org.apache.commons.compress.compressors.GZipTestCase.testGzipCreation(GZipTestCase.java:46)

testExtraFlagsFastestCompression(org.apache.commons.compress.compressors.GZipTestCase)  Time elapsed: 0 sec  <<< ERROR!
java.io.FileNotFoundException: couldn't find test3.xml
	at org.apache.commons.compress.AbstractTestCase.getFile(AbstractTestCase.java:73)
	at org.apache.commons.compress.compressors.GZipTestCase.testExtraFlags(GZipTestCase.java:241)
	at org.apache.commons.compress.compressors.GZipTestCase.testExtraFlagsFastestCompression(GZipTestCase.java:263)

testConcatenatedStreamsReadFirstOnly(org.apache.commons.compress.compressors.GZipTestCase)  Time elapsed: 0 sec  <<< ERROR!
java.io.FileNotFoundException: couldn't find multiple.gz
	at org.apache.commons.compress.AbstractTestCase.getFile(AbstractTestCase.java:73)
	at org.apache.commons.compress.compressors.GZipTestCase.testConcatenatedStreamsReadFirstOnly(GZipTestCase.java:87)

testConcatenatedStreamsReadFully(org.apache.commons.compress.compressors.GZipTestCase)  Time elapsed: 0.001 sec  <<< ERROR!
java.io.FileNotFoundException: couldn't find multiple.gz
	at org.apache.commons.compress.AbstractTestCase.getFile(AbstractTestCase.java:73)
	at org.apache.commons.compress.compressors.GZipTestCase.testConcatenatedStreamsReadFully(GZipTestCase.java:105)

testCorruptedInput(org.apache.commons.compress.compressors.GZipTestCase)  Time elapsed: 0 sec  <<< ERROR!
java.io.FileNotFoundException: couldn't find bla.tgz
	at org.apache.commons.compress.AbstractTestCase.getFile(AbstractTestCase.java:73)
	at org.apache.commons.compress.compressors.GZipTestCase.testCorruptedInput(GZipTestCase.java:132)

testExtraFlagsDefaultCompression(org.apache.commons.compress.compressors.GZipTestCase)  Time elapsed: 0.001 sec  <<< ERROR!
java.io.FileNotFoundException: couldn't find test3.xml
	at org.apache.commons.compress.AbstractTestCase.getFile(AbstractTestCase.java:73)
	at org.apache.commons.compress.compressors.GZipTestCase.testExtraFlags(GZipTestCase.java:241)
	at org.apache.commons.compress.compressors.GZipTestCase.testExtraFlagsDefaultCompression(GZipTestCase.java:273)

testExtraFlagsBestCompression(org.apache.commons.compress.compressors.GZipTestCase)  Time elapsed: 0 sec  <<< ERROR!
java.io.FileNotFoundException: couldn't find test3.xml
	at org.apache.commons.compress.AbstractTestCase.getFile(AbstractTestCase.java:73)
	at org.apache.commons.compress.compressors.GZipTestCase.testExtraFlags(GZipTestCase.java:241)
	at org.apache.commons.compress.compressors.GZipTestCase.testExtraFlagsBestCompression(GZipTestCase.java:268)

Running org.apache.commons.compress.compressors.GzipUtilsTestCase
Tests run: 3, Failures: 0, Errors: 0, Skipped: 0, Time elapsed: 0.001 sec - in org.apache.commons.compress.compressors.GzipUtilsTestCase
Running org.apache.commons.compress.compressors.deflate.DeflateParametersTest
Tests run: 3, Failures: 0, Errors: 0, Skipped: 0, Time elapsed: 0.001 sec - in org.apache.commons.compress.compressors.deflate.DeflateParametersTest
Running org.apache.commons.compress.compressors.deflate.DeflateCompressorInputStreamTest
Tests run: 4, Failures: 0, Errors: 4, Skipped: 0, Time elapsed: 0.006 sec <<< FAILURE! - in org.apache.commons.compress.compressors.deflate.DeflateCompressorInputStreamTest
singleByteReadWorksAsExpected(org.apache.commons.compress.compressors.deflate.DeflateCompressorInputStreamTest)  Time elapsed: 0 sec  <<< ERROR!
java.io.FileNotFoundException: couldn't find bla.tar.deflatez
	at org.apache.commons.compress.AbstractTestCase.getFile(AbstractTestCase.java:73)
	at org.apache.commons.compress.compressors.deflate.DeflateCompressorInputStreamTest.singleByteReadWorksAsExpected(DeflateCompressorInputStreamTest.java:63)

singleByteReadReturnsMinusOneAtEof(org.apache.commons.compress.compressors.deflate.DeflateCompressorInputStreamTest)  Time elapsed: 0 sec  <<< ERROR!
java.io.FileNotFoundException: couldn't find bla.tar.deflatez
	at org.apache.commons.compress.AbstractTestCase.getFile(AbstractTestCase.java:73)
	at org.apache.commons.compress.compressors.deflate.DeflateCompressorInputStreamTest.singleByteReadReturnsMinusOneAtEof(DeflateCompressorInputStreamTest.java:78)

availableShouldReturnNonZero(org.apache.commons.compress.compressors.deflate.DeflateCompressorInputStreamTest)  Time elapsed: 0 sec  <<< ERROR!
java.io.FileNotFoundException: couldn't find bla.tar.deflatez
	at org.apache.commons.compress.AbstractTestCase.getFile(AbstractTestCase.java:73)
	at org.apache.commons.compress.compressors.deflate.DeflateCompressorInputStreamTest.availableShouldReturnNonZero(DeflateCompressorInputStreamTest.java:35)

shouldBeAbleToSkipAByte(org.apache.commons.compress.compressors.deflate.DeflateCompressorInputStreamTest)  Time elapsed: 0 sec  <<< ERROR!
java.io.FileNotFoundException: couldn't find bla.tar.deflatez
	at org.apache.commons.compress.AbstractTestCase.getFile(AbstractTestCase.java:73)
	at org.apache.commons.compress.compressors.deflate.DeflateCompressorInputStreamTest.shouldBeAbleToSkipAByte(DeflateCompressorInputStreamTest.java:49)

Running org.apache.commons.compress.compressors.deflate.DeflateCompressorOutputStreamTest
Tests run: 1, Failures: 0, Errors: 0, Skipped: 0, Time elapsed: 0 sec - in org.apache.commons.compress.compressors.deflate.DeflateCompressorOutputStreamTest
Running org.apache.commons.compress.compressors.bzip2.BlockSortTest
Tests run: 7, Failures: 0, Errors: 0, Skipped: 0, Time elapsed: 0.007 sec - in org.apache.commons.compress.compressors.bzip2.BlockSortTest
Running org.apache.commons.compress.compressors.bzip2.PythonTruncatedBzip2Test
Attempt to read the whole thing in, should throw ...
Tests run: 2, Failures: 0, Errors: 0, Skipped: 0, Time elapsed: 0.015 sec - in org.apache.commons.compress.compressors.bzip2.PythonTruncatedBzip2Test
Running org.apache.commons.compress.compressors.bzip2.BZip2CompressorInputStreamTest
Tests run: 2, Failures: 0, Errors: 0, Skipped: 0, Time elapsed: 0.601 sec - in org.apache.commons.compress.compressors.bzip2.BZip2CompressorInputStreamTest
Running org.apache.commons.compress.compressors.FramedSnappyTestCase
Tests run: 3, Failures: 0, Errors: 3, Skipped: 0, Time elapsed: 0.004 sec <<< FAILURE! - in org.apache.commons.compress.compressors.FramedSnappyTestCase
testDefaultExtractionViaFactoryAutodetection(org.apache.commons.compress.compressors.FramedSnappyTestCase)  Time elapsed: 0.001 sec  <<< ERROR!
java.io.FileNotFoundException: couldn't find bla.tar.sz
	at org.apache.commons.compress.AbstractTestCase.getFile(AbstractTestCase.java:73)
	at org.apache.commons.compress.compressors.FramedSnappyTestCase.testUnarchive(FramedSnappyTestCase.java:68)
	at org.apache.commons.compress.compressors.FramedSnappyTestCase.testDefaultExtractionViaFactoryAutodetection(FramedSnappyTestCase.java:60)

testDefaultExtraction(org.apache.commons.compress.compressors.FramedSnappyTestCase)  Time elapsed: 0.001 sec  <<< ERROR!
java.io.FileNotFoundException: couldn't find bla.tar.sz
	at org.apache.commons.compress.AbstractTestCase.getFile(AbstractTestCase.java:73)
	at org.apache.commons.compress.compressors.FramedSnappyTestCase.testUnarchive(FramedSnappyTestCase.java:68)
	at org.apache.commons.compress.compressors.FramedSnappyTestCase.testDefaultExtraction(FramedSnappyTestCase.java:40)

testDefaultExtractionViaFactory(org.apache.commons.compress.compressors.FramedSnappyTestCase)  Time elapsed: 0.001 sec  <<< ERROR!
java.io.FileNotFoundException: couldn't find bla.tar.sz
	at org.apache.commons.compress.AbstractTestCase.getFile(AbstractTestCase.java:73)
	at org.apache.commons.compress.compressors.FramedSnappyTestCase.testUnarchive(FramedSnappyTestCase.java:68)
	at org.apache.commons.compress.compressors.FramedSnappyTestCase.testDefaultExtractionViaFactory(FramedSnappyTestCase.java:49)

Running org.apache.commons.compress.compressors.XZTestCase
XZTestCase: HeapMax=1590165504 bytes 1516.5 MB
Tests run: 4, Failures: 0, Errors: 4, Skipped: 0, Time elapsed: 0.006 sec <<< FAILURE! - in org.apache.commons.compress.compressors.XZTestCase
testXZCreation(org.apache.commons.compress.compressors.XZTestCase)  Time elapsed: 0.003 sec  <<< ERROR!
java.io.FileNotFoundException: couldn't find test1.xml
	at org.apache.commons.compress.AbstractTestCase.getFile(AbstractTestCase.java:73)
	at org.apache.commons.compress.compressors.XZTestCase.testXZCreation(XZTestCase.java:41)

testConcatenatedStreamsReadFirstOnly(org.apache.commons.compress.compressors.XZTestCase)  Time elapsed: 0.001 sec  <<< ERROR!
java.io.FileNotFoundException: couldn't find multiple.xz
	at org.apache.commons.compress.AbstractTestCase.getFile(AbstractTestCase.java:73)
	at org.apache.commons.compress.compressors.XZTestCase.testConcatenatedStreamsReadFirstOnly(XZTestCase.java:82)

testConcatenatedStreamsReadFully(org.apache.commons.compress.compressors.XZTestCase)  Time elapsed: 0 sec  <<< ERROR!
java.io.FileNotFoundException: couldn't find multiple.xz
	at org.apache.commons.compress.AbstractTestCase.getFile(AbstractTestCase.java:73)
	at org.apache.commons.compress.compressors.XZTestCase.testConcatenatedStreamsReadFully(XZTestCase.java:100)

testXZUnarchive(org.apache.commons.compress.compressors.XZTestCase)  Time elapsed: 0 sec  <<< ERROR!
java.io.FileNotFoundException: couldn't find bla.tar.xz
	at org.apache.commons.compress.AbstractTestCase.getFile(AbstractTestCase.java:73)
	at org.apache.commons.compress.compressors.XZTestCase.testXZUnarchive(XZTestCase.java:59)

Running org.apache.commons.compress.compressors.snappy.FramedSnappyCompressorInputStreamTest
Tests run: 6, Failures: 0, Errors: 4, Skipped: 0, Time elapsed: 0.007 sec <<< FAILURE! - in org.apache.commons.compress.compressors.snappy.FramedSnappyCompressorInputStreamTest
testRemainingChunkTypes(org.apache.commons.compress.compressors.snappy.FramedSnappyCompressorInputStreamTest)  Time elapsed: 0.001 sec  <<< ERROR!
java.io.FileNotFoundException: couldn't find mixed.txt.sz
	at org.apache.commons.compress.AbstractTestCase.getFile(AbstractTestCase.java:73)
	at org.apache.commons.compress.compressors.snappy.FramedSnappyCompressorInputStreamTest.testRemainingChunkTypes(FramedSnappyCompressorInputStreamTest.java:109)

testAvailable(org.apache.commons.compress.compressors.snappy.FramedSnappyCompressorInputStreamTest)  Time elapsed: 0.001 sec  <<< ERROR!
java.io.FileNotFoundException: couldn't find mixed.txt.sz
	at org.apache.commons.compress.AbstractTestCase.getFile(AbstractTestCase.java:73)
	at org.apache.commons.compress.compressors.snappy.FramedSnappyCompressorInputStreamTest.testAvailable(FramedSnappyCompressorInputStreamTest.java:132)

testLoremIpsum(org.apache.commons.compress.compressors.snappy.FramedSnappyCompressorInputStreamTest)  Time elapsed: 0.001 sec  <<< ERROR!
java.io.FileNotFoundException: couldn't find lorem-ipsum.txt.sz
	at org.apache.commons.compress.AbstractTestCase.getFile(AbstractTestCase.java:73)
	at org.apache.commons.compress.compressors.snappy.FramedSnappyCompressorInputStreamTest.testLoremIpsum(FramedSnappyCompressorInputStreamTest.java:59)

testMatches(org.apache.commons.compress.compressors.snappy.FramedSnappyCompressorInputStreamTest)  Time elapsed: 0 sec  <<< ERROR!
java.io.FileNotFoundException: couldn't find bla.tar.sz
	at org.apache.commons.compress.AbstractTestCase.getFile(AbstractTestCase.java:73)
	at org.apache.commons.compress.compressors.snappy.FramedSnappyCompressorInputStreamTest.testMatches(FramedSnappyCompressorInputStreamTest.java:42)

Running org.apache.commons.compress.compressors.DetectCompressorTestCase
Tests run: 3, Failures: 0, Errors: 2, Skipped: 0, Time elapsed: 0.003 sec <<< FAILURE! - in org.apache.commons.compress.compressors.DetectCompressorTestCase
testDetection(org.apache.commons.compress.compressors.DetectCompressorTestCase)  Time elapsed: 0.001 sec  <<< ERROR!
java.io.FileNotFoundException: couldn't find bla.txt.bz2
	at org.apache.commons.compress.AbstractTestCase.getFile(AbstractTestCase.java:73)
	at org.apache.commons.compress.compressors.DetectCompressorTestCase.getStreamFor(DetectCompressorTestCase.java:167)
	at org.apache.commons.compress.compressors.DetectCompressorTestCase.testDetection(DetectCompressorTestCase.java:92)

testMutiples(org.apache.commons.compress.compressors.DetectCompressorTestCase)  Time elapsed: 0.001 sec  <<< ERROR!
java.io.FileNotFoundException: couldn't find multiple.bz2
	at org.apache.commons.compress.AbstractTestCase.getFile(AbstractTestCase.java:73)
	at org.apache.commons.compress.compressors.DetectCompressorTestCase.getStreamFor(DetectCompressorTestCase.java:174)
	at org.apache.commons.compress.compressors.DetectCompressorTestCase.testMutiples(DetectCompressorTestCase.java:153)

Running org.apache.commons.compress.compressors.DeflateTestCase
Tests run: 4, Failures: 0, Errors: 4, Skipped: 0, Time elapsed: 0.008 sec <<< FAILURE! - in org.apache.commons.compress.compressors.DeflateTestCase
testRawDeflateUnarchive(org.apache.commons.compress.compressors.DeflateTestCase)  Time elapsed: 0 sec  <<< ERROR!
java.io.FileNotFoundException: couldn't find bla.tar.deflate
	at org.apache.commons.compress.AbstractTestCase.getFile(AbstractTestCase.java:73)
	at org.apache.commons.compress.compressors.DeflateTestCase.testRawDeflateUnarchive(DeflateTestCase.java:118)

testRawDeflateCreation(org.apache.commons.compress.compressors.DeflateTestCase)  Time elapsed: 0.001 sec  <<< ERROR!
java.io.FileNotFoundException: couldn't find test1.xml
	at org.apache.commons.compress.AbstractTestCase.getFile(AbstractTestCase.java:73)
	at org.apache.commons.compress.compressors.DeflateTestCase.testRawDeflateCreation(DeflateTestCase.java:66)

testDeflateUnarchive(org.apache.commons.compress.compressors.DeflateTestCase)  Time elapsed: 0.001 sec  <<< ERROR!
java.io.FileNotFoundException: couldn't find bla.tar.deflatez
	at org.apache.commons.compress.AbstractTestCase.getFile(AbstractTestCase.java:73)
	at org.apache.commons.compress.compressors.DeflateTestCase.testDeflateUnarchive(DeflateTestCase.java:90)

testDeflateCreation(org.apache.commons.compress.compressors.DeflateTestCase)  Time elapsed: 0 sec  <<< ERROR!
java.io.FileNotFoundException: couldn't find test1.xml
	at org.apache.commons.compress.AbstractTestCase.getFile(AbstractTestCase.java:73)
	at org.apache.commons.compress.compressors.DeflateTestCase.testDeflateCreation(DeflateTestCase.java:43)

Running org.apache.commons.compress.compressors.xz.XZCompressorInputStreamTest
Tests run: 1, Failures: 0, Errors: 0, Skipped: 0, Time elapsed: 0.003 sec - in org.apache.commons.compress.compressors.xz.XZCompressorInputStreamTest
Running org.apache.commons.compress.compressors.xz.XZUtilsTestCase
Tests run: 7, Failures: 0, Errors: 0, Skipped: 0, Time elapsed: 0.003 sec - in org.apache.commons.compress.compressors.xz.XZUtilsTestCase
Running org.apache.commons.compress.compressors.BZip2TestCase
Tests run: 5, Failures: 0, Errors: 5, Skipped: 0, Time elapsed: 0.005 sec <<< FAILURE! - in org.apache.commons.compress.compressors.BZip2TestCase
testBzip2Unarchive(org.apache.commons.compress.compressors.BZip2TestCase)  Time elapsed: 0.001 sec  <<< ERROR!
java.io.FileNotFoundException: couldn't find bla.txt.bz2
	at org.apache.commons.compress.AbstractTestCase.getFile(AbstractTestCase.java:73)
	at org.apache.commons.compress.compressors.BZip2TestCase.testBzip2Unarchive(BZip2TestCase.java:67)

testBzipCreation(org.apache.commons.compress.compressors.BZip2TestCase)  Time elapsed: 0 sec  <<< ERROR!
java.io.FileNotFoundException: couldn't find test.txt
	at org.apache.commons.compress.AbstractTestCase.getFile(AbstractTestCase.java:73)
	at org.apache.commons.compress.compressors.BZip2TestCase.testBzipCreation(BZip2TestCase.java:39)

testConcatenatedStreamsReadFirstOnly(org.apache.commons.compress.compressors.BZip2TestCase)  Time elapsed: 0.002 sec  <<< ERROR!
java.io.FileNotFoundException: couldn't find multiple.bz2
	at org.apache.commons.compress.AbstractTestCase.getFile(AbstractTestCase.java:73)
	at org.apache.commons.compress.compressors.BZip2TestCase.testConcatenatedStreamsReadFirstOnly(BZip2TestCase.java:79)

testConcatenatedStreamsReadFully(org.apache.commons.compress.compressors.BZip2TestCase)  Time elapsed: 0 sec  <<< ERROR!
java.io.FileNotFoundException: couldn't find multiple.bz2
	at org.apache.commons.compress.AbstractTestCase.getFile(AbstractTestCase.java:73)
	at org.apache.commons.compress.compressors.BZip2TestCase.testConcatenatedStreamsReadFully(BZip2TestCase.java:97)

testCOMPRESS131(org.apache.commons.compress.compressors.BZip2TestCase)  Time elapsed: 0 sec  <<< ERROR!
java.io.FileNotFoundException: couldn't find COMPRESS-131.bz2
	at org.apache.commons.compress.AbstractTestCase.getFile(AbstractTestCase.java:73)
	at org.apache.commons.compress.compressors.BZip2TestCase.testCOMPRESS131(BZip2TestCase.java:117)

Running org.apache.commons.compress.ArchiveUtilsTest
Tests run: 3, Failures: 0, Errors: 0, Skipped: 0, Time elapsed: 0.002 sec - in org.apache.commons.compress.ArchiveUtilsTest
Running org.apache.commons.compress.ArchiveReadTest
Tests run: 1, Failures: 0, Errors: 1, Skipped: 0, Time elapsed: 0.003 sec <<< FAILURE! - in org.apache.commons.compress.ArchiveReadTest
initializationError(org.apache.commons.compress.ArchiveReadTest)  Time elapsed: 0.002 sec  <<< ERROR!
java.lang.NoClassDefFoundError: Could not initialize class org.apache.commons.compress.ArchiveReadTest
	at sun.reflect.NativeMethodAccessorImpl.invoke0(Native Method)
	at sun.reflect.NativeMethodAccessorImpl.invoke(NativeMethodAccessorImpl.java:62)
	at sun.reflect.DelegatingMethodAccessorImpl.invoke(DelegatingMethodAccessorImpl.java:43)
	at java.lang.reflect.Method.invoke(Method.java:498)
	at org.junit.runners.model.FrameworkMethod$1.runReflectiveCall(FrameworkMethod.java:50)
	at org.junit.internal.runners.model.ReflectiveCallable.run(ReflectiveCallable.java:12)
	at org.junit.runners.model.FrameworkMethod.invokeExplosively(FrameworkMethod.java:47)
	at org.junit.runners.Parameterized.allParameters(Parameterized.java:280)
	at org.junit.runners.Parameterized.<init>(Parameterized.java:248)
	at sun.reflect.NativeConstructorAccessorImpl.newInstance0(Native Method)
	at sun.reflect.NativeConstructorAccessorImpl.newInstance(NativeConstructorAccessorImpl.java:62)
	at sun.reflect.DelegatingConstructorAccessorImpl.newInstance(DelegatingConstructorAccessorImpl.java:45)
	at java.lang.reflect.Constructor.newInstance(Constructor.java:423)
	at org.junit.internal.builders.AnnotatedBuilder.buildRunner(AnnotatedBuilder.java:104)
	at org.junit.internal.builders.AnnotatedBuilder.runnerForClass(AnnotatedBuilder.java:86)
	at org.junit.runners.model.RunnerBuilder.safeRunnerForClass(RunnerBuilder.java:59)
	at org.junit.internal.builders.AllDefaultPossibilitiesBuilder.runnerForClass(AllDefaultPossibilitiesBuilder.java:26)
	at org.junit.runners.model.RunnerBuilder.safeRunnerForClass(RunnerBuilder.java:59)
	at org.junit.internal.requests.ClassRequest.getRunner(ClassRequest.java:33)
	at org.apache.maven.surefire.junit4.JUnit4Provider.execute(JUnit4Provider.java:283)
	at org.apache.maven.surefire.junit4.JUnit4Provider.executeWithRerun(JUnit4Provider.java:173)
	at org.apache.maven.surefire.junit4.JUnit4Provider.executeTestSet(JUnit4Provider.java:153)
	at org.apache.maven.surefire.junit4.JUnit4Provider.invoke(JUnit4Provider.java:128)
	at org.apache.maven.surefire.booter.ForkedBooter.invokeProviderInSameClassLoader(ForkedBooter.java:203)
	at org.apache.maven.surefire.booter.ForkedBooter.runSuitesInProcess(ForkedBooter.java:155)
	at org.apache.maven.surefire.booter.ForkedBooter.main(ForkedBooter.java:103)

Running org.apache.commons.compress.utils.CountingStreamTest
Tests run: 2, Failures: 0, Errors: 0, Skipped: 0, Time elapsed: 0.002 sec - in org.apache.commons.compress.utils.CountingStreamTest
Running org.apache.commons.compress.utils.IOUtilsTest
Tests run: 3, Failures: 0, Errors: 0, Skipped: 0, Time elapsed: 0.007 sec - in org.apache.commons.compress.utils.IOUtilsTest
Running org.apache.commons.compress.utils.CharsetsTest
Tests run: 7, Failures: 0, Errors: 0, Skipped: 0, Time elapsed: 0.002 sec - in org.apache.commons.compress.utils.CharsetsTest
Running org.apache.commons.compress.utils.BitInputStreamTest
Tests run: 12, Failures: 0, Errors: 0, Skipped: 0, Time elapsed: 0.008 sec - in org.apache.commons.compress.utils.BitInputStreamTest
Running org.apache.commons.compress.IOMethodsTest
Tests run: 10, Failures: 0, Errors: 5, Skipped: 0, Time elapsed: 0.024 sec <<< FAILURE! - in org.apache.commons.compress.IOMethodsTest
testReadCpio(org.apache.commons.compress.IOMethodsTest)  Time elapsed: 0.006 sec  <<< ERROR!
java.io.FileNotFoundException: couldn't find test1.xml
	at org.apache.commons.compress.AbstractTestCase.getFile(AbstractTestCase.java:73)
	at org.apache.commons.compress.AbstractTestCase.createSingleEntryArchive(AbstractTestCase.java:267)
	at org.apache.commons.compress.IOMethodsTest.compareReads(IOMethodsTest.java:146)
	at org.apache.commons.compress.IOMethodsTest.testReadCpio(IOMethodsTest.java:93)

testReadJar(org.apache.commons.compress.IOMethodsTest)  Time elapsed: 0.001 sec  <<< ERROR!
java.io.FileNotFoundException: couldn't find test1.xml
	at org.apache.commons.compress.AbstractTestCase.getFile(AbstractTestCase.java:73)
	at org.apache.commons.compress.AbstractTestCase.createSingleEntryArchive(AbstractTestCase.java:267)
	at org.apache.commons.compress.IOMethodsTest.compareReads(IOMethodsTest.java:146)
	at org.apache.commons.compress.IOMethodsTest.testReadJar(IOMethodsTest.java:98)

testReadTar(org.apache.commons.compress.IOMethodsTest)  Time elapsed: 0.001 sec  <<< ERROR!
java.io.FileNotFoundException: couldn't find test1.xml
	at org.apache.commons.compress.AbstractTestCase.getFile(AbstractTestCase.java:73)
	at org.apache.commons.compress.AbstractTestCase.createSingleEntryArchive(AbstractTestCase.java:267)
	at org.apache.commons.compress.IOMethodsTest.compareReads(IOMethodsTest.java:146)
	at org.apache.commons.compress.IOMethodsTest.testReadTar(IOMethodsTest.java:103)

testReadZip(org.apache.commons.compress.IOMethodsTest)  Time elapsed: 0.001 sec  <<< ERROR!
java.io.FileNotFoundException: couldn't find test1.xml
	at org.apache.commons.compress.AbstractTestCase.getFile(AbstractTestCase.java:73)
	at org.apache.commons.compress.AbstractTestCase.createSingleEntryArchive(AbstractTestCase.java:267)
	at org.apache.commons.compress.IOMethodsTest.compareReads(IOMethodsTest.java:146)
	at org.apache.commons.compress.IOMethodsTest.testReadZip(IOMethodsTest.java:108)

testReadAr(org.apache.commons.compress.IOMethodsTest)  Time elapsed: 0.002 sec  <<< ERROR!
java.io.FileNotFoundException: couldn't find test1.xml
	at org.apache.commons.compress.AbstractTestCase.getFile(AbstractTestCase.java:73)
	at org.apache.commons.compress.AbstractTestCase.createSingleEntryArchive(AbstractTestCase.java:267)
	at org.apache.commons.compress.IOMethodsTest.compareReads(IOMethodsTest.java:146)
	at org.apache.commons.compress.IOMethodsTest.testReadAr(IOMethodsTest.java:88)

Running org.apache.commons.compress.changes.ChangeSetTestCase
Tests run: 28, Failures: 0, Errors: 26, Skipped: 0, Time elapsed: 0.049 sec <<< FAILURE! - in org.apache.commons.compress.changes.ChangeSetTestCase
testDeleteFile2(org.apache.commons.compress.changes.ChangeSetTestCase)  Time elapsed: 0.002 sec  <<< ERROR!
java.io.FileNotFoundException: couldn't find test1.xml
	at org.apache.commons.compress.AbstractTestCase.getFile(AbstractTestCase.java:73)
	at org.apache.commons.compress.AbstractTestCase.createArchive(AbstractTestCase.java:179)
	at org.apache.commons.compress.changes.ChangeSetTestCase.testDeleteFile2(ChangeSetTestCase.java:323)

testAddDeleteToOneFileArchive(org.apache.commons.compress.changes.ChangeSetTestCase)  Time elapsed: 0.002 sec  <<< ERROR!
java.io.FileNotFoundException: couldn't find test1.xml
	at org.apache.commons.compress.AbstractTestCase.getFile(AbstractTestCase.java:73)
	at org.apache.commons.compress.AbstractTestCase.createSingleEntryArchive(AbstractTestCase.java:267)
	at org.apache.commons.compress.changes.ChangeSetTestCase.testAddDeleteToOneFileArchive(ChangeSetTestCase.java:1163)

testDeleteFromAndAddToZipUsingZipFilePerform(org.apache.commons.compress.changes.ChangeSetTestCase)  Time elapsed: 0.001 sec  <<< ERROR!
java.io.FileNotFoundException: couldn't find test1.xml
	at org.apache.commons.compress.AbstractTestCase.getFile(AbstractTestCase.java:73)
	at org.apache.commons.compress.AbstractTestCase.createArchive(AbstractTestCase.java:179)
	at org.apache.commons.compress.changes.ChangeSetTestCase.testDeleteFromAndAddToZipUsingZipFilePerform(ChangeSetTestCase.java:597)

testAddToEmptyArchive(org.apache.commons.compress.changes.ChangeSetTestCase)  Time elapsed: 0.006 sec  <<< ERROR!
java.io.FileNotFoundException: couldn't find test.txt
	at org.apache.commons.compress.AbstractTestCase.getFile(AbstractTestCase.java:73)
	at org.apache.commons.compress.changes.ChangeSetTestCase.testAddToEmptyArchive(ChangeSetTestCase.java:1084)

testDeleteAddToOneFileArchive(org.apache.commons.compress.changes.ChangeSetTestCase)  Time elapsed: 0 sec  <<< ERROR!
java.io.FileNotFoundException: couldn't find test1.xml
	at org.apache.commons.compress.AbstractTestCase.getFile(AbstractTestCase.java:73)
	at org.apache.commons.compress.AbstractTestCase.createSingleEntryArchive(AbstractTestCase.java:267)
	at org.apache.commons.compress.changes.ChangeSetTestCase.testDeleteAddToOneFileArchive(ChangeSetTestCase.java:1114)

testAddAllreadyExistingWithReplaceFalse(org.apache.commons.compress.changes.ChangeSetTestCase)  Time elapsed: 0.001 sec  <<< ERROR!
java.io.FileNotFoundException: couldn't find test1.xml
	at org.apache.commons.compress.AbstractTestCase.getFile(AbstractTestCase.java:73)
	at org.apache.commons.compress.AbstractTestCase.createArchive(AbstractTestCase.java:179)
	at org.apache.commons.compress.changes.ChangeSetTestCase.testAddAllreadyExistingWithReplaceFalse(ChangeSetTestCase.java:1258)

testChangeSetResults(org.apache.commons.compress.changes.ChangeSetTestCase)  Time elapsed: 0.003 sec  <<< ERROR!
java.io.FileNotFoundException: couldn't find test1.xml
	at org.apache.commons.compress.AbstractTestCase.getFile(AbstractTestCase.java:73)
	at org.apache.commons.compress.AbstractTestCase.createArchive(AbstractTestCase.java:179)
	at org.apache.commons.compress.changes.ChangeSetTestCase.testChangeSetResults(ChangeSetTestCase.java:439)

testDeleteFromAndAddToAr(org.apache.commons.compress.changes.ChangeSetTestCase)  Time elapsed: 0.001 sec  <<< ERROR!
java.io.FileNotFoundException: couldn't find test.txt
	at org.apache.commons.compress.AbstractTestCase.getFile(AbstractTestCase.java:73)
	at org.apache.commons.compress.changes.ChangeSetTestCase.testDeleteFromAndAddToAr(ChangeSetTestCase.java:1002)

testDeleteFromAr(org.apache.commons.compress.changes.ChangeSetTestCase)  Time elapsed: 0 sec  <<< ERROR!
java.io.FileNotFoundException: couldn't find bla.ar
	at org.apache.commons.compress.AbstractTestCase.getFile(AbstractTestCase.java:73)
	at org.apache.commons.compress.changes.ChangeSetTestCase.testDeleteFromAr(ChangeSetTestCase.java:963)

testDeleteAddDelete(org.apache.commons.compress.changes.ChangeSetTestCase)  Time elapsed: 0.002 sec  <<< ERROR!
java.io.FileNotFoundException: couldn't find test1.xml
	at org.apache.commons.compress.AbstractTestCase.getFile(AbstractTestCase.java:73)
	at org.apache.commons.compress.AbstractTestCase.createArchive(AbstractTestCase.java:179)
	at org.apache.commons.compress.changes.ChangeSetTestCase.testDeleteAddDelete(ChangeSetTestCase.java:692)

testDeleteDir(org.apache.commons.compress.changes.ChangeSetTestCase)  Time elapsed: 0.001 sec  <<< ERROR!
java.io.FileNotFoundException: couldn't find test1.xml
	at org.apache.commons.compress.AbstractTestCase.getFile(AbstractTestCase.java:73)
	at org.apache.commons.compress.AbstractTestCase.createArchive(AbstractTestCase.java:179)
	at org.apache.commons.compress.changes.ChangeSetTestCase.testDeleteDir(ChangeSetTestCase.java:154)

testAddDeleteAdd(org.apache.commons.compress.changes.ChangeSetTestCase)  Time elapsed: 0.001 sec  <<< ERROR!
java.io.FileNotFoundException: couldn't find test1.xml
	at org.apache.commons.compress.AbstractTestCase.getFile(AbstractTestCase.java:73)
	at org.apache.commons.compress.AbstractTestCase.createArchive(AbstractTestCase.java:179)
	at org.apache.commons.compress.changes.ChangeSetTestCase.testAddDeleteAdd(ChangeSetTestCase.java:643)

testAddChangeTwiceWithoutReplace(org.apache.commons.compress.changes.ChangeSetTestCase)  Time elapsed: 0.001 sec  <<< ERROR!
java.io.FileNotFoundException: couldn't find test.txt
	at org.apache.commons.compress.AbstractTestCase.getFile(AbstractTestCase.java:73)
	at org.apache.commons.compress.changes.ChangeSetTestCase.testAddChangeTwiceWithoutReplace(ChangeSetTestCase.java:120)

testDeletePlusAddSame(org.apache.commons.compress.changes.ChangeSetTestCase)  Time elapsed: 0.001 sec  <<< ERROR!
java.io.FileNotFoundException: couldn't find test1.xml
	at org.apache.commons.compress.AbstractTestCase.getFile(AbstractTestCase.java:73)
	at org.apache.commons.compress.AbstractTestCase.createArchive(AbstractTestCase.java:179)
	at org.apache.commons.compress.changes.ChangeSetTestCase.testDeletePlusAddSame(ChangeSetTestCase.java:367)

testDeleteDir2(org.apache.commons.compress.changes.ChangeSetTestCase)  Time elapsed: 0.001 sec  <<< ERROR!
java.io.FileNotFoundException: couldn't find test1.xml
	at org.apache.commons.compress.AbstractTestCase.getFile(AbstractTestCase.java:73)
	at org.apache.commons.compress.AbstractTestCase.createArchive(AbstractTestCase.java:179)
	at org.apache.commons.compress.changes.ChangeSetTestCase.testDeleteDir2(ChangeSetTestCase.java:196)

testDeleteDir3(org.apache.commons.compress.changes.ChangeSetTestCase)  Time elapsed: 0.001 sec  <<< ERROR!
java.io.FileNotFoundException: couldn't find test1.xml
	at org.apache.commons.compress.AbstractTestCase.getFile(AbstractTestCase.java:73)
	at org.apache.commons.compress.AbstractTestCase.createArchive(AbstractTestCase.java:179)
	at org.apache.commons.compress.changes.ChangeSetTestCase.testDeleteDir3(ChangeSetTestCase.java:238)

testDeleteFile(org.apache.commons.compress.changes.ChangeSetTestCase)  Time elapsed: 0.001 sec  <<< ERROR!
java.io.FileNotFoundException: couldn't find test1.xml
	at org.apache.commons.compress.AbstractTestCase.getFile(AbstractTestCase.java:73)
	at org.apache.commons.compress.AbstractTestCase.createArchive(AbstractTestCase.java:179)
	at org.apache.commons.compress.changes.ChangeSetTestCase.testDeleteFile(ChangeSetTestCase.java:280)

testAddAllreadyExistingWithReplaceTrue(org.apache.commons.compress.changes.ChangeSetTestCase)  Time elapsed: 0.001 sec  <<< ERROR!
java.io.FileNotFoundException: couldn't find test1.xml
	at org.apache.commons.compress.AbstractTestCase.getFile(AbstractTestCase.java:73)
	at org.apache.commons.compress.AbstractTestCase.createArchive(AbstractTestCase.java:179)
	at org.apache.commons.compress.changes.ChangeSetTestCase.testAddAllreadyExistingWithReplaceTrue(ChangeSetTestCase.java:1213)

testDeleteFromJar(org.apache.commons.compress.changes.ChangeSetTestCase)  Time elapsed: 0.001 sec  <<< ERROR!
java.io.FileNotFoundException: couldn't find bla.jar
	at org.apache.commons.compress.AbstractTestCase.getFile(AbstractTestCase.java:73)
	at org.apache.commons.compress.changes.ChangeSetTestCase.testDeleteFromJar(ChangeSetTestCase.java:830)

testDeleteFromTar(org.apache.commons.compress.changes.ChangeSetTestCase)  Time elapsed: 0 sec  <<< ERROR!
java.io.FileNotFoundException: couldn't find bla.tar
	at org.apache.commons.compress.AbstractTestCase.getFile(AbstractTestCase.java:73)
	at org.apache.commons.compress.changes.ChangeSetTestCase.testDeleteFromTar(ChangeSetTestCase.java:789)

testDeleteFromZip(org.apache.commons.compress.changes.ChangeSetTestCase)  Time elapsed: 0.001 sec  <<< ERROR!
java.io.FileNotFoundException: couldn't find bla.zip
	at org.apache.commons.compress.AbstractTestCase.getFile(AbstractTestCase.java:73)
	at org.apache.commons.compress.changes.ChangeSetTestCase.testDeleteFromZip(ChangeSetTestCase.java:748)

testDeletePlusAdd(org.apache.commons.compress.changes.ChangeSetTestCase)  Time elapsed: 0.001 sec  <<< ERROR!
java.io.FileNotFoundException: couldn't find test1.xml
	at org.apache.commons.compress.AbstractTestCase.getFile(AbstractTestCase.java:73)
	at org.apache.commons.compress.AbstractTestCase.createArchive(AbstractTestCase.java:179)
	at org.apache.commons.compress.changes.ChangeSetTestCase.testDeletePlusAdd(ChangeSetTestCase.java:503)

testDeleteFromAndAddToJar(org.apache.commons.compress.changes.ChangeSetTestCase)  Time elapsed: 0 sec  <<< ERROR!
java.io.FileNotFoundException: couldn't find test.txt
	at org.apache.commons.compress.AbstractTestCase.getFile(AbstractTestCase.java:73)
	at org.apache.commons.compress.changes.ChangeSetTestCase.testDeleteFromAndAddToJar(ChangeSetTestCase.java:920)

testDeleteFromAndAddToTar(org.apache.commons.compress.changes.ChangeSetTestCase)  Time elapsed: 0.001 sec  <<< ERROR!
java.io.FileNotFoundException: couldn't find test.txt
	at org.apache.commons.compress.AbstractTestCase.getFile(AbstractTestCase.java:73)
	at org.apache.commons.compress.changes.ChangeSetTestCase.testDeleteFromAndAddToTar(ChangeSetTestCase.java:863)

testDeleteFromAndAddToZip(org.apache.commons.compress.changes.ChangeSetTestCase)  Time elapsed: 0.002 sec  <<< ERROR!
java.io.FileNotFoundException: couldn't find test1.xml
	at org.apache.commons.compress.AbstractTestCase.getFile(AbstractTestCase.java:73)
	at org.apache.commons.compress.AbstractTestCase.createArchive(AbstractTestCase.java:179)
	at org.apache.commons.compress.changes.ChangeSetTestCase.testDeleteFromAndAddToZip(ChangeSetTestCase.java:550)

testAddChangeTwice(org.apache.commons.compress.changes.ChangeSetTestCase)  Time elapsed: 0 sec  <<< ERROR!
java.io.FileNotFoundException: couldn't find test.txt
	at org.apache.commons.compress.AbstractTestCase.getFile(AbstractTestCase.java:73)
	at org.apache.commons.compress.changes.ChangeSetTestCase.testAddChangeTwice(ChangeSetTestCase.java:85)


Results :

Tests in error: 
  ArchiveReadTest.initializationError » NoClassDefFound Could not initialize cla...
  ChainingTestCase.testTarBzip2:47->AbstractTestCase.getFile:73 » FileNotFound c...
  ChainingTestCase.testTarGzip:37->AbstractTestCase.getFile:73 » FileNotFound co...
  DetectArchiverTestCase.testCOMPRESS117:53->getStreamFor:103->AbstractTestCase.getFile:73 » FileNotFound
  DetectArchiverTestCase.testCOMPRESS335:60->getStreamFor:103->AbstractTestCase.getFile:73 » FileNotFound
  DetectArchiverTestCase.testDetection:68->getStreamFor:103->AbstractTestCase.getFile:73 » FileNotFound
  DetectArchiverTestCase.testDetectionNotArchive:44->getStreamFor:103->AbstractTestCase.getFile:73 » FileNotFound
  IOMethodsTest.testReadAr:88->compareReads:146->AbstractTestCase.createSingleEntryArchive:267->AbstractTestCase.getFile:73 » FileNotFound
  IOMethodsTest.testReadCpio:93->compareReads:146->AbstractTestCase.createSingleEntryArchive:267->AbstractTestCase.getFile:73 » FileNotFound
  IOMethodsTest.testReadJar:98->compareReads:146->AbstractTestCase.createSingleEntryArchive:267->AbstractTestCase.getFile:73 » FileNotFound
  IOMethodsTest.testReadTar:103->compareReads:146->AbstractTestCase.createSingleEntryArchive:267->AbstractTestCase.getFile:73 » FileNotFound
  IOMethodsTest.testReadZip:108->compareReads:146->AbstractTestCase.createSingleEntryArchive:267->AbstractTestCase.getFile:73 » FileNotFound
  ArTestCase.testArArchiveCreation:45->AbstractTestCase.getFile:73 » FileNotFound
  ArTestCase.testArDelete:101->AbstractTestCase.getFile:73 » FileNotFound couldn...
  ArTestCase.testArUnarchive:65->AbstractTestCase.getFile:73 » FileNotFound coul...
  ArchiveOutputStreamTest.testCallSequenceAr:114->doCallSequence:139->AbstractTestCase.getFile:73 » FileNotFound
  ArchiveOutputStreamTest.testCallSequenceCpio:119->doCallSequence:139->AbstractTestCase.getFile:73 » FileNotFound
  ArchiveOutputStreamTest.testCallSequenceJar:124->doCallSequence:139->AbstractTestCase.getFile:73 » FileNotFound
  ArchiveOutputStreamTest.testCallSequenceTar:129->doCallSequence:139->AbstractTestCase.getFile:73 » FileNotFound
  ArchiveOutputStreamTest.testCallSequenceZip:134->doCallSequence:139->AbstractTestCase.getFile:73 » FileNotFound
  ArchiveStreamFactoryTest.aiffFilesAreNoTARs:64 » FileNotFound src/test/resourc...
  ArchiveStreamFactoryTest.detectsAndThrowsFor7z:119 » FileNotFound src/test/res...
  ArchiveStreamFactoryTest.skipsPK00Prefix:142 » FileNotFound src/test/resources...
  ArchiveStreamFactoryTest.testCOMPRESS209:82 » FileNotFound src/test/resources/...
  ArchiveStreamFactoryTest.testEncodingInputStream:311->getInputStreamFor:397 » FileNotFound
  ArchiveStreamFactoryTest.testEncodingInputStreamAutodetect:294->getInputStreamFor:389 » FileNotFound
  CpioTestCase.testCpioArchiveCreation:45->AbstractTestCase.getFile:73 » FileNotFound
  CpioTestCase.testCpioUnarchive:65->AbstractTestCase.getFile:73 » FileNotFound ...
  DumpTestCase.testArchiveDetection:84->AbstractTestCase.getFile:73 » FileNotFound
  DumpTestCase.testCheckArchive:106->AbstractTestCase.getFile:73 » FileNotFound ...
  DumpTestCase.testCheckCompressedArchive:111->AbstractTestCase.getFile:73 » FileNotFound
  DumpTestCase.testCompressedArchiveDetection:89->AbstractTestCase.getFile:73 » FileNotFound
  DumpTestCase.testCompressedDumpUnarchiveAll:45->AbstractTestCase.getFile:73 » FileNotFound
  DumpTestCase.testDumpUnarchiveAll:40->AbstractTestCase.getFile:73 » FileNotFound
  JarTestCase.testJarArchiveCreation:38->AbstractTestCase.getFile:73 » FileNotFound
  JarTestCase.testJarUnarchive:59->AbstractTestCase.getFile:73 » FileNotFound co...
  JarTestCase.testJarUnarchiveAll:90->AbstractTestCase.getFile:73 » FileNotFound
  LongPathTest.initializationError » NoClassDefFound Could not initialize class ...
  LongSymLinkTest.initializationError » NoClassDefFound Could not initialize cla...
  SevenZTestCase.testSevenZArchiveCreationUsingBZIP2:47->testSevenZArchiveCreation:57->AbstractTestCase.getFile:73 » FileNotFound
  SevenZTestCase.testSevenZArchiveCreationUsingCopy:37->testSevenZArchiveCreation:57->AbstractTestCase.getFile:73 » FileNotFound
  SevenZTestCase.testSevenZArchiveCreationUsingDeflate:52->testSevenZArchiveCreation:57->AbstractTestCase.getFile:73 » FileNotFound
  SevenZTestCase.testSevenZArchiveCreationUsingLZMA2:42->testSevenZArchiveCreation:57->AbstractTestCase.getFile:73 » FileNotFound
  TarTestCase.testCOMPRESS114:127->AbstractTestCase.getFile:73 » FileNotFound co...
  TarTestCase.testCOMPRESS178:320->AbstractTestCase.getFile:73 » FileNotFound co...
  TarTestCase.testTarArchiveCreation:43->AbstractTestCase.getFile:73 » FileNotFound
  TarTestCase.testTarArchiveLongNameCreation:67->AbstractTestCase.getFile:73 » FileNotFound
  TarTestCase.testTarUnarchive:115->AbstractTestCase.getFile:73 » FileNotFound c...
  ZipTestCase.testListAllFilesWithNestedArchive:209->AbstractTestCase.getFile:73 » FileNotFound
  ZipTestCase.testSkipEntryWithUnsupportedCompressionMethod:181->AbstractTestCase.getFile:73 » FileNotFound
  ZipTestCase.testSkipsPK00Prefix:137->AbstractTestCase.getFile:73 » FileNotFound
  ZipTestCase.testSupportedCompressionMethod:162->AbstractTestCase.getFile:73 » FileNotFound
  ZipTestCase.testZipArchiveCreation:57->AbstractTestCase.getFile:73 » FileNotFound
  ZipTestCase.testZipUnarchive:120->AbstractTestCase.getFile:73 » FileNotFound c...
  ArArchiveInputStreamTest.testReadLongNamesBSD:40->checkLongNameEntry:44->AbstractTestCase.getFile:73 » FileNotFound
  ArArchiveInputStreamTest.testReadLongNamesGNU:35->checkLongNameEntry:44->AbstractTestCase.getFile:73 » FileNotFound
  ArjArchiveInputStreamTest.testArjUnarchive:41->AbstractTestCase.getFile:73 » FileNotFound
  ArjArchiveInputStreamTest.testReadingOfAttributesDosVersion:59->AbstractTestCase.getFile:73 » FileNotFound
  ArjArchiveInputStreamTest.testReadingOfAttributesUnixVersion:73->AbstractTestCase.getFile:73 » FileNotFound
  CpioArchiveInputStreamTest.testCpioUnarchive:38->AbstractTestCase.getFile:73 » FileNotFound
  CpioArchiveInputStreamTest.testCpioUnarchiveCreatedByRedlineRpm:56->AbstractTestCase.getFile:73 » FileNotFound
  CpioArchiveOutputStreamTest.testWriteOldBinary:36->AbstractTestCase.getFile:73 » FileNotFound
  DumpArchiveInputStreamTest.testConsumesArchiveCompletely:64 » Archive input bu...
  DumpArchiveInputStreamTest.testNotADumpArchive:34->AbstractTestCase.getFile:73 » FileNotFound
  DumpArchiveInputStreamTest.testNotADumpArchiveButBigEnough:48->AbstractTestCase.getFile:73 » FileNotFound
  SevenZFileTest.getEntriesOfUnarchiveTest:249->AbstractTestCase.getFile:73 » FileNotFound
  SevenZFileTest.test7zDecryptUnarchive:137->AbstractTestCase.getFile:73 » FileNotFound
  SevenZFileTest.test7zDeflateUnarchive:131->AbstractTestCase.getFile:73 » FileNotFound
  SevenZFileTest.test7zUnarchive:126->AbstractTestCase.getFile:73 » FileNotFound
  SevenZFileTest.testAllEmptyFilesArchive:106->AbstractTestCase.getFile:73 » FileNotFound
  SevenZFileTest.testCompressedHeaderWithNonDefaultDictionarySize:167->AbstractTestCase.getFile:73 » FileNotFound
  SevenZFileTest.testEncryptedArchiveRequiresPassword:149->AbstractTestCase.getFile:73 » FileNotFound
  SevenZFileTest.testHelloWorldHeaderCompressionOffCopy:116->checkHelloWorld:287->AbstractTestCase.getFile:73 » FileNotFound
  SevenZFileTest.testHelloWorldHeaderCompressionOffLZMA2:121->checkHelloWorld:287->AbstractTestCase.getFile:73 » FileNotFound
  SevenZFileTest.testRandomlySkippingEntries:47->AbstractTestCase.getFile:73 » FileNotFound
  SparseFilesTest.testOldGNU:33 » FileNotFound couldn't find oldgnu_sparse.tar
  SparseFilesTest.testPaxGNU:52 » FileNotFound couldn't find pax_gnu_sparse.tar
  TarArchiveInputStreamTest.datePriorToEpochInGNUFormat:128->datePriorToEpoch:140 » FileNotFound
  TarArchiveInputStreamTest.datePriorToEpochInPAXFormat:134->datePriorToEpoch:140 » FileNotFound
  TarArchiveInputStreamTest.readsArchiveCompletely_COMPRESS245:231 NullPointer
  TarArchiveInputStreamTest.shouldConsumeArchiveCompletely:201 » NullPointer
  TarArchiveInputStreamTest.shouldReadGNULongNameEntryWithWrongName:295 » NullPointer
  TarArchiveInputStreamTest.shouldThrowAnExceptionOnTruncatedEntries »  Unexpect...
  TarArchiveInputStreamTest.testCompress197:166 » NullPointer
  TarArchiveInputStreamTest.workaroundForBrokenTimeHeader:112 » FileNotFound cou...
  TarArchiveOutputStreamTest.testCount:56->AbstractTestCase.getFile:73 » FileNotFound
  TarArchiveOutputStreamTest.testPadsOutputToFullBlockLength:616->AbstractTestCase.getFile:73 » FileNotFound
  EncryptedArchiveTest.testReadPasswordEncryptedEntryViaStream:58 » FileNotFound
  EncryptedArchiveTest.testReadPasswordEncryptedEntryViaZipFile:35 » FileNotFound
  ExplodeSupportTest.testArchiveWithImplodeCompression4K2Trees:56->testArchiveWithImplodeCompression:38 » FileNotFound
  ExplodeSupportTest.testArchiveWithImplodeCompression8K3Trees:61->testArchiveWithImplodeCompression:38 » FileNotFound
  ExplodeSupportTest.testTikaTestArchive:66->testArchiveWithImplodeCompression:38 » FileNotFound
  ExplodeSupportTest.testTikaTestStream:99->testZipStreamWithImplodeCompression:70 » FileNotFound
  ExplodeSupportTest.testZipStreamWithImplodeCompression4K2Trees:89->testZipStreamWithImplodeCompression:70 » FileNotFound
  ExplodeSupportTest.testZipStreamWithImplodeCompression8K3Trees:94->testZipStreamWithImplodeCompression:70 » FileNotFound
  Maven221MultiVolumeTest.testRead7ZipMultiVolumeArchiveForFile:117 » FileNotFound
  Maven221MultiVolumeTest.testRead7ZipMultiVolumeArchiveForStream:72 » FileNotFound
  UTF8ZipFilesTest.testRawNameReadFromStream:230->AbstractTestCase.getFile:73 » FileNotFound
  UTF8ZipFilesTest.testRawNameReadFromZipFile:216->AbstractTestCase.getFile:73 » FileNotFound
  UTF8ZipFilesTest.testRead7ZipArchive:99->AbstractTestCase.getFile:73 » FileNotFound
  UTF8ZipFilesTest.testRead7ZipArchiveForStream:114->AbstractTestCase.getFile:73 » FileNotFound
  UTF8ZipFilesTest.testReadWinZipArchive:134->AbstractTestCase.getFile:73 » FileNotFound
  UTF8ZipFilesTest.testReadWinZipArchiveForStream:161->AbstractTestCase.getFile:73 » FileNotFound
  UTF8ZipFilesTest.testUtf8Interoperability:389->AbstractTestCase.getFile:73 » FileNotFound
  X5455_ExtendedTimestampTest.testSampleFile:110 » FileNotFound couldn't find CO...
  X7875_NewUnixTest.testSampleFile:49 » FileNotFound couldn't find COMPRESS-211_...
  ZipArchiveInputStreamTest.properUseOfInflater:64 » FileNotFound couldn't find ...
  ZipArchiveInputStreamTest.shouldConsumeArchiveCompletely:88 » IO Stream closed
  ZipArchiveInputStreamTest.shouldReadNestedZip:107 » FileNotFound couldn't find...
  ZipArchiveInputStreamTest.testReadingOfFirstStoredEntry:162 » FileNotFound cou...
  ZipArchiveInputStreamTest.testUnshrinkEntry:129 » FileNotFound couldn't find S...
  ZipArchiveInputStreamTest.testUnzipBZip2CompressedEntry:176 » FileNotFound cou...
  ZipArchiveInputStreamTest.winzipBackSlashWorkaround:44 » FileNotFound couldn't...
  ZipFileTest.testCDOrder:50->readOrderTest:310 » FileNotFound couldn't find ord...
  ZipFileTest.testDoubleClose:108->readOrderTest:310 » FileNotFound couldn't fin...
  ZipFileTest.testDuplicateEntry:224 » FileNotFound couldn't find COMPRESS-227.z...
  ZipFileTest.testExcessDataInZip64ExtraField:244 » FileNotFound couldn't find C...
  ZipFileTest.testPhysicalOrder:79->readOrderTest:310 » FileNotFound couldn't fi...
  ZipFileTest.testReadingOfFirstStoredEntry:280 » FileNotFound couldn't find COM...
  ZipFileTest.testSkipsPK00Prefix:173 » FileNotFound couldn't find COMPRESS-208....
  ZipFileTest.testUnixSymlinkSampleFile:201 » FileNotFound couldn't find COMPRES...
  ZipFileTest.testUnshrinking:254 » FileNotFound couldn't find SHRUNK.ZIP
  ZipFileTest.testUnzipBZip2CompressedEntry:290 » FileNotFound couldn't find bzi...
  ZipFileTest.testWinzipBackSlashWorkaround:160 » FileNotFound couldn't find tes...
  ChangeSetTestCase.testAddAllreadyExistingWithReplaceFalse:1258->AbstractTestCase.createArchive:179->AbstractTestCase.getFile:73 » FileNotFound
  ChangeSetTestCase.testAddAllreadyExistingWithReplaceTrue:1213->AbstractTestCase.createArchive:179->AbstractTestCase.getFile:73 » FileNotFound
  ChangeSetTestCase.testAddChangeTwice:85->AbstractTestCase.getFile:73 » FileNotFound
  ChangeSetTestCase.testAddChangeTwiceWithoutReplace:120->AbstractTestCase.getFile:73 » FileNotFound
  ChangeSetTestCase.testAddDeleteAdd:643->AbstractTestCase.createArchive:179->AbstractTestCase.getFile:73 » FileNotFound
  ChangeSetTestCase.testAddDeleteToOneFileArchive:1163->AbstractTestCase.createSingleEntryArchive:267->AbstractTestCase.getFile:73 » FileNotFound
  ChangeSetTestCase.testAddToEmptyArchive:1084->AbstractTestCase.getFile:73 » FileNotFound
  ChangeSetTestCase.testChangeSetResults:439->AbstractTestCase.createArchive:179->AbstractTestCase.getFile:73 » FileNotFound
  ChangeSetTestCase.testDeleteAddDelete:692->AbstractTestCase.createArchive:179->AbstractTestCase.getFile:73 » FileNotFound
  ChangeSetTestCase.testDeleteAddToOneFileArchive:1114->AbstractTestCase.createSingleEntryArchive:267->AbstractTestCase.getFile:73 » FileNotFound
  ChangeSetTestCase.testDeleteDir:154->AbstractTestCase.createArchive:179->AbstractTestCase.getFile:73 » FileNotFound
  ChangeSetTestCase.testDeleteDir2:196->AbstractTestCase.createArchive:179->AbstractTestCase.getFile:73 » FileNotFound
  ChangeSetTestCase.testDeleteDir3:238->AbstractTestCase.createArchive:179->AbstractTestCase.getFile:73 » FileNotFound
  ChangeSetTestCase.testDeleteFile:280->AbstractTestCase.createArchive:179->AbstractTestCase.getFile:73 » FileNotFound
  ChangeSetTestCase.testDeleteFile2:323->AbstractTestCase.createArchive:179->AbstractTestCase.getFile:73 » FileNotFound
  ChangeSetTestCase.testDeleteFromAndAddToAr:1002->AbstractTestCase.getFile:73 » FileNotFound
  ChangeSetTestCase.testDeleteFromAndAddToJar:920->AbstractTestCase.getFile:73 » FileNotFound
  ChangeSetTestCase.testDeleteFromAndAddToTar:863->AbstractTestCase.getFile:73 » FileNotFound
  ChangeSetTestCase.testDeleteFromAndAddToZip:550->AbstractTestCase.createArchive:179->AbstractTestCase.getFile:73 » FileNotFound
  ChangeSetTestCase.testDeleteFromAndAddToZipUsingZipFilePerform:597->AbstractTestCase.createArchive:179->AbstractTestCase.getFile:73 » FileNotFound
  ChangeSetTestCase.testDeleteFromAr:963->AbstractTestCase.getFile:73 » FileNotFound
  ChangeSetTestCase.testDeleteFromJar:830->AbstractTestCase.getFile:73 » FileNotFound
  ChangeSetTestCase.testDeleteFromTar:789->AbstractTestCase.getFile:73 » FileNotFound
  ChangeSetTestCase.testDeleteFromZip:748->AbstractTestCase.getFile:73 » FileNotFound
  ChangeSetTestCase.testDeletePlusAdd:503->AbstractTestCase.createArchive:179->AbstractTestCase.getFile:73 » FileNotFound
  ChangeSetTestCase.testDeletePlusAddSame:367->AbstractTestCase.createArchive:179->AbstractTestCase.getFile:73 » FileNotFound
  BZip2TestCase.testBzip2Unarchive:67->AbstractTestCase.getFile:73 » FileNotFound
  BZip2TestCase.testBzipCreation:39->AbstractTestCase.getFile:73 » FileNotFound ...
  BZip2TestCase.testCOMPRESS131:117->AbstractTestCase.getFile:73 » FileNotFound ...
  BZip2TestCase.testConcatenatedStreamsReadFirstOnly:79->AbstractTestCase.getFile:73 » FileNotFound
  BZip2TestCase.testConcatenatedStreamsReadFully:97->AbstractTestCase.getFile:73 » FileNotFound
  DeflateTestCase.testDeflateCreation:43->AbstractTestCase.getFile:73 » FileNotFound
  DeflateTestCase.testDeflateUnarchive:90->AbstractTestCase.getFile:73 » FileNotFound
  DeflateTestCase.testRawDeflateCreation:66->AbstractTestCase.getFile:73 » FileNotFound
  DeflateTestCase.testRawDeflateUnarchive:118->AbstractTestCase.getFile:73 » FileNotFound
  DetectCompressorTestCase.testDetection:92->getStreamFor:167 » FileNotFound cou...
  DetectCompressorTestCase.testMutiples:153->getStreamFor:174 » FileNotFound cou...
  FramedSnappyTestCase.testDefaultExtraction:40->testUnarchive:68->AbstractTestCase.getFile:73 » FileNotFound
  FramedSnappyTestCase.testDefaultExtractionViaFactory:49->testUnarchive:68->AbstractTestCase.getFile:73 » FileNotFound
  FramedSnappyTestCase.testDefaultExtractionViaFactoryAutodetection:60->testUnarchive:68->AbstractTestCase.getFile:73 » FileNotFound
  GZipTestCase.testConcatenatedStreamsReadFirstOnly:87->AbstractTestCase.getFile:73 » FileNotFound
  GZipTestCase.testConcatenatedStreamsReadFully:105->AbstractTestCase.getFile:73 » FileNotFound
  GZipTestCase.testCorruptedInput:132->AbstractTestCase.getFile:73 » FileNotFound
  GZipTestCase.testExtraFlagsBestCompression:268->testExtraFlags:241->AbstractTestCase.getFile:73 » FileNotFound
  GZipTestCase.testExtraFlagsDefaultCompression:273->testExtraFlags:241->AbstractTestCase.getFile:73 » FileNotFound
  GZipTestCase.testExtraFlagsFastestCompression:263->testExtraFlags:241->AbstractTestCase.getFile:73 » FileNotFound
  GZipTestCase.testGzipCreation:46->AbstractTestCase.getFile:73 » FileNotFound c...
  GZipTestCase.testGzipUnarchive:64->AbstractTestCase.getFile:73 » FileNotFound ...
  GZipTestCase.testInteroperabilityWithGZIPInputStream:195->AbstractTestCase.getFile:73 » FileNotFound
  GZipTestCase.testInteroperabilityWithGzipCompressorInputStream:166->AbstractTestCase.getFile:73 » FileNotFound
  GZipTestCase.testMetadataRoundTrip:299->AbstractTestCase.getFile:73 » FileNotFound
  LZMATestCase.testLZMAUnarchive:37->AbstractTestCase.getFile:73 » FileNotFound ...
  LZMATestCase.testLZMAUnarchiveWithAutodetection:50->AbstractTestCase.getFile:73 » FileNotFound
  Pack200TestCase.testBadSignature:163->AbstractTestCase.getFile:73 » FileNotFound
  Pack200TestCase.testGoodSignature:151->AbstractTestCase.getFile:73 » FileNotFound
  Pack200TestCase.testInputStreamMethods:190->AbstractTestCase.getFile:73 » FileNotFound
  Pack200TestCase.testJarArchiveCreationInMemory:101->jarArchiveCreation:112->AbstractTestCase.getFile:73 » FileNotFound
  Pack200TestCase.testJarArchiveCreationTempFile:106->jarArchiveCreation:112->AbstractTestCase.getFile:73 » FileNotFound
  Pack200TestCase.testJarUnarchiveAllFileArgInMemory:54->jarUnarchiveAll:69->AbstractTestCase.getFile:73 » FileNotFound
  Pack200TestCase.testJarUnarchiveAllFileTempFile:64->jarUnarchiveAll:69->AbstractTestCase.getFile:73 » FileNotFound
  Pack200TestCase.testJarUnarchiveAllInMemory:49->jarUnarchiveAll:69->AbstractTestCase.getFile:73 » FileNotFound
  Pack200TestCase.testJarUnarchiveAllTempFile:59->jarUnarchiveAll:69->AbstractTestCase.getFile:73 » FileNotFound
  Pack200TestCase.testShortSignature:175->AbstractTestCase.getFile:73 » FileNotFound
  XZTestCase.testConcatenatedStreamsReadFirstOnly:82->AbstractTestCase.getFile:73 » FileNotFound
  XZTestCase.testConcatenatedStreamsReadFully:100->AbstractTestCase.getFile:73 » FileNotFound
  XZTestCase.testXZCreation:41->AbstractTestCase.getFile:73 » FileNotFound could...
  XZTestCase.testXZUnarchive:59->AbstractTestCase.getFile:73 » FileNotFound coul...
  ZTestCase.testZUnarchive:39->testUnarchive:79->AbstractTestCase.getFile:73 » FileNotFound
  ZTestCase.testZUnarchiveViaAutoDetection:58->testUnarchive:79->AbstractTestCase.getFile:73 » FileNotFound
  ZTestCase.testZUnarchiveViaFactory:48->testUnarchive:79->AbstractTestCase.getFile:73 » FileNotFound
  DeflateCompressorInputStreamTest.availableShouldReturnNonZero:35 » FileNotFound
  DeflateCompressorInputStreamTest.shouldBeAbleToSkipAByte:49 » FileNotFound cou...
  DeflateCompressorInputStreamTest.singleByteReadReturnsMinusOneAtEof:78 » FileNotFound
  DeflateCompressorInputStreamTest.singleByteReadWorksAsExpected:63 » FileNotFound
  Pack200UtilsTest.testNormalize:38->AbstractTestCase.getFile:73 » FileNotFound ...
  Pack200UtilsTest.testNormalizeInPlace:75->AbstractTestCase.getFile:73 » FileNotFound
  FramedSnappyCompressorInputStreamTest.testAvailable:132->AbstractTestCase.getFile:73 » FileNotFound
  FramedSnappyCompressorInputStreamTest.testLoremIpsum:59->AbstractTestCase.getFile:73 » FileNotFound
  FramedSnappyCompressorInputStreamTest.testMatches:42->AbstractTestCase.getFile:73 » FileNotFound
  FramedSnappyCompressorInputStreamTest.testRemainingChunkTypes:109->AbstractTestCase.getFile:73 » FileNotFound

Tests run: 527, Failures: 0, Errors: 204, Skipped: 2

[INFO] ------------------------------------------------------------------------
[INFO] BUILD FAILURE
[INFO] ------------------------------------------------------------------------
[INFO] Total time: 14.268 s
[INFO] Finished at: 2017-09-21T12:22:49+02:00
[INFO] Final Memory: 27M/371M
[INFO] ------------------------------------------------------------------------
[ERROR] Failed to execute goal org.apache.maven.plugins:maven-surefire-plugin:2.18.1:test (default-test) on project commons-compress: There are test failures.
[ERROR] 
[ERROR] Please refer to /home/artefact/tests/Maven Test Sources/commons-compress-1.11-test-sources/target/surefire-reports for the individual test results.
[ERROR] -> [Help 1]
[ERROR] 
[ERROR] To see the full stack trace of the errors, re-run Maven with the -e switch.
[ERROR] Re-run Maven using the -X switch to enable full debug logging.
[ERROR] 
[ERROR] For more information about the errors and possible solutions, please read the following articles:
[ERROR] [Help 1] http://cwiki.apache.org/confluence/display/MAVEN/MojoFailureException
