[INFO] Scanning for projects...
[INFO]                                                                         
[INFO] ------------------------------------------------------------------------
[INFO] Building Commons Compress 1.5
[INFO] ------------------------------------------------------------------------
[INFO] 
[INFO] --- maven-antrun-plugin:1.7:run (javadoc.resources) @ commons-compress ---
[INFO] Executing tasks

main:
[INFO] Executed tasks
[INFO] 
[INFO] --- maven-remote-resources-plugin:1.4:process (default) @ commons-compress ---
[INFO] 
[INFO] --- buildnumber-maven-plugin:1.2:create (default) @ commons-compress ---
[INFO] Checking for local modifications: skipped.
[INFO] Updating project files from SCM: skipped.
[INFO] Executing: /bin/sh -c cd "/home/artefact/tests/Maven Test Sources/commons-compress-1.5-test-sources" && svn --non-interactive info
[INFO] Working directory: /home/artefact/tests/Maven Test Sources/commons-compress-1.5-test-sources
[INFO] Storing buildNumber: ?????? at timestamp: 1505989288222
[INFO] Executing: /bin/sh -c cd "/home/artefact/tests/Maven Test Sources/commons-compress-1.5-test-sources" && svn --non-interactive info
[INFO] Working directory: /home/artefact/tests/Maven Test Sources/commons-compress-1.5-test-sources
[INFO] Storing buildScmBranch: UNKNOWN_BRANCH
[INFO] 
[INFO] --- maven-resources-plugin:2.6:resources (default-resources) @ commons-compress ---
[INFO] Using 'iso-8859-1' encoding to copy filtered resources.
[INFO] skip non existing resourceDirectory /home/artefact/tests/Maven Test Sources/commons-compress-1.5-test-sources/src/main/resources
[INFO] Copying 0 resource to META-INF
[INFO] 
[INFO] --- maven-compiler-plugin:3.0:compile (default-compile) @ commons-compress ---
[INFO] Changes detected - recompiling the module!
[INFO] Compiling 103 source files to /home/artefact/tests/Maven Test Sources/commons-compress-1.5-test-sources/target/classes
[INFO] 
[INFO] --- maven-bundle-plugin:2.3.7:manifest (bundle-manifest) @ commons-compress ---
[INFO] 
[INFO] --- maven-resources-plugin:2.6:testResources (default-testResources) @ commons-compress ---
[INFO] Using 'iso-8859-1' encoding to copy filtered resources.
[INFO] skip non existing resourceDirectory /home/artefact/tests/Maven Test Sources/commons-compress-1.5-test-sources/src/test/resources
[INFO] Copying 0 resource to META-INF
[INFO] 
[INFO] --- maven-compiler-plugin:3.0:testCompile (default-testCompile) @ commons-compress ---
[INFO] Changes detected - recompiling the module!
[INFO] Compiling 66 source files to /home/artefact/tests/Maven Test Sources/commons-compress-1.5-test-sources/target/test-classes
[INFO] 
[INFO] --- maven-surefire-plugin:2.13:test (default-test) @ commons-compress ---
[INFO] Surefire report directory: /home/artefact/tests/Maven Test Sources/commons-compress-1.5-test-sources/target/surefire-reports
Downloading: https://repo.maven.apache.org/maven2/org/apache/maven/surefire/surefire-junit4/2.13/surefire-junit4-2.13.pom
3/3 KB   3/3 KB            Downloaded: https://repo.maven.apache.org/maven2/org/apache/maven/surefire/surefire-junit4/2.13/surefire-junit4-2.13.pom (3 KB at 2.1 KB/sec)
Downloading: https://repo.maven.apache.org/maven2/org/apache/maven/surefire/surefire-providers/2.13/surefire-providers-2.13.pom
3/3 KB   3/3 KB            Downloaded: https://repo.maven.apache.org/maven2/org/apache/maven/surefire/surefire-providers/2.13/surefire-providers-2.13.pom (3 KB at 7.4 KB/sec)
Downloading: https://repo.maven.apache.org/maven2/org/apache/maven/surefire/surefire-junit4/2.13/surefire-junit4-2.13.jar
3/78 KB   5/78 KB   8/78 KB   11/78 KB   13/78 KB   16/78 KB   19/78 KB   21/78 KB   24/78 KB   27/78 KB   29/78 KB   32/78 KB   36/78 KB   40/78 KB   44/78 KB   48/78 KB   52/78 KB   56/78 KB   60/78 KB   64/78 KB   68/78 KB   72/78 KB   76/78 KB   78/78 KB              Downloaded: https://repo.maven.apache.org/maven2/org/apache/maven/surefire/surefire-junit4/2.13/surefire-junit4-2.13.jar (78 KB at 117.6 KB/sec)

-------------------------------------------------------
 T E S T S
-------------------------------------------------------
Running org.apache.commons.compress.archivers.LongPathTest
Tests run: 1, Failures: 0, Errors: 1, Skipped: 0, Time elapsed: 0.029 sec <<< FAILURE!
initializationError(org.apache.commons.compress.archivers.LongPathTest)  Time elapsed: 0.011 sec  <<< ERROR!
java.io.FileNotFoundException: couldn't find longpath
	at org.apache.commons.compress.AbstractTestCase.getFile(AbstractTestCase.java:79)
	at org.apache.commons.compress.archivers.LongPathTest.suite(LongPathTest.java:62)

Running org.apache.commons.compress.archivers.ArchiveOutputStreamTest
Tests run: 7, Failures: 0, Errors: 5, Skipped: 0, Time elapsed: 0.059 sec <<< FAILURE!
testCallSequenceAr(org.apache.commons.compress.archivers.ArchiveOutputStreamTest)  Time elapsed: 0.003 sec  <<< ERROR!
java.io.FileNotFoundException: couldn't find test1.xml
	at org.apache.commons.compress.AbstractTestCase.getFile(AbstractTestCase.java:79)
	at org.apache.commons.compress.archivers.ArchiveOutputStreamTest.doCallSequence(ArchiveOutputStreamTest.java:139)
	at org.apache.commons.compress.archivers.ArchiveOutputStreamTest.testCallSequenceAr(ArchiveOutputStreamTest.java:118)

testCallSequenceCpio(org.apache.commons.compress.archivers.ArchiveOutputStreamTest)  Time elapsed: 0.001 sec  <<< ERROR!
java.io.FileNotFoundException: couldn't find test1.xml
	at org.apache.commons.compress.AbstractTestCase.getFile(AbstractTestCase.java:79)
	at org.apache.commons.compress.archivers.ArchiveOutputStreamTest.doCallSequence(ArchiveOutputStreamTest.java:139)
	at org.apache.commons.compress.archivers.ArchiveOutputStreamTest.testCallSequenceCpio(ArchiveOutputStreamTest.java:122)

testCallSequenceJar(org.apache.commons.compress.archivers.ArchiveOutputStreamTest)  Time elapsed: 0.001 sec  <<< ERROR!
java.io.FileNotFoundException: couldn't find test1.xml
	at org.apache.commons.compress.AbstractTestCase.getFile(AbstractTestCase.java:79)
	at org.apache.commons.compress.archivers.ArchiveOutputStreamTest.doCallSequence(ArchiveOutputStreamTest.java:139)
	at org.apache.commons.compress.archivers.ArchiveOutputStreamTest.testCallSequenceJar(ArchiveOutputStreamTest.java:126)

testCallSequenceTar(org.apache.commons.compress.archivers.ArchiveOutputStreamTest)  Time elapsed: 0.001 sec  <<< ERROR!
java.io.FileNotFoundException: couldn't find test1.xml
	at org.apache.commons.compress.AbstractTestCase.getFile(AbstractTestCase.java:79)
	at org.apache.commons.compress.archivers.ArchiveOutputStreamTest.doCallSequence(ArchiveOutputStreamTest.java:139)
	at org.apache.commons.compress.archivers.ArchiveOutputStreamTest.testCallSequenceTar(ArchiveOutputStreamTest.java:130)

testCallSequenceZip(org.apache.commons.compress.archivers.ArchiveOutputStreamTest)  Time elapsed: 0.001 sec  <<< ERROR!
java.io.FileNotFoundException: couldn't find test1.xml
	at org.apache.commons.compress.AbstractTestCase.getFile(AbstractTestCase.java:79)
	at org.apache.commons.compress.archivers.ArchiveOutputStreamTest.doCallSequence(ArchiveOutputStreamTest.java:139)
	at org.apache.commons.compress.archivers.ArchiveOutputStreamTest.testCallSequenceZip(ArchiveOutputStreamTest.java:134)

Running org.apache.commons.compress.archivers.jar.JarArchiveOutputStreamTest
Tests run: 1, Failures: 0, Errors: 0, Skipped: 0, Time elapsed: 0.021 sec
Running org.apache.commons.compress.archivers.zip.ZipFileTest
Tests run: 7, Failures: 0, Errors: 6, Skipped: 0, Time elapsed: 0.017 sec <<< FAILURE!
testWinzipBackSlashWorkaround(org.apache.commons.compress.archivers.zip.ZipFileTest)  Time elapsed: 0.005 sec  <<< ERROR!
java.io.FileNotFoundException: couldn't find test-winzip.zip
	at org.apache.commons.compress.AbstractTestCase.getFile(AbstractTestCase.java:79)
	at org.apache.commons.compress.archivers.zip.ZipFileTest.testWinzipBackSlashWorkaround(ZipFileTest.java:150)

testSkipsPK00Prefix(org.apache.commons.compress.archivers.zip.ZipFileTest)  Time elapsed: 0 sec  <<< ERROR!
java.io.FileNotFoundException: couldn't find COMPRESS-208.zip
	at org.apache.commons.compress.AbstractTestCase.getFile(AbstractTestCase.java:79)
	at org.apache.commons.compress.archivers.zip.ZipFileTest.testSkipsPK00Prefix(ZipFileTest.java:162)

testUnixSymlinkSampleFile(org.apache.commons.compress.archivers.zip.ZipFileTest)  Time elapsed: 0.001 sec  <<< ERROR!
java.io.FileNotFoundException: couldn't find COMPRESS-214_unix_symlinks.zip
	at org.apache.commons.compress.AbstractTestCase.getFile(AbstractTestCase.java:79)
	at org.apache.commons.compress.archivers.zip.ZipFileTest.testUnixSymlinkSampleFile(ZipFileTest.java:189)

testDoubleClose(org.apache.commons.compress.archivers.zip.ZipFileTest)  Time elapsed: 0.001 sec  <<< ERROR!
java.io.FileNotFoundException: couldn't find ordertest.zip
	at org.apache.commons.compress.AbstractTestCase.getFile(AbstractTestCase.java:79)
	at org.apache.commons.compress.archivers.zip.ZipFileTest.readOrderTest(ZipFileTest.java:218)
	at org.apache.commons.compress.archivers.zip.ZipFileTest.testDoubleClose(ZipFileTest.java:100)

testCDOrder(org.apache.commons.compress.archivers.zip.ZipFileTest)  Time elapsed: 0.001 sec  <<< ERROR!
java.io.FileNotFoundException: couldn't find ordertest.zip
	at org.apache.commons.compress.AbstractTestCase.getFile(AbstractTestCase.java:79)
	at org.apache.commons.compress.archivers.zip.ZipFileTest.readOrderTest(ZipFileTest.java:218)
	at org.apache.commons.compress.archivers.zip.ZipFileTest.testCDOrder(ZipFileTest.java:44)

testPhysicalOrder(org.apache.commons.compress.archivers.zip.ZipFileTest)  Time elapsed: 0.001 sec  <<< ERROR!
java.io.FileNotFoundException: couldn't find ordertest.zip
	at org.apache.commons.compress.AbstractTestCase.getFile(AbstractTestCase.java:79)
	at org.apache.commons.compress.archivers.zip.ZipFileTest.readOrderTest(ZipFileTest.java:218)
	at org.apache.commons.compress.archivers.zip.ZipFileTest.testPhysicalOrder(ZipFileTest.java:72)

Running org.apache.commons.compress.archivers.zip.ExtraFieldUtilsTest
Tests run: 5, Failures: 0, Errors: 0, Skipped: 0, Time elapsed: 0.003 sec
Running org.apache.commons.compress.archivers.zip.ZipUtilTest
Tests run: 8, Failures: 0, Errors: 0, Skipped: 0, Time elapsed: 0.005 sec
Running org.apache.commons.compress.archivers.zip.AsiExtraFieldTest
Tests run: 4, Failures: 0, Errors: 0, Skipped: 0, Time elapsed: 0.002 sec
Running org.apache.commons.compress.archivers.zip.Maven221MultiVolumeTest
Tests run: 2, Failures: 0, Errors: 2, Skipped: 0, Time elapsed: 0 sec <<< FAILURE!
testRead7ZipMultiVolumeArchiveForStream(org.apache.commons.compress.archivers.zip.Maven221MultiVolumeTest)  Time elapsed: 0 sec  <<< ERROR!
java.io.FileNotFoundException: couldn't find apache-maven-2.2.1.zip.001
	at org.apache.commons.compress.AbstractTestCase.getFile(AbstractTestCase.java:79)
	at org.apache.commons.compress.archivers.zip.Maven221MultiVolumeTest.testRead7ZipMultiVolumeArchiveForStream(Maven221MultiVolumeTest.java:71)

testRead7ZipMultiVolumeArchiveForFile(org.apache.commons.compress.archivers.zip.Maven221MultiVolumeTest)  Time elapsed: 0 sec  <<< ERROR!
java.io.FileNotFoundException: couldn't find apache-maven-2.2.1.zip.001
	at org.apache.commons.compress.AbstractTestCase.getFile(AbstractTestCase.java:79)
	at org.apache.commons.compress.archivers.zip.Maven221MultiVolumeTest.testRead7ZipMultiVolumeArchiveForFile(Maven221MultiVolumeTest.java:115)

Running org.apache.commons.compress.archivers.zip.TestZipEncodings
Tests run: 3, Failures: 0, Errors: 0, Skipped: 0, Time elapsed: 0.008 sec
Running org.apache.commons.compress.archivers.zip.Zip64ExtendedInformationExtraFieldTest
Tests run: 12, Failures: 0, Errors: 0, Skipped: 0, Time elapsed: 0.011 sec
Running org.apache.commons.compress.archivers.zip.ZipEightByteIntegerTest
Tests run: 6, Failures: 0, Errors: 0, Skipped: 0, Time elapsed: 0.002 sec
Running org.apache.commons.compress.archivers.zip.ZipArchiveEntryTest
Tests run: 7, Failures: 0, Errors: 0, Skipped: 0, Time elapsed: 0.005 sec
Running org.apache.commons.compress.archivers.zip.EncryptedArchiveTest
Tests run: 2, Failures: 0, Errors: 2, Skipped: 0, Time elapsed: 0.002 sec <<< FAILURE!
testReadPasswordEncryptedEntryViaZipFile(org.apache.commons.compress.archivers.zip.EncryptedArchiveTest)  Time elapsed: 0 sec  <<< ERROR!
java.io.FileNotFoundException: couldn't find password-encrypted.zip
	at org.apache.commons.compress.AbstractTestCase.getFile(AbstractTestCase.java:79)
	at org.apache.commons.compress.archivers.zip.EncryptedArchiveTest.testReadPasswordEncryptedEntryViaZipFile(EncryptedArchiveTest.java:33)

testReadPasswordEncryptedEntryViaStream(org.apache.commons.compress.archivers.zip.EncryptedArchiveTest)  Time elapsed: 0 sec  <<< ERROR!
java.io.FileNotFoundException: couldn't find password-encrypted.zip
	at org.apache.commons.compress.AbstractTestCase.getFile(AbstractTestCase.java:79)
	at org.apache.commons.compress.archivers.zip.EncryptedArchiveTest.testReadPasswordEncryptedEntryViaStream(EncryptedArchiveTest.java:55)

Running org.apache.commons.compress.archivers.zip.X5455_ExtendedTimestampTest
Tests run: 5, Failures: 0, Errors: 1, Skipped: 0, Time elapsed: 0.035 sec <<< FAILURE!
testSampleFile(org.apache.commons.compress.archivers.zip.X5455_ExtendedTimestampTest)  Time elapsed: 0.002 sec  <<< ERROR!
java.io.FileNotFoundException: couldn't find COMPRESS-210_unix_time_zip_test.zip
	at org.apache.commons.compress.AbstractTestCase.getFile(AbstractTestCase.java:79)
	at org.apache.commons.compress.archivers.zip.X5455_ExtendedTimestampTest.testSampleFile(X5455_ExtendedTimestampTest.java:89)

Running org.apache.commons.compress.archivers.zip.ZipLongTest
Tests run: 5, Failures: 0, Errors: 0, Skipped: 0, Time elapsed: 0.004 sec
Running org.apache.commons.compress.archivers.zip.ZipArchiveInputStreamTest
Tests run: 4, Failures: 0, Errors: 4, Skipped: 0, Time elapsed: 0.019 sec <<< FAILURE!
winzipBackSlashWorkaround(org.apache.commons.compress.archivers.zip.ZipArchiveInputStreamTest)  Time elapsed: 0.002 sec  <<< ERROR!
java.io.FileNotFoundException: couldn't find test-winzip.zip
	at org.apache.commons.compress.AbstractTestCase.getFile(AbstractTestCase.java:79)
	at org.apache.commons.compress.archivers.zip.ZipArchiveInputStreamTest.winzipBackSlashWorkaround(ZipArchiveInputStreamTest.java:48)

properUseOfInflater(org.apache.commons.compress.archivers.zip.ZipArchiveInputStreamTest)  Time elapsed: 0.009 sec  <<< ERROR!
java.io.FileNotFoundException: couldn't find COMPRESS-189.zip
	at org.apache.commons.compress.AbstractTestCase.getFile(AbstractTestCase.java:79)
	at org.apache.commons.compress.archivers.zip.ZipArchiveInputStreamTest.properUseOfInflater(ZipArchiveInputStreamTest.java:68)

shouldConsumeArchiveCompletely(org.apache.commons.compress.archivers.zip.ZipArchiveInputStreamTest)  Time elapsed: 0.001 sec  <<< ERROR!
java.io.IOException: Stream closed
	at java.io.PushbackInputStream.ensureOpen(PushbackInputStream.java:74)
	at java.io.PushbackInputStream.read(PushbackInputStream.java:166)
	at org.apache.commons.compress.archivers.zip.ZipArchiveInputStream.readFully(ZipArchiveInputStream.java:679)
	at org.apache.commons.compress.archivers.zip.ZipArchiveInputStream.readFirstLocalFileHeader(ZipArchiveInputStream.java:308)
	at org.apache.commons.compress.archivers.zip.ZipArchiveInputStream.getNextZipEntry(ZipArchiveInputStream.java:222)
	at org.apache.commons.compress.archivers.zip.ZipArchiveInputStreamTest.shouldConsumeArchiveCompletely(ZipArchiveInputStreamTest.java:92)

shouldReadNestedZip(org.apache.commons.compress.archivers.zip.ZipArchiveInputStreamTest)  Time elapsed: 0 sec  <<< ERROR!
java.io.FileNotFoundException: couldn't find COMPRESS-219.zip
	at org.apache.commons.compress.AbstractTestCase.getFile(AbstractTestCase.java:79)
	at org.apache.commons.compress.archivers.zip.ZipArchiveInputStreamTest.shouldReadNestedZip(ZipArchiveInputStreamTest.java:111)

Running org.apache.commons.compress.archivers.zip.GeneralPurposeBitTest
Tests run: 6, Failures: 0, Errors: 0, Skipped: 0, Time elapsed: 0.023 sec
Running org.apache.commons.compress.archivers.zip.X7875_NewUnixTest
Tests run: 5, Failures: 0, Errors: 1, Skipped: 0, Time elapsed: 0.004 sec <<< FAILURE!
testSampleFile(org.apache.commons.compress.archivers.zip.X7875_NewUnixTest)  Time elapsed: 0 sec  <<< ERROR!
java.io.FileNotFoundException: couldn't find COMPRESS-211_uid_gid_zip_test.zip
	at org.apache.commons.compress.AbstractTestCase.getFile(AbstractTestCase.java:79)
	at org.apache.commons.compress.archivers.zip.X7875_NewUnixTest.testSampleFile(X7875_NewUnixTest.java:48)

Running org.apache.commons.compress.archivers.zip.ZipShortTest
Tests run: 5, Failures: 0, Errors: 0, Skipped: 0, Time elapsed: 0.007 sec
Running org.apache.commons.compress.archivers.zip.UTF8ZipFilesTest
Tests run: 17, Failures: 0, Errors: 7, Skipped: 0, Time elapsed: 0.059 sec <<< FAILURE!
testRead7ZipArchive(org.apache.commons.compress.archivers.zip.UTF8ZipFilesTest)  Time elapsed: 0.001 sec  <<< ERROR!
java.io.FileNotFoundException: couldn't find utf8-7zip-test.zip
	at org.apache.commons.compress.AbstractTestCase.getFile(AbstractTestCase.java:79)
	at org.apache.commons.compress.archivers.zip.UTF8ZipFilesTest.testRead7ZipArchive(UTF8ZipFilesTest.java:87)

testRead7ZipArchiveForStream(org.apache.commons.compress.archivers.zip.UTF8ZipFilesTest)  Time elapsed: 0 sec  <<< ERROR!
java.io.FileNotFoundException: couldn't find utf8-7zip-test.zip
	at org.apache.commons.compress.AbstractTestCase.getFile(AbstractTestCase.java:79)
	at org.apache.commons.compress.archivers.zip.UTF8ZipFilesTest.testRead7ZipArchiveForStream(UTF8ZipFilesTest.java:101)

testReadWinZipArchive(org.apache.commons.compress.archivers.zip.UTF8ZipFilesTest)  Time elapsed: 0 sec  <<< ERROR!
java.io.FileNotFoundException: couldn't find utf8-winzip-test.zip
	at org.apache.commons.compress.AbstractTestCase.getFile(AbstractTestCase.java:79)
	at org.apache.commons.compress.archivers.zip.UTF8ZipFilesTest.testReadWinZipArchive(UTF8ZipFilesTest.java:120)

testReadWinZipArchiveForStream(org.apache.commons.compress.archivers.zip.UTF8ZipFilesTest)  Time elapsed: 0.001 sec  <<< ERROR!
java.io.FileNotFoundException: couldn't find utf8-winzip-test.zip
	at org.apache.commons.compress.AbstractTestCase.getFile(AbstractTestCase.java:79)
	at org.apache.commons.compress.archivers.zip.UTF8ZipFilesTest.testReadWinZipArchiveForStream(UTF8ZipFilesTest.java:146)

testRawNameReadFromZipFile(org.apache.commons.compress.archivers.zip.UTF8ZipFilesTest)  Time elapsed: 0.001 sec  <<< ERROR!
java.io.FileNotFoundException: couldn't find utf8-7zip-test.zip
	at org.apache.commons.compress.AbstractTestCase.getFile(AbstractTestCase.java:79)
	at org.apache.commons.compress.archivers.zip.UTF8ZipFilesTest.testRawNameReadFromZipFile(UTF8ZipFilesTest.java:198)

testRawNameReadFromStream(org.apache.commons.compress.archivers.zip.UTF8ZipFilesTest)  Time elapsed: 0.001 sec  <<< ERROR!
java.io.FileNotFoundException: couldn't find utf8-7zip-test.zip
	at org.apache.commons.compress.AbstractTestCase.getFile(AbstractTestCase.java:79)
	at org.apache.commons.compress.archivers.zip.UTF8ZipFilesTest.testRawNameReadFromStream(UTF8ZipFilesTest.java:211)

testUtf8Interoperability(org.apache.commons.compress.archivers.zip.UTF8ZipFilesTest)  Time elapsed: 0.001 sec  <<< ERROR!
java.io.FileNotFoundException: couldn't find utf8-7zip-test.zip
	at org.apache.commons.compress.AbstractTestCase.getFile(AbstractTestCase.java:79)
	at org.apache.commons.compress.archivers.zip.UTF8ZipFilesTest.testUtf8Interoperability(UTF8ZipFilesTest.java:369)

Running org.apache.commons.compress.archivers.CpioTestCase
Tests run: 6, Failures: 0, Errors: 2, Skipped: 0, Time elapsed: 0.013 sec <<< FAILURE!
testCpioArchiveCreation(org.apache.commons.compress.archivers.CpioTestCase)  Time elapsed: 0.001 sec  <<< ERROR!
java.io.FileNotFoundException: couldn't find test1.xml
	at org.apache.commons.compress.AbstractTestCase.getFile(AbstractTestCase.java:79)
	at org.apache.commons.compress.archivers.CpioTestCase.testCpioArchiveCreation(CpioTestCase.java:41)

testCpioUnarchive(org.apache.commons.compress.archivers.CpioTestCase)  Time elapsed: 0.001 sec  <<< ERROR!
java.io.FileNotFoundException: couldn't find test1.xml
	at org.apache.commons.compress.AbstractTestCase.getFile(AbstractTestCase.java:79)
	at org.apache.commons.compress.archivers.CpioTestCase.testCpioUnarchive(CpioTestCase.java:60)

Running org.apache.commons.compress.archivers.ar.ArArchiveOutputStreamTest
Tests run: 2, Failures: 0, Errors: 0, Skipped: 0, Time elapsed: 0.005 sec
Running org.apache.commons.compress.archivers.ar.ArArchiveInputStreamTest
Tests run: 2, Failures: 0, Errors: 2, Skipped: 0, Time elapsed: 0.003 sec <<< FAILURE!
testReadLongNamesGNU(org.apache.commons.compress.archivers.ar.ArArchiveInputStreamTest)  Time elapsed: 0.002 sec  <<< ERROR!
java.io.FileNotFoundException: couldn't find longfile_gnu.ar
	at org.apache.commons.compress.AbstractTestCase.getFile(AbstractTestCase.java:79)
	at org.apache.commons.compress.archivers.ar.ArArchiveInputStreamTest.checkLongNameEntry(ArArchiveInputStreamTest.java:39)
	at org.apache.commons.compress.archivers.ar.ArArchiveInputStreamTest.testReadLongNamesGNU(ArArchiveInputStreamTest.java:31)

testReadLongNamesBSD(org.apache.commons.compress.archivers.ar.ArArchiveInputStreamTest)  Time elapsed: 0.001 sec  <<< ERROR!
java.io.FileNotFoundException: couldn't find longfile_bsd.ar
	at org.apache.commons.compress.AbstractTestCase.getFile(AbstractTestCase.java:79)
	at org.apache.commons.compress.archivers.ar.ArArchiveInputStreamTest.checkLongNameEntry(ArArchiveInputStreamTest.java:39)
	at org.apache.commons.compress.archivers.ar.ArArchiveInputStreamTest.testReadLongNamesBSD(ArArchiveInputStreamTest.java:35)

Running org.apache.commons.compress.archivers.ArTestCase
Tests run: 5, Failures: 0, Errors: 3, Skipped: 0, Time elapsed: 0.007 sec <<< FAILURE!
testArArchiveCreation(org.apache.commons.compress.archivers.ArTestCase)  Time elapsed: 0 sec  <<< ERROR!
java.io.FileNotFoundException: couldn't find test1.xml
	at org.apache.commons.compress.AbstractTestCase.getFile(AbstractTestCase.java:79)
	at org.apache.commons.compress.archivers.ArTestCase.testArArchiveCreation(ArTestCase.java:40)

testArUnarchive(org.apache.commons.compress.archivers.ArTestCase)  Time elapsed: 0 sec  <<< ERROR!
java.io.FileNotFoundException: couldn't find test1.xml
	at org.apache.commons.compress.AbstractTestCase.getFile(AbstractTestCase.java:79)
	at org.apache.commons.compress.archivers.ArTestCase.testArUnarchive(ArTestCase.java:59)

testArDelete(org.apache.commons.compress.archivers.ArTestCase)  Time elapsed: 0.001 sec  <<< ERROR!
java.io.FileNotFoundException: couldn't find test1.xml
	at org.apache.commons.compress.AbstractTestCase.getFile(AbstractTestCase.java:79)
	at org.apache.commons.compress.archivers.ArTestCase.testArDelete(ArTestCase.java:94)

Running org.apache.commons.compress.archivers.memory.MemoryArchiveTestCase
Tests run: 1, Failures: 0, Errors: 0, Skipped: 0, Time elapsed: 0.002 sec
Running org.apache.commons.compress.archivers.JarTestCase
Tests run: 3, Failures: 0, Errors: 3, Skipped: 0, Time elapsed: 0.012 sec <<< FAILURE!
testJarArchiveCreation(org.apache.commons.compress.archivers.JarTestCase)  Time elapsed: 0.009 sec  <<< ERROR!
java.io.FileNotFoundException: couldn't find test1.xml
	at org.apache.commons.compress.AbstractTestCase.getFile(AbstractTestCase.java:79)
	at org.apache.commons.compress.archivers.JarTestCase.testJarArchiveCreation(JarTestCase.java:35)

testJarUnarchiveAll(org.apache.commons.compress.archivers.JarTestCase)  Time elapsed: 0.001 sec  <<< ERROR!
java.io.FileNotFoundException: couldn't find bla.jar
	at org.apache.commons.compress.AbstractTestCase.getFile(AbstractTestCase.java:79)
	at org.apache.commons.compress.archivers.JarTestCase.testJarUnarchiveAll(JarTestCase.java:85)

testJarUnarchive(org.apache.commons.compress.archivers.JarTestCase)  Time elapsed: 0.001 sec  <<< ERROR!
java.io.FileNotFoundException: couldn't find bla.jar
	at org.apache.commons.compress.AbstractTestCase.getFile(AbstractTestCase.java:79)
	at org.apache.commons.compress.archivers.JarTestCase.testJarUnarchive(JarTestCase.java:55)

Running org.apache.commons.compress.archivers.ArchiveStreamFactoryTest
Tests run: 4, Failures: 0, Errors: 3, Skipped: 0, Time elapsed: 0.008 sec <<< FAILURE!
aiffFilesAreNoTARs(org.apache.commons.compress.archivers.ArchiveStreamFactoryTest)  Time elapsed: 0.001 sec  <<< ERROR!
java.io.FileNotFoundException: src/test/resources/testAIFF.aif (No such file or directory)
	at java.io.FileInputStream.open0(Native Method)
	at java.io.FileInputStream.open(FileInputStream.java:195)
	at java.io.FileInputStream.<init>(FileInputStream.java:138)
	at java.io.FileInputStream.<init>(FileInputStream.java:93)
	at org.apache.commons.compress.archivers.ArchiveStreamFactoryTest.aiffFilesAreNoTARs(ArchiveStreamFactoryTest.java:55)

testCOMPRESS209(org.apache.commons.compress.archivers.ArchiveStreamFactoryTest)  Time elapsed: 0.001 sec  <<< ERROR!
java.io.FileNotFoundException: src/test/resources/testCompress209.doc (No such file or directory)
	at java.io.FileInputStream.open0(Native Method)
	at java.io.FileInputStream.open(FileInputStream.java:195)
	at java.io.FileInputStream.<init>(FileInputStream.java:138)
	at java.io.FileInputStream.<init>(FileInputStream.java:93)
	at org.apache.commons.compress.archivers.ArchiveStreamFactoryTest.testCOMPRESS209(ArchiveStreamFactoryTest.java:71)

skipsPK00Prefix(org.apache.commons.compress.archivers.ArchiveStreamFactoryTest)  Time elapsed: 0 sec  <<< ERROR!
java.io.FileNotFoundException: src/test/resources/COMPRESS-208.zip (No such file or directory)
	at java.io.FileInputStream.open0(Native Method)
	at java.io.FileInputStream.open(FileInputStream.java:195)
	at java.io.FileInputStream.<init>(FileInputStream.java:138)
	at java.io.FileInputStream.<init>(FileInputStream.java:93)
	at org.apache.commons.compress.archivers.ArchiveStreamFactoryTest.skipsPK00Prefix(ArchiveStreamFactoryTest.java:92)

Running org.apache.commons.compress.archivers.cpio.CpioArchiveInputStreamTest
Tests run: 1, Failures: 0, Errors: 1, Skipped: 0, Time elapsed: 0.003 sec <<< FAILURE!
testCpioUnarchive(org.apache.commons.compress.archivers.cpio.CpioArchiveInputStreamTest)  Time elapsed: 0.001 sec  <<< ERROR!
java.io.FileNotFoundException: couldn't find bla.cpio
	at org.apache.commons.compress.AbstractTestCase.getFile(AbstractTestCase.java:79)
	at org.apache.commons.compress.archivers.cpio.CpioArchiveInputStreamTest.testCpioUnarchive(CpioArchiveInputStreamTest.java:35)

Running org.apache.commons.compress.archivers.cpio.CpioUtilTest
Tests run: 4, Failures: 0, Errors: 0, Skipped: 0, Time elapsed: 0.005 sec
Running org.apache.commons.compress.archivers.cpio.CpioArchiveOutputStreamTest
Tests run: 1, Failures: 0, Errors: 1, Skipped: 0, Time elapsed: 0.001 sec <<< FAILURE!
testWriteOldBinary(org.apache.commons.compress.archivers.cpio.CpioArchiveOutputStreamTest)  Time elapsed: 0.001 sec  <<< ERROR!
java.io.FileNotFoundException: couldn't find test1.xml
	at org.apache.commons.compress.AbstractTestCase.getFile(AbstractTestCase.java:79)
	at org.apache.commons.compress.archivers.cpio.CpioArchiveOutputStreamTest.testWriteOldBinary(CpioArchiveOutputStreamTest.java:32)

Running org.apache.commons.compress.archivers.ZipTestCase
Tests run: 10, Failures: 0, Errors: 6, Skipped: 0, Time elapsed: 0.035 sec <<< FAILURE!
testSkipsPK00Prefix(org.apache.commons.compress.archivers.ZipTestCase)  Time elapsed: 0.002 sec  <<< ERROR!
java.io.FileNotFoundException: couldn't find COMPRESS-208.zip
	at org.apache.commons.compress.AbstractTestCase.getFile(AbstractTestCase.java:79)
	at org.apache.commons.compress.archivers.ZipTestCase.testSkipsPK00Prefix(ZipTestCase.java:124)

testZipArchiveCreation(org.apache.commons.compress.archivers.ZipTestCase)  Time elapsed: 0.006 sec  <<< ERROR!
java.io.FileNotFoundException: couldn't find test1.xml
	at org.apache.commons.compress.AbstractTestCase.getFile(AbstractTestCase.java:79)
	at org.apache.commons.compress.archivers.ZipTestCase.testZipArchiveCreation(ZipTestCase.java:46)

testZipUnarchive(org.apache.commons.compress.archivers.ZipTestCase)  Time elapsed: 0.001 sec  <<< ERROR!
java.io.FileNotFoundException: couldn't find bla.zip
	at org.apache.commons.compress.AbstractTestCase.getFile(AbstractTestCase.java:79)
	at org.apache.commons.compress.archivers.ZipTestCase.testZipUnarchive(ZipTestCase.java:108)

testSupportedCompressionMethod(org.apache.commons.compress.archivers.ZipTestCase)  Time elapsed: 0.001 sec  <<< ERROR!
java.io.FileNotFoundException: couldn't find bla.zip
	at org.apache.commons.compress.AbstractTestCase.getFile(AbstractTestCase.java:79)
	at org.apache.commons.compress.archivers.ZipTestCase.testSupportedCompressionMethod(ZipTestCase.java:142)

testSkipEntryWithUnsupportedCompressionMethod(org.apache.commons.compress.archivers.ZipTestCase)  Time elapsed: 0.001 sec  <<< ERROR!
java.io.FileNotFoundException: couldn't find moby.zip
	at org.apache.commons.compress.AbstractTestCase.getFile(AbstractTestCase.java:79)
	at org.apache.commons.compress.archivers.ZipTestCase.testSkipEntryWithUnsupportedCompressionMethod(ZipTestCase.java:162)

testListAllFilesWithNestedArchive(org.apache.commons.compress.archivers.ZipTestCase)  Time elapsed: 0.001 sec  <<< ERROR!
java.io.FileNotFoundException: couldn't find OSX_ArchiveWithNestedArchive.zip
	at org.apache.commons.compress.AbstractTestCase.getFile(AbstractTestCase.java:79)
	at org.apache.commons.compress.archivers.ZipTestCase.testListAllFilesWithNestedArchive(ZipTestCase.java:188)

Running org.apache.commons.compress.archivers.ExceptionMessageTest
Tests run: 4, Failures: 0, Errors: 0, Skipped: 0, Time elapsed: 0.002 sec
Running org.apache.commons.compress.archivers.TarTestCase
Tests run: 9, Failures: 0, Errors: 5, Skipped: 0, Time elapsed: 0.028 sec <<< FAILURE!
testTarArchiveCreation(org.apache.commons.compress.archivers.TarTestCase)  Time elapsed: 0.002 sec  <<< ERROR!
java.io.FileNotFoundException: couldn't find test1.xml
	at org.apache.commons.compress.AbstractTestCase.getFile(AbstractTestCase.java:79)
	at org.apache.commons.compress.archivers.TarTestCase.testTarArchiveCreation(TarTestCase.java:38)

testTarArchiveLongNameCreation(org.apache.commons.compress.archivers.TarTestCase)  Time elapsed: 0.001 sec  <<< ERROR!
java.io.FileNotFoundException: couldn't find test1.xml
	at org.apache.commons.compress.AbstractTestCase.getFile(AbstractTestCase.java:79)
	at org.apache.commons.compress.archivers.TarTestCase.testTarArchiveLongNameCreation(TarTestCase.java:61)

testTarUnarchive(org.apache.commons.compress.archivers.TarTestCase)  Time elapsed: 0 sec  <<< ERROR!
java.io.FileNotFoundException: couldn't find bla.tar
	at org.apache.commons.compress.AbstractTestCase.getFile(AbstractTestCase.java:79)
	at org.apache.commons.compress.archivers.TarTestCase.testTarUnarchive(TarTestCase.java:108)

testCOMPRESS114(org.apache.commons.compress.archivers.TarTestCase)  Time elapsed: 0.001 sec  <<< ERROR!
java.io.FileNotFoundException: couldn't find COMPRESS-114.tar
	at org.apache.commons.compress.AbstractTestCase.getFile(AbstractTestCase.java:79)
	at org.apache.commons.compress.archivers.TarTestCase.testCOMPRESS114(TarTestCase.java:119)

testCOMPRESS178(org.apache.commons.compress.archivers.TarTestCase)  Time elapsed: 0.002 sec  <<< ERROR!
java.io.FileNotFoundException: couldn't find COMPRESS-178.tar
	at org.apache.commons.compress.AbstractTestCase.getFile(AbstractTestCase.java:79)
	at org.apache.commons.compress.archivers.TarTestCase.testCOMPRESS178(TarTestCase.java:307)

Running org.apache.commons.compress.archivers.dump.DumpArchiveEntryTest
Tests run: 2, Failures: 0, Errors: 0, Skipped: 0, Time elapsed: 0.005 sec
Running org.apache.commons.compress.archivers.dump.DumpArchiveInputStreamTest
Tests run: 3, Failures: 0, Errors: 3, Skipped: 0, Time elapsed: 0.019 sec <<< FAILURE!
testConsumesArchiveCompletely(org.apache.commons.compress.archivers.dump.DumpArchiveInputStreamTest)  Time elapsed: 0.004 sec  <<< ERROR!
org.apache.commons.compress.archivers.ArchiveException: input buffer is closed
	at org.apache.commons.compress.archivers.dump.TapeInputStream.readBlock(TapeInputStream.java:258)
	at org.apache.commons.compress.archivers.dump.TapeInputStream.read(TapeInputStream.java:128)
	at org.apache.commons.compress.archivers.dump.TapeInputStream.readRecord(TapeInputStream.java:240)
	at org.apache.commons.compress.archivers.dump.DumpArchiveInputStream.<init>(DumpArchiveInputStream.java:79)
	at org.apache.commons.compress.archivers.dump.DumpArchiveInputStreamTest.testConsumesArchiveCompletely(DumpArchiveInputStreamTest.java:60)

testNotADumpArchiveButBigEnough(org.apache.commons.compress.archivers.dump.DumpArchiveInputStreamTest)  Time elapsed: 0.002 sec  <<< ERROR!
java.io.FileNotFoundException: couldn't find zip64support.tar.bz2
	at org.apache.commons.compress.AbstractTestCase.getFile(AbstractTestCase.java:79)
	at org.apache.commons.compress.archivers.dump.DumpArchiveInputStreamTest.testNotADumpArchiveButBigEnough(DumpArchiveInputStreamTest.java:45)

testNotADumpArchive(org.apache.commons.compress.archivers.dump.DumpArchiveInputStreamTest)  Time elapsed: 0.011 sec  <<< ERROR!
java.io.FileNotFoundException: couldn't find bla.zip
	at org.apache.commons.compress.AbstractTestCase.getFile(AbstractTestCase.java:79)
	at org.apache.commons.compress.archivers.dump.DumpArchiveInputStreamTest.testNotADumpArchive(DumpArchiveInputStreamTest.java:32)

Running org.apache.commons.compress.archivers.dump.DumpArchiveUtilTest
Tests run: 3, Failures: 0, Errors: 0, Skipped: 0, Time elapsed: 0.005 sec
Running org.apache.commons.compress.archivers.tar.SparseFilesTest
Tests run: 1, Failures: 0, Errors: 1, Skipped: 0, Time elapsed: 0.005 sec <<< FAILURE!
testOldGNU(org.apache.commons.compress.archivers.tar.SparseFilesTest)  Time elapsed: 0.004 sec  <<< ERROR!
java.io.FileNotFoundException: couldn't find oldgnu_sparse.tar
	at org.apache.commons.compress.AbstractTestCase.getFile(AbstractTestCase.java:79)
	at org.apache.commons.compress.archivers.tar.SparseFilesTest.testOldGNU(SparseFilesTest.java:31)

Running org.apache.commons.compress.archivers.tar.TarUtilsTest
Tests run: 15, Failures: 0, Errors: 0, Skipped: 0, Time elapsed: 0.022 sec
Running org.apache.commons.compress.archivers.tar.TarArchiveOutputStreamTest
Tests run: 18, Failures: 0, Errors: 1, Skipped: 0, Time elapsed: 0.072 sec <<< FAILURE!
testCount(org.apache.commons.compress.archivers.tar.TarArchiveOutputStreamTest)  Time elapsed: 0.004 sec  <<< ERROR!
java.io.FileNotFoundException: couldn't find test1.xml
	at org.apache.commons.compress.AbstractTestCase.getFile(AbstractTestCase.java:79)
	at org.apache.commons.compress.archivers.tar.TarArchiveOutputStreamTest.testCount(TarArchiveOutputStreamTest.java:46)

Running org.apache.commons.compress.archivers.tar.TarArchiveInputStreamTest
Tests run: 9, Failures: 1, Errors: 4, Skipped: 0, Time elapsed: 0.016 sec <<< FAILURE!
shouldConsumeArchiveCompletely(org.apache.commons.compress.archivers.tar.TarArchiveInputStreamTest)  Time elapsed: 0 sec  <<< ERROR!
java.io.IOException: input buffer is closed
	at org.apache.commons.compress.archivers.tar.TarBuffer.readRecord(TarBuffer.java:190)
	at org.apache.commons.compress.archivers.tar.TarArchiveInputStream.getRecord(TarArchiveInputStream.java:312)
	at org.apache.commons.compress.archivers.tar.TarArchiveInputStream.getNextTarEntry(TarArchiveInputStream.java:234)
	at org.apache.commons.compress.archivers.tar.TarArchiveInputStreamTest.shouldConsumeArchiveCompletely(TarArchiveInputStreamTest.java:170)

workaroundForBrokenTimeHeader(org.apache.commons.compress.archivers.tar.TarArchiveInputStreamTest)  Time elapsed: 0.001 sec  <<< ERROR!
java.io.FileNotFoundException: couldn't find simple-aix-native-tar.tar
	at org.apache.commons.compress.AbstractTestCase.getFile(AbstractTestCase.java:79)
	at org.apache.commons.compress.archivers.tar.TarArchiveInputStreamTest.workaroundForBrokenTimeHeader(TarArchiveInputStreamTest.java:81)

datePriorToEpochInGNUFormat(org.apache.commons.compress.archivers.tar.TarArchiveInputStreamTest)  Time elapsed: 0 sec  <<< ERROR!
java.io.FileNotFoundException: couldn't find preepoch-star.tar
	at org.apache.commons.compress.AbstractTestCase.getFile(AbstractTestCase.java:79)
	at org.apache.commons.compress.archivers.tar.TarArchiveInputStreamTest.datePriorToEpoch(TarArchiveInputStreamTest.java:109)
	at org.apache.commons.compress.archivers.tar.TarArchiveInputStreamTest.datePriorToEpochInGNUFormat(TarArchiveInputStreamTest.java:97)

datePriorToEpochInPAXFormat(org.apache.commons.compress.archivers.tar.TarArchiveInputStreamTest)  Time elapsed: 0 sec  <<< ERROR!
java.io.FileNotFoundException: couldn't find preepoch-posix.tar
	at org.apache.commons.compress.AbstractTestCase.getFile(AbstractTestCase.java:79)
	at org.apache.commons.compress.archivers.tar.TarArchiveInputStreamTest.datePriorToEpoch(TarArchiveInputStreamTest.java:109)
	at org.apache.commons.compress.archivers.tar.TarArchiveInputStreamTest.datePriorToEpochInPAXFormat(TarArchiveInputStreamTest.java:103)

testCompress197(org.apache.commons.compress.archivers.tar.TarArchiveInputStreamTest)  Time elapsed: 0.001 sec  <<< FAILURE!
java.lang.AssertionError: COMPRESS-197: input buffer is closed
	at org.junit.Assert.fail(Assert.java:93)
	at org.apache.commons.compress.archivers.tar.TarArchiveInputStreamTest.testCompress197(TarArchiveInputStreamTest.java:133)

Running org.apache.commons.compress.archivers.tar.TarArchiveEntryTest
Tests run: 6, Failures: 0, Errors: 0, Skipped: 0, Time elapsed: 0.013 sec
Running org.apache.commons.compress.archivers.DumpTestCase
Tests run: 6, Failures: 0, Errors: 6, Skipped: 0, Time elapsed: 0.005 sec <<< FAILURE!
testDumpUnarchiveAll(org.apache.commons.compress.archivers.DumpTestCase)  Time elapsed: 0.001 sec  <<< ERROR!
java.io.FileNotFoundException: couldn't find bla.dump
	at org.apache.commons.compress.AbstractTestCase.getFile(AbstractTestCase.java:79)
	at org.apache.commons.compress.archivers.DumpTestCase.testDumpUnarchiveAll(DumpTestCase.java:36)

testCompressedDumpUnarchiveAll(org.apache.commons.compress.archivers.DumpTestCase)  Time elapsed: 0.001 sec  <<< ERROR!
java.io.FileNotFoundException: couldn't find bla.z.dump
	at org.apache.commons.compress.AbstractTestCase.getFile(AbstractTestCase.java:79)
	at org.apache.commons.compress.archivers.DumpTestCase.testCompressedDumpUnarchiveAll(DumpTestCase.java:40)

testArchiveDetection(org.apache.commons.compress.archivers.DumpTestCase)  Time elapsed: 0.001 sec  <<< ERROR!
java.io.FileNotFoundException: couldn't find bla.dump
	at org.apache.commons.compress.AbstractTestCase.getFile(AbstractTestCase.java:79)
	at org.apache.commons.compress.archivers.DumpTestCase.testArchiveDetection(DumpTestCase.java:78)

testCompressedArchiveDetection(org.apache.commons.compress.archivers.DumpTestCase)  Time elapsed: 0 sec  <<< ERROR!
java.io.FileNotFoundException: couldn't find bla.z.dump
	at org.apache.commons.compress.AbstractTestCase.getFile(AbstractTestCase.java:79)
	at org.apache.commons.compress.archivers.DumpTestCase.testCompressedArchiveDetection(DumpTestCase.java:82)

testCheckArchive(org.apache.commons.compress.archivers.DumpTestCase)  Time elapsed: 0.001 sec  <<< ERROR!
java.io.FileNotFoundException: couldn't find bla.dump
	at org.apache.commons.compress.AbstractTestCase.getFile(AbstractTestCase.java:79)
	at org.apache.commons.compress.archivers.DumpTestCase.testCheckArchive(DumpTestCase.java:98)

testCheckCompressedArchive(org.apache.commons.compress.archivers.DumpTestCase)  Time elapsed: 0.001 sec  <<< ERROR!
java.io.FileNotFoundException: couldn't find bla.z.dump
	at org.apache.commons.compress.AbstractTestCase.getFile(AbstractTestCase.java:79)
	at org.apache.commons.compress.archivers.DumpTestCase.testCheckCompressedArchive(DumpTestCase.java:102)

Running org.apache.commons.compress.ChainingTestCase
Tests run: 2, Failures: 0, Errors: 2, Skipped: 0, Time elapsed: 0.011 sec <<< FAILURE!
testTarGzip(org.apache.commons.compress.ChainingTestCase)  Time elapsed: 0.002 sec  <<< ERROR!
java.io.FileNotFoundException: couldn't find bla.tgz
	at org.apache.commons.compress.AbstractTestCase.getFile(AbstractTestCase.java:79)
	at org.apache.commons.compress.ChainingTestCase.testTarGzip(ChainingTestCase.java:33)

testTarBzip2(org.apache.commons.compress.ChainingTestCase)  Time elapsed: 0 sec  <<< ERROR!
java.io.FileNotFoundException: couldn't find bla.tar.bz2
	at org.apache.commons.compress.AbstractTestCase.getFile(AbstractTestCase.java:79)
	at org.apache.commons.compress.ChainingTestCase.testTarBzip2(ChainingTestCase.java:42)

Running org.apache.commons.compress.DetectArchiverTestCase
Tests run: 6, Failures: 0, Errors: 3, Skipped: 0, Time elapsed: 0.011 sec <<< FAILURE!
testDetectionNotArchive(org.apache.commons.compress.DetectArchiverTestCase)  Time elapsed: 0.001 sec  <<< ERROR!
java.io.FileNotFoundException: couldn't find test.txt
	at org.apache.commons.compress.AbstractTestCase.getFile(AbstractTestCase.java:79)
	at org.apache.commons.compress.DetectArchiverTestCase.getStreamFor(DetectArchiverTestCase.java:88)
	at org.apache.commons.compress.DetectArchiverTestCase.testDetectionNotArchive(DetectArchiverTestCase.java:42)

testCOMPRESS117(org.apache.commons.compress.DetectArchiverTestCase)  Time elapsed: 0.001 sec  <<< ERROR!
java.io.FileNotFoundException: couldn't find COMPRESS-117.tar
	at org.apache.commons.compress.AbstractTestCase.getFile(AbstractTestCase.java:79)
	at org.apache.commons.compress.DetectArchiverTestCase.getStreamFor(DetectArchiverTestCase.java:88)
	at org.apache.commons.compress.DetectArchiverTestCase.testCOMPRESS117(DetectArchiverTestCase.java:50)

testDetection(org.apache.commons.compress.DetectArchiverTestCase)  Time elapsed: 0.001 sec  <<< ERROR!
java.io.FileNotFoundException: couldn't find bla.ar
	at org.apache.commons.compress.AbstractTestCase.getFile(AbstractTestCase.java:79)
	at org.apache.commons.compress.DetectArchiverTestCase.getStreamFor(DetectArchiverTestCase.java:88)
	at org.apache.commons.compress.DetectArchiverTestCase.testDetection(DetectArchiverTestCase.java:57)

Running org.apache.commons.compress.compressors.pack200.Pack200UtilsTest
Tests run: 2, Failures: 0, Errors: 2, Skipped: 0, Time elapsed: 0.01 sec <<< FAILURE!
testNormalize(org.apache.commons.compress.compressors.pack200.Pack200UtilsTest)  Time elapsed: 0.001 sec  <<< ERROR!
java.io.FileNotFoundException: couldn't find bla.jar
	at org.apache.commons.compress.AbstractTestCase.getFile(AbstractTestCase.java:79)
	at org.apache.commons.compress.compressors.pack200.Pack200UtilsTest.testNormalize(Pack200UtilsTest.java:36)

testNormalizeInPlace(org.apache.commons.compress.compressors.pack200.Pack200UtilsTest)  Time elapsed: 0.001 sec  <<< ERROR!
java.io.FileNotFoundException: couldn't find bla.jar
	at org.apache.commons.compress.AbstractTestCase.getFile(AbstractTestCase.java:79)
	at org.apache.commons.compress.compressors.pack200.Pack200UtilsTest.testNormalizeInPlace(Pack200UtilsTest.java:72)

Running org.apache.commons.compress.compressors.Pack200TestCase
Tests run: 11, Failures: 0, Errors: 10, Skipped: 0, Time elapsed: 0.065 sec <<< FAILURE!
testJarUnarchiveAllFileArgInMemory(org.apache.commons.compress.compressors.Pack200TestCase)  Time elapsed: 0.003 sec  <<< ERROR!
java.io.FileNotFoundException: couldn't find bla.pack
	at org.apache.commons.compress.AbstractTestCase.getFile(AbstractTestCase.java:79)
	at org.apache.commons.compress.compressors.Pack200TestCase.jarUnarchiveAll(Pack200TestCase.java:62)
	at org.apache.commons.compress.compressors.Pack200TestCase.testJarUnarchiveAllFileArgInMemory(Pack200TestCase.java:49)

testJarUnarchiveAllTempFile(org.apache.commons.compress.compressors.Pack200TestCase)  Time elapsed: 0.001 sec  <<< ERROR!
java.io.FileNotFoundException: couldn't find bla.pack
	at org.apache.commons.compress.AbstractTestCase.getFile(AbstractTestCase.java:79)
	at org.apache.commons.compress.compressors.Pack200TestCase.jarUnarchiveAll(Pack200TestCase.java:62)
	at org.apache.commons.compress.compressors.Pack200TestCase.testJarUnarchiveAllTempFile(Pack200TestCase.java:53)

testJarUnarchiveAllFileTempFile(org.apache.commons.compress.compressors.Pack200TestCase)  Time elapsed: 0.001 sec  <<< ERROR!
java.io.FileNotFoundException: couldn't find bla.pack
	at org.apache.commons.compress.AbstractTestCase.getFile(AbstractTestCase.java:79)
	at org.apache.commons.compress.compressors.Pack200TestCase.jarUnarchiveAll(Pack200TestCase.java:62)
	at org.apache.commons.compress.compressors.Pack200TestCase.testJarUnarchiveAllFileTempFile(Pack200TestCase.java:57)

testJarUnarchiveAllInMemory(org.apache.commons.compress.compressors.Pack200TestCase)  Time elapsed: 0 sec  <<< ERROR!
java.io.FileNotFoundException: couldn't find bla.pack
	at org.apache.commons.compress.AbstractTestCase.getFile(AbstractTestCase.java:79)
	at org.apache.commons.compress.compressors.Pack200TestCase.jarUnarchiveAll(Pack200TestCase.java:62)
	at org.apache.commons.compress.compressors.Pack200TestCase.testJarUnarchiveAllInMemory(Pack200TestCase.java:45)

testJarArchiveCreationInMemory(org.apache.commons.compress.compressors.Pack200TestCase)  Time elapsed: 0.001 sec  <<< ERROR!
java.io.FileNotFoundException: couldn't find test1.xml
	at org.apache.commons.compress.AbstractTestCase.getFile(AbstractTestCase.java:79)
	at org.apache.commons.compress.compressors.Pack200TestCase.jarArchiveCreation(Pack200TestCase.java:103)
	at org.apache.commons.compress.compressors.Pack200TestCase.testJarArchiveCreationInMemory(Pack200TestCase.java:93)

testJarArchiveCreationTempFile(org.apache.commons.compress.compressors.Pack200TestCase)  Time elapsed: 0.002 sec  <<< ERROR!
java.io.FileNotFoundException: couldn't find test1.xml
	at org.apache.commons.compress.AbstractTestCase.getFile(AbstractTestCase.java:79)
	at org.apache.commons.compress.compressors.Pack200TestCase.jarArchiveCreation(Pack200TestCase.java:103)
	at org.apache.commons.compress.compressors.Pack200TestCase.testJarArchiveCreationTempFile(Pack200TestCase.java:97)

testGoodSignature(org.apache.commons.compress.compressors.Pack200TestCase)  Time elapsed: 0.001 sec  <<< ERROR!
java.io.FileNotFoundException: couldn't find bla.pack
	at org.apache.commons.compress.AbstractTestCase.getFile(AbstractTestCase.java:79)
	at org.apache.commons.compress.compressors.Pack200TestCase.testGoodSignature(Pack200TestCase.java:141)

testBadSignature(org.apache.commons.compress.compressors.Pack200TestCase)  Time elapsed: 0.001 sec  <<< ERROR!
java.io.FileNotFoundException: couldn't find bla.jar
	at org.apache.commons.compress.AbstractTestCase.getFile(AbstractTestCase.java:79)
	at org.apache.commons.compress.compressors.Pack200TestCase.testBadSignature(Pack200TestCase.java:152)

testShortSignature(org.apache.commons.compress.compressors.Pack200TestCase)  Time elapsed: 0 sec  <<< ERROR!
java.io.FileNotFoundException: couldn't find bla.pack
	at org.apache.commons.compress.AbstractTestCase.getFile(AbstractTestCase.java:79)
	at org.apache.commons.compress.compressors.Pack200TestCase.testShortSignature(Pack200TestCase.java:163)

testInputStreamMethods(org.apache.commons.compress.compressors.Pack200TestCase)  Time elapsed: 0.002 sec  <<< ERROR!
java.io.FileNotFoundException: couldn't find bla.jar
	at org.apache.commons.compress.AbstractTestCase.getFile(AbstractTestCase.java:79)
	at org.apache.commons.compress.compressors.Pack200TestCase.testInputStreamMethods(Pack200TestCase.java:177)

Running org.apache.commons.compress.compressors.BZip2UtilsTestCase
Tests run: 3, Failures: 0, Errors: 0, Skipped: 0, Time elapsed: 0.003 sec
Running org.apache.commons.compress.compressors.GZipTestCase
Tests run: 5, Failures: 0, Errors: 5, Skipped: 0, Time elapsed: 0.01 sec <<< FAILURE!
testGzipUnarchive(org.apache.commons.compress.compressors.GZipTestCase)  Time elapsed: 0.004 sec  <<< ERROR!
java.io.FileNotFoundException: couldn't find bla.tgz
	at org.apache.commons.compress.AbstractTestCase.getFile(AbstractTestCase.java:79)
	at org.apache.commons.compress.compressors.GZipTestCase.testGzipUnarchive(GZipTestCase.java:54)

testConcatenatedStreamsReadFirstOnly(org.apache.commons.compress.compressors.GZipTestCase)  Time elapsed: 0.001 sec  <<< ERROR!
java.io.FileNotFoundException: couldn't find multiple.gz
	at org.apache.commons.compress.AbstractTestCase.getFile(AbstractTestCase.java:79)
	at org.apache.commons.compress.compressors.GZipTestCase.testConcatenatedStreamsReadFirstOnly(GZipTestCase.java:76)

testConcatenatedStreamsReadFully(org.apache.commons.compress.compressors.GZipTestCase)  Time elapsed: 0.001 sec  <<< ERROR!
java.io.FileNotFoundException: couldn't find multiple.gz
	at org.apache.commons.compress.AbstractTestCase.getFile(AbstractTestCase.java:79)
	at org.apache.commons.compress.compressors.GZipTestCase.testConcatenatedStreamsReadFully(GZipTestCase.java:93)

testCorruptedInput(org.apache.commons.compress.compressors.GZipTestCase)  Time elapsed: 0.001 sec  <<< ERROR!
java.io.FileNotFoundException: couldn't find bla.tgz
	at org.apache.commons.compress.AbstractTestCase.getFile(AbstractTestCase.java:79)
	at org.apache.commons.compress.compressors.GZipTestCase.testCorruptedInput(GZipTestCase.java:119)

testGzipCreation(org.apache.commons.compress.compressors.GZipTestCase)  Time elapsed: 0.001 sec  <<< ERROR!
java.io.FileNotFoundException: couldn't find test1.xml
	at org.apache.commons.compress.AbstractTestCase.getFile(AbstractTestCase.java:79)
	at org.apache.commons.compress.compressors.GZipTestCase.testGzipCreation(GZipTestCase.java:37)

Running org.apache.commons.compress.compressors.GzipUtilsTestCase
Tests run: 3, Failures: 0, Errors: 0, Skipped: 0, Time elapsed: 0.002 sec
Running org.apache.commons.compress.compressors.XZUtilsTestCase
Tests run: 3, Failures: 0, Errors: 0, Skipped: 0, Time elapsed: 0.006 sec
Running org.apache.commons.compress.compressors.bzip2.BlockSortTest
Tests run: 7, Failures: 0, Errors: 0, Skipped: 0, Time elapsed: 0.025 sec
Running org.apache.commons.compress.compressors.XZTestCase
Tests run: 4, Failures: 0, Errors: 4, Skipped: 0, Time elapsed: 0.007 sec <<< FAILURE!
testConcatenatedStreamsReadFirstOnly(org.apache.commons.compress.compressors.XZTestCase)  Time elapsed: 0 sec  <<< ERROR!
java.io.FileNotFoundException: couldn't find multiple.xz
	at org.apache.commons.compress.AbstractTestCase.getFile(AbstractTestCase.java:79)
	at org.apache.commons.compress.compressors.XZTestCase.testConcatenatedStreamsReadFirstOnly(XZTestCase.java:73)

testConcatenatedStreamsReadFully(org.apache.commons.compress.compressors.XZTestCase)  Time elapsed: 0.001 sec  <<< ERROR!
java.io.FileNotFoundException: couldn't find multiple.xz
	at org.apache.commons.compress.AbstractTestCase.getFile(AbstractTestCase.java:79)
	at org.apache.commons.compress.compressors.XZTestCase.testConcatenatedStreamsReadFully(XZTestCase.java:90)

testXZCreation(org.apache.commons.compress.compressors.XZTestCase)  Time elapsed: 0.001 sec  <<< ERROR!
java.io.FileNotFoundException: couldn't find test1.xml
	at org.apache.commons.compress.AbstractTestCase.getFile(AbstractTestCase.java:79)
	at org.apache.commons.compress.compressors.XZTestCase.testXZCreation(XZTestCase.java:34)

testXZUnarchive(org.apache.commons.compress.compressors.XZTestCase)  Time elapsed: 0.004 sec  <<< ERROR!
java.io.FileNotFoundException: couldn't find bla.tar.xz
	at org.apache.commons.compress.AbstractTestCase.getFile(AbstractTestCase.java:79)
	at org.apache.commons.compress.compressors.XZTestCase.testXZUnarchive(XZTestCase.java:51)

Running org.apache.commons.compress.compressors.BZip2TestCase
Tests run: 5, Failures: 0, Errors: 5, Skipped: 0, Time elapsed: 0.004 sec <<< FAILURE!
testConcatenatedStreamsReadFirstOnly(org.apache.commons.compress.compressors.BZip2TestCase)  Time elapsed: 0.001 sec  <<< ERROR!
java.io.FileNotFoundException: couldn't find multiple.bz2
	at org.apache.commons.compress.AbstractTestCase.getFile(AbstractTestCase.java:79)
	at org.apache.commons.compress.compressors.BZip2TestCase.testConcatenatedStreamsReadFirstOnly(BZip2TestCase.java:73)

testConcatenatedStreamsReadFully(org.apache.commons.compress.compressors.BZip2TestCase)  Time elapsed: 0.001 sec  <<< ERROR!
java.io.FileNotFoundException: couldn't find multiple.bz2
	at org.apache.commons.compress.AbstractTestCase.getFile(AbstractTestCase.java:79)
	at org.apache.commons.compress.compressors.BZip2TestCase.testConcatenatedStreamsReadFully(BZip2TestCase.java:90)

testBzipCreation(org.apache.commons.compress.compressors.BZip2TestCase)  Time elapsed: 0 sec  <<< ERROR!
java.io.FileNotFoundException: couldn't find test.txt
	at org.apache.commons.compress.AbstractTestCase.getFile(AbstractTestCase.java:79)
	at org.apache.commons.compress.compressors.BZip2TestCase.testBzipCreation(BZip2TestCase.java:35)

testBzip2Unarchive(org.apache.commons.compress.compressors.BZip2TestCase)  Time elapsed: 0.001 sec  <<< ERROR!
java.io.FileNotFoundException: couldn't find bla.txt.bz2
	at org.apache.commons.compress.AbstractTestCase.getFile(AbstractTestCase.java:79)
	at org.apache.commons.compress.compressors.BZip2TestCase.testBzip2Unarchive(BZip2TestCase.java:62)

testCOMPRESS131(org.apache.commons.compress.compressors.BZip2TestCase)  Time elapsed: 0.001 sec  <<< ERROR!
java.io.FileNotFoundException: couldn't find COMPRESS-131.bz2
	at org.apache.commons.compress.AbstractTestCase.getFile(AbstractTestCase.java:79)
	at org.apache.commons.compress.compressors.BZip2TestCase.testCOMPRESS131(BZip2TestCase.java:109)

Running org.apache.commons.compress.ArchiveUtilsTest
Tests run: 3, Failures: 0, Errors: 0, Skipped: 0, Time elapsed: 0.003 sec
Running org.apache.commons.compress.utils.CountingStreamTest
Tests run: 2, Failures: 0, Errors: 0, Skipped: 0, Time elapsed: 0.002 sec
Running org.apache.commons.compress.utils.CharsetsTest
Tests run: 7, Failures: 0, Errors: 0, Skipped: 0, Time elapsed: 0.002 sec
Running org.apache.commons.compress.IOMethodsTest
Tests run: 10, Failures: 0, Errors: 5, Skipped: 0, Time elapsed: 0.209 sec <<< FAILURE!
testReadAr(org.apache.commons.compress.IOMethodsTest)  Time elapsed: 0.002 sec  <<< ERROR!
java.io.FileNotFoundException: couldn't find test1.xml
	at org.apache.commons.compress.AbstractTestCase.getFile(AbstractTestCase.java:79)
	at org.apache.commons.compress.AbstractTestCase.createSingleEntryArchive(AbstractTestCase.java:274)
	at org.apache.commons.compress.IOMethodsTest.compareReads(IOMethodsTest.java:129)
	at org.apache.commons.compress.IOMethodsTest.testReadAr(IOMethodsTest.java:75)

testReadCpio(org.apache.commons.compress.IOMethodsTest)  Time elapsed: 0.099 sec  <<< ERROR!
java.io.FileNotFoundException: couldn't find test1.xml
	at org.apache.commons.compress.AbstractTestCase.getFile(AbstractTestCase.java:79)
	at org.apache.commons.compress.AbstractTestCase.createSingleEntryArchive(AbstractTestCase.java:274)
	at org.apache.commons.compress.IOMethodsTest.compareReads(IOMethodsTest.java:129)
	at org.apache.commons.compress.IOMethodsTest.testReadCpio(IOMethodsTest.java:79)

testReadJar(org.apache.commons.compress.IOMethodsTest)  Time elapsed: 0.084 sec  <<< ERROR!
java.io.FileNotFoundException: couldn't find test1.xml
	at org.apache.commons.compress.AbstractTestCase.getFile(AbstractTestCase.java:79)
	at org.apache.commons.compress.AbstractTestCase.createSingleEntryArchive(AbstractTestCase.java:274)
	at org.apache.commons.compress.IOMethodsTest.compareReads(IOMethodsTest.java:129)
	at org.apache.commons.compress.IOMethodsTest.testReadJar(IOMethodsTest.java:83)

testReadTar(org.apache.commons.compress.IOMethodsTest)  Time elapsed: 0.006 sec  <<< ERROR!
java.io.FileNotFoundException: couldn't find test1.xml
	at org.apache.commons.compress.AbstractTestCase.getFile(AbstractTestCase.java:79)
	at org.apache.commons.compress.AbstractTestCase.createSingleEntryArchive(AbstractTestCase.java:274)
	at org.apache.commons.compress.IOMethodsTest.compareReads(IOMethodsTest.java:129)
	at org.apache.commons.compress.IOMethodsTest.testReadTar(IOMethodsTest.java:87)

testReadZip(org.apache.commons.compress.IOMethodsTest)  Time elapsed: 0.003 sec  <<< ERROR!
java.io.FileNotFoundException: couldn't find test1.xml
	at org.apache.commons.compress.AbstractTestCase.getFile(AbstractTestCase.java:79)
	at org.apache.commons.compress.AbstractTestCase.createSingleEntryArchive(AbstractTestCase.java:274)
	at org.apache.commons.compress.IOMethodsTest.compareReads(IOMethodsTest.java:129)
	at org.apache.commons.compress.IOMethodsTest.testReadZip(IOMethodsTest.java:91)

Running org.apache.commons.compress.DetectCompressorTestCase
Tests run: 1, Failures: 0, Errors: 1, Skipped: 0, Time elapsed: 0.005 sec <<< FAILURE!
testDetection(org.apache.commons.compress.DetectCompressorTestCase)  Time elapsed: 0.001 sec  <<< ERROR!
java.io.FileNotFoundException: couldn't find bla.txt.bz2
	at org.apache.commons.compress.AbstractTestCase.getFile(AbstractTestCase.java:79)
	at org.apache.commons.compress.DetectCompressorTestCase.getStreamFor(DetectCompressorTestCase.java:59)
	at org.apache.commons.compress.DetectCompressorTestCase.testDetection(DetectCompressorTestCase.java:45)

Running org.apache.commons.compress.changes.ChangeSetTestCase
Tests run: 28, Failures: 0, Errors: 26, Skipped: 0, Time elapsed: 0.056 sec <<< FAILURE!
testAddChangeTwice(org.apache.commons.compress.changes.ChangeSetTestCase)  Time elapsed: 0.002 sec  <<< ERROR!
java.io.FileNotFoundException: couldn't find test.txt
	at org.apache.commons.compress.AbstractTestCase.getFile(AbstractTestCase.java:79)
	at org.apache.commons.compress.changes.ChangeSetTestCase.testAddChangeTwice(ChangeSetTestCase.java:81)

testAddChangeTwiceWithoutReplace(org.apache.commons.compress.changes.ChangeSetTestCase)  Time elapsed: 0.004 sec  <<< ERROR!
java.io.FileNotFoundException: couldn't find test.txt
	at org.apache.commons.compress.AbstractTestCase.getFile(AbstractTestCase.java:79)
	at org.apache.commons.compress.changes.ChangeSetTestCase.testAddChangeTwiceWithoutReplace(ChangeSetTestCase.java:115)

testDeleteDir(org.apache.commons.compress.changes.ChangeSetTestCase)  Time elapsed: 0.004 sec  <<< ERROR!
java.io.FileNotFoundException: couldn't find test1.xml
	at org.apache.commons.compress.AbstractTestCase.getFile(AbstractTestCase.java:79)
	at org.apache.commons.compress.AbstractTestCase.createArchive(AbstractTestCase.java:186)
	at org.apache.commons.compress.changes.ChangeSetTestCase.testDeleteDir(ChangeSetTestCase.java:148)

testDeleteDir2(org.apache.commons.compress.changes.ChangeSetTestCase)  Time elapsed: 0.003 sec  <<< ERROR!
java.io.FileNotFoundException: couldn't find test1.xml
	at org.apache.commons.compress.AbstractTestCase.getFile(AbstractTestCase.java:79)
	at org.apache.commons.compress.AbstractTestCase.createArchive(AbstractTestCase.java:186)
	at org.apache.commons.compress.changes.ChangeSetTestCase.testDeleteDir2(ChangeSetTestCase.java:189)

testDeleteDir3(org.apache.commons.compress.changes.ChangeSetTestCase)  Time elapsed: 0.002 sec  <<< ERROR!
java.io.FileNotFoundException: couldn't find test1.xml
	at org.apache.commons.compress.AbstractTestCase.getFile(AbstractTestCase.java:79)
	at org.apache.commons.compress.AbstractTestCase.createArchive(AbstractTestCase.java:186)
	at org.apache.commons.compress.changes.ChangeSetTestCase.testDeleteDir3(ChangeSetTestCase.java:230)

testDeleteFile(org.apache.commons.compress.changes.ChangeSetTestCase)  Time elapsed: 0 sec  <<< ERROR!
java.io.FileNotFoundException: couldn't find test1.xml
	at org.apache.commons.compress.AbstractTestCase.getFile(AbstractTestCase.java:79)
	at org.apache.commons.compress.AbstractTestCase.createArchive(AbstractTestCase.java:186)
	at org.apache.commons.compress.changes.ChangeSetTestCase.testDeleteFile(ChangeSetTestCase.java:271)

testDeleteFile2(org.apache.commons.compress.changes.ChangeSetTestCase)  Time elapsed: 0.002 sec  <<< ERROR!
java.io.FileNotFoundException: couldn't find test1.xml
	at org.apache.commons.compress.AbstractTestCase.getFile(AbstractTestCase.java:79)
	at org.apache.commons.compress.AbstractTestCase.createArchive(AbstractTestCase.java:186)
	at org.apache.commons.compress.changes.ChangeSetTestCase.testDeleteFile2(ChangeSetTestCase.java:313)

testDeletePlusAddSame(org.apache.commons.compress.changes.ChangeSetTestCase)  Time elapsed: 0.002 sec  <<< ERROR!
java.io.FileNotFoundException: couldn't find test1.xml
	at org.apache.commons.compress.AbstractTestCase.getFile(AbstractTestCase.java:79)
	at org.apache.commons.compress.AbstractTestCase.createArchive(AbstractTestCase.java:186)
	at org.apache.commons.compress.changes.ChangeSetTestCase.testDeletePlusAddSame(ChangeSetTestCase.java:356)

testChangeSetResults(org.apache.commons.compress.changes.ChangeSetTestCase)  Time elapsed: 0.002 sec  <<< ERROR!
java.io.FileNotFoundException: couldn't find test1.xml
	at org.apache.commons.compress.AbstractTestCase.getFile(AbstractTestCase.java:79)
	at org.apache.commons.compress.AbstractTestCase.createArchive(AbstractTestCase.java:186)
	at org.apache.commons.compress.changes.ChangeSetTestCase.testChangeSetResults(ChangeSetTestCase.java:427)

testDeletePlusAdd(org.apache.commons.compress.changes.ChangeSetTestCase)  Time elapsed: 0.003 sec  <<< ERROR!
java.io.FileNotFoundException: couldn't find test1.xml
	at org.apache.commons.compress.AbstractTestCase.getFile(AbstractTestCase.java:79)
	at org.apache.commons.compress.AbstractTestCase.createArchive(AbstractTestCase.java:186)
	at org.apache.commons.compress.changes.ChangeSetTestCase.testDeletePlusAdd(ChangeSetTestCase.java:490)

testDeleteFromAndAddToZip(org.apache.commons.compress.changes.ChangeSetTestCase)  Time elapsed: 0.001 sec  <<< ERROR!
java.io.FileNotFoundException: couldn't find test1.xml
	at org.apache.commons.compress.AbstractTestCase.getFile(AbstractTestCase.java:79)
	at org.apache.commons.compress.AbstractTestCase.createArchive(AbstractTestCase.java:186)
	at org.apache.commons.compress.changes.ChangeSetTestCase.testDeleteFromAndAddToZip(ChangeSetTestCase.java:536)

testDeleteFromAndAddToZipUsingZipFilePerform(org.apache.commons.compress.changes.ChangeSetTestCase)  Time elapsed: 0.001 sec  <<< ERROR!
java.io.FileNotFoundException: couldn't find test1.xml
	at org.apache.commons.compress.AbstractTestCase.getFile(AbstractTestCase.java:79)
	at org.apache.commons.compress.AbstractTestCase.createArchive(AbstractTestCase.java:186)
	at org.apache.commons.compress.changes.ChangeSetTestCase.testDeleteFromAndAddToZipUsingZipFilePerform(ChangeSetTestCase.java:582)

testAddDeleteAdd(org.apache.commons.compress.changes.ChangeSetTestCase)  Time elapsed: 0.001 sec  <<< ERROR!
java.io.FileNotFoundException: couldn't find test1.xml
	at org.apache.commons.compress.AbstractTestCase.getFile(AbstractTestCase.java:79)
	at org.apache.commons.compress.AbstractTestCase.createArchive(AbstractTestCase.java:186)
	at org.apache.commons.compress.changes.ChangeSetTestCase.testAddDeleteAdd(ChangeSetTestCase.java:627)

testDeleteAddDelete(org.apache.commons.compress.changes.ChangeSetTestCase)  Time elapsed: 0.003 sec  <<< ERROR!
java.io.FileNotFoundException: couldn't find test1.xml
	at org.apache.commons.compress.AbstractTestCase.getFile(AbstractTestCase.java:79)
	at org.apache.commons.compress.AbstractTestCase.createArchive(AbstractTestCase.java:186)
	at org.apache.commons.compress.changes.ChangeSetTestCase.testDeleteAddDelete(ChangeSetTestCase.java:675)

testDeleteFromZip(org.apache.commons.compress.changes.ChangeSetTestCase)  Time elapsed: 0.001 sec  <<< ERROR!
java.io.FileNotFoundException: couldn't find bla.zip
	at org.apache.commons.compress.AbstractTestCase.getFile(AbstractTestCase.java:79)
	at org.apache.commons.compress.changes.ChangeSetTestCase.testDeleteFromZip(ChangeSetTestCase.java:730)

testDeleteFromTar(org.apache.commons.compress.changes.ChangeSetTestCase)  Time elapsed: 0.001 sec  <<< ERROR!
java.io.FileNotFoundException: couldn't find bla.tar
	at org.apache.commons.compress.AbstractTestCase.getFile(AbstractTestCase.java:79)
	at org.apache.commons.compress.changes.ChangeSetTestCase.testDeleteFromTar(ChangeSetTestCase.java:770)

testDeleteFromJar(org.apache.commons.compress.changes.ChangeSetTestCase)  Time elapsed: 0 sec  <<< ERROR!
java.io.FileNotFoundException: couldn't find bla.jar
	at org.apache.commons.compress.AbstractTestCase.getFile(AbstractTestCase.java:79)
	at org.apache.commons.compress.changes.ChangeSetTestCase.testDeleteFromJar(ChangeSetTestCase.java:810)

testDeleteFromAndAddToTar(org.apache.commons.compress.changes.ChangeSetTestCase)  Time elapsed: 0 sec  <<< ERROR!
java.io.FileNotFoundException: couldn't find test.txt
	at org.apache.commons.compress.AbstractTestCase.getFile(AbstractTestCase.java:79)
	at org.apache.commons.compress.changes.ChangeSetTestCase.testDeleteFromAndAddToTar(ChangeSetTestCase.java:842)

testDeleteFromAndAddToJar(org.apache.commons.compress.changes.ChangeSetTestCase)  Time elapsed: 0.003 sec  <<< ERROR!
java.io.FileNotFoundException: couldn't find test.txt
	at org.apache.commons.compress.AbstractTestCase.getFile(AbstractTestCase.java:79)
	at org.apache.commons.compress.changes.ChangeSetTestCase.testDeleteFromAndAddToJar(ChangeSetTestCase.java:898)

testDeleteFromAr(org.apache.commons.compress.changes.ChangeSetTestCase)  Time elapsed: 0 sec  <<< ERROR!
java.io.FileNotFoundException: couldn't find bla.ar
	at org.apache.commons.compress.AbstractTestCase.getFile(AbstractTestCase.java:79)
	at org.apache.commons.compress.changes.ChangeSetTestCase.testDeleteFromAr(ChangeSetTestCase.java:940)

testDeleteFromAndAddToAr(org.apache.commons.compress.changes.ChangeSetTestCase)  Time elapsed: 0 sec  <<< ERROR!
java.io.FileNotFoundException: couldn't find test.txt
	at org.apache.commons.compress.AbstractTestCase.getFile(AbstractTestCase.java:79)
	at org.apache.commons.compress.changes.ChangeSetTestCase.testDeleteFromAndAddToAr(ChangeSetTestCase.java:978)

testAddToEmptyArchive(org.apache.commons.compress.changes.ChangeSetTestCase)  Time elapsed: 0.001 sec  <<< ERROR!
java.io.FileNotFoundException: couldn't find test.txt
	at org.apache.commons.compress.AbstractTestCase.getFile(AbstractTestCase.java:79)
	at org.apache.commons.compress.changes.ChangeSetTestCase.testAddToEmptyArchive(ChangeSetTestCase.java:1057)

testDeleteAddToOneFileArchive(org.apache.commons.compress.changes.ChangeSetTestCase)  Time elapsed: 0.002 sec  <<< ERROR!
java.io.FileNotFoundException: couldn't find test1.xml
	at org.apache.commons.compress.AbstractTestCase.getFile(AbstractTestCase.java:79)
	at org.apache.commons.compress.AbstractTestCase.createSingleEntryArchive(AbstractTestCase.java:274)
	at org.apache.commons.compress.changes.ChangeSetTestCase.testDeleteAddToOneFileArchive(ChangeSetTestCase.java:1086)

testAddDeleteToOneFileArchive(org.apache.commons.compress.changes.ChangeSetTestCase)  Time elapsed: 0.002 sec  <<< ERROR!
java.io.FileNotFoundException: couldn't find test1.xml
	at org.apache.commons.compress.AbstractTestCase.getFile(AbstractTestCase.java:79)
	at org.apache.commons.compress.AbstractTestCase.createSingleEntryArchive(AbstractTestCase.java:274)
	at org.apache.commons.compress.changes.ChangeSetTestCase.testAddDeleteToOneFileArchive(ChangeSetTestCase.java:1134)

testAddAllreadyExistingWithReplaceTrue(org.apache.commons.compress.changes.ChangeSetTestCase)  Time elapsed: 0.001 sec  <<< ERROR!
java.io.FileNotFoundException: couldn't find test1.xml
	at org.apache.commons.compress.AbstractTestCase.getFile(AbstractTestCase.java:79)
	at org.apache.commons.compress.AbstractTestCase.createArchive(AbstractTestCase.java:186)
	at org.apache.commons.compress.changes.ChangeSetTestCase.testAddAllreadyExistingWithReplaceTrue(ChangeSetTestCase.java:1183)

testAddAllreadyExistingWithReplaceFalse(org.apache.commons.compress.changes.ChangeSetTestCase)  Time elapsed: 0.001 sec  <<< ERROR!
java.io.FileNotFoundException: couldn't find test1.xml
	at org.apache.commons.compress.AbstractTestCase.getFile(AbstractTestCase.java:79)
	at org.apache.commons.compress.AbstractTestCase.createArchive(AbstractTestCase.java:186)
	at org.apache.commons.compress.changes.ChangeSetTestCase.testAddAllreadyExistingWithReplaceFalse(ChangeSetTestCase.java:1227)


Results :

Failed tests: 
  TarArchiveInputStreamTest.testCompress197:133 COMPRESS-197: input buffer is closed

Tests in error: 
  LongPathTest.suite:62->AbstractTestCase.getFile:79 » FileNotFound couldn't fin...
  ArchiveOutputStreamTest.testCallSequenceAr:118->doCallSequence:139->AbstractTestCase.getFile:79 » FileNotFound
  ArchiveOutputStreamTest.testCallSequenceCpio:122->doCallSequence:139->AbstractTestCase.getFile:79 » FileNotFound
  ArchiveOutputStreamTest.testCallSequenceJar:126->doCallSequence:139->AbstractTestCase.getFile:79 » FileNotFound
  ArchiveOutputStreamTest.testCallSequenceTar:130->doCallSequence:139->AbstractTestCase.getFile:79 » FileNotFound
  ArchiveOutputStreamTest.testCallSequenceZip:134->doCallSequence:139->AbstractTestCase.getFile:79 » FileNotFound
  ZipFileTest.testWinzipBackSlashWorkaround:150 » FileNotFound couldn't find tes...
  ZipFileTest.testSkipsPK00Prefix:162 » FileNotFound couldn't find COMPRESS-208....
  ZipFileTest.testUnixSymlinkSampleFile:189 » FileNotFound couldn't find COMPRES...
  ZipFileTest.testDoubleClose:100->readOrderTest:218 » FileNotFound couldn't fin...
  ZipFileTest.testCDOrder:44->readOrderTest:218 » FileNotFound couldn't find ord...
  ZipFileTest.testPhysicalOrder:72->readOrderTest:218 » FileNotFound couldn't fi...
  Maven221MultiVolumeTest.testRead7ZipMultiVolumeArchiveForStream:71 » FileNotFound
  Maven221MultiVolumeTest.testRead7ZipMultiVolumeArchiveForFile:115 » FileNotFound
  EncryptedArchiveTest.testReadPasswordEncryptedEntryViaZipFile:33 » FileNotFound
  EncryptedArchiveTest.testReadPasswordEncryptedEntryViaStream:55 » FileNotFound
  X5455_ExtendedTimestampTest.testSampleFile:89 » FileNotFound couldn't find COM...
  ZipArchiveInputStreamTest.winzipBackSlashWorkaround:48 » FileNotFound couldn't...
  ZipArchiveInputStreamTest.properUseOfInflater:68 » FileNotFound couldn't find ...
  ZipArchiveInputStreamTest.shouldConsumeArchiveCompletely:92 » IO Stream closed
  ZipArchiveInputStreamTest.shouldReadNestedZip:111 » FileNotFound couldn't find...
  X7875_NewUnixTest.testSampleFile:48 » FileNotFound couldn't find COMPRESS-211_...
  UTF8ZipFilesTest.testRead7ZipArchive:87->AbstractTestCase.getFile:79 » FileNotFound
  UTF8ZipFilesTest.testRead7ZipArchiveForStream:101->AbstractTestCase.getFile:79 » FileNotFound
  UTF8ZipFilesTest.testReadWinZipArchive:120->AbstractTestCase.getFile:79 » FileNotFound
  UTF8ZipFilesTest.testReadWinZipArchiveForStream:146->AbstractTestCase.getFile:79 » FileNotFound
  UTF8ZipFilesTest.testRawNameReadFromZipFile:198->AbstractTestCase.getFile:79 » FileNotFound
  UTF8ZipFilesTest.testRawNameReadFromStream:211->AbstractTestCase.getFile:79 » FileNotFound
  UTF8ZipFilesTest.testUtf8Interoperability:369->AbstractTestCase.getFile:79 » FileNotFound
  CpioTestCase.testCpioArchiveCreation:41->AbstractTestCase.getFile:79 » FileNotFound
  CpioTestCase.testCpioUnarchive:60->AbstractTestCase.getFile:79 » FileNotFound ...
  ArArchiveInputStreamTest.testReadLongNamesGNU:31->checkLongNameEntry:39->AbstractTestCase.getFile:79 » FileNotFound
  ArArchiveInputStreamTest.testReadLongNamesBSD:35->checkLongNameEntry:39->AbstractTestCase.getFile:79 » FileNotFound
  ArTestCase.testArArchiveCreation:40->AbstractTestCase.getFile:79 » FileNotFound
  ArTestCase.testArUnarchive:59->AbstractTestCase.getFile:79 » FileNotFound coul...
  ArTestCase.testArDelete:94->AbstractTestCase.getFile:79 » FileNotFound couldn'...
  JarTestCase.testJarArchiveCreation:35->AbstractTestCase.getFile:79 » FileNotFound
  JarTestCase.testJarUnarchiveAll:85->AbstractTestCase.getFile:79 » FileNotFound
  JarTestCase.testJarUnarchive:55->AbstractTestCase.getFile:79 » FileNotFound co...
  ArchiveStreamFactoryTest.aiffFilesAreNoTARs:55 » FileNotFound src/test/resourc...
  ArchiveStreamFactoryTest.testCOMPRESS209:71 » FileNotFound src/test/resources/...
  ArchiveStreamFactoryTest.skipsPK00Prefix:92 » FileNotFound src/test/resources/...
  CpioArchiveInputStreamTest.testCpioUnarchive:35->AbstractTestCase.getFile:79 » FileNotFound
  CpioArchiveOutputStreamTest.testWriteOldBinary:32->AbstractTestCase.getFile:79 » FileNotFound
  ZipTestCase.testSkipsPK00Prefix:124->AbstractTestCase.getFile:79 » FileNotFound
  ZipTestCase.testZipArchiveCreation:46->AbstractTestCase.getFile:79 » FileNotFound
  ZipTestCase.testZipUnarchive:108->AbstractTestCase.getFile:79 » FileNotFound c...
  ZipTestCase.testSupportedCompressionMethod:142->AbstractTestCase.getFile:79 » FileNotFound
  ZipTestCase.testSkipEntryWithUnsupportedCompressionMethod:162->AbstractTestCase.getFile:79 » FileNotFound
  ZipTestCase.testListAllFilesWithNestedArchive:188->AbstractTestCase.getFile:79 » FileNotFound
  TarTestCase.testTarArchiveCreation:38->AbstractTestCase.getFile:79 » FileNotFound
  TarTestCase.testTarArchiveLongNameCreation:61->AbstractTestCase.getFile:79 » FileNotFound
  TarTestCase.testTarUnarchive:108->AbstractTestCase.getFile:79 » FileNotFound c...
  TarTestCase.testCOMPRESS114:119->AbstractTestCase.getFile:79 » FileNotFound co...
  TarTestCase.testCOMPRESS178:307->AbstractTestCase.getFile:79 » FileNotFound co...
  DumpArchiveInputStreamTest.testConsumesArchiveCompletely:60 » Archive input bu...
  DumpArchiveInputStreamTest.testNotADumpArchiveButBigEnough:45->AbstractTestCase.getFile:79 » FileNotFound
  DumpArchiveInputStreamTest.testNotADumpArchive:32->AbstractTestCase.getFile:79 » FileNotFound
  SparseFilesTest.testOldGNU:31 » FileNotFound couldn't find oldgnu_sparse.tar
  TarArchiveOutputStreamTest.testCount:46->AbstractTestCase.getFile:79 » FileNotFound
  TarArchiveInputStreamTest.shouldConsumeArchiveCompletely:170 » IO input buffer...
  TarArchiveInputStreamTest.workaroundForBrokenTimeHeader:81 » FileNotFound coul...
  TarArchiveInputStreamTest.datePriorToEpochInGNUFormat:97->datePriorToEpoch:109 » FileNotFound
  TarArchiveInputStreamTest.datePriorToEpochInPAXFormat:103->datePriorToEpoch:109 » FileNotFound
  DumpTestCase.testDumpUnarchiveAll:36->AbstractTestCase.getFile:79 » FileNotFound
  DumpTestCase.testCompressedDumpUnarchiveAll:40->AbstractTestCase.getFile:79 » FileNotFound
  DumpTestCase.testArchiveDetection:78->AbstractTestCase.getFile:79 » FileNotFound
  DumpTestCase.testCompressedArchiveDetection:82->AbstractTestCase.getFile:79 » FileNotFound
  DumpTestCase.testCheckArchive:98->AbstractTestCase.getFile:79 » FileNotFound c...
  DumpTestCase.testCheckCompressedArchive:102->AbstractTestCase.getFile:79 » FileNotFound
  ChainingTestCase.testTarGzip:33->AbstractTestCase.getFile:79 » FileNotFound co...
  ChainingTestCase.testTarBzip2:42->AbstractTestCase.getFile:79 » FileNotFound c...
  DetectArchiverTestCase.testDetectionNotArchive:42->getStreamFor:88->AbstractTestCase.getFile:79 » FileNotFound
  DetectArchiverTestCase.testCOMPRESS117:50->getStreamFor:88->AbstractTestCase.getFile:79 » FileNotFound
  DetectArchiverTestCase.testDetection:57->getStreamFor:88->AbstractTestCase.getFile:79 » FileNotFound
  Pack200UtilsTest.testNormalize:36->AbstractTestCase.getFile:79 » FileNotFound ...
  Pack200UtilsTest.testNormalizeInPlace:72->AbstractTestCase.getFile:79 » FileNotFound
  Pack200TestCase.testJarUnarchiveAllFileArgInMemory:49->jarUnarchiveAll:62->AbstractTestCase.getFile:79 » FileNotFound
  Pack200TestCase.testJarUnarchiveAllTempFile:53->jarUnarchiveAll:62->AbstractTestCase.getFile:79 » FileNotFound
  Pack200TestCase.testJarUnarchiveAllFileTempFile:57->jarUnarchiveAll:62->AbstractTestCase.getFile:79 » FileNotFound
  Pack200TestCase.testJarUnarchiveAllInMemory:45->jarUnarchiveAll:62->AbstractTestCase.getFile:79 » FileNotFound
  Pack200TestCase.testJarArchiveCreationInMemory:93->jarArchiveCreation:103->AbstractTestCase.getFile:79 » FileNotFound
  Pack200TestCase.testJarArchiveCreationTempFile:97->jarArchiveCreation:103->AbstractTestCase.getFile:79 » FileNotFound
  Pack200TestCase.testGoodSignature:141->AbstractTestCase.getFile:79 » FileNotFound
  Pack200TestCase.testBadSignature:152->AbstractTestCase.getFile:79 » FileNotFound
  Pack200TestCase.testShortSignature:163->AbstractTestCase.getFile:79 » FileNotFound
  Pack200TestCase.testInputStreamMethods:177->AbstractTestCase.getFile:79 » FileNotFound
  GZipTestCase.testGzipUnarchive:54->AbstractTestCase.getFile:79 » FileNotFound ...
  GZipTestCase.testConcatenatedStreamsReadFirstOnly:76->AbstractTestCase.getFile:79 » FileNotFound
  GZipTestCase.testConcatenatedStreamsReadFully:93->AbstractTestCase.getFile:79 » FileNotFound
  GZipTestCase.testCorruptedInput:119->AbstractTestCase.getFile:79 » FileNotFound
  GZipTestCase.testGzipCreation:37->AbstractTestCase.getFile:79 » FileNotFound c...
  XZTestCase.testConcatenatedStreamsReadFirstOnly:73->AbstractTestCase.getFile:79 » FileNotFound
  XZTestCase.testConcatenatedStreamsReadFully:90->AbstractTestCase.getFile:79 » FileNotFound
  XZTestCase.testXZCreation:34->AbstractTestCase.getFile:79 » FileNotFound could...
  XZTestCase.testXZUnarchive:51->AbstractTestCase.getFile:79 » FileNotFound coul...
  BZip2TestCase.testConcatenatedStreamsReadFirstOnly:73->AbstractTestCase.getFile:79 » FileNotFound
  BZip2TestCase.testConcatenatedStreamsReadFully:90->AbstractTestCase.getFile:79 » FileNotFound
  BZip2TestCase.testBzipCreation:35->AbstractTestCase.getFile:79 » FileNotFound ...
  BZip2TestCase.testBzip2Unarchive:62->AbstractTestCase.getFile:79 » FileNotFound
  BZip2TestCase.testCOMPRESS131:109->AbstractTestCase.getFile:79 » FileNotFound ...
  IOMethodsTest.testReadAr:75->compareReads:129->AbstractTestCase.createSingleEntryArchive:274->AbstractTestCase.getFile:79 » FileNotFound
  IOMethodsTest.testReadCpio:79->compareReads:129->AbstractTestCase.createSingleEntryArchive:274->AbstractTestCase.getFile:79 » FileNotFound
  IOMethodsTest.testReadJar:83->compareReads:129->AbstractTestCase.createSingleEntryArchive:274->AbstractTestCase.getFile:79 » FileNotFound
  IOMethodsTest.testReadTar:87->compareReads:129->AbstractTestCase.createSingleEntryArchive:274->AbstractTestCase.getFile:79 » FileNotFound
  IOMethodsTest.testReadZip:91->compareReads:129->AbstractTestCase.createSingleEntryArchive:274->AbstractTestCase.getFile:79 » FileNotFound
  DetectCompressorTestCase.testDetection:45->getStreamFor:59 » FileNotFound coul...
  ChangeSetTestCase.testAddChangeTwice:81->AbstractTestCase.getFile:79 » FileNotFound
  ChangeSetTestCase.testAddChangeTwiceWithoutReplace:115->AbstractTestCase.getFile:79 » FileNotFound
  ChangeSetTestCase.testDeleteDir:148->AbstractTestCase.createArchive:186->AbstractTestCase.getFile:79 » FileNotFound
  ChangeSetTestCase.testDeleteDir2:189->AbstractTestCase.createArchive:186->AbstractTestCase.getFile:79 » FileNotFound
  ChangeSetTestCase.testDeleteDir3:230->AbstractTestCase.createArchive:186->AbstractTestCase.getFile:79 » FileNotFound
  ChangeSetTestCase.testDeleteFile:271->AbstractTestCase.createArchive:186->AbstractTestCase.getFile:79 » FileNotFound
  ChangeSetTestCase.testDeleteFile2:313->AbstractTestCase.createArchive:186->AbstractTestCase.getFile:79 » FileNotFound
  ChangeSetTestCase.testDeletePlusAddSame:356->AbstractTestCase.createArchive:186->AbstractTestCase.getFile:79 » FileNotFound
  ChangeSetTestCase.testChangeSetResults:427->AbstractTestCase.createArchive:186->AbstractTestCase.getFile:79 » FileNotFound
  ChangeSetTestCase.testDeletePlusAdd:490->AbstractTestCase.createArchive:186->AbstractTestCase.getFile:79 » FileNotFound
  ChangeSetTestCase.testDeleteFromAndAddToZip:536->AbstractTestCase.createArchive:186->AbstractTestCase.getFile:79 » FileNotFound
  ChangeSetTestCase.testDeleteFromAndAddToZipUsingZipFilePerform:582->AbstractTestCase.createArchive:186->AbstractTestCase.getFile:79 » FileNotFound
  ChangeSetTestCase.testAddDeleteAdd:627->AbstractTestCase.createArchive:186->AbstractTestCase.getFile:79 » FileNotFound
  ChangeSetTestCase.testDeleteAddDelete:675->AbstractTestCase.createArchive:186->AbstractTestCase.getFile:79 » FileNotFound
  ChangeSetTestCase.testDeleteFromZip:730->AbstractTestCase.getFile:79 » FileNotFound
  ChangeSetTestCase.testDeleteFromTar:770->AbstractTestCase.getFile:79 » FileNotFound
  ChangeSetTestCase.testDeleteFromJar:810->AbstractTestCase.getFile:79 » FileNotFound
  ChangeSetTestCase.testDeleteFromAndAddToTar:842->AbstractTestCase.getFile:79 » FileNotFound
  ChangeSetTestCase.testDeleteFromAndAddToJar:898->AbstractTestCase.getFile:79 » FileNotFound
  ChangeSetTestCase.testDeleteFromAr:940->AbstractTestCase.getFile:79 » FileNotFound
  ChangeSetTestCase.testDeleteFromAndAddToAr:978->AbstractTestCase.getFile:79 » FileNotFound
  ChangeSetTestCase.testAddToEmptyArchive:1057->AbstractTestCase.getFile:79 » FileNotFound
  ChangeSetTestCase.testDeleteAddToOneFileArchive:1086->AbstractTestCase.createSingleEntryArchive:274->AbstractTestCase.getFile:79 » FileNotFound
  ChangeSetTestCase.testAddDeleteToOneFileArchive:1134->AbstractTestCase.createSingleEntryArchive:274->AbstractTestCase.getFile:79 » FileNotFound
  ChangeSetTestCase.testAddAllreadyExistingWithReplaceTrue:1183->AbstractTestCase.createArchive:186->AbstractTestCase.getFile:79 » FileNotFound
  ChangeSetTestCase.testAddAllreadyExistingWithReplaceFalse:1227->AbstractTestCase.createArchive:186->AbstractTestCase.getFile:79 » FileNotFound

Tests run: 329, Failures: 1, Errors: 133, Skipped: 0

[INFO] ------------------------------------------------------------------------
[INFO] BUILD FAILURE
[INFO] ------------------------------------------------------------------------
[INFO] Total time: 10.340 s
[INFO] Finished at: 2017-09-21T12:21:36+02:00
[INFO] Final Memory: 29M/319M
[INFO] ------------------------------------------------------------------------
[ERROR] Failed to execute goal org.apache.maven.plugins:maven-surefire-plugin:2.13:test (default-test) on project commons-compress: There are test failures.
[ERROR] 
[ERROR] Please refer to /home/artefact/tests/Maven Test Sources/commons-compress-1.5-test-sources/target/surefire-reports for the individual test results.
[ERROR] -> [Help 1]
[ERROR] 
[ERROR] To see the full stack trace of the errors, re-run Maven with the -e switch.
[ERROR] Re-run Maven using the -X switch to enable full debug logging.
[ERROR] 
[ERROR] For more information about the errors and possible solutions, please read the following articles:
[ERROR] [Help 1] http://cwiki.apache.org/confluence/display/MAVEN/MojoFailureException
