[INFO] Scanning for projects...
[INFO]                                                                         
[INFO] ------------------------------------------------------------------------
[INFO] Building Apache Commons Math 3.6
[INFO] ------------------------------------------------------------------------
[INFO] 
[INFO] --- maven-enforcer-plugin:1.3.1:enforce (enforce-maven-3) @ commons-math3 ---
[INFO] 
[INFO] --- build-helper-maven-plugin:1.7:parse-version (parse-version) @ commons-math3 ---
[INFO] 
[INFO] --- maven-antrun-plugin:1.7:run (javadoc.resources) @ commons-math3 ---
[INFO] Executing tasks

main:
[INFO] Executed tasks
[INFO] 
[INFO] --- maven-remote-resources-plugin:1.5:process (default) @ commons-math3 ---
[INFO] 
[INFO] --- buildnumber-maven-plugin:1.3:create (default) @ commons-math3 ---
[INFO] Executing: /bin/sh -c cd "/home/artefact/tests/Maven Test Sources/commons-math3-3.6-test-sources" && git rev-parse --verify HEAD
[INFO] Working directory: /home/artefact/tests/Maven Test Sources/commons-math3-3.6-test-sources
[INFO] Storing buildNumber: null at timestamp: 1505989431024
[INFO] Storing buildScmBranch: BuildTestSources
[INFO] 
[INFO] --- maven-resources-plugin:2.7:resources (default-resources) @ commons-math3 ---
[INFO] Using 'UTF-8' encoding to copy filtered resources.
[INFO] skip non existing resourceDirectory /home/artefact/tests/Maven Test Sources/commons-math3-3.6-test-sources/src/main/resources
[INFO] Copying 0 resource to META-INF
[INFO] 
[INFO] --- maven-compiler-plugin:3.3:compile (default-compile) @ commons-math3 ---
[INFO] Changes detected - recompiling the module!
[INFO] Compiling 990 source files to /home/artefact/tests/Maven Test Sources/commons-math3-3.6-test-sources/target/classes
[INFO] /home/artefact/tests/Maven Test Sources/commons-math3-3.6-test-sources/src/main/java/org/apache/commons/math3/optimization/direct/AbstractSimplex.java: Some input files use or override a deprecated API.
[INFO] /home/artefact/tests/Maven Test Sources/commons-math3-3.6-test-sources/src/main/java/org/apache/commons/math3/optimization/direct/AbstractSimplex.java: Recompile with -Xlint:deprecation for details.
[INFO] 
[INFO] --- maven-bundle-plugin:2.5.3:manifest (bundle-manifest) @ commons-math3 ---
[INFO] 
[INFO] --- animal-sniffer-maven-plugin:1.14:check (checkAPIcompatibility) @ commons-math3 ---
[INFO] Checking unresolved references to org.codehaus.mojo.signature:java15:1.0
[INFO] 
[INFO] --- maven-resources-plugin:2.7:testResources (default-testResources) @ commons-math3 ---
[INFO] Using 'UTF-8' encoding to copy filtered resources.
[INFO] skip non existing resourceDirectory /home/artefact/tests/Maven Test Sources/commons-math3-3.6-test-sources/src/test/resources
[INFO] Copying 0 resource to META-INF
[INFO] 
[INFO] --- maven-compiler-plugin:3.3:testCompile (default-testCompile) @ commons-math3 ---
[INFO] Changes detected - recompiling the module!
[INFO] Compiling 610 source files to /home/artefact/tests/Maven Test Sources/commons-math3-3.6-test-sources/target/test-classes
[INFO] /home/artefact/tests/Maven Test Sources/commons-math3-3.6-test-sources/src/test/java/org/apache/commons/math3/optimization/general/LevenbergMarquardtOptimizerTest.java: Some input files use or override a deprecated API.
[INFO] /home/artefact/tests/Maven Test Sources/commons-math3-3.6-test-sources/src/test/java/org/apache/commons/math3/optimization/general/LevenbergMarquardtOptimizerTest.java: Recompile with -Xlint:deprecation for details.
[INFO] 
[INFO] --- maven-surefire-plugin:2.18.1:test (default-test) @ commons-math3 ---
[INFO] Surefire report directory: /home/artefact/tests/Maven Test Sources/commons-math3-3.6-test-sources/target/surefire-reports

-------------------------------------------------------
 T E S T S
-------------------------------------------------------
Running org.apache.commons.math3.complex.ComplexFormatTest
Tests run: 31, Failures: 0, Errors: 0, Skipped: 0, Time elapsed: 0.069 sec - in org.apache.commons.math3.complex.ComplexFormatTest
Running org.apache.commons.math3.complex.QuaternionTest
Tests run: 22, Failures: 0, Errors: 0, Skipped: 0, Time elapsed: 0.048 sec - in org.apache.commons.math3.complex.QuaternionTest
Running org.apache.commons.math3.complex.FrenchComplexFormatTest
Tests run: 31, Failures: 0, Errors: 0, Skipped: 0, Time elapsed: 0.046 sec - in org.apache.commons.math3.complex.FrenchComplexFormatTest
Running org.apache.commons.math3.complex.ComplexFieldTest
Tests run: 3, Failures: 0, Errors: 0, Skipped: 0, Time elapsed: 0.082 sec - in org.apache.commons.math3.complex.ComplexFieldTest
Running org.apache.commons.math3.complex.ComplexUtilsTest
Tests run: 5, Failures: 0, Errors: 0, Skipped: 0, Time elapsed: 0.014 sec - in org.apache.commons.math3.complex.ComplexUtilsTest
Running org.apache.commons.math3.complex.ComplexTest
Tests run: 138, Failures: 0, Errors: 0, Skipped: 0, Time elapsed: 0.067 sec - in org.apache.commons.math3.complex.ComplexTest
Running org.apache.commons.math3.complex.RootsOfUnityTest
Tests run: 6, Failures: 0, Errors: 0, Skipped: 0, Time elapsed: 0.012 sec - in org.apache.commons.math3.complex.RootsOfUnityTest
Running org.apache.commons.math3.ml.neuralnet.MapUtilsTest
Tests run: 2, Failures: 0, Errors: 0, Skipped: 0, Time elapsed: 0.017 sec - in org.apache.commons.math3.ml.neuralnet.MapUtilsTest
Running org.apache.commons.math3.ml.neuralnet.NeuronTest
Tests run: 6, Failures: 0, Errors: 0, Skipped: 0, Time elapsed: 0.031 sec - in org.apache.commons.math3.ml.neuralnet.NeuronTest
Running org.apache.commons.math3.ml.neuralnet.NetworkTest
Tests run: 6, Failures: 0, Errors: 0, Skipped: 0, Time elapsed: 0.024 sec - in org.apache.commons.math3.ml.neuralnet.NetworkTest
Running org.apache.commons.math3.ml.neuralnet.oned.NeuronStringTest
Tests run: 4, Failures: 0, Errors: 0, Skipped: 0, Time elapsed: 0.01 sec - in org.apache.commons.math3.ml.neuralnet.oned.NeuronStringTest
Running org.apache.commons.math3.ml.neuralnet.sofm.KohonenTrainingTaskTest
Tests run: 2, Failures: 0, Errors: 0, Skipped: 0, Time elapsed: 0.479 sec - in org.apache.commons.math3.ml.neuralnet.sofm.KohonenTrainingTaskTest
Running org.apache.commons.math3.ml.neuralnet.sofm.NeighbourhoodSizeFunctionFactoryTest
Tests run: 9, Failures: 0, Errors: 0, Skipped: 0, Time elapsed: 0.006 sec - in org.apache.commons.math3.ml.neuralnet.sofm.NeighbourhoodSizeFunctionFactoryTest
Running org.apache.commons.math3.ml.neuralnet.sofm.LearningFactorFunctionFactoryTest
Tests run: 11, Failures: 0, Errors: 0, Skipped: 0, Time elapsed: 0.004 sec - in org.apache.commons.math3.ml.neuralnet.sofm.LearningFactorFunctionFactoryTest
Running org.apache.commons.math3.ml.neuralnet.sofm.util.ExponentialDecayFunctionTest
Tests run: 5, Failures: 0, Errors: 0, Skipped: 0, Time elapsed: 0.001 sec - in org.apache.commons.math3.ml.neuralnet.sofm.util.ExponentialDecayFunctionTest
Running org.apache.commons.math3.ml.neuralnet.sofm.util.QuasiSigmoidDecayFunctionTest
Tests run: 4, Failures: 0, Errors: 0, Skipped: 0, Time elapsed: 0.001 sec - in org.apache.commons.math3.ml.neuralnet.sofm.util.QuasiSigmoidDecayFunctionTest
Running org.apache.commons.math3.ml.neuralnet.sofm.KohonenUpdateActionTest
Tests run: 1, Failures: 0, Errors: 0, Skipped: 0, Time elapsed: 0.001 sec - in org.apache.commons.math3.ml.neuralnet.sofm.KohonenUpdateActionTest
Running org.apache.commons.math3.ml.neuralnet.twod.NeuronSquareMesh2DTest
Tests run: 18, Failures: 0, Errors: 0, Skipped: 0, Time elapsed: 0.012 sec - in org.apache.commons.math3.ml.neuralnet.twod.NeuronSquareMesh2DTest
Running org.apache.commons.math3.ml.neuralnet.twod.util.LocationFinderTest
Tests run: 1, Failures: 0, Errors: 0, Skipped: 0, Time elapsed: 0.001 sec - in org.apache.commons.math3.ml.neuralnet.twod.util.LocationFinderTest
Running org.apache.commons.math3.ml.clustering.MultiKMeansPlusPlusClustererTest
Tests run: 1, Failures: 0, Errors: 0, Skipped: 0, Time elapsed: 0.004 sec - in org.apache.commons.math3.ml.clustering.MultiKMeansPlusPlusClustererTest
Running org.apache.commons.math3.ml.clustering.DBSCANClustererTest
Tests run: 7, Failures: 0, Errors: 0, Skipped: 0, Time elapsed: 0.006 sec - in org.apache.commons.math3.ml.clustering.DBSCANClustererTest
Running org.apache.commons.math3.ml.clustering.evaluation.SumOfClusterVariancesTest
Tests run: 2, Failures: 0, Errors: 0, Skipped: 0, Time elapsed: 0.002 sec - in org.apache.commons.math3.ml.clustering.evaluation.SumOfClusterVariancesTest
Running org.apache.commons.math3.ml.clustering.FuzzyKMeansClustererTest
Tests run: 6, Failures: 0, Errors: 0, Skipped: 0, Time elapsed: 0.012 sec - in org.apache.commons.math3.ml.clustering.FuzzyKMeansClustererTest
Running org.apache.commons.math3.ml.clustering.KMeansPlusPlusClustererTest
Tests run: 4, Failures: 0, Errors: 0, Skipped: 0, Time elapsed: 0.025 sec - in org.apache.commons.math3.ml.clustering.KMeansPlusPlusClustererTest
Running org.apache.commons.math3.ml.distance.ManhattanDistanceTest
Tests run: 2, Failures: 0, Errors: 0, Skipped: 0, Time elapsed: 0.001 sec - in org.apache.commons.math3.ml.distance.ManhattanDistanceTest
Running org.apache.commons.math3.ml.distance.EarthMoversDistanceTest
Tests run: 3, Failures: 0, Errors: 0, Skipped: 0, Time elapsed: 0.001 sec - in org.apache.commons.math3.ml.distance.EarthMoversDistanceTest
Running org.apache.commons.math3.ml.distance.ChebyshevDistanceTest
Tests run: 2, Failures: 0, Errors: 0, Skipped: 0, Time elapsed: 0.001 sec - in org.apache.commons.math3.ml.distance.ChebyshevDistanceTest
Running org.apache.commons.math3.ml.distance.EuclideanDistanceTest
Tests run: 2, Failures: 0, Errors: 0, Skipped: 0, Time elapsed: 0.001 sec - in org.apache.commons.math3.ml.distance.EuclideanDistanceTest
Running org.apache.commons.math3.ml.distance.CanberraDistanceTest
Tests run: 3, Failures: 0, Errors: 0, Skipped: 0, Time elapsed: 0.001 sec - in org.apache.commons.math3.ml.distance.CanberraDistanceTest
Running org.apache.commons.math3.stat.data.LewTest
Tests run: 1, Failures: 0, Errors: 1, Skipped: 0, Time elapsed: 0.014 sec <<< FAILURE! - in org.apache.commons.math3.stat.data.LewTest
testCertifiedValues(org.apache.commons.math3.stat.data.LewTest)  Time elapsed: 0.013 sec  <<< ERROR!
java.lang.NullPointerException: null
	at org.apache.commons.math3.stat.data.CertifiedDataAbstractTest.loadData(CertifiedDataAbstractTest.java:62)
	at org.apache.commons.math3.stat.data.CertifiedDataAbstractTest.setUp(CertifiedDataAbstractTest.java:54)
	at sun.reflect.NativeMethodAccessorImpl.invoke0(Native Method)
	at sun.reflect.NativeMethodAccessorImpl.invoke(NativeMethodAccessorImpl.java:62)
	at sun.reflect.DelegatingMethodAccessorImpl.invoke(DelegatingMethodAccessorImpl.java:43)
	at java.lang.reflect.Method.invoke(Method.java:498)
	at org.junit.runners.model.FrameworkMethod$1.runReflectiveCall(FrameworkMethod.java:47)
	at org.junit.internal.runners.model.ReflectiveCallable.run(ReflectiveCallable.java:12)
	at org.junit.runners.model.FrameworkMethod.invokeExplosively(FrameworkMethod.java:44)
	at org.junit.internal.runners.statements.RunBefores.evaluate(RunBefores.java:24)
	at org.junit.internal.runners.statements.RunAfters.evaluate(RunAfters.java:27)
	at org.junit.runners.ParentRunner.runLeaf(ParentRunner.java:271)
	at org.junit.runners.BlockJUnit4ClassRunner.runChild(BlockJUnit4ClassRunner.java:70)
	at org.junit.runners.BlockJUnit4ClassRunner.runChild(BlockJUnit4ClassRunner.java:50)
	at org.junit.runners.ParentRunner$3.run(ParentRunner.java:238)
	at org.junit.runners.ParentRunner$1.schedule(ParentRunner.java:63)
	at org.junit.runners.ParentRunner.runChildren(ParentRunner.java:236)
	at org.junit.runners.ParentRunner.access$000(ParentRunner.java:53)
	at org.junit.runners.ParentRunner$2.evaluate(ParentRunner.java:229)
	at org.junit.runners.ParentRunner.run(ParentRunner.java:309)
	at org.apache.maven.surefire.junit4.JUnit4Provider.execute(JUnit4Provider.java:283)
	at org.apache.maven.surefire.junit4.JUnit4Provider.executeWithRerun(JUnit4Provider.java:173)
	at org.apache.maven.surefire.junit4.JUnit4Provider.executeTestSet(JUnit4Provider.java:153)
	at org.apache.maven.surefire.junit4.JUnit4Provider.invoke(JUnit4Provider.java:128)
	at org.apache.maven.surefire.booter.ForkedBooter.invokeProviderInSameClassLoader(ForkedBooter.java:203)
	at org.apache.maven.surefire.booter.ForkedBooter.runSuitesInProcess(ForkedBooter.java:155)
	at org.apache.maven.surefire.booter.ForkedBooter.main(ForkedBooter.java:103)

Running org.apache.commons.math3.stat.data.LotteryTest
Tests run: 1, Failures: 0, Errors: 1, Skipped: 0, Time elapsed: 0.001 sec <<< FAILURE! - in org.apache.commons.math3.stat.data.LotteryTest
testCertifiedValues(org.apache.commons.math3.stat.data.LotteryTest)  Time elapsed: 0.001 sec  <<< ERROR!
java.lang.NullPointerException: null
	at org.apache.commons.math3.stat.data.CertifiedDataAbstractTest.loadData(CertifiedDataAbstractTest.java:62)
	at org.apache.commons.math3.stat.data.CertifiedDataAbstractTest.setUp(CertifiedDataAbstractTest.java:54)
	at sun.reflect.NativeMethodAccessorImpl.invoke0(Native Method)
	at sun.reflect.NativeMethodAccessorImpl.invoke(NativeMethodAccessorImpl.java:62)
	at sun.reflect.DelegatingMethodAccessorImpl.invoke(DelegatingMethodAccessorImpl.java:43)
	at java.lang.reflect.Method.invoke(Method.java:498)
	at org.junit.runners.model.FrameworkMethod$1.runReflectiveCall(FrameworkMethod.java:47)
	at org.junit.internal.runners.model.ReflectiveCallable.run(ReflectiveCallable.java:12)
	at org.junit.runners.model.FrameworkMethod.invokeExplosively(FrameworkMethod.java:44)
	at org.junit.internal.runners.statements.RunBefores.evaluate(RunBefores.java:24)
	at org.junit.internal.runners.statements.RunAfters.evaluate(RunAfters.java:27)
	at org.junit.runners.ParentRunner.runLeaf(ParentRunner.java:271)
	at org.junit.runners.BlockJUnit4ClassRunner.runChild(BlockJUnit4ClassRunner.java:70)
	at org.junit.runners.BlockJUnit4ClassRunner.runChild(BlockJUnit4ClassRunner.java:50)
	at org.junit.runners.ParentRunner$3.run(ParentRunner.java:238)
	at org.junit.runners.ParentRunner$1.schedule(ParentRunner.java:63)
	at org.junit.runners.ParentRunner.runChildren(ParentRunner.java:236)
	at org.junit.runners.ParentRunner.access$000(ParentRunner.java:53)
	at org.junit.runners.ParentRunner$2.evaluate(ParentRunner.java:229)
	at org.junit.runners.ParentRunner.run(ParentRunner.java:309)
	at org.apache.maven.surefire.junit4.JUnit4Provider.execute(JUnit4Provider.java:283)
	at org.apache.maven.surefire.junit4.JUnit4Provider.executeWithRerun(JUnit4Provider.java:173)
	at org.apache.maven.surefire.junit4.JUnit4Provider.executeTestSet(JUnit4Provider.java:153)
	at org.apache.maven.surefire.junit4.JUnit4Provider.invoke(JUnit4Provider.java:128)
	at org.apache.maven.surefire.booter.ForkedBooter.invokeProviderInSameClassLoader(ForkedBooter.java:203)
	at org.apache.maven.surefire.booter.ForkedBooter.runSuitesInProcess(ForkedBooter.java:155)
	at org.apache.maven.surefire.booter.ForkedBooter.main(ForkedBooter.java:103)

Running org.apache.commons.math3.stat.inference.KolmogorovSmirnovTestTest
Tests run: 26, Failures: 0, Errors: 0, Skipped: 0, Time elapsed: 4.115 sec - in org.apache.commons.math3.stat.inference.KolmogorovSmirnovTestTest
Running org.apache.commons.math3.stat.inference.GTestTest
Tests run: 13, Failures: 0, Errors: 0, Skipped: 0, Time elapsed: 0.011 sec - in org.apache.commons.math3.stat.inference.GTestTest
Running org.apache.commons.math3.stat.inference.TTestTest
Tests run: 6, Failures: 0, Errors: 0, Skipped: 0, Time elapsed: 0.005 sec - in org.apache.commons.math3.stat.inference.TTestTest
Running org.apache.commons.math3.stat.inference.BinomialTestTest
Tests run: 3, Failures: 0, Errors: 0, Skipped: 0, Time elapsed: 0.008 sec - in org.apache.commons.math3.stat.inference.BinomialTestTest
Running org.apache.commons.math3.stat.inference.ChiSquareTestTest
Tests run: 7, Failures: 0, Errors: 0, Skipped: 0, Time elapsed: 0.006 sec - in org.apache.commons.math3.stat.inference.ChiSquareTestTest
Running org.apache.commons.math3.stat.inference.TestUtilsTest
Tests run: 16, Failures: 0, Errors: 0, Skipped: 0, Time elapsed: 0.009 sec - in org.apache.commons.math3.stat.inference.TestUtilsTest
Running org.apache.commons.math3.stat.inference.MannWhitneyUTestTest
Tests run: 4, Failures: 0, Errors: 0, Skipped: 0, Time elapsed: 0.064 sec - in org.apache.commons.math3.stat.inference.MannWhitneyUTestTest
Running org.apache.commons.math3.stat.inference.WilcoxonSignedRankTestTest
Tests run: 2, Failures: 0, Errors: 0, Skipped: 0, Time elapsed: 0.001 sec - in org.apache.commons.math3.stat.inference.WilcoxonSignedRankTestTest
Running org.apache.commons.math3.stat.inference.OneWayAnovaTest
Tests run: 4, Failures: 0, Errors: 0, Skipped: 0, Time elapsed: 0.001 sec - in org.apache.commons.math3.stat.inference.OneWayAnovaTest
Running org.apache.commons.math3.stat.interval.IntervalUtilsTest
Tests run: 4, Failures: 0, Errors: 0, Skipped: 0, Time elapsed: 0.005 sec - in org.apache.commons.math3.stat.interval.IntervalUtilsTest
Running org.apache.commons.math3.stat.interval.AgrestiCoullIntervalTest
Tests run: 6, Failures: 0, Errors: 0, Skipped: 0, Time elapsed: 0.002 sec - in org.apache.commons.math3.stat.interval.AgrestiCoullIntervalTest
Running org.apache.commons.math3.stat.interval.ClopperPearsonIntervalTest
Tests run: 6, Failures: 0, Errors: 0, Skipped: 0, Time elapsed: 0.002 sec - in org.apache.commons.math3.stat.interval.ClopperPearsonIntervalTest
Running org.apache.commons.math3.stat.interval.NormalApproximationIntervalTest
Tests run: 6, Failures: 0, Errors: 0, Skipped: 0, Time elapsed: 0.003 sec - in org.apache.commons.math3.stat.interval.NormalApproximationIntervalTest
Running org.apache.commons.math3.stat.interval.WilsonScoreIntervalTest
Tests run: 6, Failures: 0, Errors: 0, Skipped: 0, Time elapsed: 0.002 sec - in org.apache.commons.math3.stat.interval.WilsonScoreIntervalTest
Running org.apache.commons.math3.stat.descriptive.SynchronizedMultivariateSummaryStatisticsTest
Tests run: 10, Failures: 0, Errors: 0, Skipped: 0, Time elapsed: 0.019 sec - in org.apache.commons.math3.stat.descriptive.SynchronizedMultivariateSummaryStatisticsTest
Running org.apache.commons.math3.stat.descriptive.SynchronizedDescriptiveStatisticsTest
Tests run: 12, Failures: 0, Errors: 0, Skipped: 0, Time elapsed: 0.009 sec - in org.apache.commons.math3.stat.descriptive.SynchronizedDescriptiveStatisticsTest
Running org.apache.commons.math3.stat.descriptive.DescriptiveStatisticsTest
Tests run: 12, Failures: 0, Errors: 0, Skipped: 0, Time elapsed: 0.005 sec - in org.apache.commons.math3.stat.descriptive.DescriptiveStatisticsTest
Running org.apache.commons.math3.stat.descriptive.AbstractUnivariateStatisticTest
Tests run: 2, Failures: 0, Errors: 0, Skipped: 0, Time elapsed: 0 sec - in org.apache.commons.math3.stat.descriptive.AbstractUnivariateStatisticTest
Running org.apache.commons.math3.stat.descriptive.AggregateSummaryStatisticsTest
Tests run: 6, Failures: 0, Errors: 0, Skipped: 0, Time elapsed: 0.004 sec - in org.apache.commons.math3.stat.descriptive.AggregateSummaryStatisticsTest
Running org.apache.commons.math3.stat.descriptive.rank.MaxTest
Tests run: 14, Failures: 0, Errors: 0, Skipped: 0, Time elapsed: 0.004 sec - in org.apache.commons.math3.stat.descriptive.rank.MaxTest
Running org.apache.commons.math3.stat.descriptive.rank.MedianTest
Tests run: 7, Failures: 0, Errors: 0, Skipped: 0, Time elapsed: 0.006 sec - in org.apache.commons.math3.stat.descriptive.rank.MedianTest
Running org.apache.commons.math3.stat.descriptive.rank.PercentileTest
Tests run: 46, Failures: 0, Errors: 0, Skipped: 0, Time elapsed: 0.075 sec - in org.apache.commons.math3.stat.descriptive.rank.PercentileTest
Running org.apache.commons.math3.stat.descriptive.rank.MinTest
Tests run: 14, Failures: 0, Errors: 0, Skipped: 0, Time elapsed: 0.004 sec - in org.apache.commons.math3.stat.descriptive.rank.MinTest
Running org.apache.commons.math3.stat.descriptive.rank.PSquarePercentileTest
Tests run: 53, Failures: 0, Errors: 0, Skipped: 0, Time elapsed: 7.332 sec - in org.apache.commons.math3.stat.descriptive.rank.PSquarePercentileTest
Running org.apache.commons.math3.stat.descriptive.SynchronizedSummaryStatisticsTest
Tests run: 15, Failures: 0, Errors: 0, Skipped: 0, Time elapsed: 0.012 sec - in org.apache.commons.math3.stat.descriptive.SynchronizedSummaryStatisticsTest
Running org.apache.commons.math3.stat.descriptive.MultivariateSummaryStatisticsTest
Tests run: 10, Failures: 0, Errors: 0, Skipped: 0, Time elapsed: 0.017 sec - in org.apache.commons.math3.stat.descriptive.MultivariateSummaryStatisticsTest
Running org.apache.commons.math3.stat.descriptive.moment.FourthMomentTest
Tests run: 12, Failures: 0, Errors: 0, Skipped: 0, Time elapsed: 0.005 sec - in org.apache.commons.math3.stat.descriptive.moment.FourthMomentTest
Running org.apache.commons.math3.stat.descriptive.moment.ThirdMomentTest
Tests run: 12, Failures: 0, Errors: 0, Skipped: 0, Time elapsed: 0.003 sec - in org.apache.commons.math3.stat.descriptive.moment.ThirdMomentTest
Running org.apache.commons.math3.stat.descriptive.moment.VarianceTest
Tests run: 15, Failures: 0, Errors: 0, Skipped: 0, Time elapsed: 0.004 sec - in org.apache.commons.math3.stat.descriptive.moment.VarianceTest
Running org.apache.commons.math3.stat.descriptive.moment.StandardDeviationTest
Tests run: 14, Failures: 0, Errors: 0, Skipped: 0, Time elapsed: 0.006 sec - in org.apache.commons.math3.stat.descriptive.moment.StandardDeviationTest
Running org.apache.commons.math3.stat.descriptive.moment.KurtosisTest
Tests run: 13, Failures: 0, Errors: 0, Skipped: 0, Time elapsed: 0.004 sec - in org.apache.commons.math3.stat.descriptive.moment.KurtosisTest
Running org.apache.commons.math3.stat.descriptive.moment.FirstMomentTest
Tests run: 13, Failures: 0, Errors: 0, Skipped: 0, Time elapsed: 0.003 sec - in org.apache.commons.math3.stat.descriptive.moment.FirstMomentTest
Running org.apache.commons.math3.stat.descriptive.moment.MeanTest
Tests run: 14, Failures: 0, Errors: 0, Skipped: 0, Time elapsed: 0.005 sec - in org.apache.commons.math3.stat.descriptive.moment.MeanTest
Running org.apache.commons.math3.stat.descriptive.moment.VectorialCovarianceTest
Tests run: 4, Failures: 0, Errors: 0, Skipped: 0, Time elapsed: 0.001 sec - in org.apache.commons.math3.stat.descriptive.moment.VectorialCovarianceTest
Running org.apache.commons.math3.stat.descriptive.moment.InteractionTest
Tests run: 1, Failures: 0, Errors: 0, Skipped: 0, Time elapsed: 0 sec - in org.apache.commons.math3.stat.descriptive.moment.InteractionTest
Running org.apache.commons.math3.stat.descriptive.moment.SecondMomentTest
Tests run: 12, Failures: 0, Errors: 0, Skipped: 0, Time elapsed: 0.003 sec - in org.apache.commons.math3.stat.descriptive.moment.SecondMomentTest
Running org.apache.commons.math3.stat.descriptive.moment.GeometricMeanTest
Tests run: 13, Failures: 0, Errors: 0, Skipped: 0, Time elapsed: 0.003 sec - in org.apache.commons.math3.stat.descriptive.moment.GeometricMeanTest
Running org.apache.commons.math3.stat.descriptive.moment.SkewnessTest
Tests run: 13, Failures: 0, Errors: 0, Skipped: 0, Time elapsed: 0.004 sec - in org.apache.commons.math3.stat.descriptive.moment.SkewnessTest
Running org.apache.commons.math3.stat.descriptive.moment.VectorialMeanTest
Tests run: 4, Failures: 0, Errors: 0, Skipped: 0, Time elapsed: 0.002 sec - in org.apache.commons.math3.stat.descriptive.moment.VectorialMeanTest
Running org.apache.commons.math3.stat.descriptive.moment.SemiVarianceTest
Tests run: 9, Failures: 0, Errors: 0, Skipped: 0, Time elapsed: 0.004 sec - in org.apache.commons.math3.stat.descriptive.moment.SemiVarianceTest
Running org.apache.commons.math3.stat.descriptive.StatisticalSummaryValuesTest
Tests run: 3, Failures: 0, Errors: 0, Skipped: 0, Time elapsed: 0.002 sec - in org.apache.commons.math3.stat.descriptive.StatisticalSummaryValuesTest
Running org.apache.commons.math3.stat.descriptive.ListUnivariateImplTest
Tests run: 5, Failures: 0, Errors: 0, Skipped: 0, Time elapsed: 0.007 sec - in org.apache.commons.math3.stat.descriptive.ListUnivariateImplTest
Running org.apache.commons.math3.stat.descriptive.summary.SumLogTest
Tests run: 13, Failures: 0, Errors: 0, Skipped: 0, Time elapsed: 0.005 sec - in org.apache.commons.math3.stat.descriptive.summary.SumLogTest
Running org.apache.commons.math3.stat.descriptive.summary.SumSqTest
Tests run: 13, Failures: 0, Errors: 0, Skipped: 0, Time elapsed: 0.003 sec - in org.apache.commons.math3.stat.descriptive.summary.SumSqTest
Running org.apache.commons.math3.stat.descriptive.summary.SumTest
Tests run: 14, Failures: 0, Errors: 0, Skipped: 0, Time elapsed: 0.005 sec - in org.apache.commons.math3.stat.descriptive.summary.SumTest
Running org.apache.commons.math3.stat.descriptive.summary.ProductTest
Tests run: 14, Failures: 0, Errors: 0, Skipped: 0, Time elapsed: 0.005 sec - in org.apache.commons.math3.stat.descriptive.summary.ProductTest
Running org.apache.commons.math3.stat.descriptive.MixedListUnivariateImplTest
Tests run: 4, Failures: 0, Errors: 0, Skipped: 0, Time elapsed: 0.003 sec - in org.apache.commons.math3.stat.descriptive.MixedListUnivariateImplTest
Running org.apache.commons.math3.stat.descriptive.SummaryStatisticsTest
Tests run: 15, Failures: 0, Errors: 0, Skipped: 0, Time elapsed: 0.005 sec - in org.apache.commons.math3.stat.descriptive.SummaryStatisticsTest
Running org.apache.commons.math3.stat.clustering.EuclideanIntegerPointTest
Tests run: 4, Failures: 0, Errors: 0, Skipped: 0, Time elapsed: 0.002 sec - in org.apache.commons.math3.stat.clustering.EuclideanIntegerPointTest
Running org.apache.commons.math3.stat.clustering.DBSCANClustererTest
Tests run: 7, Failures: 0, Errors: 0, Skipped: 0, Time elapsed: 0.004 sec - in org.apache.commons.math3.stat.clustering.DBSCANClustererTest
Running org.apache.commons.math3.stat.clustering.EuclideanDoublePointTest
Tests run: 4, Failures: 0, Errors: 0, Skipped: 0, Time elapsed: 0.002 sec - in org.apache.commons.math3.stat.clustering.EuclideanDoublePointTest
Running org.apache.commons.math3.stat.clustering.KMeansPlusPlusClustererTest
Tests run: 5, Failures: 0, Errors: 0, Skipped: 0, Time elapsed: 0.096 sec - in org.apache.commons.math3.stat.clustering.KMeansPlusPlusClustererTest
Running org.apache.commons.math3.stat.StatUtilsTest
Tests run: 17, Failures: 0, Errors: 0, Skipped: 0, Time elapsed: 0.006 sec - in org.apache.commons.math3.stat.StatUtilsTest
Running org.apache.commons.math3.stat.ranking.NaturalRankingTest
Tests run: 9, Failures: 0, Errors: 0, Skipped: 0, Time elapsed: 0.003 sec - in org.apache.commons.math3.stat.ranking.NaturalRankingTest
Running org.apache.commons.math3.stat.FrequencyTest
Tests run: 16, Failures: 0, Errors: 0, Skipped: 0, Time elapsed: 0.011 sec - in org.apache.commons.math3.stat.FrequencyTest
Running org.apache.commons.math3.stat.CertifiedDataTest
Tests run: 2, Failures: 2, Errors: 0, Skipped: 0, Time elapsed: 0.002 sec <<< FAILURE! - in org.apache.commons.math3.stat.CertifiedDataTest
testSummaryStatistics(org.apache.commons.math3.stat.CertifiedDataTest)  Time elapsed: 0 sec  <<< FAILURE!
java.lang.AssertionError: Could not find resource data/PiDigits.txt
	at org.junit.Assert.fail(Assert.java:88)
	at org.junit.Assert.assertTrue(Assert.java:41)
	at org.junit.Assert.assertNotNull(Assert.java:621)
	at org.apache.commons.math3.stat.CertifiedDataTest.loadStats(CertifiedDataTest.java:114)
	at org.apache.commons.math3.stat.CertifiedDataTest.testSummaryStatistics(CertifiedDataTest.java:45)

testDescriptiveStatistics(org.apache.commons.math3.stat.CertifiedDataTest)  Time elapsed: 0 sec  <<< FAILURE!
java.lang.AssertionError: Could not find resource data/PiDigits.txt
	at org.junit.Assert.fail(Assert.java:88)
	at org.junit.Assert.assertTrue(Assert.java:41)
	at org.junit.Assert.assertNotNull(Assert.java:621)
	at org.apache.commons.math3.stat.CertifiedDataTest.loadStats(CertifiedDataTest.java:114)
	at org.apache.commons.math3.stat.CertifiedDataTest.testDescriptiveStatistics(CertifiedDataTest.java:75)

Running org.apache.commons.math3.stat.regression.SimpleRegressionTest
Tests run: 22, Failures: 0, Errors: 0, Skipped: 0, Time elapsed: 0.014 sec - in org.apache.commons.math3.stat.regression.SimpleRegressionTest
Running org.apache.commons.math3.stat.regression.OLSMultipleLinearRegressionTest
Tests run: 28, Failures: 0, Errors: 0, Skipped: 0, Time elapsed: 0.016 sec - in org.apache.commons.math3.stat.regression.OLSMultipleLinearRegressionTest
Running org.apache.commons.math3.stat.regression.GLSMultipleLinearRegressionTest
Tests run: 21, Failures: 0, Errors: 0, Skipped: 0, Time elapsed: 0.358 sec - in org.apache.commons.math3.stat.regression.GLSMultipleLinearRegressionTest
Running org.apache.commons.math3.stat.regression.MillerUpdatingRegressionTest
Tests run: 17, Failures: 0, Errors: 0, Skipped: 0, Time elapsed: 0.045 sec - in org.apache.commons.math3.stat.regression.MillerUpdatingRegressionTest
Running org.apache.commons.math3.stat.correlation.PearsonsCorrelationTest
Tests run: 8, Failures: 0, Errors: 0, Skipped: 0, Time elapsed: 0.006 sec - in org.apache.commons.math3.stat.correlation.PearsonsCorrelationTest
Running org.apache.commons.math3.stat.correlation.CovarianceTest
Tests run: 6, Failures: 0, Errors: 0, Skipped: 0, Time elapsed: 0.002 sec - in org.apache.commons.math3.stat.correlation.CovarianceTest
Running org.apache.commons.math3.stat.correlation.SpearmansRankCorrelationTest
Tests run: 11, Failures: 0, Errors: 0, Skipped: 0, Time elapsed: 0.013 sec - in org.apache.commons.math3.stat.correlation.SpearmansRankCorrelationTest
Running org.apache.commons.math3.stat.correlation.KendallsCorrelationTest
Tests run: 25, Failures: 0, Errors: 0, Skipped: 0, Time elapsed: 0.36 sec - in org.apache.commons.math3.stat.correlation.KendallsCorrelationTest
Running org.apache.commons.math3.stat.correlation.StorelessCovarianceTest
Tests run: 6, Failures: 0, Errors: 0, Skipped: 0, Time elapsed: 0.005 sec - in org.apache.commons.math3.stat.correlation.StorelessCovarianceTest
Running org.apache.commons.math3.fitting.WeightedObservedPointsTest
Tests run: 5, Failures: 0, Errors: 0, Skipped: 0, Time elapsed: 0.001 sec - in org.apache.commons.math3.fitting.WeightedObservedPointsTest
Running org.apache.commons.math3.fitting.PolynomialFitterTest
Tests run: 9, Failures: 0, Errors: 0, Skipped: 0, Time elapsed: 1.541 sec - in org.apache.commons.math3.fitting.PolynomialFitterTest
Running org.apache.commons.math3.fitting.SimpleCurveFitterTest
Tests run: 1, Failures: 0, Errors: 0, Skipped: 0, Time elapsed: 0.008 sec - in org.apache.commons.math3.fitting.SimpleCurveFitterTest
Running org.apache.commons.math3.fitting.CurveFitterTest
Tests run: 3, Failures: 0, Errors: 0, Skipped: 0, Time elapsed: 0.003 sec - in org.apache.commons.math3.fitting.CurveFitterTest
Running org.apache.commons.math3.fitting.leastsquares.EvaluationTest
Tests run: 10, Failures: 0, Errors: 4, Skipped: 0, Time elapsed: 0.009 sec <<< FAILURE! - in org.apache.commons.math3.fitting.leastsquares.EvaluationTest
testComputeRMS(org.apache.commons.math3.fitting.leastsquares.EvaluationTest)  Time elapsed: 0.002 sec  <<< ERROR!
java.io.IOException: could not find resource Kirby2.dat
	at org.apache.commons.math3.fitting.leastsquares.StatisticalReferenceDatasetFactory.createBufferedReaderFromResource(StatisticalReferenceDatasetFactory.java:48)
	at org.apache.commons.math3.fitting.leastsquares.StatisticalReferenceDatasetFactory.createKirby2(StatisticalReferenceDatasetFactory.java:55)
	at org.apache.commons.math3.fitting.leastsquares.EvaluationTest.testComputeRMS(EvaluationTest.java:176)

testComputeSigma(org.apache.commons.math3.fitting.leastsquares.EvaluationTest)  Time elapsed: 0.001 sec  <<< ERROR!
java.io.IOException: could not find resource Kirby2.dat
	at org.apache.commons.math3.fitting.leastsquares.StatisticalReferenceDatasetFactory.createBufferedReaderFromResource(StatisticalReferenceDatasetFactory.java:48)
	at org.apache.commons.math3.fitting.leastsquares.StatisticalReferenceDatasetFactory.createKirby2(StatisticalReferenceDatasetFactory.java:55)
	at org.apache.commons.math3.fitting.leastsquares.EvaluationTest.testComputeSigma(EvaluationTest.java:189)

testEvaluateCopiesPoint(org.apache.commons.math3.fitting.leastsquares.EvaluationTest)  Time elapsed: 0.001 sec  <<< ERROR!
java.io.IOException: could not find resource Kirby2.dat
	at org.apache.commons.math3.fitting.leastsquares.StatisticalReferenceDatasetFactory.createBufferedReaderFromResource(StatisticalReferenceDatasetFactory.java:48)
	at org.apache.commons.math3.fitting.leastsquares.StatisticalReferenceDatasetFactory.createKirby2(StatisticalReferenceDatasetFactory.java:55)
	at org.apache.commons.math3.fitting.leastsquares.EvaluationTest.testEvaluateCopiesPoint(EvaluationTest.java:210)

testComputeCost(org.apache.commons.math3.fitting.leastsquares.EvaluationTest)  Time elapsed: 0 sec  <<< ERROR!
java.io.IOException: could not find resource Kirby2.dat
	at org.apache.commons.math3.fitting.leastsquares.StatisticalReferenceDatasetFactory.createBufferedReaderFromResource(StatisticalReferenceDatasetFactory.java:48)
	at org.apache.commons.math3.fitting.leastsquares.StatisticalReferenceDatasetFactory.createKirby2(StatisticalReferenceDatasetFactory.java:55)
	at org.apache.commons.math3.fitting.leastsquares.EvaluationTest.testComputeCost(EvaluationTest.java:163)

Running org.apache.commons.math3.fitting.leastsquares.EvaluationRmsCheckerTest
Tests run: 1, Failures: 0, Errors: 0, Skipped: 0, Time elapsed: 0.001 sec - in org.apache.commons.math3.fitting.leastsquares.EvaluationRmsCheckerTest
Running org.apache.commons.math3.fitting.leastsquares.GaussNewtonOptimizerWithCholeskyTest
Tests run: 21, Failures: 0, Errors: 2, Skipped: 0, Time elapsed: 0.037 sec <<< FAILURE! - in org.apache.commons.math3.fitting.leastsquares.GaussNewtonOptimizerWithCholeskyTest
testHahn1(org.apache.commons.math3.fitting.leastsquares.GaussNewtonOptimizerWithCholeskyTest)  Time elapsed: 0.001 sec  <<< ERROR!
java.io.IOException: could not find resource Hahn1.dat
	at org.apache.commons.math3.fitting.leastsquares.StatisticalReferenceDatasetFactory.createBufferedReaderFromResource(StatisticalReferenceDatasetFactory.java:48)
	at org.apache.commons.math3.fitting.leastsquares.StatisticalReferenceDatasetFactory.createHahn1(StatisticalReferenceDatasetFactory.java:89)
	at org.apache.commons.math3.fitting.leastsquares.AbstractLeastSquaresOptimizerAbstractTest.testHahn1(AbstractLeastSquaresOptimizerAbstractTest.java:534)
	at org.apache.commons.math3.fitting.leastsquares.GaussNewtonOptimizerWithCholeskyTest.testHahn1(GaussNewtonOptimizerWithCholeskyTest.java:124)

testKirby2(org.apache.commons.math3.fitting.leastsquares.GaussNewtonOptimizerWithCholeskyTest)  Time elapsed: 0.001 sec  <<< ERROR!
java.io.IOException: could not find resource Kirby2.dat
	at org.apache.commons.math3.fitting.leastsquares.StatisticalReferenceDatasetFactory.createBufferedReaderFromResource(StatisticalReferenceDatasetFactory.java:48)
	at org.apache.commons.math3.fitting.leastsquares.StatisticalReferenceDatasetFactory.createKirby2(StatisticalReferenceDatasetFactory.java:55)
	at org.apache.commons.math3.fitting.leastsquares.AbstractLeastSquaresOptimizerAbstractTest.testKirby2(AbstractLeastSquaresOptimizerAbstractTest.java:529)
	at sun.reflect.NativeMethodAccessorImpl.invoke0(Native Method)
	at sun.reflect.NativeMethodAccessorImpl.invoke(NativeMethodAccessorImpl.java:62)
	at sun.reflect.DelegatingMethodAccessorImpl.invoke(DelegatingMethodAccessorImpl.java:43)
	at java.lang.reflect.Method.invoke(Method.java:498)
	at org.junit.runners.model.FrameworkMethod$1.runReflectiveCall(FrameworkMethod.java:47)
	at org.junit.internal.runners.model.ReflectiveCallable.run(ReflectiveCallable.java:12)
	at org.junit.runners.model.FrameworkMethod.invokeExplosively(FrameworkMethod.java:44)
	at org.junit.internal.runners.statements.InvokeMethod.evaluate(InvokeMethod.java:17)
	at org.junit.runners.ParentRunner.runLeaf(ParentRunner.java:271)
	at org.junit.runners.BlockJUnit4ClassRunner.runChild(BlockJUnit4ClassRunner.java:70)
	at org.junit.runners.BlockJUnit4ClassRunner.runChild(BlockJUnit4ClassRunner.java:50)
	at org.junit.runners.ParentRunner$3.run(ParentRunner.java:238)
	at org.junit.runners.ParentRunner$1.schedule(ParentRunner.java:63)
	at org.junit.runners.ParentRunner.runChildren(ParentRunner.java:236)
	at org.junit.runners.ParentRunner.access$000(ParentRunner.java:53)
	at org.junit.runners.ParentRunner$2.evaluate(ParentRunner.java:229)
	at org.junit.runners.ParentRunner.run(ParentRunner.java:309)
	at org.apache.maven.surefire.junit4.JUnit4Provider.execute(JUnit4Provider.java:283)
	at org.apache.maven.surefire.junit4.JUnit4Provider.executeWithRerun(JUnit4Provider.java:173)
	at org.apache.maven.surefire.junit4.JUnit4Provider.executeTestSet(JUnit4Provider.java:153)
	at org.apache.maven.surefire.junit4.JUnit4Provider.invoke(JUnit4Provider.java:128)
	at org.apache.maven.surefire.booter.ForkedBooter.invokeProviderInSameClassLoader(ForkedBooter.java:203)
	at org.apache.maven.surefire.booter.ForkedBooter.runSuitesInProcess(ForkedBooter.java:155)
	at org.apache.maven.surefire.booter.ForkedBooter.main(ForkedBooter.java:103)

Running org.apache.commons.math3.fitting.leastsquares.MinpackTest
Tests run: 18, Failures: 0, Errors: 0, Skipped: 0, Time elapsed: 0.14 sec - in org.apache.commons.math3.fitting.leastsquares.MinpackTest
Running org.apache.commons.math3.fitting.leastsquares.GaussNewtonOptimizerWithQRTest
Tests run: 21, Failures: 0, Errors: 2, Skipped: 0, Time elapsed: 0.011 sec <<< FAILURE! - in org.apache.commons.math3.fitting.leastsquares.GaussNewtonOptimizerWithQRTest
testHahn1(org.apache.commons.math3.fitting.leastsquares.GaussNewtonOptimizerWithQRTest)  Time elapsed: 0.001 sec  <<< ERROR!
java.io.IOException: could not find resource Hahn1.dat
	at org.apache.commons.math3.fitting.leastsquares.StatisticalReferenceDatasetFactory.createBufferedReaderFromResource(StatisticalReferenceDatasetFactory.java:48)
	at org.apache.commons.math3.fitting.leastsquares.StatisticalReferenceDatasetFactory.createHahn1(StatisticalReferenceDatasetFactory.java:89)
	at org.apache.commons.math3.fitting.leastsquares.AbstractLeastSquaresOptimizerAbstractTest.testHahn1(AbstractLeastSquaresOptimizerAbstractTest.java:534)
	at org.apache.commons.math3.fitting.leastsquares.GaussNewtonOptimizerWithQRTest.testHahn1(GaussNewtonOptimizerWithQRTest.java:110)

testKirby2(org.apache.commons.math3.fitting.leastsquares.GaussNewtonOptimizerWithQRTest)  Time elapsed: 0.001 sec  <<< ERROR!
java.io.IOException: could not find resource Kirby2.dat
	at org.apache.commons.math3.fitting.leastsquares.StatisticalReferenceDatasetFactory.createBufferedReaderFromResource(StatisticalReferenceDatasetFactory.java:48)
	at org.apache.commons.math3.fitting.leastsquares.StatisticalReferenceDatasetFactory.createKirby2(StatisticalReferenceDatasetFactory.java:55)
	at org.apache.commons.math3.fitting.leastsquares.AbstractLeastSquaresOptimizerAbstractTest.testKirby2(AbstractLeastSquaresOptimizerAbstractTest.java:529)
	at sun.reflect.NativeMethodAccessorImpl.invoke0(Native Method)
	at sun.reflect.NativeMethodAccessorImpl.invoke(NativeMethodAccessorImpl.java:62)
	at sun.reflect.DelegatingMethodAccessorImpl.invoke(DelegatingMethodAccessorImpl.java:43)
	at java.lang.reflect.Method.invoke(Method.java:498)
	at org.junit.runners.model.FrameworkMethod$1.runReflectiveCall(FrameworkMethod.java:47)
	at org.junit.internal.runners.model.ReflectiveCallable.run(ReflectiveCallable.java:12)
	at org.junit.runners.model.FrameworkMethod.invokeExplosively(FrameworkMethod.java:44)
	at org.junit.internal.runners.statements.InvokeMethod.evaluate(InvokeMethod.java:17)
	at org.junit.runners.ParentRunner.runLeaf(ParentRunner.java:271)
	at org.junit.runners.BlockJUnit4ClassRunner.runChild(BlockJUnit4ClassRunner.java:70)
	at org.junit.runners.BlockJUnit4ClassRunner.runChild(BlockJUnit4ClassRunner.java:50)
	at org.junit.runners.ParentRunner$3.run(ParentRunner.java:238)
	at org.junit.runners.ParentRunner$1.schedule(ParentRunner.java:63)
	at org.junit.runners.ParentRunner.runChildren(ParentRunner.java:236)
	at org.junit.runners.ParentRunner.access$000(ParentRunner.java:53)
	at org.junit.runners.ParentRunner$2.evaluate(ParentRunner.java:229)
	at org.junit.runners.ParentRunner.run(ParentRunner.java:309)
	at org.apache.maven.surefire.junit4.JUnit4Provider.execute(JUnit4Provider.java:283)
	at org.apache.maven.surefire.junit4.JUnit4Provider.executeWithRerun(JUnit4Provider.java:173)
	at org.apache.maven.surefire.junit4.JUnit4Provider.executeTestSet(JUnit4Provider.java:153)
	at org.apache.maven.surefire.junit4.JUnit4Provider.invoke(JUnit4Provider.java:128)
	at org.apache.maven.surefire.booter.ForkedBooter.invokeProviderInSameClassLoader(ForkedBooter.java:203)
	at org.apache.maven.surefire.booter.ForkedBooter.runSuitesInProcess(ForkedBooter.java:155)
	at org.apache.maven.surefire.booter.ForkedBooter.main(ForkedBooter.java:103)

Running org.apache.commons.math3.fitting.leastsquares.LevenbergMarquardtOptimizerTest
Tests run: 25, Failures: 0, Errors: 2, Skipped: 0, Time elapsed: 0.066 sec <<< FAILURE! - in org.apache.commons.math3.fitting.leastsquares.LevenbergMarquardtOptimizerTest
testHahn1(org.apache.commons.math3.fitting.leastsquares.LevenbergMarquardtOptimizerTest)  Time elapsed: 0 sec  <<< ERROR!
java.io.IOException: could not find resource Hahn1.dat
	at org.apache.commons.math3.fitting.leastsquares.StatisticalReferenceDatasetFactory.createBufferedReaderFromResource(StatisticalReferenceDatasetFactory.java:48)
	at org.apache.commons.math3.fitting.leastsquares.StatisticalReferenceDatasetFactory.createHahn1(StatisticalReferenceDatasetFactory.java:89)
	at org.apache.commons.math3.fitting.leastsquares.AbstractLeastSquaresOptimizerAbstractTest.testHahn1(AbstractLeastSquaresOptimizerAbstractTest.java:534)
	at sun.reflect.NativeMethodAccessorImpl.invoke0(Native Method)
	at sun.reflect.NativeMethodAccessorImpl.invoke(NativeMethodAccessorImpl.java:62)
	at sun.reflect.DelegatingMethodAccessorImpl.invoke(DelegatingMethodAccessorImpl.java:43)
	at java.lang.reflect.Method.invoke(Method.java:498)
	at org.junit.runners.model.FrameworkMethod$1.runReflectiveCall(FrameworkMethod.java:47)
	at org.junit.internal.runners.model.ReflectiveCallable.run(ReflectiveCallable.java:12)
	at org.junit.runners.model.FrameworkMethod.invokeExplosively(FrameworkMethod.java:44)
	at org.junit.internal.runners.statements.InvokeMethod.evaluate(InvokeMethod.java:17)
	at org.junit.runners.ParentRunner.runLeaf(ParentRunner.java:271)
	at org.junit.runners.BlockJUnit4ClassRunner.runChild(BlockJUnit4ClassRunner.java:70)
	at org.junit.runners.BlockJUnit4ClassRunner.runChild(BlockJUnit4ClassRunner.java:50)
	at org.junit.runners.ParentRunner$3.run(ParentRunner.java:238)
	at org.junit.runners.ParentRunner$1.schedule(ParentRunner.java:63)
	at org.junit.runners.ParentRunner.runChildren(ParentRunner.java:236)
	at org.junit.runners.ParentRunner.access$000(ParentRunner.java:53)
	at org.junit.runners.ParentRunner$2.evaluate(ParentRunner.java:229)
	at org.junit.runners.ParentRunner.run(ParentRunner.java:309)
	at org.apache.maven.surefire.junit4.JUnit4Provider.execute(JUnit4Provider.java:283)
	at org.apache.maven.surefire.junit4.JUnit4Provider.executeWithRerun(JUnit4Provider.java:173)
	at org.apache.maven.surefire.junit4.JUnit4Provider.executeTestSet(JUnit4Provider.java:153)
	at org.apache.maven.surefire.junit4.JUnit4Provider.invoke(JUnit4Provider.java:128)
	at org.apache.maven.surefire.booter.ForkedBooter.invokeProviderInSameClassLoader(ForkedBooter.java:203)
	at org.apache.maven.surefire.booter.ForkedBooter.runSuitesInProcess(ForkedBooter.java:155)
	at org.apache.maven.surefire.booter.ForkedBooter.main(ForkedBooter.java:103)

testKirby2(org.apache.commons.math3.fitting.leastsquares.LevenbergMarquardtOptimizerTest)  Time elapsed: 0.001 sec  <<< ERROR!
java.io.IOException: could not find resource Kirby2.dat
	at org.apache.commons.math3.fitting.leastsquares.StatisticalReferenceDatasetFactory.createBufferedReaderFromResource(StatisticalReferenceDatasetFactory.java:48)
	at org.apache.commons.math3.fitting.leastsquares.StatisticalReferenceDatasetFactory.createKirby2(StatisticalReferenceDatasetFactory.java:55)
	at org.apache.commons.math3.fitting.leastsquares.AbstractLeastSquaresOptimizerAbstractTest.testKirby2(AbstractLeastSquaresOptimizerAbstractTest.java:529)
	at sun.reflect.NativeMethodAccessorImpl.invoke0(Native Method)
	at sun.reflect.NativeMethodAccessorImpl.invoke(NativeMethodAccessorImpl.java:62)
	at sun.reflect.DelegatingMethodAccessorImpl.invoke(DelegatingMethodAccessorImpl.java:43)
	at java.lang.reflect.Method.invoke(Method.java:498)
	at org.junit.runners.model.FrameworkMethod$1.runReflectiveCall(FrameworkMethod.java:47)
	at org.junit.internal.runners.model.ReflectiveCallable.run(ReflectiveCallable.java:12)
	at org.junit.runners.model.FrameworkMethod.invokeExplosively(FrameworkMethod.java:44)
	at org.junit.internal.runners.statements.InvokeMethod.evaluate(InvokeMethod.java:17)
	at org.junit.runners.ParentRunner.runLeaf(ParentRunner.java:271)
	at org.junit.runners.BlockJUnit4ClassRunner.runChild(BlockJUnit4ClassRunner.java:70)
	at org.junit.runners.BlockJUnit4ClassRunner.runChild(BlockJUnit4ClassRunner.java:50)
	at org.junit.runners.ParentRunner$3.run(ParentRunner.java:238)
	at org.junit.runners.ParentRunner$1.schedule(ParentRunner.java:63)
	at org.junit.runners.ParentRunner.runChildren(ParentRunner.java:236)
	at org.junit.runners.ParentRunner.access$000(ParentRunner.java:53)
	at org.junit.runners.ParentRunner$2.evaluate(ParentRunner.java:229)
	at org.junit.runners.ParentRunner.run(ParentRunner.java:309)
	at org.apache.maven.surefire.junit4.JUnit4Provider.execute(JUnit4Provider.java:283)
	at org.apache.maven.surefire.junit4.JUnit4Provider.executeWithRerun(JUnit4Provider.java:173)
	at org.apache.maven.surefire.junit4.JUnit4Provider.executeTestSet(JUnit4Provider.java:153)
	at org.apache.maven.surefire.junit4.JUnit4Provider.invoke(JUnit4Provider.java:128)
	at org.apache.maven.surefire.booter.ForkedBooter.invokeProviderInSameClassLoader(ForkedBooter.java:203)
	at org.apache.maven.surefire.booter.ForkedBooter.runSuitesInProcess(ForkedBooter.java:155)
	at org.apache.maven.surefire.booter.ForkedBooter.main(ForkedBooter.java:103)

Running org.apache.commons.math3.fitting.leastsquares.GaussNewtonOptimizerWithSVDTest
Tests run: 21, Failures: 0, Errors: 2, Skipped: 0, Time elapsed: 0.035 sec <<< FAILURE! - in org.apache.commons.math3.fitting.leastsquares.GaussNewtonOptimizerWithSVDTest
testHahn1(org.apache.commons.math3.fitting.leastsquares.GaussNewtonOptimizerWithSVDTest)  Time elapsed: 0.001 sec  <<< ERROR!
java.io.IOException: could not find resource Hahn1.dat
	at org.apache.commons.math3.fitting.leastsquares.StatisticalReferenceDatasetFactory.createBufferedReaderFromResource(StatisticalReferenceDatasetFactory.java:48)
	at org.apache.commons.math3.fitting.leastsquares.StatisticalReferenceDatasetFactory.createHahn1(StatisticalReferenceDatasetFactory.java:89)
	at org.apache.commons.math3.fitting.leastsquares.AbstractLeastSquaresOptimizerAbstractTest.testHahn1(AbstractLeastSquaresOptimizerAbstractTest.java:534)
	at org.apache.commons.math3.fitting.leastsquares.GaussNewtonOptimizerWithSVDTest.testHahn1(GaussNewtonOptimizerWithSVDTest.java:103)

testKirby2(org.apache.commons.math3.fitting.leastsquares.GaussNewtonOptimizerWithSVDTest)  Time elapsed: 0.001 sec  <<< ERROR!
java.io.IOException: could not find resource Kirby2.dat
	at org.apache.commons.math3.fitting.leastsquares.StatisticalReferenceDatasetFactory.createBufferedReaderFromResource(StatisticalReferenceDatasetFactory.java:48)
	at org.apache.commons.math3.fitting.leastsquares.StatisticalReferenceDatasetFactory.createKirby2(StatisticalReferenceDatasetFactory.java:55)
	at org.apache.commons.math3.fitting.leastsquares.AbstractLeastSquaresOptimizerAbstractTest.testKirby2(AbstractLeastSquaresOptimizerAbstractTest.java:529)
	at sun.reflect.NativeMethodAccessorImpl.invoke0(Native Method)
	at sun.reflect.NativeMethodAccessorImpl.invoke(NativeMethodAccessorImpl.java:62)
	at sun.reflect.DelegatingMethodAccessorImpl.invoke(DelegatingMethodAccessorImpl.java:43)
	at java.lang.reflect.Method.invoke(Method.java:498)
	at org.junit.runners.model.FrameworkMethod$1.runReflectiveCall(FrameworkMethod.java:47)
	at org.junit.internal.runners.model.ReflectiveCallable.run(ReflectiveCallable.java:12)
	at org.junit.runners.model.FrameworkMethod.invokeExplosively(FrameworkMethod.java:44)
	at org.junit.internal.runners.statements.InvokeMethod.evaluate(InvokeMethod.java:17)
	at org.junit.runners.ParentRunner.runLeaf(ParentRunner.java:271)
	at org.junit.runners.BlockJUnit4ClassRunner.runChild(BlockJUnit4ClassRunner.java:70)
	at org.junit.runners.BlockJUnit4ClassRunner.runChild(BlockJUnit4ClassRunner.java:50)
	at org.junit.runners.ParentRunner$3.run(ParentRunner.java:238)
	at org.junit.runners.ParentRunner$1.schedule(ParentRunner.java:63)
	at org.junit.runners.ParentRunner.runChildren(ParentRunner.java:236)
	at org.junit.runners.ParentRunner.access$000(ParentRunner.java:53)
	at org.junit.runners.ParentRunner$2.evaluate(ParentRunner.java:229)
	at org.junit.runners.ParentRunner.run(ParentRunner.java:309)
	at org.apache.maven.surefire.junit4.JUnit4Provider.execute(JUnit4Provider.java:283)
	at org.apache.maven.surefire.junit4.JUnit4Provider.executeWithRerun(JUnit4Provider.java:173)
	at org.apache.maven.surefire.junit4.JUnit4Provider.executeTestSet(JUnit4Provider.java:153)
	at org.apache.maven.surefire.junit4.JUnit4Provider.invoke(JUnit4Provider.java:128)
	at org.apache.maven.surefire.booter.ForkedBooter.invokeProviderInSameClassLoader(ForkedBooter.java:203)
	at org.apache.maven.surefire.booter.ForkedBooter.runSuitesInProcess(ForkedBooter.java:155)
	at org.apache.maven.surefire.booter.ForkedBooter.main(ForkedBooter.java:103)

Running org.apache.commons.math3.fitting.leastsquares.GaussNewtonOptimizerWithLUTest
Tests run: 21, Failures: 0, Errors: 2, Skipped: 0, Time elapsed: 0.01 sec <<< FAILURE! - in org.apache.commons.math3.fitting.leastsquares.GaussNewtonOptimizerWithLUTest
testHahn1(org.apache.commons.math3.fitting.leastsquares.GaussNewtonOptimizerWithLUTest)  Time elapsed: 0.001 sec  <<< ERROR!
java.io.IOException: could not find resource Hahn1.dat
	at org.apache.commons.math3.fitting.leastsquares.StatisticalReferenceDatasetFactory.createBufferedReaderFromResource(StatisticalReferenceDatasetFactory.java:48)
	at org.apache.commons.math3.fitting.leastsquares.StatisticalReferenceDatasetFactory.createHahn1(StatisticalReferenceDatasetFactory.java:89)
	at org.apache.commons.math3.fitting.leastsquares.AbstractLeastSquaresOptimizerAbstractTest.testHahn1(AbstractLeastSquaresOptimizerAbstractTest.java:534)
	at org.apache.commons.math3.fitting.leastsquares.GaussNewtonOptimizerWithLUTest.testHahn1(GaussNewtonOptimizerWithLUTest.java:124)

testKirby2(org.apache.commons.math3.fitting.leastsquares.GaussNewtonOptimizerWithLUTest)  Time elapsed: 0.001 sec  <<< ERROR!
java.io.IOException: could not find resource Kirby2.dat
	at org.apache.commons.math3.fitting.leastsquares.StatisticalReferenceDatasetFactory.createBufferedReaderFromResource(StatisticalReferenceDatasetFactory.java:48)
	at org.apache.commons.math3.fitting.leastsquares.StatisticalReferenceDatasetFactory.createKirby2(StatisticalReferenceDatasetFactory.java:55)
	at org.apache.commons.math3.fitting.leastsquares.AbstractLeastSquaresOptimizerAbstractTest.testKirby2(AbstractLeastSquaresOptimizerAbstractTest.java:529)
	at sun.reflect.NativeMethodAccessorImpl.invoke0(Native Method)
	at sun.reflect.NativeMethodAccessorImpl.invoke(NativeMethodAccessorImpl.java:62)
	at sun.reflect.DelegatingMethodAccessorImpl.invoke(DelegatingMethodAccessorImpl.java:43)
	at java.lang.reflect.Method.invoke(Method.java:498)
	at org.junit.runners.model.FrameworkMethod$1.runReflectiveCall(FrameworkMethod.java:47)
	at org.junit.internal.runners.model.ReflectiveCallable.run(ReflectiveCallable.java:12)
	at org.junit.runners.model.FrameworkMethod.invokeExplosively(FrameworkMethod.java:44)
	at org.junit.internal.runners.statements.InvokeMethod.evaluate(InvokeMethod.java:17)
	at org.junit.runners.ParentRunner.runLeaf(ParentRunner.java:271)
	at org.junit.runners.BlockJUnit4ClassRunner.runChild(BlockJUnit4ClassRunner.java:70)
	at org.junit.runners.BlockJUnit4ClassRunner.runChild(BlockJUnit4ClassRunner.java:50)
	at org.junit.runners.ParentRunner$3.run(ParentRunner.java:238)
	at org.junit.runners.ParentRunner$1.schedule(ParentRunner.java:63)
	at org.junit.runners.ParentRunner.runChildren(ParentRunner.java:236)
	at org.junit.runners.ParentRunner.access$000(ParentRunner.java:53)
	at org.junit.runners.ParentRunner$2.evaluate(ParentRunner.java:229)
	at org.junit.runners.ParentRunner.run(ParentRunner.java:309)
	at org.apache.maven.surefire.junit4.JUnit4Provider.execute(JUnit4Provider.java:283)
	at org.apache.maven.surefire.junit4.JUnit4Provider.executeWithRerun(JUnit4Provider.java:173)
	at org.apache.maven.surefire.junit4.JUnit4Provider.executeTestSet(JUnit4Provider.java:153)
	at org.apache.maven.surefire.junit4.JUnit4Provider.invoke(JUnit4Provider.java:128)
	at org.apache.maven.surefire.booter.ForkedBooter.invokeProviderInSameClassLoader(ForkedBooter.java:203)
	at org.apache.maven.surefire.booter.ForkedBooter.runSuitesInProcess(ForkedBooter.java:155)
	at org.apache.maven.surefire.booter.ForkedBooter.main(ForkedBooter.java:103)

Running org.apache.commons.math3.fitting.HarmonicCurveFitterTest
Tests run: 7, Failures: 0, Errors: 0, Skipped: 0, Time elapsed: 0.012 sec - in org.apache.commons.math3.fitting.HarmonicCurveFitterTest
Running org.apache.commons.math3.fitting.HarmonicFitterTest
Tests run: 7, Failures: 0, Errors: 0, Skipped: 0, Time elapsed: 0.014 sec - in org.apache.commons.math3.fitting.HarmonicFitterTest
Running org.apache.commons.math3.fitting.GaussianCurveFitterTest
Tests run: 12, Failures: 0, Errors: 0, Skipped: 0, Time elapsed: 0.029 sec - in org.apache.commons.math3.fitting.GaussianCurveFitterTest
Running org.apache.commons.math3.fitting.GaussianFitterTest
Tests run: 9, Failures: 0, Errors: 0, Skipped: 0, Time elapsed: 0.033 sec - in org.apache.commons.math3.fitting.GaussianFitterTest
Running org.apache.commons.math3.fitting.PolynomialCurveFitterTest
Tests run: 5, Failures: 0, Errors: 0, Skipped: 0, Time elapsed: 0.772 sec - in org.apache.commons.math3.fitting.PolynomialCurveFitterTest
Running org.apache.commons.math3.RetryRunnerTest
Tests run: 2, Failures: 0, Errors: 0, Skipped: 0, Time elapsed: 0 sec - in org.apache.commons.math3.RetryRunnerTest
Running org.apache.commons.math3.exception.NumberIsTooLargeExceptionTest
Tests run: 1, Failures: 0, Errors: 0, Skipped: 0, Time elapsed: 0 sec - in org.apache.commons.math3.exception.NumberIsTooLargeExceptionTest
Running org.apache.commons.math3.exception.NotStrictlyPositiveExceptionTest
Tests run: 1, Failures: 0, Errors: 0, Skipped: 0, Time elapsed: 0 sec - in org.apache.commons.math3.exception.NotStrictlyPositiveExceptionTest
Running org.apache.commons.math3.exception.DimensionMismatchExceptionTest
Tests run: 1, Failures: 0, Errors: 0, Skipped: 0, Time elapsed: 0 sec - in org.apache.commons.math3.exception.DimensionMismatchExceptionTest
Running org.apache.commons.math3.exception.NumberIsTooSmallExceptionTest
Tests run: 1, Failures: 0, Errors: 0, Skipped: 0, Time elapsed: 0 sec - in org.apache.commons.math3.exception.NumberIsTooSmallExceptionTest
Running org.apache.commons.math3.exception.MaxCountExceededExceptionTest
Tests run: 1, Failures: 0, Errors: 0, Skipped: 0, Time elapsed: 0 sec - in org.apache.commons.math3.exception.MaxCountExceededExceptionTest
Running org.apache.commons.math3.exception.NotPositiveExceptionTest
Tests run: 1, Failures: 0, Errors: 0, Skipped: 0, Time elapsed: 0 sec - in org.apache.commons.math3.exception.NotPositiveExceptionTest
Running org.apache.commons.math3.exception.TooManyEvaluationsExceptionTest
Tests run: 1, Failures: 0, Errors: 0, Skipped: 0, Time elapsed: 0 sec - in org.apache.commons.math3.exception.TooManyEvaluationsExceptionTest
Running org.apache.commons.math3.exception.OutOfRangeExceptionTest
Tests run: 1, Failures: 0, Errors: 0, Skipped: 0, Time elapsed: 0 sec - in org.apache.commons.math3.exception.OutOfRangeExceptionTest
Running org.apache.commons.math3.exception.NonMonotonicSequenceExceptionTest
Tests run: 1, Failures: 0, Errors: 0, Skipped: 0, Time elapsed: 0 sec - in org.apache.commons.math3.exception.NonMonotonicSequenceExceptionTest
Running org.apache.commons.math3.exception.util.ArgUtilsTest
Tests run: 1, Failures: 0, Errors: 0, Skipped: 0, Time elapsed: 0 sec - in org.apache.commons.math3.exception.util.ArgUtilsTest
Running org.apache.commons.math3.exception.util.ExceptionContextTest
Tests run: 5, Failures: 0, Errors: 0, Skipped: 0, Time elapsed: 0.008 sec - in org.apache.commons.math3.exception.util.ExceptionContextTest
Running org.apache.commons.math3.exception.util.LocalizedFormatsTest
Tests run: 6, Failures: 0, Errors: 2, Skipped: 0, Time elapsed: 0.089 sec <<< FAILURE! - in org.apache.commons.math3.exception.util.LocalizedFormatsTest
testAllKeysPresentInPropertiesFiles(org.apache.commons.math3.exception.util.LocalizedFormatsTest)  Time elapsed: 0 sec  <<< ERROR!
java.util.MissingResourceException: Can't find bundle for base name assets/org/apache/commons/math3/exception/util/LocalizedFormats, locale fr
	at java.util.ResourceBundle.throwMissingResourceException(ResourceBundle.java:1564)
	at java.util.ResourceBundle.getBundleImpl(ResourceBundle.java:1387)
	at java.util.ResourceBundle.getBundle(ResourceBundle.java:845)
	at org.apache.commons.math3.exception.util.LocalizedFormatsTest.testAllKeysPresentInPropertiesFiles(LocalizedFormatsTest.java:40)

testAllPropertiesCorrespondToKeys(org.apache.commons.math3.exception.util.LocalizedFormatsTest)  Time elapsed: 0.001 sec  <<< ERROR!
java.util.MissingResourceException: Can't find bundle for base name assets/org/apache/commons/math3/exception/util/LocalizedFormats, locale fr
	at java.util.ResourceBundle.throwMissingResourceException(ResourceBundle.java:1564)
	at java.util.ResourceBundle.getBundleImpl(ResourceBundle.java:1387)
	at java.util.ResourceBundle.getBundle(ResourceBundle.java:845)
	at org.apache.commons.math3.exception.util.LocalizedFormatsTest.testAllPropertiesCorrespondToKeys(LocalizedFormatsTest.java:60)

Running org.apache.commons.math3.genetics.RandomKeyMutationTest
Tests run: 1, Failures: 0, Errors: 0, Skipped: 0, Time elapsed: 0.004 sec - in org.apache.commons.math3.genetics.RandomKeyMutationTest
Running org.apache.commons.math3.genetics.GeneticAlgorithmTestBinary
Tests run: 1, Failures: 0, Errors: 0, Skipped: 0, Time elapsed: 0.044 sec - in org.apache.commons.math3.genetics.GeneticAlgorithmTestBinary
Running org.apache.commons.math3.genetics.UniformCrossoverTest
Tests run: 6, Failures: 0, Errors: 0, Skipped: 0, Time elapsed: 0.144 sec - in org.apache.commons.math3.genetics.UniformCrossoverTest
Running org.apache.commons.math3.genetics.GeneticAlgorithmTestPermutations
Tests run: 1, Failures: 0, Errors: 0, Skipped: 0, Time elapsed: 0.175 sec - in org.apache.commons.math3.genetics.GeneticAlgorithmTestPermutations
Running org.apache.commons.math3.genetics.OnePointCrossoverTest
Tests run: 1, Failures: 0, Errors: 0, Skipped: 0, Time elapsed: 0.001 sec - in org.apache.commons.math3.genetics.OnePointCrossoverTest
Running org.apache.commons.math3.genetics.CycleCrossoverTest
Tests run: 6, Failures: 0, Errors: 0, Skipped: 0, Time elapsed: 0.004 sec - in org.apache.commons.math3.genetics.CycleCrossoverTest
Running org.apache.commons.math3.genetics.OrderedCrossoverTest
Tests run: 4, Failures: 0, Errors: 0, Skipped: 0, Time elapsed: 0.001 sec - in org.apache.commons.math3.genetics.OrderedCrossoverTest
Running org.apache.commons.math3.genetics.ElitisticListPopulationTest
Tests run: 8, Failures: 0, Errors: 0, Skipped: 0, Time elapsed: 0.004 sec - in org.apache.commons.math3.genetics.ElitisticListPopulationTest
Running org.apache.commons.math3.genetics.BinaryChromosomeTest
Tests run: 3, Failures: 0, Errors: 0, Skipped: 0, Time elapsed: 0.001 sec - in org.apache.commons.math3.genetics.BinaryChromosomeTest
Running org.apache.commons.math3.genetics.BinaryMutationTest
Tests run: 1, Failures: 0, Errors: 0, Skipped: 0, Time elapsed: 0.001 sec - in org.apache.commons.math3.genetics.BinaryMutationTest
Running org.apache.commons.math3.genetics.ListPopulationTest
Tests run: 10, Failures: 0, Errors: 0, Skipped: 0, Time elapsed: 0.005 sec - in org.apache.commons.math3.genetics.ListPopulationTest
Running org.apache.commons.math3.genetics.NPointCrossoverTest
Tests run: 5, Failures: 0, Errors: 0, Skipped: 0, Time elapsed: 0.002 sec - in org.apache.commons.math3.genetics.NPointCrossoverTest
Running org.apache.commons.math3.genetics.FixedGenerationCountTest
Tests run: 1, Failures: 0, Errors: 0, Skipped: 0, Time elapsed: 0.001 sec - in org.apache.commons.math3.genetics.FixedGenerationCountTest
Running org.apache.commons.math3.genetics.TournamentSelectionTest
Tests run: 1, Failures: 0, Errors: 0, Skipped: 0, Time elapsed: 0 sec - in org.apache.commons.math3.genetics.TournamentSelectionTest
Running org.apache.commons.math3.genetics.RandomKeyTest
Tests run: 10, Failures: 0, Errors: 0, Skipped: 0, Time elapsed: 0.003 sec - in org.apache.commons.math3.genetics.RandomKeyTest
Running org.apache.commons.math3.genetics.FixedElapsedTimeTest
Tests run: 1, Failures: 0, Errors: 0, Skipped: 0, Time elapsed: 3.029 sec - in org.apache.commons.math3.genetics.FixedElapsedTimeTest
Running org.apache.commons.math3.genetics.ChromosomeTest
Tests run: 2, Failures: 0, Errors: 0, Skipped: 0, Time elapsed: 0.004 sec - in org.apache.commons.math3.genetics.ChromosomeTest
Running org.apache.commons.math3.genetics.FitnessCachingTest
Tests run: 1, Failures: 0, Errors: 0, Skipped: 0, Time elapsed: 0.013 sec - in org.apache.commons.math3.genetics.FitnessCachingTest
Running org.apache.commons.math3.optimization.SimplePointCheckerTest
Tests run: 3, Failures: 0, Errors: 0, Skipped: 0, Time elapsed: 0.003 sec - in org.apache.commons.math3.optimization.SimplePointCheckerTest
Running org.apache.commons.math3.optimization.fitting.PolynomialFitterTest
Tests run: 9, Failures: 0, Errors: 0, Skipped: 0, Time elapsed: 3.777 sec - in org.apache.commons.math3.optimization.fitting.PolynomialFitterTest
Running org.apache.commons.math3.optimization.fitting.CurveFitterTest
Tests run: 3, Failures: 0, Errors: 0, Skipped: 0, Time elapsed: 0.004 sec - in org.apache.commons.math3.optimization.fitting.CurveFitterTest
Running org.apache.commons.math3.optimization.fitting.HarmonicFitterTest
Tests run: 7, Failures: 0, Errors: 0, Skipped: 0, Time elapsed: 0.025 sec - in org.apache.commons.math3.optimization.fitting.HarmonicFitterTest
Running org.apache.commons.math3.optimization.fitting.GaussianFitterTest
Tests run: 9, Failures: 0, Errors: 0, Skipped: 0, Time elapsed: 0.064 sec - in org.apache.commons.math3.optimization.fitting.GaussianFitterTest
Running org.apache.commons.math3.optimization.general.MinpackTest
Tests run: 18, Failures: 0, Errors: 0, Skipped: 0, Time elapsed: 0.617 sec - in org.apache.commons.math3.optimization.general.MinpackTest
Running org.apache.commons.math3.optimization.general.GaussNewtonOptimizerTest
Tests run: 19, Failures: 0, Errors: 2, Skipped: 0, Time elapsed: 0.053 sec <<< FAILURE! - in org.apache.commons.math3.optimization.general.GaussNewtonOptimizerTest
testHahn1(org.apache.commons.math3.optimization.general.GaussNewtonOptimizerTest)  Time elapsed: 0 sec  <<< ERROR!
java.lang.Exception: Unexpected exception, expected<org.apache.commons.math3.exception.ConvergenceException> but was<java.io.IOException>
	at org.apache.commons.math3.optimization.general.StatisticalReferenceDatasetFactory.createBufferedReaderFromResource(StatisticalReferenceDatasetFactory.java:50)
	at org.apache.commons.math3.optimization.general.StatisticalReferenceDatasetFactory.createHahn1(StatisticalReferenceDatasetFactory.java:78)
	at org.apache.commons.math3.optimization.general.AbstractLeastSquaresOptimizerAbstractTest.testHahn1(AbstractLeastSquaresOptimizerAbstractTest.java:493)
	at org.apache.commons.math3.optimization.general.GaussNewtonOptimizerTest.testHahn1(GaussNewtonOptimizerTest.java:150)

testKirby2(org.apache.commons.math3.optimization.general.GaussNewtonOptimizerTest)  Time elapsed: 0.001 sec  <<< ERROR!
java.io.IOException: could not find resource Kirby2.dat
	at org.apache.commons.math3.optimization.general.StatisticalReferenceDatasetFactory.createBufferedReaderFromResource(StatisticalReferenceDatasetFactory.java:50)
	at org.apache.commons.math3.optimization.general.StatisticalReferenceDatasetFactory.createKirby2(StatisticalReferenceDatasetFactory.java:57)
	at org.apache.commons.math3.optimization.general.AbstractLeastSquaresOptimizerAbstractTest.testKirby2(AbstractLeastSquaresOptimizerAbstractTest.java:488)
	at sun.reflect.NativeMethodAccessorImpl.invoke0(Native Method)
	at sun.reflect.NativeMethodAccessorImpl.invoke(NativeMethodAccessorImpl.java:62)
	at sun.reflect.DelegatingMethodAccessorImpl.invoke(DelegatingMethodAccessorImpl.java:43)
	at java.lang.reflect.Method.invoke(Method.java:498)
	at org.junit.runners.model.FrameworkMethod$1.runReflectiveCall(FrameworkMethod.java:47)
	at org.junit.internal.runners.model.ReflectiveCallable.run(ReflectiveCallable.java:12)
	at org.junit.runners.model.FrameworkMethod.invokeExplosively(FrameworkMethod.java:44)
	at org.junit.internal.runners.statements.InvokeMethod.evaluate(InvokeMethod.java:17)
	at org.junit.runners.ParentRunner.runLeaf(ParentRunner.java:271)
	at org.junit.runners.BlockJUnit4ClassRunner.runChild(BlockJUnit4ClassRunner.java:70)
	at org.junit.runners.BlockJUnit4ClassRunner.runChild(BlockJUnit4ClassRunner.java:50)
	at org.junit.runners.ParentRunner$3.run(ParentRunner.java:238)
	at org.junit.runners.ParentRunner$1.schedule(ParentRunner.java:63)
	at org.junit.runners.ParentRunner.runChildren(ParentRunner.java:236)
	at org.junit.runners.ParentRunner.access$000(ParentRunner.java:53)
	at org.junit.runners.ParentRunner$2.evaluate(ParentRunner.java:229)
	at org.junit.runners.ParentRunner.run(ParentRunner.java:309)
	at org.apache.maven.surefire.junit4.JUnit4Provider.execute(JUnit4Provider.java:283)
	at org.apache.maven.surefire.junit4.JUnit4Provider.executeWithRerun(JUnit4Provider.java:173)
	at org.apache.maven.surefire.junit4.JUnit4Provider.executeTestSet(JUnit4Provider.java:153)
	at org.apache.maven.surefire.junit4.JUnit4Provider.invoke(JUnit4Provider.java:128)
	at org.apache.maven.surefire.booter.ForkedBooter.invokeProviderInSameClassLoader(ForkedBooter.java:203)
	at org.apache.maven.surefire.booter.ForkedBooter.runSuitesInProcess(ForkedBooter.java:155)
	at org.apache.maven.surefire.booter.ForkedBooter.main(ForkedBooter.java:103)

Running org.apache.commons.math3.optimization.general.LevenbergMarquardtOptimizerTest
Tests run: 22, Failures: 0, Errors: 2, Skipped: 1, Time elapsed: 0.023 sec <<< FAILURE! - in org.apache.commons.math3.optimization.general.LevenbergMarquardtOptimizerTest
testHahn1(org.apache.commons.math3.optimization.general.LevenbergMarquardtOptimizerTest)  Time elapsed: 0.001 sec  <<< ERROR!
java.io.IOException: could not find resource Hahn1.dat
	at org.apache.commons.math3.optimization.general.StatisticalReferenceDatasetFactory.createBufferedReaderFromResource(StatisticalReferenceDatasetFactory.java:50)
	at org.apache.commons.math3.optimization.general.StatisticalReferenceDatasetFactory.createHahn1(StatisticalReferenceDatasetFactory.java:78)
	at org.apache.commons.math3.optimization.general.AbstractLeastSquaresOptimizerAbstractTest.testHahn1(AbstractLeastSquaresOptimizerAbstractTest.java:493)
	at sun.reflect.NativeMethodAccessorImpl.invoke0(Native Method)
	at sun.reflect.NativeMethodAccessorImpl.invoke(NativeMethodAccessorImpl.java:62)
	at sun.reflect.DelegatingMethodAccessorImpl.invoke(DelegatingMethodAccessorImpl.java:43)
	at java.lang.reflect.Method.invoke(Method.java:498)
	at org.junit.runners.model.FrameworkMethod$1.runReflectiveCall(FrameworkMethod.java:47)
	at org.junit.internal.runners.model.ReflectiveCallable.run(ReflectiveCallable.java:12)
	at org.junit.runners.model.FrameworkMethod.invokeExplosively(FrameworkMethod.java:44)
	at org.junit.internal.runners.statements.InvokeMethod.evaluate(InvokeMethod.java:17)
	at org.junit.runners.ParentRunner.runLeaf(ParentRunner.java:271)
	at org.junit.runners.BlockJUnit4ClassRunner.runChild(BlockJUnit4ClassRunner.java:70)
	at org.junit.runners.BlockJUnit4ClassRunner.runChild(BlockJUnit4ClassRunner.java:50)
	at org.junit.runners.ParentRunner$3.run(ParentRunner.java:238)
	at org.junit.runners.ParentRunner$1.schedule(ParentRunner.java:63)
	at org.junit.runners.ParentRunner.runChildren(ParentRunner.java:236)
	at org.junit.runners.ParentRunner.access$000(ParentRunner.java:53)
	at org.junit.runners.ParentRunner$2.evaluate(ParentRunner.java:229)
	at org.junit.runners.ParentRunner.run(ParentRunner.java:309)
	at org.apache.maven.surefire.junit4.JUnit4Provider.execute(JUnit4Provider.java:283)
	at org.apache.maven.surefire.junit4.JUnit4Provider.executeWithRerun(JUnit4Provider.java:173)
	at org.apache.maven.surefire.junit4.JUnit4Provider.executeTestSet(JUnit4Provider.java:153)
	at org.apache.maven.surefire.junit4.JUnit4Provider.invoke(JUnit4Provider.java:128)
	at org.apache.maven.surefire.booter.ForkedBooter.invokeProviderInSameClassLoader(ForkedBooter.java:203)
	at org.apache.maven.surefire.booter.ForkedBooter.runSuitesInProcess(ForkedBooter.java:155)
	at org.apache.maven.surefire.booter.ForkedBooter.main(ForkedBooter.java:103)

testKirby2(org.apache.commons.math3.optimization.general.LevenbergMarquardtOptimizerTest)  Time elapsed: 0.001 sec  <<< ERROR!
java.io.IOException: could not find resource Kirby2.dat
	at org.apache.commons.math3.optimization.general.StatisticalReferenceDatasetFactory.createBufferedReaderFromResource(StatisticalReferenceDatasetFactory.java:50)
	at org.apache.commons.math3.optimization.general.StatisticalReferenceDatasetFactory.createKirby2(StatisticalReferenceDatasetFactory.java:57)
	at org.apache.commons.math3.optimization.general.AbstractLeastSquaresOptimizerAbstractTest.testKirby2(AbstractLeastSquaresOptimizerAbstractTest.java:488)
	at sun.reflect.NativeMethodAccessorImpl.invoke0(Native Method)
	at sun.reflect.NativeMethodAccessorImpl.invoke(NativeMethodAccessorImpl.java:62)
	at sun.reflect.DelegatingMethodAccessorImpl.invoke(DelegatingMethodAccessorImpl.java:43)
	at java.lang.reflect.Method.invoke(Method.java:498)
	at org.junit.runners.model.FrameworkMethod$1.runReflectiveCall(FrameworkMethod.java:47)
	at org.junit.internal.runners.model.ReflectiveCallable.run(ReflectiveCallable.java:12)
	at org.junit.runners.model.FrameworkMethod.invokeExplosively(FrameworkMethod.java:44)
	at org.junit.internal.runners.statements.InvokeMethod.evaluate(InvokeMethod.java:17)
	at org.junit.runners.ParentRunner.runLeaf(ParentRunner.java:271)
	at org.junit.runners.BlockJUnit4ClassRunner.runChild(BlockJUnit4ClassRunner.java:70)
	at org.junit.runners.BlockJUnit4ClassRunner.runChild(BlockJUnit4ClassRunner.java:50)
	at org.junit.runners.ParentRunner$3.run(ParentRunner.java:238)
	at org.junit.runners.ParentRunner$1.schedule(ParentRunner.java:63)
	at org.junit.runners.ParentRunner.runChildren(ParentRunner.java:236)
	at org.junit.runners.ParentRunner.access$000(ParentRunner.java:53)
	at org.junit.runners.ParentRunner$2.evaluate(ParentRunner.java:229)
	at org.junit.runners.ParentRunner.run(ParentRunner.java:309)
	at org.apache.maven.surefire.junit4.JUnit4Provider.execute(JUnit4Provider.java:283)
	at org.apache.maven.surefire.junit4.JUnit4Provider.executeWithRerun(JUnit4Provider.java:173)
	at org.apache.maven.surefire.junit4.JUnit4Provider.executeTestSet(JUnit4Provider.java:153)
	at org.apache.maven.surefire.junit4.JUnit4Provider.invoke(JUnit4Provider.java:128)
	at org.apache.maven.surefire.booter.ForkedBooter.invokeProviderInSameClassLoader(ForkedBooter.java:203)
	at org.apache.maven.surefire.booter.ForkedBooter.runSuitesInProcess(ForkedBooter.java:155)
	at org.apache.maven.surefire.booter.ForkedBooter.main(ForkedBooter.java:103)

Running org.apache.commons.math3.optimization.general.NonLinearConjugateGradientOptimizerTest
Tests run: 12, Failures: 0, Errors: 0, Skipped: 0, Time elapsed: 0.023 sec - in org.apache.commons.math3.optimization.general.NonLinearConjugateGradientOptimizerTest
Running org.apache.commons.math3.optimization.general.AbstractLeastSquaresOptimizerTest
Tests run: 3, Failures: 0, Errors: 3, Skipped: 0, Time elapsed: 0.002 sec <<< FAILURE! - in org.apache.commons.math3.optimization.general.AbstractLeastSquaresOptimizerTest
testComputeSigma(org.apache.commons.math3.optimization.general.AbstractLeastSquaresOptimizerTest)  Time elapsed: 0 sec  <<< ERROR!
java.io.IOException: could not find resource Kirby2.dat
	at org.apache.commons.math3.optimization.general.StatisticalReferenceDatasetFactory.createBufferedReaderFromResource(StatisticalReferenceDatasetFactory.java:50)
	at org.apache.commons.math3.optimization.general.StatisticalReferenceDatasetFactory.createKirby2(StatisticalReferenceDatasetFactory.java:57)
	at org.apache.commons.math3.optimization.general.AbstractLeastSquaresOptimizerTest.testComputeSigma(AbstractLeastSquaresOptimizerTest.java:81)

testGetChiSquare(org.apache.commons.math3.optimization.general.AbstractLeastSquaresOptimizerTest)  Time elapsed: 0.001 sec  <<< ERROR!
java.io.IOException: could not find resource Kirby2.dat
	at org.apache.commons.math3.optimization.general.StatisticalReferenceDatasetFactory.createBufferedReaderFromResource(StatisticalReferenceDatasetFactory.java:50)
	at org.apache.commons.math3.optimization.general.StatisticalReferenceDatasetFactory.createKirby2(StatisticalReferenceDatasetFactory.java:57)
	at org.apache.commons.math3.optimization.general.AbstractLeastSquaresOptimizerTest.testGetChiSquare(AbstractLeastSquaresOptimizerTest.java:43)

testGetRMS(org.apache.commons.math3.optimization.general.AbstractLeastSquaresOptimizerTest)  Time elapsed: 0 sec  <<< ERROR!
java.io.IOException: could not find resource Kirby2.dat
	at org.apache.commons.math3.optimization.general.StatisticalReferenceDatasetFactory.createBufferedReaderFromResource(StatisticalReferenceDatasetFactory.java:50)
	at org.apache.commons.math3.optimization.general.StatisticalReferenceDatasetFactory.createKirby2(StatisticalReferenceDatasetFactory.java:57)
	at org.apache.commons.math3.optimization.general.AbstractLeastSquaresOptimizerTest.testGetRMS(AbstractLeastSquaresOptimizerTest.java:61)

Running org.apache.commons.math3.optimization.direct.MultivariateFunctionPenaltyAdapterTest
Tests run: 5, Failures: 0, Errors: 0, Skipped: 0, Time elapsed: 0.013 sec - in org.apache.commons.math3.optimization.direct.MultivariateFunctionPenaltyAdapterTest
Running org.apache.commons.math3.optimization.direct.BOBYQAOptimizerTest
Tests run: 19, Failures: 0, Errors: 0, Skipped: 1, Time elapsed: 5.763 sec - in org.apache.commons.math3.optimization.direct.BOBYQAOptimizerTest
Running org.apache.commons.math3.optimization.direct.SimplexOptimizerMultiDirectionalTest
Tests run: 7, Failures: 0, Errors: 0, Skipped: 0, Time elapsed: 0.009 sec - in org.apache.commons.math3.optimization.direct.SimplexOptimizerMultiDirectionalTest
Running org.apache.commons.math3.optimization.direct.PowellOptimizerTest
Tests run: 4, Failures: 0, Errors: 0, Skipped: 0, Time elapsed: 0.008 sec - in org.apache.commons.math3.optimization.direct.PowellOptimizerTest
Running org.apache.commons.math3.optimization.direct.CMAESOptimizerTest
Tests run: 24, Failures: 0, Errors: 0, Skipped: 0, Time elapsed: 5.817 sec - in org.apache.commons.math3.optimization.direct.CMAESOptimizerTest
Running org.apache.commons.math3.optimization.direct.MultivariateFunctionMappingAdapterTest
Tests run: 4, Failures: 0, Errors: 0, Skipped: 0, Time elapsed: 0.007 sec - in org.apache.commons.math3.optimization.direct.MultivariateFunctionMappingAdapterTest
Running org.apache.commons.math3.optimization.direct.SimplexOptimizerNelderMeadTest
Tests run: 10, Failures: 0, Errors: 0, Skipped: 0, Time elapsed: 0.013 sec - in org.apache.commons.math3.optimization.direct.SimplexOptimizerNelderMeadTest
Running org.apache.commons.math3.optimization.MultivariateDifferentiableVectorMultiStartOptimizerTest
Tests run: 2, Failures: 0, Errors: 0, Skipped: 0, Time elapsed: 0.005 sec - in org.apache.commons.math3.optimization.MultivariateDifferentiableVectorMultiStartOptimizerTest
Running org.apache.commons.math3.optimization.linear.SimplexTableauTest
Tests run: 4, Failures: 0, Errors: 0, Skipped: 0, Time elapsed: 0.007 sec - in org.apache.commons.math3.optimization.linear.SimplexTableauTest
Running org.apache.commons.math3.optimization.linear.SimplexSolverTest
Tests run: 26, Failures: 0, Errors: 0, Skipped: 0, Time elapsed: 0.108 sec - in org.apache.commons.math3.optimization.linear.SimplexSolverTest
Running org.apache.commons.math3.optimization.univariate.BracketFinderTest
Tests run: 4, Failures: 0, Errors: 0, Skipped: 0, Time elapsed: 0.002 sec - in org.apache.commons.math3.optimization.univariate.BracketFinderTest
Running org.apache.commons.math3.optimization.univariate.SimpleUnivariateValueCheckerTest
Tests run: 3, Failures: 0, Errors: 0, Skipped: 0, Time elapsed: 0.001 sec - in org.apache.commons.math3.optimization.univariate.SimpleUnivariateValueCheckerTest
Running org.apache.commons.math3.optimization.univariate.BrentOptimizerTest
Tests run: 10, Failures: 0, Errors: 0, Skipped: 0, Time elapsed: 0.013 sec - in org.apache.commons.math3.optimization.univariate.BrentOptimizerTest
Running org.apache.commons.math3.optimization.univariate.UnivariateMultiStartOptimizerTest
Tests run: 3, Failures: 0, Errors: 0, Skipped: 0, Time elapsed: 0.004 sec - in org.apache.commons.math3.optimization.univariate.UnivariateMultiStartOptimizerTest
Running org.apache.commons.math3.optimization.MultivariateDifferentiableMultiStartOptimizerTest
Tests run: 1, Failures: 0, Errors: 0, Skipped: 0, Time elapsed: 0.013 sec - in org.apache.commons.math3.optimization.MultivariateDifferentiableMultiStartOptimizerTest
Running org.apache.commons.math3.optimization.MultivariateMultiStartOptimizerTest
Tests run: 1, Failures: 0, Errors: 0, Skipped: 0, Time elapsed: 0.002 sec - in org.apache.commons.math3.optimization.MultivariateMultiStartOptimizerTest
Running org.apache.commons.math3.optimization.PointValuePairTest
Tests run: 1, Failures: 0, Errors: 0, Skipped: 0, Time elapsed: 0.002 sec - in org.apache.commons.math3.optimization.PointValuePairTest
Running org.apache.commons.math3.optimization.PointVectorValuePairTest
Tests run: 1, Failures: 0, Errors: 0, Skipped: 0, Time elapsed: 0.002 sec - in org.apache.commons.math3.optimization.PointVectorValuePairTest
Running org.apache.commons.math3.optimization.SimpleValueCheckerTest
Tests run: 3, Failures: 0, Errors: 0, Skipped: 0, Time elapsed: 0.001 sec - in org.apache.commons.math3.optimization.SimpleValueCheckerTest
Running org.apache.commons.math3.optimization.SimpleVectorValueCheckerTest
Tests run: 3, Failures: 0, Errors: 0, Skipped: 0, Time elapsed: 0.005 sec - in org.apache.commons.math3.optimization.SimpleVectorValueCheckerTest
Running org.apache.commons.math3.dfp.DfpMathTest
Tests run: 2, Failures: 0, Errors: 0, Skipped: 0, Time elapsed: 0.2 sec - in org.apache.commons.math3.dfp.DfpMathTest
Running org.apache.commons.math3.dfp.BracketingNthOrderBrentSolverDFPTest
Tests run: 4, Failures: 0, Errors: 0, Skipped: 0, Time elapsed: 0.798 sec - in org.apache.commons.math3.dfp.BracketingNthOrderBrentSolverDFPTest
Running org.apache.commons.math3.dfp.DfpTest
Tests run: 78, Failures: 0, Errors: 0, Skipped: 0, Time elapsed: 0.643 sec - in org.apache.commons.math3.dfp.DfpTest
Running org.apache.commons.math3.dfp.DfpDecTest
Tests run: 3, Failures: 0, Errors: 0, Skipped: 0, Time elapsed: 0.007 sec - in org.apache.commons.math3.dfp.DfpDecTest
Running org.apache.commons.math3.analysis.differentiation.SparseGradientTest
Tests run: 120, Failures: 0, Errors: 0, Skipped: 0, Time elapsed: 0.453 sec - in org.apache.commons.math3.analysis.differentiation.SparseGradientTest
Running org.apache.commons.math3.analysis.differentiation.DerivativeStructureTest
Tests run: 124, Failures: 0, Errors: 0, Skipped: 0, Time elapsed: 0.861 sec - in org.apache.commons.math3.analysis.differentiation.DerivativeStructureTest
Running org.apache.commons.math3.analysis.differentiation.GradientFunctionTest
Tests run: 2, Failures: 0, Errors: 0, Skipped: 0, Time elapsed: 0.073 sec - in org.apache.commons.math3.analysis.differentiation.GradientFunctionTest
Running org.apache.commons.math3.analysis.differentiation.DSCompilerTest
Tests run: 7, Failures: 0, Errors: 0, Skipped: 0, Time elapsed: 0.016 sec - in org.apache.commons.math3.analysis.differentiation.DSCompilerTest
Running org.apache.commons.math3.analysis.differentiation.JacobianFunctionTest
Tests run: 1, Failures: 0, Errors: 0, Skipped: 0, Time elapsed: 0.01 sec - in org.apache.commons.math3.analysis.differentiation.JacobianFunctionTest
Running org.apache.commons.math3.analysis.differentiation.FiniteDifferencesDifferentiatorTest
Tests run: 16, Failures: 0, Errors: 0, Skipped: 0, Time elapsed: 0.048 sec - in org.apache.commons.math3.analysis.differentiation.FiniteDifferencesDifferentiatorTest
Running org.apache.commons.math3.analysis.polynomials.PolynomialFunctionTest
Tests run: 11, Failures: 0, Errors: 0, Skipped: 0, Time elapsed: 0.002 sec - in org.apache.commons.math3.analysis.polynomials.PolynomialFunctionTest
Running org.apache.commons.math3.analysis.polynomials.PolynomialsUtilsTest
Tests run: 18, Failures: 0, Errors: 0, Skipped: 0, Time elapsed: 0.522 sec - in org.apache.commons.math3.analysis.polynomials.PolynomialsUtilsTest
Running org.apache.commons.math3.analysis.polynomials.PolynomialSplineFunctionTest
Tests run: 3, Failures: 0, Errors: 0, Skipped: 0, Time elapsed: 0.001 sec - in org.apache.commons.math3.analysis.polynomials.PolynomialSplineFunctionTest
Running org.apache.commons.math3.analysis.polynomials.PolynomialFunctionLagrangeFormTest
Tests run: 4, Failures: 0, Errors: 0, Skipped: 0, Time elapsed: 0.001 sec - in org.apache.commons.math3.analysis.polynomials.PolynomialFunctionLagrangeFormTest
Running org.apache.commons.math3.analysis.polynomials.PolynomialFunctionNewtonFormTest
Tests run: 5, Failures: 0, Errors: 0, Skipped: 0, Time elapsed: 0.002 sec - in org.apache.commons.math3.analysis.polynomials.PolynomialFunctionNewtonFormTest
Running org.apache.commons.math3.analysis.interpolation.NevilleInterpolatorTest
Tests run: 3, Failures: 0, Errors: 0, Skipped: 0, Time elapsed: 0.001 sec - in org.apache.commons.math3.analysis.interpolation.NevilleInterpolatorTest
Running org.apache.commons.math3.analysis.interpolation.HermiteInterpolatorTest
Tests run: 11, Failures: 0, Errors: 0, Skipped: 0, Time elapsed: 0.025 sec - in org.apache.commons.math3.analysis.interpolation.HermiteInterpolatorTest
Running org.apache.commons.math3.analysis.interpolation.UnivariatePeriodicInterpolatorTest
Tests run: 5, Failures: 0, Errors: 0, Skipped: 0, Time elapsed: 0.003 sec - in org.apache.commons.math3.analysis.interpolation.UnivariatePeriodicInterpolatorTest
Running org.apache.commons.math3.analysis.interpolation.MicrosphereInterpolatorTest
Tests run: 2, Failures: 0, Errors: 0, Skipped: 0, Time elapsed: 0.075 sec - in org.apache.commons.math3.analysis.interpolation.MicrosphereInterpolatorTest
Running org.apache.commons.math3.analysis.interpolation.AkimaSplineInterpolatorTest
Tests run: 4, Failures: 0, Errors: 0, Skipped: 0, Time elapsed: 0.002 sec - in org.apache.commons.math3.analysis.interpolation.AkimaSplineInterpolatorTest
Running org.apache.commons.math3.analysis.interpolation.LoessInterpolatorTest
Tests run: 20, Failures: 0, Errors: 0, Skipped: 0, Time elapsed: 0.02 sec - in org.apache.commons.math3.analysis.interpolation.LoessInterpolatorTest
Running org.apache.commons.math3.analysis.interpolation.FieldHermiteInterpolatorTest
Tests run: 12, Failures: 0, Errors: 0, Skipped: 0, Time elapsed: 0.805 sec - in org.apache.commons.math3.analysis.interpolation.FieldHermiteInterpolatorTest
Running org.apache.commons.math3.analysis.interpolation.PiecewiseBicubicSplineInterpolatingFunctionTest
Tests run: 3, Failures: 0, Errors: 0, Skipped: 0, Time elapsed: 0.01 sec - in org.apache.commons.math3.analysis.interpolation.PiecewiseBicubicSplineInterpolatingFunctionTest
Running org.apache.commons.math3.analysis.interpolation.BicubicSplineInterpolatingFunctionTest
Tests run: 8, Failures: 0, Errors: 0, Skipped: 4, Time elapsed: 0.011 sec - in org.apache.commons.math3.analysis.interpolation.BicubicSplineInterpolatingFunctionTest
Running org.apache.commons.math3.analysis.interpolation.BicubicInterpolatorTest
Tests run: 3, Failures: 0, Errors: 0, Skipped: 0, Time elapsed: 0.013 sec - in org.apache.commons.math3.analysis.interpolation.BicubicInterpolatorTest
Running org.apache.commons.math3.analysis.interpolation.TricubicSplineInterpolatingFunctionTest
Tests run: 3, Failures: 0, Errors: 0, Skipped: 0, Time elapsed: 0.012 sec - in org.apache.commons.math3.analysis.interpolation.TricubicSplineInterpolatingFunctionTest
Running org.apache.commons.math3.analysis.interpolation.DividedDifferenceInterpolatorTest
Tests run: 3, Failures: 0, Errors: 0, Skipped: 0, Time elapsed: 0.002 sec - in org.apache.commons.math3.analysis.interpolation.DividedDifferenceInterpolatorTest
Running org.apache.commons.math3.analysis.interpolation.MicrosphereProjectionInterpolatorTest
Tests run: 1, Failures: 0, Errors: 0, Skipped: 0, Time elapsed: 0.017 sec - in org.apache.commons.math3.analysis.interpolation.MicrosphereProjectionInterpolatorTest
Running org.apache.commons.math3.analysis.interpolation.BicubicInterpolatingFunctionTest
Tests run: 4, Failures: 0, Errors: 0, Skipped: 0, Time elapsed: 0.005 sec - in org.apache.commons.math3.analysis.interpolation.BicubicInterpolatingFunctionTest
Running org.apache.commons.math3.analysis.interpolation.LinearInterpolatorTest
Tests run: 4, Failures: 0, Errors: 0, Skipped: 0, Time elapsed: 0.001 sec - in org.apache.commons.math3.analysis.interpolation.LinearInterpolatorTest
Running org.apache.commons.math3.analysis.interpolation.TricubicInterpolatorTest
Tests run: 3, Failures: 0, Errors: 0, Skipped: 0, Time elapsed: 0.013 sec - in org.apache.commons.math3.analysis.interpolation.TricubicInterpolatorTest
Running org.apache.commons.math3.analysis.interpolation.TricubicInterpolatingFunctionTest
Tests run: 4, Failures: 0, Errors: 0, Skipped: 0, Time elapsed: 0.348 sec - in org.apache.commons.math3.analysis.interpolation.TricubicInterpolatingFunctionTest
Running org.apache.commons.math3.analysis.interpolation.BicubicSplineInterpolatorTest
Tests run: 3, Failures: 0, Errors: 0, Skipped: 0, Time elapsed: 0.008 sec - in org.apache.commons.math3.analysis.interpolation.BicubicSplineInterpolatorTest
Running org.apache.commons.math3.analysis.interpolation.PiecewiseBicubicSplineInterpolatorTest
Tests run: 3, Failures: 0, Errors: 0, Skipped: 0, Time elapsed: 0.022 sec - in org.apache.commons.math3.analysis.interpolation.PiecewiseBicubicSplineInterpolatorTest
Running org.apache.commons.math3.analysis.interpolation.SmoothingPolynomialBicubicSplineInterpolatorTest
Tests run: 3, Failures: 0, Errors: 0, Skipped: 0, Time elapsed: 0.008 sec - in org.apache.commons.math3.analysis.interpolation.SmoothingPolynomialBicubicSplineInterpolatorTest
Running org.apache.commons.math3.analysis.interpolation.TricubicSplineInterpolatorTest
Tests run: 3, Failures: 0, Errors: 0, Skipped: 2, Time elapsed: 0.008 sec - in org.apache.commons.math3.analysis.interpolation.TricubicSplineInterpolatorTest
Running org.apache.commons.math3.analysis.interpolation.SplineInterpolatorTest
Tests run: 5, Failures: 0, Errors: 0, Skipped: 0, Time elapsed: 0 sec - in org.apache.commons.math3.analysis.interpolation.SplineInterpolatorTest
Running org.apache.commons.math3.analysis.function.LogitTest
Tests run: 15, Failures: 0, Errors: 0, Skipped: 0, Time elapsed: 0.003 sec - in org.apache.commons.math3.analysis.function.LogitTest
Running org.apache.commons.math3.analysis.function.GaussianTest
Tests run: 14, Failures: 0, Errors: 0, Skipped: 0, Time elapsed: 0.002 sec - in org.apache.commons.math3.analysis.function.GaussianTest
Running org.apache.commons.math3.analysis.function.SqrtTest
Tests run: 3, Failures: 0, Errors: 0, Skipped: 0, Time elapsed: 0.007 sec - in org.apache.commons.math3.analysis.function.SqrtTest
Running org.apache.commons.math3.analysis.function.StepFunctionTest
Tests run: 9, Failures: 0, Errors: 0, Skipped: 0, Time elapsed: 0.001 sec - in org.apache.commons.math3.analysis.function.StepFunctionTest
Running org.apache.commons.math3.analysis.function.SincTest
Tests run: 8, Failures: 0, Errors: 0, Skipped: 0, Time elapsed: 0.02 sec - in org.apache.commons.math3.analysis.function.SincTest
Running org.apache.commons.math3.analysis.function.LogisticTest
Tests run: 14, Failures: 0, Errors: 0, Skipped: 0, Time elapsed: 0.004 sec - in org.apache.commons.math3.analysis.function.LogisticTest
Running org.apache.commons.math3.analysis.function.HarmonicOscillatorTest
Tests run: 8, Failures: 0, Errors: 0, Skipped: 0, Time elapsed: 0.001 sec - in org.apache.commons.math3.analysis.function.HarmonicOscillatorTest
Running org.apache.commons.math3.analysis.function.SigmoidTest
Tests run: 9, Failures: 0, Errors: 0, Skipped: 0, Time elapsed: 0.001 sec - in org.apache.commons.math3.analysis.function.SigmoidTest
Running org.apache.commons.math3.analysis.solvers.MullerSolverTest
Tests run: 4, Failures: 0, Errors: 0, Skipped: 0, Time elapsed: 0.002 sec - in org.apache.commons.math3.analysis.solvers.MullerSolverTest
Running org.apache.commons.math3.analysis.solvers.FieldBracketingNthOrderBrentSolverTest
Tests run: 4, Failures: 0, Errors: 0, Skipped: 0, Time elapsed: 0.633 sec - in org.apache.commons.math3.analysis.solvers.FieldBracketingNthOrderBrentSolverTest
Running org.apache.commons.math3.analysis.solvers.BisectionSolverTest
Tests run: 3, Failures: 0, Errors: 0, Skipped: 0, Time elapsed: 0.002 sec - in org.apache.commons.math3.analysis.solvers.BisectionSolverTest
Running org.apache.commons.math3.analysis.solvers.SecantSolverTest
Tests run: 8, Failures: 0, Errors: 0, Skipped: 0, Time elapsed: 0.006 sec - in org.apache.commons.math3.analysis.solvers.SecantSolverTest
Running org.apache.commons.math3.analysis.solvers.RegulaFalsiSolverTest
Tests run: 9, Failures: 0, Errors: 0, Skipped: 0, Time elapsed: 0.009 sec - in org.apache.commons.math3.analysis.solvers.RegulaFalsiSolverTest
Running org.apache.commons.math3.analysis.solvers.LaguerreSolverTest
Tests run: 8, Failures: 0, Errors: 0, Skipped: 0, Time elapsed: 0.007 sec - in org.apache.commons.math3.analysis.solvers.LaguerreSolverTest
Running org.apache.commons.math3.analysis.solvers.MullerSolver2Test
Tests run: 4, Failures: 0, Errors: 0, Skipped: 0, Time elapsed: 0.001 sec - in org.apache.commons.math3.analysis.solvers.MullerSolver2Test
Running org.apache.commons.math3.analysis.solvers.BrentSolverTest
Tests run: 6, Failures: 0, Errors: 0, Skipped: 0, Time elapsed: 0.004 sec - in org.apache.commons.math3.analysis.solvers.BrentSolverTest
Running org.apache.commons.math3.analysis.solvers.IllinoisSolverTest
Tests run: 8, Failures: 0, Errors: 0, Skipped: 0, Time elapsed: 0.005 sec - in org.apache.commons.math3.analysis.solvers.IllinoisSolverTest
Running org.apache.commons.math3.analysis.solvers.NewtonRaphsonSolverTest
Tests run: 2, Failures: 0, Errors: 0, Skipped: 0, Time elapsed: 0.001 sec - in org.apache.commons.math3.analysis.solvers.NewtonRaphsonSolverTest
Running org.apache.commons.math3.analysis.solvers.PegasusSolverTest
Tests run: 8, Failures: 0, Errors: 0, Skipped: 0, Time elapsed: 0 sec - in org.apache.commons.math3.analysis.solvers.PegasusSolverTest
Running org.apache.commons.math3.analysis.solvers.RiddersSolverTest
Tests run: 4, Failures: 0, Errors: 0, Skipped: 0, Time elapsed: 0.001 sec - in org.apache.commons.math3.analysis.solvers.RiddersSolverTest
Running org.apache.commons.math3.analysis.solvers.UnivariateSolverUtilsTest
Tests run: 22, Failures: 0, Errors: 0, Skipped: 0, Time elapsed: 0.003 sec - in org.apache.commons.math3.analysis.solvers.UnivariateSolverUtilsTest
Running org.apache.commons.math3.analysis.solvers.BracketingNthOrderBrentSolverTest
Tests run: 15, Failures: 0, Errors: 0, Skipped: 0, Time elapsed: 0.006 sec - in org.apache.commons.math3.analysis.solvers.BracketingNthOrderBrentSolverTest
Running org.apache.commons.math3.analysis.solvers.NewtonSolverTest
Tests run: 2, Failures: 0, Errors: 0, Skipped: 0, Time elapsed: 0.003 sec - in org.apache.commons.math3.analysis.solvers.NewtonSolverTest
Running org.apache.commons.math3.analysis.integration.MidPointIntegratorTest
Tests run: 4, Failures: 0, Errors: 0, Skipped: 0, Time elapsed: 0.133 sec - in org.apache.commons.math3.analysis.integration.MidPointIntegratorTest
Running org.apache.commons.math3.analysis.integration.TrapezoidIntegratorTest
Tests run: 3, Failures: 0, Errors: 0, Skipped: 0, Time elapsed: 0.001 sec - in org.apache.commons.math3.analysis.integration.TrapezoidIntegratorTest
Running org.apache.commons.math3.analysis.integration.LegendreGaussIntegratorTest
Tests run: 4, Failures: 0, Errors: 0, Skipped: 0, Time elapsed: 0.293 sec - in org.apache.commons.math3.analysis.integration.LegendreGaussIntegratorTest
Running org.apache.commons.math3.analysis.integration.RombergIntegratorTest
Tests run: 3, Failures: 0, Errors: 0, Skipped: 0, Time elapsed: 0 sec - in org.apache.commons.math3.analysis.integration.RombergIntegratorTest
Running org.apache.commons.math3.analysis.integration.IterativeLegendreGaussIntegratorTest
Tests run: 5, Failures: 0, Errors: 0, Skipped: 0, Time elapsed: 0.883 sec - in org.apache.commons.math3.analysis.integration.IterativeLegendreGaussIntegratorTest
Running org.apache.commons.math3.analysis.integration.SimpsonIntegratorTest
Tests run: 3, Failures: 0, Errors: 0, Skipped: 0, Time elapsed: 0.004 sec - in org.apache.commons.math3.analysis.integration.SimpsonIntegratorTest
Running org.apache.commons.math3.analysis.integration.gauss.LegendreHighPrecisionTest
Tests run: 2, Failures: 0, Errors: 0, Skipped: 0, Time elapsed: 5.579 sec - in org.apache.commons.math3.analysis.integration.gauss.LegendreHighPrecisionTest
Running org.apache.commons.math3.analysis.integration.gauss.BaseRuleFactoryTest
Tests run: 1, Failures: 0, Errors: 0, Skipped: 0, Time elapsed: 0.034 sec - in org.apache.commons.math3.analysis.integration.gauss.BaseRuleFactoryTest
Running org.apache.commons.math3.analysis.integration.gauss.LegendreHighPrecisionParametricTest
Tests run: 30, Failures: 0, Errors: 0, Skipped: 0, Time elapsed: 0.712 sec - in org.apache.commons.math3.analysis.integration.gauss.LegendreHighPrecisionParametricTest
Running org.apache.commons.math3.analysis.integration.gauss.HermiteParametricTest
Tests run: 30, Failures: 0, Errors: 0, Skipped: 0, Time elapsed: 0.022 sec - in org.apache.commons.math3.analysis.integration.gauss.HermiteParametricTest
Running org.apache.commons.math3.analysis.integration.gauss.LegendreParametricTest
Tests run: 30, Failures: 0, Errors: 0, Skipped: 0, Time elapsed: 0.015 sec - in org.apache.commons.math3.analysis.integration.gauss.LegendreParametricTest
Running org.apache.commons.math3.analysis.integration.gauss.HermiteTest
Tests run: 3, Failures: 0, Errors: 0, Skipped: 0, Time elapsed: 0.002 sec - in org.apache.commons.math3.analysis.integration.gauss.HermiteTest
Running org.apache.commons.math3.analysis.integration.gauss.LegendreTest
Tests run: 2, Failures: 0, Errors: 0, Skipped: 0, Time elapsed: 0.023 sec - in org.apache.commons.math3.analysis.integration.gauss.LegendreTest
Running org.apache.commons.math3.analysis.integration.gauss.GaussIntegratorTest
Tests run: 3, Failures: 0, Errors: 0, Skipped: 0, Time elapsed: 0.001 sec - in org.apache.commons.math3.analysis.integration.gauss.GaussIntegratorTest
Running org.apache.commons.math3.analysis.FunctionUtilsTest
Tests run: 18, Failures: 0, Errors: 0, Skipped: 0, Time elapsed: 0.021 sec - in org.apache.commons.math3.analysis.FunctionUtilsTest
Running org.apache.commons.math3.filter.KalmanFilterTest
Tests run: 5, Failures: 0, Errors: 0, Skipped: 0, Time elapsed: 0.007 sec - in org.apache.commons.math3.filter.KalmanFilterTest
Running org.apache.commons.math3.fraction.FractionTest
Tests run: 26, Failures: 0, Errors: 0, Skipped: 0, Time elapsed: 0.011 sec - in org.apache.commons.math3.fraction.FractionTest
Running org.apache.commons.math3.fraction.BigFractionTest
Tests run: 29, Failures: 0, Errors: 0, Skipped: 0, Time elapsed: 0.018 sec - in org.apache.commons.math3.fraction.BigFractionTest
Running org.apache.commons.math3.fraction.BigFractionFieldTest
Tests run: 3, Failures: 0, Errors: 0, Skipped: 0, Time elapsed: 0.001 sec - in org.apache.commons.math3.fraction.BigFractionFieldTest
Running org.apache.commons.math3.fraction.FractionFieldTest
Tests run: 3, Failures: 0, Errors: 0, Skipped: 0, Time elapsed: 0.002 sec - in org.apache.commons.math3.fraction.FractionFieldTest
Running org.apache.commons.math3.fraction.FractionFormatTest
Tests run: 22, Failures: 0, Errors: 0, Skipped: 0, Time elapsed: 0.02 sec - in org.apache.commons.math3.fraction.FractionFormatTest
Running org.apache.commons.math3.fraction.BigFractionFormatTest
Tests run: 19, Failures: 0, Errors: 0, Skipped: 0, Time elapsed: 0.018 sec - in org.apache.commons.math3.fraction.BigFractionFormatTest
Running org.apache.commons.math3.distribution.EnumeratedRealDistributionTest
Tests run: 15, Failures: 0, Errors: 0, Skipped: 0, Time elapsed: 0.078 sec - in org.apache.commons.math3.distribution.EnumeratedRealDistributionTest
Running org.apache.commons.math3.distribution.HypergeometricDistributionTest
Tests run: 17, Failures: 0, Errors: 0, Skipped: 0, Time elapsed: 0.047 sec - in org.apache.commons.math3.distribution.HypergeometricDistributionTest
Running org.apache.commons.math3.distribution.LaplaceDistributionTest
Tests run: 13, Failures: 0, Errors: 0, Skipped: 0, Time elapsed: 0.062 sec - in org.apache.commons.math3.distribution.LaplaceDistributionTest
Running org.apache.commons.math3.distribution.ExponentialDistributionTest
Tests run: 18, Failures: 0, Errors: 0, Skipped: 0, Time elapsed: 0.013 sec - in org.apache.commons.math3.distribution.ExponentialDistributionTest
Running org.apache.commons.math3.distribution.WeibullDistributionTest
Tests run: 16, Failures: 0, Errors: 0, Skipped: 0, Time elapsed: 0.033 sec - in org.apache.commons.math3.distribution.WeibullDistributionTest
Running org.apache.commons.math3.distribution.EnumeratedIntegerDistributionTest
Tests run: 10, Failures: 0, Errors: 0, Skipped: 0, Time elapsed: 0.085 sec - in org.apache.commons.math3.distribution.EnumeratedIntegerDistributionTest
Running org.apache.commons.math3.distribution.fitting.MultivariateNormalMixtureExpectationMaximizationTest
Tests run: 9, Failures: 0, Errors: 0, Skipped: 0, Time elapsed: 0.055 sec - in org.apache.commons.math3.distribution.fitting.MultivariateNormalMixtureExpectationMaximizationTest
Running org.apache.commons.math3.distribution.BetaDistributionTest
Tests run: 5, Failures: 0, Errors: 0, Skipped: 0, Time elapsed: 0.158 sec - in org.apache.commons.math3.distribution.BetaDistributionTest
Running org.apache.commons.math3.distribution.UniformIntegerDistributionTest
Tests run: 9, Failures: 0, Errors: 0, Skipped: 0, Time elapsed: 0.002 sec - in org.apache.commons.math3.distribution.UniformIntegerDistributionTest
Running org.apache.commons.math3.distribution.KolmogorovSmirnovDistributionTest
Tests run: 1, Failures: 0, Errors: 0, Skipped: 0, Time elapsed: 0.041 sec - in org.apache.commons.math3.distribution.KolmogorovSmirnovDistributionTest
Running org.apache.commons.math3.distribution.PoissonDistributionTest
Tests run: 15, Failures: 0, Errors: 0, Skipped: 0, Time elapsed: 0.012 sec - in org.apache.commons.math3.distribution.PoissonDistributionTest
Running org.apache.commons.math3.distribution.NormalDistributionTest
Tests run: 21, Failures: 0, Errors: 0, Skipped: 0, Time elapsed: 0.011 sec - in org.apache.commons.math3.distribution.NormalDistributionTest
Running org.apache.commons.math3.distribution.CauchyDistributionTest
Tests run: 16, Failures: 0, Errors: 0, Skipped: 0, Time elapsed: 0.014 sec - in org.apache.commons.math3.distribution.CauchyDistributionTest
Running org.apache.commons.math3.distribution.TDistributionTest
Tests run: 19, Failures: 0, Errors: 0, Skipped: 0, Time elapsed: 0.02 sec - in org.apache.commons.math3.distribution.TDistributionTest
Running org.apache.commons.math3.distribution.GeometricDistributionTest
Tests run: 8, Failures: 0, Errors: 0, Skipped: 0, Time elapsed: 0.005 sec - in org.apache.commons.math3.distribution.GeometricDistributionTest
Running org.apache.commons.math3.distribution.ZipfDistributionTest
Tests run: 15, Failures: 0, Errors: 0, Skipped: 1, Time elapsed: 0.218 sec - in org.apache.commons.math3.distribution.ZipfDistributionTest
Running org.apache.commons.math3.distribution.AbstractRealDistributionTest
Tests run: 2, Failures: 0, Errors: 0, Skipped: 0, Time elapsed: 0.093 sec - in org.apache.commons.math3.distribution.AbstractRealDistributionTest
Running org.apache.commons.math3.distribution.GammaDistributionTest
Tests run: 24, Failures: 6, Errors: 0, Skipped: 0, Time elapsed: 0.017 sec <<< FAILURE! - in org.apache.commons.math3.distribution.GammaDistributionTest
testMath753Shape100(org.apache.commons.math3.distribution.GammaDistributionTest)  Time elapsed: 0.001 sec  <<< FAILURE!
java.lang.AssertionError: Could not find resource gamma-distribution-shape-100.csv
	at org.junit.Assert.fail(Assert.java:88)
	at org.junit.Assert.assertTrue(Assert.java:41)
	at org.junit.Assert.assertNotNull(Assert.java:621)
	at org.apache.commons.math3.distribution.GammaDistributionTest.doTestMath753(GammaDistributionTest.java:233)
	at org.apache.commons.math3.distribution.GammaDistributionTest.testMath753Shape100(GammaDistributionTest.java:346)

testMath753Shape142(org.apache.commons.math3.distribution.GammaDistributionTest)  Time elapsed: 0.003 sec  <<< FAILURE!
java.lang.AssertionError: Could not find resource gamma-distribution-shape-142.csv
	at org.junit.Assert.fail(Assert.java:88)
	at org.junit.Assert.assertTrue(Assert.java:41)
	at org.junit.Assert.assertNotNull(Assert.java:621)
	at org.apache.commons.math3.distribution.GammaDistributionTest.doTestMath753(GammaDistributionTest.java:233)
	at org.apache.commons.math3.distribution.GammaDistributionTest.testMath753Shape142(GammaDistributionTest.java:351)

testMath753Shape10(org.apache.commons.math3.distribution.GammaDistributionTest)  Time elapsed: 0.001 sec  <<< FAILURE!
java.lang.AssertionError: Could not find resource gamma-distribution-shape-10.csv
	at org.junit.Assert.fail(Assert.java:88)
	at org.junit.Assert.assertTrue(Assert.java:41)
	at org.junit.Assert.assertNotNull(Assert.java:621)
	at org.apache.commons.math3.distribution.GammaDistributionTest.doTestMath753(GammaDistributionTest.java:233)
	at org.apache.commons.math3.distribution.GammaDistributionTest.testMath753Shape10(GammaDistributionTest.java:341)

testMath753Shape1(org.apache.commons.math3.distribution.GammaDistributionTest)  Time elapsed: 0 sec  <<< FAILURE!
java.lang.AssertionError: Could not find resource gamma-distribution-shape-1.csv
	at org.junit.Assert.fail(Assert.java:88)
	at org.junit.Assert.assertTrue(Assert.java:41)
	at org.junit.Assert.assertNotNull(Assert.java:621)
	at org.apache.commons.math3.distribution.GammaDistributionTest.doTestMath753(GammaDistributionTest.java:233)
	at org.apache.commons.math3.distribution.GammaDistributionTest.testMath753Shape1(GammaDistributionTest.java:331)

testMath753Shape8(org.apache.commons.math3.distribution.GammaDistributionTest)  Time elapsed: 0.001 sec  <<< FAILURE!
java.lang.AssertionError: Could not find resource gamma-distribution-shape-8.csv
	at org.junit.Assert.fail(Assert.java:88)
	at org.junit.Assert.assertTrue(Assert.java:41)
	at org.junit.Assert.assertNotNull(Assert.java:621)
	at org.apache.commons.math3.distribution.GammaDistributionTest.doTestMath753(GammaDistributionTest.java:233)
	at org.apache.commons.math3.distribution.GammaDistributionTest.testMath753Shape8(GammaDistributionTest.java:336)

testMath753Shape1000(org.apache.commons.math3.distribution.GammaDistributionTest)  Time elapsed: 0.002 sec  <<< FAILURE!
java.lang.AssertionError: Could not find resource gamma-distribution-shape-1000.csv
	at org.junit.Assert.fail(Assert.java:88)
	at org.junit.Assert.assertTrue(Assert.java:41)
	at org.junit.Assert.assertNotNull(Assert.java:621)
	at org.apache.commons.math3.distribution.GammaDistributionTest.doTestMath753(GammaDistributionTest.java:233)
	at org.apache.commons.math3.distribution.GammaDistributionTest.testMath753Shape1000(GammaDistributionTest.java:356)

Running org.apache.commons.math3.distribution.NakagamiDistributionTest
Tests run: 13, Failures: 0, Errors: 0, Skipped: 0, Time elapsed: 0.013 sec - in org.apache.commons.math3.distribution.NakagamiDistributionTest
Running org.apache.commons.math3.distribution.MultivariateNormalDistributionTest
Tests run: 5, Failures: 0, Errors: 0, Skipped: 0, Time elapsed: 0.19 sec - in org.apache.commons.math3.distribution.MultivariateNormalDistributionTest
Running org.apache.commons.math3.distribution.LevyDistributionTest
Tests run: 13, Failures: 0, Errors: 0, Skipped: 0, Time elapsed: 0.009 sec - in org.apache.commons.math3.distribution.LevyDistributionTest
Running org.apache.commons.math3.distribution.UniformRealDistributionTest
Tests run: 17, Failures: 0, Errors: 0, Skipped: 0, Time elapsed: 0.005 sec - in org.apache.commons.math3.distribution.UniformRealDistributionTest
Running org.apache.commons.math3.distribution.LogNormalDistributionTest
Tests run: 20, Failures: 0, Errors: 0, Skipped: 0, Time elapsed: 0.063 sec - in org.apache.commons.math3.distribution.LogNormalDistributionTest
Running org.apache.commons.math3.distribution.BinomialDistributionTest
Tests run: 12, Failures: 0, Errors: 0, Skipped: 0, Time elapsed: 0.108 sec - in org.apache.commons.math3.distribution.BinomialDistributionTest
Running org.apache.commons.math3.distribution.ChiSquaredDistributionTest
Tests run: 15, Failures: 0, Errors: 0, Skipped: 0, Time elapsed: 0.01 sec - in org.apache.commons.math3.distribution.ChiSquaredDistributionTest
Running org.apache.commons.math3.distribution.LogisticsDistributionTest
Tests run: 13, Failures: 0, Errors: 0, Skipped: 0, Time elapsed: 0.004 sec - in org.apache.commons.math3.distribution.LogisticsDistributionTest
Running org.apache.commons.math3.distribution.FDistributionTest
Tests run: 19, Failures: 0, Errors: 0, Skipped: 0, Time elapsed: 0.03 sec - in org.apache.commons.math3.distribution.FDistributionTest
Running org.apache.commons.math3.distribution.TriangularDistributionTest
Tests run: 18, Failures: 0, Errors: 0, Skipped: 0, Time elapsed: 0.023 sec - in org.apache.commons.math3.distribution.TriangularDistributionTest
Running org.apache.commons.math3.distribution.AbstractIntegerDistributionTest
Tests run: 3, Failures: 0, Errors: 0, Skipped: 0, Time elapsed: 0 sec - in org.apache.commons.math3.distribution.AbstractIntegerDistributionTest
Running org.apache.commons.math3.distribution.GumbelDistributionTest
Tests run: 13, Failures: 0, Errors: 0, Skipped: 0, Time elapsed: 0.007 sec - in org.apache.commons.math3.distribution.GumbelDistributionTest
Running org.apache.commons.math3.distribution.MultivariateNormalMixtureModelDistributionTest
Tests run: 5, Failures: 0, Errors: 0, Skipped: 0, Time elapsed: 0.002 sec - in org.apache.commons.math3.distribution.MultivariateNormalMixtureModelDistributionTest
Running org.apache.commons.math3.distribution.ConstantRealDistributionTest
Tests run: 12, Failures: 0, Errors: 0, Skipped: 0, Time elapsed: 0.002 sec - in org.apache.commons.math3.distribution.ConstantRealDistributionTest
Running org.apache.commons.math3.distribution.PascalDistributionTest
Tests run: 10, Failures: 0, Errors: 0, Skipped: 0, Time elapsed: 0.006 sec - in org.apache.commons.math3.distribution.PascalDistributionTest
Running org.apache.commons.math3.distribution.ParetoDistributionTest
Tests run: 19, Failures: 0, Errors: 0, Skipped: 0, Time elapsed: 0.019 sec - in org.apache.commons.math3.distribution.ParetoDistributionTest
Running org.apache.commons.math3.geometry.partitioning.utilities.AVLTreeTest
Tests run: 5, Failures: 0, Errors: 0, Skipped: 0, Time elapsed: 0.002 sec - in org.apache.commons.math3.geometry.partitioning.utilities.AVLTreeTest
Running org.apache.commons.math3.geometry.spherical.oned.ArcTest
Tests run: 5, Failures: 0, Errors: 0, Skipped: 0, Time elapsed: 0.001 sec - in org.apache.commons.math3.geometry.spherical.oned.ArcTest
Running org.apache.commons.math3.geometry.spherical.oned.S1PointTest
Tests run: 5, Failures: 0, Errors: 0, Skipped: 0, Time elapsed: 0.002 sec - in org.apache.commons.math3.geometry.spherical.oned.S1PointTest
Running org.apache.commons.math3.geometry.spherical.oned.Sphere1Test
Tests run: 3, Failures: 0, Errors: 0, Skipped: 0, Time elapsed: 0.001 sec - in org.apache.commons.math3.geometry.spherical.oned.Sphere1Test
Running org.apache.commons.math3.geometry.spherical.oned.ArcsSetTest
Tests run: 27, Failures: 0, Errors: 0, Skipped: 0, Time elapsed: 0.03 sec - in org.apache.commons.math3.geometry.spherical.oned.ArcsSetTest
Running org.apache.commons.math3.geometry.spherical.oned.LimitAngleTest
Tests run: 1, Failures: 0, Errors: 0, Skipped: 0, Time elapsed: 0 sec - in org.apache.commons.math3.geometry.spherical.oned.LimitAngleTest
Running org.apache.commons.math3.geometry.spherical.twod.SubCircleTest
Tests run: 4, Failures: 0, Errors: 0, Skipped: 0, Time elapsed: 0.002 sec - in org.apache.commons.math3.geometry.spherical.twod.SubCircleTest
Running org.apache.commons.math3.geometry.spherical.twod.S2PointTest
Tests run: 7, Failures: 0, Errors: 0, Skipped: 0, Time elapsed: 0.002 sec - in org.apache.commons.math3.geometry.spherical.twod.S2PointTest
Running org.apache.commons.math3.geometry.spherical.twod.SphericalPolygonsSetTest
Tests run: 11, Failures: 0, Errors: 0, Skipped: 0, Time elapsed: 0.136 sec - in org.apache.commons.math3.geometry.spherical.twod.SphericalPolygonsSetTest
Running org.apache.commons.math3.geometry.spherical.twod.CircleTest
Tests run: 9, Failures: 0, Errors: 0, Skipped: 0, Time elapsed: 0.012 sec - in org.apache.commons.math3.geometry.spherical.twod.CircleTest
Running org.apache.commons.math3.geometry.enclosing.WelzlEncloser2DTest
Tests run: 7, Failures: 0, Errors: 0, Skipped: 0, Time elapsed: 0.186 sec - in org.apache.commons.math3.geometry.enclosing.WelzlEncloser2DTest
Running org.apache.commons.math3.geometry.enclosing.WelzlEncloser3DTest
Tests run: 5, Failures: 0, Errors: 0, Skipped: 0, Time elapsed: 0.295 sec - in org.apache.commons.math3.geometry.enclosing.WelzlEncloser3DTest
Running org.apache.commons.math3.geometry.euclidean.threed.Vector3DTest
Tests run: 33, Failures: 0, Errors: 0, Skipped: 0, Time elapsed: 0.02 sec - in org.apache.commons.math3.geometry.euclidean.threed.Vector3DTest
Running org.apache.commons.math3.geometry.euclidean.threed.SphereGeneratorTest
Tests run: 7, Failures: 0, Errors: 0, Skipped: 0, Time elapsed: 0.072 sec - in org.apache.commons.math3.geometry.euclidean.threed.SphereGeneratorTest
Running org.apache.commons.math3.geometry.euclidean.threed.SubLineTest
Tests run: 13, Failures: 0, Errors: 0, Skipped: 0, Time elapsed: 0.009 sec - in org.apache.commons.math3.geometry.euclidean.threed.SubLineTest
Running org.apache.commons.math3.geometry.euclidean.threed.FieldRotationDfpTest
Tests run: 26, Failures: 0, Errors: 0, Skipped: 0, Time elapsed: 2.045 sec - in org.apache.commons.math3.geometry.euclidean.threed.FieldRotationDfpTest
Running org.apache.commons.math3.geometry.euclidean.threed.RotationTest
Tests run: 26, Failures: 0, Errors: 0, Skipped: 0, Time elapsed: 0.175 sec - in org.apache.commons.math3.geometry.euclidean.threed.RotationTest
Running org.apache.commons.math3.geometry.euclidean.threed.FrenchVector3DFormatTest
Tests run: 28, Failures: 0, Errors: 0, Skipped: 0, Time elapsed: 0.005 sec - in org.apache.commons.math3.geometry.euclidean.threed.FrenchVector3DFormatTest
Running org.apache.commons.math3.geometry.euclidean.threed.Vector3DFormatTest
Tests run: 28, Failures: 0, Errors: 0, Skipped: 0, Time elapsed: 0.005 sec - in org.apache.commons.math3.geometry.euclidean.threed.Vector3DFormatTest
Running org.apache.commons.math3.geometry.euclidean.threed.RotationOrderTest
Tests run: 1, Failures: 0, Errors: 0, Skipped: 0, Time elapsed: 0 sec - in org.apache.commons.math3.geometry.euclidean.threed.RotationOrderTest
Running org.apache.commons.math3.geometry.euclidean.threed.LineTest
Tests run: 7, Failures: 0, Errors: 0, Skipped: 0, Time elapsed: 0 sec - in org.apache.commons.math3.geometry.euclidean.threed.LineTest
Running org.apache.commons.math3.geometry.euclidean.threed.PlaneTest
Tests run: 10, Failures: 0, Errors: 0, Skipped: 0, Time elapsed: 0.001 sec - in org.apache.commons.math3.geometry.euclidean.threed.PlaneTest
Running org.apache.commons.math3.geometry.euclidean.threed.FieldRotationDSTest
Tests run: 27, Failures: 0, Errors: 0, Skipped: 0, Time elapsed: 2.992 sec - in org.apache.commons.math3.geometry.euclidean.threed.FieldRotationDSTest
Running org.apache.commons.math3.geometry.euclidean.threed.FieldVector3DTest
Tests run: 31, Failures: 0, Errors: 0, Skipped: 0, Time elapsed: 0.079 sec - in org.apache.commons.math3.geometry.euclidean.threed.FieldVector3DTest
Running org.apache.commons.math3.geometry.euclidean.threed.PolyhedronsSetTest
Tests run: 16, Failures: 0, Errors: 6, Skipped: 0, Time elapsed: 0.068 sec <<< FAILURE! - in org.apache.commons.math3.geometry.euclidean.threed.PolyhedronsSetTest
testOrientation(org.apache.commons.math3.geometry.euclidean.threed.PolyhedronsSetTest)  Time elapsed: 0.001 sec  <<< ERROR!
java.lang.NullPointerException: null
	at java.io.Reader.<init>(Reader.java:78)
	at java.io.InputStreamReader.<init>(InputStreamReader.java:97)
	at org.apache.commons.math3.geometry.euclidean.threed.PLYParser.<init>(PLYParser.java:63)
	at org.apache.commons.math3.geometry.euclidean.threed.PolyhedronsSetTest.checkError(PolyhedronsSetTest.java:411)
	at org.apache.commons.math3.geometry.euclidean.threed.PolyhedronsSetTest.testOrientation(PolyhedronsSetTest.java:392)

testHole(org.apache.commons.math3.geometry.euclidean.threed.PolyhedronsSetTest)  Time elapsed: 0.001 sec  <<< ERROR!
java.lang.NullPointerException: null
	at java.io.Reader.<init>(Reader.java:78)
	at java.io.InputStreamReader.<init>(InputStreamReader.java:97)
	at org.apache.commons.math3.geometry.euclidean.threed.PLYParser.<init>(PLYParser.java:63)
	at org.apache.commons.math3.geometry.euclidean.threed.PolyhedronsSetTest.checkError(PolyhedronsSetTest.java:411)
	at org.apache.commons.math3.geometry.euclidean.threed.PolyhedronsSetTest.testHole(PolyhedronsSetTest.java:382)

testTooClose(org.apache.commons.math3.geometry.euclidean.threed.PolyhedronsSetTest)  Time elapsed: 0.001 sec  <<< ERROR!
java.lang.NullPointerException: null
	at java.io.Reader.<init>(Reader.java:78)
	at java.io.InputStreamReader.<init>(InputStreamReader.java:97)
	at org.apache.commons.math3.geometry.euclidean.threed.PLYParser.<init>(PLYParser.java:63)
	at org.apache.commons.math3.geometry.euclidean.threed.PolyhedronsSetTest.checkError(PolyhedronsSetTest.java:411)
	at org.apache.commons.math3.geometry.euclidean.threed.PolyhedronsSetTest.testTooClose(PolyhedronsSetTest.java:377)

testConnectedFacets(org.apache.commons.math3.geometry.euclidean.threed.PolyhedronsSetTest)  Time elapsed: 0 sec  <<< ERROR!
java.lang.NullPointerException: null
	at java.io.Reader.<init>(Reader.java:78)
	at java.io.InputStreamReader.<init>(InputStreamReader.java:97)
	at org.apache.commons.math3.geometry.euclidean.threed.PLYParser.<init>(PLYParser.java:63)
	at org.apache.commons.math3.geometry.euclidean.threed.PolyhedronsSetTest.testConnectedFacets(PolyhedronsSetTest.java:368)

testNonPlanar(org.apache.commons.math3.geometry.euclidean.threed.PolyhedronsSetTest)  Time elapsed: 0 sec  <<< ERROR!
java.lang.NullPointerException: null
	at java.io.Reader.<init>(Reader.java:78)
	at java.io.InputStreamReader.<init>(InputStreamReader.java:97)
	at org.apache.commons.math3.geometry.euclidean.threed.PLYParser.<init>(PLYParser.java:63)
	at org.apache.commons.math3.geometry.euclidean.threed.PolyhedronsSetTest.checkError(PolyhedronsSetTest.java:411)
	at org.apache.commons.math3.geometry.euclidean.threed.PolyhedronsSetTest.testNonPlanar(PolyhedronsSetTest.java:387)

testIssue1211(org.apache.commons.math3.geometry.euclidean.threed.PolyhedronsSetTest)  Time elapsed: 0 sec  <<< ERROR!
java.lang.NullPointerException: null
	at java.io.Reader.<init>(Reader.java:78)
	at java.io.InputStreamReader.<init>(InputStreamReader.java:97)
	at org.apache.commons.math3.geometry.euclidean.threed.PolyhedronsSetTest.loadTestData(PolyhedronsSetTest.java:465)
	at org.apache.commons.math3.geometry.euclidean.threed.PolyhedronsSetTest.testIssue1211(PolyhedronsSetTest.java:444)

Running org.apache.commons.math3.geometry.euclidean.threed.SphericalCoordinatesTest
Tests run: 5, Failures: 0, Errors: 0, Skipped: 0, Time elapsed: 0.468 sec - in org.apache.commons.math3.geometry.euclidean.threed.SphericalCoordinatesTest
Running org.apache.commons.math3.geometry.euclidean.threed.Euclidean3DTest
Tests run: 3, Failures: 0, Errors: 0, Skipped: 0, Time elapsed: 0.001 sec - in org.apache.commons.math3.geometry.euclidean.threed.Euclidean3DTest
Running org.apache.commons.math3.geometry.euclidean.oned.Vector1DFormatTest
Tests run: 25, Failures: 0, Errors: 0, Skipped: 0, Time elapsed: 0.014 sec - in org.apache.commons.math3.geometry.euclidean.oned.Vector1DFormatTest
Running org.apache.commons.math3.geometry.euclidean.oned.IntervalsSetTest
Tests run: 4, Failures: 0, Errors: 0, Skipped: 0, Time elapsed: 0.001 sec - in org.apache.commons.math3.geometry.euclidean.oned.IntervalsSetTest
Running org.apache.commons.math3.geometry.euclidean.oned.Vector1DTest
Tests run: 22, Failures: 0, Errors: 0, Skipped: 0, Time elapsed: 0.006 sec - in org.apache.commons.math3.geometry.euclidean.oned.Vector1DTest
Running org.apache.commons.math3.geometry.euclidean.oned.IntervalTest
Tests run: 5, Failures: 0, Errors: 0, Skipped: 0, Time elapsed: 0.001 sec - in org.apache.commons.math3.geometry.euclidean.oned.IntervalTest
Running org.apache.commons.math3.geometry.euclidean.oned.Euclidean1DTest
Tests run: 3, Failures: 0, Errors: 0, Skipped: 0, Time elapsed: 0.002 sec - in org.apache.commons.math3.geometry.euclidean.oned.Euclidean1DTest
Running org.apache.commons.math3.geometry.euclidean.oned.FrenchVector1DFormatTest
Tests run: 25, Failures: 0, Errors: 0, Skipped: 0, Time elapsed: 0.005 sec - in org.apache.commons.math3.geometry.euclidean.oned.FrenchVector1DFormatTest
Running org.apache.commons.math3.geometry.euclidean.twod.SegmentTest
Tests run: 1, Failures: 0, Errors: 0, Skipped: 0, Time elapsed: 0 sec - in org.apache.commons.math3.geometry.euclidean.twod.SegmentTest
Running org.apache.commons.math3.geometry.euclidean.twod.SubLineTest
Tests run: 13, Failures: 0, Errors: 0, Skipped: 0, Time elapsed: 0.002 sec - in org.apache.commons.math3.geometry.euclidean.twod.SubLineTest
Running org.apache.commons.math3.geometry.euclidean.twod.Vector2DTest
Tests run: 1, Failures: 0, Errors: 0, Skipped: 0, Time elapsed: 0.001 sec - in org.apache.commons.math3.geometry.euclidean.twod.Vector2DTest
Running org.apache.commons.math3.geometry.euclidean.twod.Euclidean2DTest
Tests run: 3, Failures: 0, Errors: 0, Skipped: 0, Time elapsed: 0.002 sec - in org.apache.commons.math3.geometry.euclidean.twod.Euclidean2DTest
Running org.apache.commons.math3.geometry.euclidean.twod.LineTest
Tests run: 9, Failures: 0, Errors: 0, Skipped: 0, Time elapsed: 0.003 sec - in org.apache.commons.math3.geometry.euclidean.twod.LineTest
Running org.apache.commons.math3.geometry.euclidean.twod.FrenchVector2DFormatTest
Tests run: 28, Failures: 0, Errors: 0, Skipped: 0, Time elapsed: 0.008 sec - in org.apache.commons.math3.geometry.euclidean.twod.FrenchVector2DFormatTest
Running org.apache.commons.math3.geometry.euclidean.twod.hull.MonotoneChainTest
Tests run: 17, Failures: 0, Errors: 0, Skipped: 0, Time elapsed: 0.032 sec - in org.apache.commons.math3.geometry.euclidean.twod.hull.MonotoneChainTest
Running org.apache.commons.math3.geometry.euclidean.twod.hull.AklToussaintHeuristicTest
Tests run: 16, Failures: 0, Errors: 0, Skipped: 0, Time elapsed: 0.029 sec - in org.apache.commons.math3.geometry.euclidean.twod.hull.AklToussaintHeuristicTest
Running org.apache.commons.math3.geometry.euclidean.twod.Vector2DFormatTest
Tests run: 28, Failures: 0, Errors: 0, Skipped: 0, Time elapsed: 0.008 sec - in org.apache.commons.math3.geometry.euclidean.twod.Vector2DFormatTest
Running org.apache.commons.math3.geometry.euclidean.twod.DiskGeneratorTest
Tests run: 5, Failures: 0, Errors: 0, Skipped: 0, Time elapsed: 0.067 sec - in org.apache.commons.math3.geometry.euclidean.twod.DiskGeneratorTest
Running org.apache.commons.math3.geometry.euclidean.twod.PolygonsSetTest
Tests run: 30, Failures: 0, Errors: 0, Skipped: 0, Time elapsed: 0.033 sec - in org.apache.commons.math3.geometry.euclidean.twod.PolygonsSetTest
Running org.apache.commons.math3.linear.EigenSolverTest
Tests run: 8, Failures: 0, Errors: 0, Skipped: 0, Time elapsed: 0.005 sec - in org.apache.commons.math3.linear.EigenSolverTest
Running org.apache.commons.math3.linear.QRDecompositionTest
Tests run: 10, Failures: 0, Errors: 0, Skipped: 0, Time elapsed: 0.038 sec - in org.apache.commons.math3.linear.QRDecompositionTest
Running org.apache.commons.math3.linear.SchurTransformerTest
Tests run: 8, Failures: 0, Errors: 0, Skipped: 0, Time elapsed: 0.064 sec - in org.apache.commons.math3.linear.SchurTransformerTest
Running org.apache.commons.math3.linear.OpenMapRealMatrixTest
Tests run: 2, Failures: 0, Errors: 0, Skipped: 0, Time elapsed: 0.002 sec - in org.apache.commons.math3.linear.OpenMapRealMatrixTest
Running org.apache.commons.math3.linear.TriDiagonalTransformerTest
Tests run: 8, Failures: 0, Errors: 0, Skipped: 0, Time elapsed: 0.002 sec - in org.apache.commons.math3.linear.TriDiagonalTransformerTest
Running org.apache.commons.math3.linear.ArrayFieldVectorTest
Tests run: 20, Failures: 0, Errors: 0, Skipped: 0, Time elapsed: 0.014 sec - in org.apache.commons.math3.linear.ArrayFieldVectorTest
Running org.apache.commons.math3.linear.BlockFieldMatrixTest
Tests run: 46, Failures: 0, Errors: 0, Skipped: 0, Time elapsed: 0.61 sec - in org.apache.commons.math3.linear.BlockFieldMatrixTest
Running org.apache.commons.math3.linear.SparseRealVectorTest
Tests run: 106, Failures: 0, Errors: 0, Skipped: 0, Time elapsed: 0.126 sec - in org.apache.commons.math3.linear.SparseRealVectorTest
Running org.apache.commons.math3.linear.MatrixDimensionMismatchExceptionTest
Tests run: 1, Failures: 0, Errors: 0, Skipped: 0, Time elapsed: 0 sec - in org.apache.commons.math3.linear.MatrixDimensionMismatchExceptionTest
Running org.apache.commons.math3.linear.EigenDecompositionTest
Tests run: 30, Failures: 0, Errors: 0, Skipped: 2, Time elapsed: 0.161 sec - in org.apache.commons.math3.linear.EigenDecompositionTest
Running org.apache.commons.math3.linear.MatrixUtilsTest
Tests run: 22, Failures: 0, Errors: 0, Skipped: 0, Time elapsed: 0.007 sec - in org.apache.commons.math3.linear.MatrixUtilsTest
Running org.apache.commons.math3.linear.LUDecompositionTest
Tests run: 9, Failures: 0, Errors: 0, Skipped: 0, Time elapsed: 0.002 sec - in org.apache.commons.math3.linear.LUDecompositionTest
Running org.apache.commons.math3.linear.RectangularCholeskyDecompositionTest
Tests run: 3, Failures: 0, Errors: 0, Skipped: 0, Time elapsed: 0 sec - in org.apache.commons.math3.linear.RectangularCholeskyDecompositionTest
Running org.apache.commons.math3.linear.BiDiagonalTransformerTest
Tests run: 8, Failures: 0, Errors: 0, Skipped: 0, Time elapsed: 0.002 sec - in org.apache.commons.math3.linear.BiDiagonalTransformerTest
Running org.apache.commons.math3.linear.SingularValueSolverTest
Tests run: 6, Failures: 0, Errors: 0, Skipped: 0, Time elapsed: 0.002 sec - in org.apache.commons.math3.linear.SingularValueSolverTest
Running org.apache.commons.math3.linear.RealVectorFormatTest
Tests run: 30, Failures: 0, Errors: 0, Skipped: 0, Time elapsed: 0.007 sec - in org.apache.commons.math3.linear.RealVectorFormatTest
Running org.apache.commons.math3.linear.RealMatrixFormatTest
Tests run: 29, Failures: 0, Errors: 0, Skipped: 1, Time elapsed: 0.006 sec - in org.apache.commons.math3.linear.RealMatrixFormatTest
Running org.apache.commons.math3.linear.DiagonalMatrixTest
Tests run: 29, Failures: 0, Errors: 0, Skipped: 0, Time elapsed: 0.006 sec - in org.apache.commons.math3.linear.DiagonalMatrixTest
Running org.apache.commons.math3.linear.SparseFieldVectorTest
Tests run: 17, Failures: 0, Errors: 0, Skipped: 0, Time elapsed: 0.012 sec - in org.apache.commons.math3.linear.SparseFieldVectorTest
Running org.apache.commons.math3.linear.QRSolverTest
Tests run: 6, Failures: 0, Errors: 0, Skipped: 0, Time elapsed: 0.016 sec - in org.apache.commons.math3.linear.QRSolverTest
Running org.apache.commons.math3.linear.SparseFieldMatrixTest
Tests run: 24, Failures: 0, Errors: 0, Skipped: 0, Time elapsed: 0.009 sec - in org.apache.commons.math3.linear.SparseFieldMatrixTest
Running org.apache.commons.math3.linear.UnmodifiableOpenMapRealVectorTest
Tests run: 8, Failures: 0, Errors: 0, Skipped: 0, Time elapsed: 0.191 sec - in org.apache.commons.math3.linear.UnmodifiableOpenMapRealVectorTest
Running org.apache.commons.math3.linear.RRQRSolverTest
Tests run: 6, Failures: 0, Errors: 0, Skipped: 0, Time elapsed: 0.023 sec - in org.apache.commons.math3.linear.RRQRSolverTest
Running org.apache.commons.math3.linear.CholeskyDecompositionTest
Tests run: 9, Failures: 0, Errors: 0, Skipped: 0, Time elapsed: 0.002 sec - in org.apache.commons.math3.linear.CholeskyDecompositionTest
Running org.apache.commons.math3.linear.SparseRealMatrixTest
Tests run: 27, Failures: 0, Errors: 0, Skipped: 0, Time elapsed: 0.01 sec - in org.apache.commons.math3.linear.SparseRealMatrixTest
Running org.apache.commons.math3.linear.FieldMatrixImplTest
Tests run: 37, Failures: 0, Errors: 0, Skipped: 0, Time elapsed: 0.047 sec - in org.apache.commons.math3.linear.FieldMatrixImplTest
Running org.apache.commons.math3.linear.ConjugateGradientTest
Tests run: 17, Failures: 0, Errors: 0, Skipped: 0, Time elapsed: 0.094 sec - in org.apache.commons.math3.linear.ConjugateGradientTest
Running org.apache.commons.math3.linear.BlockRealMatrixTest
Tests run: 48, Failures: 0, Errors: 0, Skipped: 0, Time elapsed: 0.113 sec - in org.apache.commons.math3.linear.BlockRealMatrixTest
Running org.apache.commons.math3.linear.Array2DRowRealMatrixTest
Tests run: 39, Failures: 0, Errors: 0, Skipped: 0, Time elapsed: 0.019 sec - in org.apache.commons.math3.linear.Array2DRowRealMatrixTest
Running org.apache.commons.math3.linear.SingularValueDecompositionTest
Tests run: 13, Failures: 0, Errors: 2, Skipped: 0, Time elapsed: 0.004 sec <<< FAILURE! - in org.apache.commons.math3.linear.SingularValueDecompositionTest
testStability1(org.apache.commons.math3.linear.SingularValueDecompositionTest)  Time elapsed: 0.001 sec  <<< ERROR!
java.lang.NullPointerException: null
	at java.io.DataInputStream.read(DataInputStream.java:149)
	at sun.nio.cs.StreamDecoder.readBytes(StreamDecoder.java:284)
	at sun.nio.cs.StreamDecoder.implRead(StreamDecoder.java:326)
	at sun.nio.cs.StreamDecoder.read(StreamDecoder.java:178)
	at java.io.InputStreamReader.read(InputStreamReader.java:184)
	at java.io.BufferedReader.fill(BufferedReader.java:161)
	at java.io.BufferedReader.readLine(BufferedReader.java:324)
	at java.io.BufferedReader.readLine(BufferedReader.java:389)
	at org.apache.commons.math3.linear.SingularValueDecompositionTest.loadRealMatrix(SingularValueDecompositionTest.java:281)
	at org.apache.commons.math3.linear.SingularValueDecompositionTest.testStability1(SingularValueDecompositionTest.java:255)

testStability2(org.apache.commons.math3.linear.SingularValueDecompositionTest)  Time elapsed: 0.001 sec  <<< ERROR!
java.lang.NullPointerException: null
	at java.io.DataInputStream.read(DataInputStream.java:149)
	at sun.nio.cs.StreamDecoder.readBytes(StreamDecoder.java:284)
	at sun.nio.cs.StreamDecoder.implRead(StreamDecoder.java:326)
	at sun.nio.cs.StreamDecoder.read(StreamDecoder.java:178)
	at java.io.InputStreamReader.read(InputStreamReader.java:184)
	at java.io.BufferedReader.fill(BufferedReader.java:161)
	at java.io.BufferedReader.readLine(BufferedReader.java:324)
	at java.io.BufferedReader.readLine(BufferedReader.java:389)
	at org.apache.commons.math3.linear.SingularValueDecompositionTest.loadRealMatrix(SingularValueDecompositionTest.java:281)
	at org.apache.commons.math3.linear.SingularValueDecompositionTest.testStability2(SingularValueDecompositionTest.java:267)

Running org.apache.commons.math3.linear.RealVectorTest
Tests run: 105, Failures: 0, Errors: 0, Skipped: 24, Time elapsed: 0.071 sec - in org.apache.commons.math3.linear.RealVectorTest
Running org.apache.commons.math3.linear.CholeskySolverTest
Tests run: 3, Failures: 0, Errors: 0, Skipped: 0, Time elapsed: 0.001 sec - in org.apache.commons.math3.linear.CholeskySolverTest
Running org.apache.commons.math3.linear.UnmodifiableArrayRealVectorTest
Tests run: 8, Failures: 0, Errors: 0, Skipped: 0, Time elapsed: 0.013 sec - in org.apache.commons.math3.linear.UnmodifiableArrayRealVectorTest
Running org.apache.commons.math3.linear.FieldLUSolverTest
Tests run: 5, Failures: 0, Errors: 0, Skipped: 0, Time elapsed: 0 sec - in org.apache.commons.math3.linear.FieldLUSolverTest
Running org.apache.commons.math3.linear.HessenbergTransformerTest
Tests run: 9, Failures: 0, Errors: 0, Skipped: 0, Time elapsed: 0.025 sec - in org.apache.commons.math3.linear.HessenbergTransformerTest
Running org.apache.commons.math3.linear.LUSolverTest
Tests run: 6, Failures: 0, Errors: 0, Skipped: 0, Time elapsed: 0.001 sec - in org.apache.commons.math3.linear.LUSolverTest
Running org.apache.commons.math3.linear.ArrayRealVectorTest
Tests run: 108, Failures: 0, Errors: 0, Skipped: 0, Time elapsed: 0.079 sec - in org.apache.commons.math3.linear.ArrayRealVectorTest
Running org.apache.commons.math3.linear.FieldLUDecompositionTest
Tests run: 9, Failures: 0, Errors: 0, Skipped: 0, Time elapsed: 0.005 sec - in org.apache.commons.math3.linear.FieldLUDecompositionTest
Running org.apache.commons.math3.linear.FrenchRealVectorFormatTest
Tests run: 30, Failures: 0, Errors: 0, Skipped: 0, Time elapsed: 0.011 sec - in org.apache.commons.math3.linear.FrenchRealVectorFormatTest
Running org.apache.commons.math3.linear.RRQRDecompositionTest
Tests run: 7, Failures: 0, Errors: 0, Skipped: 0, Time elapsed: 0.063 sec - in org.apache.commons.math3.linear.RRQRDecompositionTest
Running org.apache.commons.math3.linear.SymmLQTest
Tests run: 36, Failures: 0, Errors: 0, Skipped: 0, Time elapsed: 0.11 sec - in org.apache.commons.math3.linear.SymmLQTest
Running org.apache.commons.math3.transform.FastSineTransformerTest
Tests run: 20, Failures: 0, Errors: 0, Skipped: 0, Time elapsed: 0.025 sec - in org.apache.commons.math3.transform.FastSineTransformerTest
Running org.apache.commons.math3.transform.FastFourierTransformerTest
Tests run: 12, Failures: 0, Errors: 0, Skipped: 0, Time elapsed: 0.046 sec - in org.apache.commons.math3.transform.FastFourierTransformerTest
Running org.apache.commons.math3.transform.FastHadamardTransformerTest
Tests run: 4, Failures: 0, Errors: 0, Skipped: 0, Time elapsed: 0.001 sec - in org.apache.commons.math3.transform.FastHadamardTransformerTest
Running org.apache.commons.math3.transform.FastCosineTransformerTest
Tests run: 18, Failures: 0, Errors: 0, Skipped: 0, Time elapsed: 0.021 sec - in org.apache.commons.math3.transform.FastCosineTransformerTest
Running org.apache.commons.math3.optim.SimplePointCheckerTest
Tests run: 3, Failures: 0, Errors: 0, Skipped: 0, Time elapsed: 0 sec - in org.apache.commons.math3.optim.SimplePointCheckerTest
Running org.apache.commons.math3.optim.nonlinear.scalar.MultiStartMultivariateOptimizerTest
Tests run: 2, Failures: 0, Errors: 0, Skipped: 0, Time elapsed: 0.022 sec - in org.apache.commons.math3.optim.nonlinear.scalar.MultiStartMultivariateOptimizerTest
Running org.apache.commons.math3.optim.nonlinear.scalar.MultivariateFunctionPenaltyAdapterTest
Tests run: 5, Failures: 0, Errors: 0, Skipped: 0, Time elapsed: 0.004 sec - in org.apache.commons.math3.optim.nonlinear.scalar.MultivariateFunctionPenaltyAdapterTest
Running org.apache.commons.math3.optim.nonlinear.scalar.gradient.NonLinearConjugateGradientOptimizerTest
Tests run: 13, Failures: 0, Errors: 0, Skipped: 0, Time elapsed: 0.006 sec - in org.apache.commons.math3.optim.nonlinear.scalar.gradient.NonLinearConjugateGradientOptimizerTest
Running org.apache.commons.math3.optim.nonlinear.scalar.MultivariateFunctionMappingAdapterTest
Tests run: 4, Failures: 0, Errors: 0, Skipped: 0, Time elapsed: 0.012 sec - in org.apache.commons.math3.optim.nonlinear.scalar.MultivariateFunctionMappingAdapterTest
Running org.apache.commons.math3.optim.nonlinear.scalar.noderiv.BOBYQAOptimizerTest
Tests run: 19, Failures: 0, Errors: 0, Skipped: 1, Time elapsed: 5.562 sec - in org.apache.commons.math3.optim.nonlinear.scalar.noderiv.BOBYQAOptimizerTest
Running org.apache.commons.math3.optim.nonlinear.scalar.noderiv.SimplexOptimizerMultiDirectionalTest
Tests run: 8, Failures: 0, Errors: 0, Skipped: 0, Time elapsed: 0.008 sec - in org.apache.commons.math3.optim.nonlinear.scalar.noderiv.SimplexOptimizerMultiDirectionalTest
Running org.apache.commons.math3.optim.nonlinear.scalar.noderiv.PowellOptimizerTest
Tests run: 5, Failures: 0, Errors: 0, Skipped: 0, Time elapsed: 0.007 sec - in org.apache.commons.math3.optim.nonlinear.scalar.noderiv.PowellOptimizerTest
Running org.apache.commons.math3.optim.nonlinear.scalar.noderiv.CMAESOptimizerTest
Tests run: 24, Failures: 0, Errors: 0, Skipped: 0, Time elapsed: 6.47 sec - in org.apache.commons.math3.optim.nonlinear.scalar.noderiv.CMAESOptimizerTest
Running org.apache.commons.math3.optim.nonlinear.scalar.noderiv.SimplexOptimizerNelderMeadTest
Tests run: 11, Failures: 0, Errors: 0, Skipped: 0, Time elapsed: 0.006 sec - in org.apache.commons.math3.optim.nonlinear.scalar.noderiv.SimplexOptimizerNelderMeadTest
Running org.apache.commons.math3.optim.nonlinear.vector.jacobian.MinpackTest
Tests run: 18, Failures: 0, Errors: 0, Skipped: 0, Time elapsed: 0.11 sec - in org.apache.commons.math3.optim.nonlinear.vector.jacobian.MinpackTest
Running org.apache.commons.math3.optim.nonlinear.vector.jacobian.GaussNewtonOptimizerTest
Tests run: 21, Failures: 0, Errors: 2, Skipped: 0, Time elapsed: 0.036 sec <<< FAILURE! - in org.apache.commons.math3.optim.nonlinear.vector.jacobian.GaussNewtonOptimizerTest
testHahn1(org.apache.commons.math3.optim.nonlinear.vector.jacobian.GaussNewtonOptimizerTest)  Time elapsed: 0.002 sec  <<< ERROR!
java.lang.Exception: Unexpected exception, expected<org.apache.commons.math3.exception.ConvergenceException> but was<java.io.IOException>
	at org.apache.commons.math3.optim.nonlinear.vector.jacobian.StatisticalReferenceDatasetFactory.createBufferedReaderFromResource(StatisticalReferenceDatasetFactory.java:50)
	at org.apache.commons.math3.optim.nonlinear.vector.jacobian.StatisticalReferenceDatasetFactory.createHahn1(StatisticalReferenceDatasetFactory.java:91)
	at org.apache.commons.math3.optim.nonlinear.vector.jacobian.AbstractLeastSquaresOptimizerAbstractTest.testHahn1(AbstractLeastSquaresOptimizerAbstractTest.java:608)
	at org.apache.commons.math3.optim.nonlinear.vector.jacobian.GaussNewtonOptimizerTest.testHahn1(GaussNewtonOptimizerTest.java:169)

testKirby2(org.apache.commons.math3.optim.nonlinear.vector.jacobian.GaussNewtonOptimizerTest)  Time elapsed: 0 sec  <<< ERROR!
java.io.IOException: could not find resource Kirby2.dat
	at org.apache.commons.math3.optim.nonlinear.vector.jacobian.StatisticalReferenceDatasetFactory.createBufferedReaderFromResource(StatisticalReferenceDatasetFactory.java:50)
	at org.apache.commons.math3.optim.nonlinear.vector.jacobian.StatisticalReferenceDatasetFactory.createKirby2(StatisticalReferenceDatasetFactory.java:57)
	at org.apache.commons.math3.optim.nonlinear.vector.jacobian.AbstractLeastSquaresOptimizerAbstractTest.testKirby2(AbstractLeastSquaresOptimizerAbstractTest.java:603)
	at sun.reflect.NativeMethodAccessorImpl.invoke0(Native Method)
	at sun.reflect.NativeMethodAccessorImpl.invoke(NativeMethodAccessorImpl.java:62)
	at sun.reflect.DelegatingMethodAccessorImpl.invoke(DelegatingMethodAccessorImpl.java:43)
	at java.lang.reflect.Method.invoke(Method.java:498)
	at org.junit.runners.model.FrameworkMethod$1.runReflectiveCall(FrameworkMethod.java:47)
	at org.junit.internal.runners.model.ReflectiveCallable.run(ReflectiveCallable.java:12)
	at org.junit.runners.model.FrameworkMethod.invokeExplosively(FrameworkMethod.java:44)
	at org.junit.internal.runners.statements.InvokeMethod.evaluate(InvokeMethod.java:17)
	at org.junit.runners.ParentRunner.runLeaf(ParentRunner.java:271)
	at org.junit.runners.BlockJUnit4ClassRunner.runChild(BlockJUnit4ClassRunner.java:70)
	at org.junit.runners.BlockJUnit4ClassRunner.runChild(BlockJUnit4ClassRunner.java:50)
	at org.junit.runners.ParentRunner$3.run(ParentRunner.java:238)
	at org.junit.runners.ParentRunner$1.schedule(ParentRunner.java:63)
	at org.junit.runners.ParentRunner.runChildren(ParentRunner.java:236)
	at org.junit.runners.ParentRunner.access$000(ParentRunner.java:53)
	at org.junit.runners.ParentRunner$2.evaluate(ParentRunner.java:229)
	at org.junit.runners.ParentRunner.run(ParentRunner.java:309)
	at org.apache.maven.surefire.junit4.JUnit4Provider.execute(JUnit4Provider.java:283)
	at org.apache.maven.surefire.junit4.JUnit4Provider.executeWithRerun(JUnit4Provider.java:173)
	at org.apache.maven.surefire.junit4.JUnit4Provider.executeTestSet(JUnit4Provider.java:153)
	at org.apache.maven.surefire.junit4.JUnit4Provider.invoke(JUnit4Provider.java:128)
	at org.apache.maven.surefire.booter.ForkedBooter.invokeProviderInSameClassLoader(ForkedBooter.java:203)
	at org.apache.maven.surefire.booter.ForkedBooter.runSuitesInProcess(ForkedBooter.java:155)
	at org.apache.maven.surefire.booter.ForkedBooter.main(ForkedBooter.java:103)

Running org.apache.commons.math3.optim.nonlinear.vector.jacobian.LevenbergMarquardtOptimizerTest
Tests run: 23, Failures: 0, Errors: 2, Skipped: 0, Time elapsed: 0.044 sec <<< FAILURE! - in org.apache.commons.math3.optim.nonlinear.vector.jacobian.LevenbergMarquardtOptimizerTest
testHahn1(org.apache.commons.math3.optim.nonlinear.vector.jacobian.LevenbergMarquardtOptimizerTest)  Time elapsed: 0.001 sec  <<< ERROR!
java.io.IOException: could not find resource Hahn1.dat
	at org.apache.commons.math3.optim.nonlinear.vector.jacobian.StatisticalReferenceDatasetFactory.createBufferedReaderFromResource(StatisticalReferenceDatasetFactory.java:50)
	at org.apache.commons.math3.optim.nonlinear.vector.jacobian.StatisticalReferenceDatasetFactory.createHahn1(StatisticalReferenceDatasetFactory.java:91)
	at org.apache.commons.math3.optim.nonlinear.vector.jacobian.AbstractLeastSquaresOptimizerAbstractTest.testHahn1(AbstractLeastSquaresOptimizerAbstractTest.java:608)
	at sun.reflect.NativeMethodAccessorImpl.invoke0(Native Method)
	at sun.reflect.NativeMethodAccessorImpl.invoke(NativeMethodAccessorImpl.java:62)
	at sun.reflect.DelegatingMethodAccessorImpl.invoke(DelegatingMethodAccessorImpl.java:43)
	at java.lang.reflect.Method.invoke(Method.java:498)
	at org.junit.runners.model.FrameworkMethod$1.runReflectiveCall(FrameworkMethod.java:47)
	at org.junit.internal.runners.model.ReflectiveCallable.run(ReflectiveCallable.java:12)
	at org.junit.runners.model.FrameworkMethod.invokeExplosively(FrameworkMethod.java:44)
	at org.junit.internal.runners.statements.InvokeMethod.evaluate(InvokeMethod.java:17)
	at org.junit.runners.ParentRunner.runLeaf(ParentRunner.java:271)
	at org.junit.runners.BlockJUnit4ClassRunner.runChild(BlockJUnit4ClassRunner.java:70)
	at org.junit.runners.BlockJUnit4ClassRunner.runChild(BlockJUnit4ClassRunner.java:50)
	at org.junit.runners.ParentRunner$3.run(ParentRunner.java:238)
	at org.junit.runners.ParentRunner$1.schedule(ParentRunner.java:63)
	at org.junit.runners.ParentRunner.runChildren(ParentRunner.java:236)
	at org.junit.runners.ParentRunner.access$000(ParentRunner.java:53)
	at org.junit.runners.ParentRunner$2.evaluate(ParentRunner.java:229)
	at org.junit.runners.ParentRunner.run(ParentRunner.java:309)
	at org.apache.maven.surefire.junit4.JUnit4Provider.execute(JUnit4Provider.java:283)
	at org.apache.maven.surefire.junit4.JUnit4Provider.executeWithRerun(JUnit4Provider.java:173)
	at org.apache.maven.surefire.junit4.JUnit4Provider.executeTestSet(JUnit4Provider.java:153)
	at org.apache.maven.surefire.junit4.JUnit4Provider.invoke(JUnit4Provider.java:128)
	at org.apache.maven.surefire.booter.ForkedBooter.invokeProviderInSameClassLoader(ForkedBooter.java:203)
	at org.apache.maven.surefire.booter.ForkedBooter.runSuitesInProcess(ForkedBooter.java:155)
	at org.apache.maven.surefire.booter.ForkedBooter.main(ForkedBooter.java:103)

testKirby2(org.apache.commons.math3.optim.nonlinear.vector.jacobian.LevenbergMarquardtOptimizerTest)  Time elapsed: 0 sec  <<< ERROR!
java.io.IOException: could not find resource Kirby2.dat
	at org.apache.commons.math3.optim.nonlinear.vector.jacobian.StatisticalReferenceDatasetFactory.createBufferedReaderFromResource(StatisticalReferenceDatasetFactory.java:50)
	at org.apache.commons.math3.optim.nonlinear.vector.jacobian.StatisticalReferenceDatasetFactory.createKirby2(StatisticalReferenceDatasetFactory.java:57)
	at org.apache.commons.math3.optim.nonlinear.vector.jacobian.AbstractLeastSquaresOptimizerAbstractTest.testKirby2(AbstractLeastSquaresOptimizerAbstractTest.java:603)
	at sun.reflect.NativeMethodAccessorImpl.invoke0(Native Method)
	at sun.reflect.NativeMethodAccessorImpl.invoke(NativeMethodAccessorImpl.java:62)
	at sun.reflect.DelegatingMethodAccessorImpl.invoke(DelegatingMethodAccessorImpl.java:43)
	at java.lang.reflect.Method.invoke(Method.java:498)
	at org.junit.runners.model.FrameworkMethod$1.runReflectiveCall(FrameworkMethod.java:47)
	at org.junit.internal.runners.model.ReflectiveCallable.run(ReflectiveCallable.java:12)
	at org.junit.runners.model.FrameworkMethod.invokeExplosively(FrameworkMethod.java:44)
	at org.junit.internal.runners.statements.InvokeMethod.evaluate(InvokeMethod.java:17)
	at org.junit.runners.ParentRunner.runLeaf(ParentRunner.java:271)
	at org.junit.runners.BlockJUnit4ClassRunner.runChild(BlockJUnit4ClassRunner.java:70)
	at org.junit.runners.BlockJUnit4ClassRunner.runChild(BlockJUnit4ClassRunner.java:50)
	at org.junit.runners.ParentRunner$3.run(ParentRunner.java:238)
	at org.junit.runners.ParentRunner$1.schedule(ParentRunner.java:63)
	at org.junit.runners.ParentRunner.runChildren(ParentRunner.java:236)
	at org.junit.runners.ParentRunner.access$000(ParentRunner.java:53)
	at org.junit.runners.ParentRunner$2.evaluate(ParentRunner.java:229)
	at org.junit.runners.ParentRunner.run(ParentRunner.java:309)
	at org.apache.maven.surefire.junit4.JUnit4Provider.execute(JUnit4Provider.java:283)
	at org.apache.maven.surefire.junit4.JUnit4Provider.executeWithRerun(JUnit4Provider.java:173)
	at org.apache.maven.surefire.junit4.JUnit4Provider.executeTestSet(JUnit4Provider.java:153)
	at org.apache.maven.surefire.junit4.JUnit4Provider.invoke(JUnit4Provider.java:128)
	at org.apache.maven.surefire.booter.ForkedBooter.invokeProviderInSameClassLoader(ForkedBooter.java:203)
	at org.apache.maven.surefire.booter.ForkedBooter.runSuitesInProcess(ForkedBooter.java:155)
	at org.apache.maven.surefire.booter.ForkedBooter.main(ForkedBooter.java:103)

Running org.apache.commons.math3.optim.nonlinear.vector.jacobian.AbstractLeastSquaresOptimizerTest
Tests run: 3, Failures: 0, Errors: 3, Skipped: 0, Time elapsed: 0.003 sec <<< FAILURE! - in org.apache.commons.math3.optim.nonlinear.vector.jacobian.AbstractLeastSquaresOptimizerTest
testComputeSigma(org.apache.commons.math3.optim.nonlinear.vector.jacobian.AbstractLeastSquaresOptimizerTest)  Time elapsed: 0 sec  <<< ERROR!
java.io.IOException: could not find resource Kirby2.dat
	at org.apache.commons.math3.optim.nonlinear.vector.jacobian.StatisticalReferenceDatasetFactory.createBufferedReaderFromResource(StatisticalReferenceDatasetFactory.java:50)
	at org.apache.commons.math3.optim.nonlinear.vector.jacobian.StatisticalReferenceDatasetFactory.createKirby2(StatisticalReferenceDatasetFactory.java:57)
	at org.apache.commons.math3.optim.nonlinear.vector.jacobian.AbstractLeastSquaresOptimizerTest.testComputeSigma(AbstractLeastSquaresOptimizerTest.java:100)

testGetChiSquare(org.apache.commons.math3.optim.nonlinear.vector.jacobian.AbstractLeastSquaresOptimizerTest)  Time elapsed: 0 sec  <<< ERROR!
java.io.IOException: could not find resource Kirby2.dat
	at org.apache.commons.math3.optim.nonlinear.vector.jacobian.StatisticalReferenceDatasetFactory.createBufferedReaderFromResource(StatisticalReferenceDatasetFactory.java:50)
	at org.apache.commons.math3.optim.nonlinear.vector.jacobian.StatisticalReferenceDatasetFactory.createKirby2(StatisticalReferenceDatasetFactory.java:57)
	at org.apache.commons.math3.optim.nonlinear.vector.jacobian.AbstractLeastSquaresOptimizerTest.testGetChiSquare(AbstractLeastSquaresOptimizerTest.java:47)

testGetRMS(org.apache.commons.math3.optim.nonlinear.vector.jacobian.AbstractLeastSquaresOptimizerTest)  Time elapsed: 0 sec  <<< ERROR!
java.io.IOException: could not find resource Kirby2.dat
	at org.apache.commons.math3.optim.nonlinear.vector.jacobian.StatisticalReferenceDatasetFactory.createBufferedReaderFromResource(StatisticalReferenceDatasetFactory.java:50)
	at org.apache.commons.math3.optim.nonlinear.vector.jacobian.StatisticalReferenceDatasetFactory.createKirby2(StatisticalReferenceDatasetFactory.java:57)
	at org.apache.commons.math3.optim.nonlinear.vector.jacobian.AbstractLeastSquaresOptimizerTest.testGetRMS(AbstractLeastSquaresOptimizerTest.java:72)

Running org.apache.commons.math3.optim.nonlinear.vector.MultiStartMultivariateVectorOptimizerTest
Tests run: 4, Failures: 0, Errors: 0, Skipped: 0, Time elapsed: 0.005 sec - in org.apache.commons.math3.optim.nonlinear.vector.MultiStartMultivariateVectorOptimizerTest
Running org.apache.commons.math3.optim.linear.SimplexTableauTest
Tests run: 4, Failures: 0, Errors: 0, Skipped: 0, Time elapsed: 0.012 sec - in org.apache.commons.math3.optim.linear.SimplexTableauTest
Running org.apache.commons.math3.optim.linear.SimplexSolverTest
Tests run: 29, Failures: 0, Errors: 0, Skipped: 0, Time elapsed: 0.103 sec - in org.apache.commons.math3.optim.linear.SimplexSolverTest
Running org.apache.commons.math3.optim.univariate.MultiStartUnivariateOptimizerTest
Tests run: 5, Failures: 0, Errors: 0, Skipped: 0, Time elapsed: 0.01 sec - in org.apache.commons.math3.optim.univariate.MultiStartUnivariateOptimizerTest
Running org.apache.commons.math3.optim.univariate.BracketFinderTest
Tests run: 4, Failures: 0, Errors: 0, Skipped: 0, Time elapsed: 0.002 sec - in org.apache.commons.math3.optim.univariate.BracketFinderTest
Running org.apache.commons.math3.optim.univariate.SimpleUnivariateValueCheckerTest
Tests run: 3, Failures: 0, Errors: 0, Skipped: 0, Time elapsed: 0.001 sec - in org.apache.commons.math3.optim.univariate.SimpleUnivariateValueCheckerTest
Running org.apache.commons.math3.optim.univariate.BrentOptimizerTest
Tests run: 10, Failures: 0, Errors: 0, Skipped: 0, Time elapsed: 0.015 sec - in org.apache.commons.math3.optim.univariate.BrentOptimizerTest
Running org.apache.commons.math3.optim.PointValuePairTest
Tests run: 1, Failures: 0, Errors: 0, Skipped: 0, Time elapsed: 0.001 sec - in org.apache.commons.math3.optim.PointValuePairTest
Running org.apache.commons.math3.optim.PointVectorValuePairTest
Tests run: 1, Failures: 0, Errors: 0, Skipped: 0, Time elapsed: 0.005 sec - in org.apache.commons.math3.optim.PointVectorValuePairTest
Running org.apache.commons.math3.optim.SimpleValueCheckerTest
Tests run: 3, Failures: 0, Errors: 0, Skipped: 0, Time elapsed: 0.001 sec - in org.apache.commons.math3.optim.SimpleValueCheckerTest
Running org.apache.commons.math3.optim.SimpleVectorValueCheckerTest
Tests run: 3, Failures: 0, Errors: 0, Skipped: 0, Time elapsed: 0.001 sec - in org.apache.commons.math3.optim.SimpleVectorValueCheckerTest
Running org.apache.commons.math3.random.BitsStreamGeneratorTest
Tests run: 61, Failures: 0, Errors: 0, Skipped: 0, Time elapsed: 4.491 sec - in org.apache.commons.math3.random.BitsStreamGeneratorTest
Running org.apache.commons.math3.random.GaussianRandomGeneratorTest
Tests run: 1, Failures: 0, Errors: 0, Skipped: 0, Time elapsed: 0.002 sec - in org.apache.commons.math3.random.GaussianRandomGeneratorTest
Running org.apache.commons.math3.random.UnitSphereRandomVectorGeneratorTest
Tests run: 1, Failures: 0, Errors: 0, Skipped: 0, Time elapsed: 0.36 sec - in org.apache.commons.math3.random.UnitSphereRandomVectorGeneratorTest
Running org.apache.commons.math3.random.SobolSequenceGeneratorTest
Tests run: 4, Failures: 0, Errors: 4, Skipped: 0, Time elapsed: 0.003 sec <<< FAILURE! - in org.apache.commons.math3.random.SobolSequenceGeneratorTest
testSkip(org.apache.commons.math3.random.SobolSequenceGeneratorTest)  Time elapsed: 0.001 sec  <<< ERROR!
org.apache.commons.math3.exception.MathInternalError: illegal state: internal error, please fill a bug report at https://issues.apache.org/jira/browse/MATH
	at org.apache.commons.math3.random.SobolSequenceGenerator.<init>(SobolSequenceGenerator.java:99)
	at org.apache.commons.math3.random.SobolSequenceGeneratorTest.setUp(SobolSequenceGeneratorTest.java:46)

testConstructor2(org.apache.commons.math3.random.SobolSequenceGeneratorTest)  Time elapsed: 0.001 sec  <<< ERROR!
org.apache.commons.math3.exception.MathInternalError: illegal state: internal error, please fill a bug report at https://issues.apache.org/jira/browse/MATH
	at org.apache.commons.math3.random.SobolSequenceGenerator.<init>(SobolSequenceGenerator.java:99)
	at org.apache.commons.math3.random.SobolSequenceGeneratorTest.setUp(SobolSequenceGeneratorTest.java:46)

test3DReference(org.apache.commons.math3.random.SobolSequenceGeneratorTest)  Time elapsed: 0.001 sec  <<< ERROR!
org.apache.commons.math3.exception.MathInternalError: illegal state: internal error, please fill a bug report at https://issues.apache.org/jira/browse/MATH
	at org.apache.commons.math3.random.SobolSequenceGenerator.<init>(SobolSequenceGenerator.java:99)
	at org.apache.commons.math3.random.SobolSequenceGeneratorTest.setUp(SobolSequenceGeneratorTest.java:46)

testConstructor(org.apache.commons.math3.random.SobolSequenceGeneratorTest)  Time elapsed: 0 sec  <<< ERROR!
org.apache.commons.math3.exception.MathInternalError: illegal state: internal error, please fill a bug report at https://issues.apache.org/jira/browse/MATH
	at org.apache.commons.math3.random.SobolSequenceGenerator.<init>(SobolSequenceGenerator.java:99)
	at org.apache.commons.math3.random.SobolSequenceGeneratorTest.setUp(SobolSequenceGeneratorTest.java:46)

Running org.apache.commons.math3.random.MersenneTwisterTest
Tests run: 62, Failures: 0, Errors: 0, Skipped: 0, Time elapsed: 3.95 sec - in org.apache.commons.math3.random.MersenneTwisterTest
Running org.apache.commons.math3.random.RandomAdaptorTest
Tests run: 1, Failures: 0, Errors: 0, Skipped: 0, Time elapsed: 0 sec - in org.apache.commons.math3.random.RandomAdaptorTest
Running org.apache.commons.math3.random.RandomDataGeneratorTest
Tests run: 48, Failures: 0, Errors: 0, Skipped: 0, Time elapsed: 3.36 sec - in org.apache.commons.math3.random.RandomDataGeneratorTest
Running org.apache.commons.math3.random.Well19937cTest
Tests run: 62, Failures: 0, Errors: 0, Skipped: 0, Time elapsed: 4.438 sec - in org.apache.commons.math3.random.Well19937cTest
Running org.apache.commons.math3.random.Well44497bTest
Tests run: 62, Failures: 0, Errors: 0, Skipped: 0, Time elapsed: 4.407 sec - in org.apache.commons.math3.random.Well44497bTest
Running org.apache.commons.math3.random.Well1024aTest
Tests run: 62, Failures: 0, Errors: 0, Skipped: 0, Time elapsed: 3.723 sec - in org.apache.commons.math3.random.Well1024aTest
Running org.apache.commons.math3.random.UniformRandomGeneratorTest
Tests run: 1, Failures: 0, Errors: 0, Skipped: 0, Time elapsed: 0.001 sec - in org.apache.commons.math3.random.UniformRandomGeneratorTest
Running org.apache.commons.math3.random.RandomGeneratorFactoryTest
Tests run: 61, Failures: 0, Errors: 0, Skipped: 0, Time elapsed: 3.809 sec - in org.apache.commons.math3.random.RandomGeneratorFactoryTest
Running org.apache.commons.math3.random.Well19937aTest
Tests run: 62, Failures: 0, Errors: 0, Skipped: 0, Time elapsed: 3.873 sec - in org.apache.commons.math3.random.Well19937aTest
Running org.apache.commons.math3.random.StableRandomGeneratorTest
Tests run: 7, Failures: 0, Errors: 0, Skipped: 0, Time elapsed: 0.019 sec - in org.apache.commons.math3.random.StableRandomGeneratorTest
Running org.apache.commons.math3.random.SynchronizedRandomGeneratorTest
Tests run: 2, Failures: 0, Errors: 0, Skipped: 0, Time elapsed: 0.631 sec - in org.apache.commons.math3.random.SynchronizedRandomGeneratorTest
Running org.apache.commons.math3.random.EmpiricalDistributionTest
Tests run: 30, Failures: 0, Errors: 30, Skipped: 0, Time elapsed: 0.26 sec <<< FAILURE! - in org.apache.commons.math3.random.EmpiricalDistributionTest
testBinIndexOverflow(org.apache.commons.math3.random.EmpiricalDistributionTest)  Time elapsed: 0.029 sec  <<< ERROR!
java.lang.NullPointerException: null
	at org.apache.commons.math3.random.EmpiricalDistributionTest.setUp(EmpiricalDistributionTest.java:71)

testSerialization(org.apache.commons.math3.random.EmpiricalDistributionTest)  Time elapsed: 0.014 sec  <<< ERROR!
java.lang.NullPointerException: null
	at org.apache.commons.math3.random.EmpiricalDistributionTest.setUp(EmpiricalDistributionTest.java:71)

testLoad(org.apache.commons.math3.random.EmpiricalDistributionTest)  Time elapsed: 0.009 sec  <<< ERROR!
java.lang.NullPointerException: null
	at org.apache.commons.math3.random.EmpiricalDistributionTest.setUp(EmpiricalDistributionTest.java:71)

testNext(org.apache.commons.math3.random.EmpiricalDistributionTest)  Time elapsed: 0.009 sec  <<< ERROR!
java.lang.NullPointerException: null
	at org.apache.commons.math3.random.EmpiricalDistributionTest.setUp(EmpiricalDistributionTest.java:71)

testPrecondition1(org.apache.commons.math3.random.EmpiricalDistributionTest)  Time elapsed: 0.009 sec  <<< ERROR!
java.lang.NullPointerException: null
	at org.apache.commons.math3.random.EmpiricalDistributionTest.setUp(EmpiricalDistributionTest.java:71)

testLoadNullDoubleArray(org.apache.commons.math3.random.EmpiricalDistributionTest)  Time elapsed: 0.011 sec  <<< ERROR!
java.lang.NullPointerException: null
	at org.apache.commons.math3.random.EmpiricalDistributionTest.setUp(EmpiricalDistributionTest.java:71)

testKernelOverrideUniform(org.apache.commons.math3.random.EmpiricalDistributionTest)  Time elapsed: 0.01 sec  <<< ERROR!
java.lang.NullPointerException: null
	at org.apache.commons.math3.random.EmpiricalDistributionTest.setUp(EmpiricalDistributionTest.java:71)

testGeneratorConfig(org.apache.commons.math3.random.EmpiricalDistributionTest)  Time elapsed: 0.007 sec  <<< ERROR!
java.lang.NullPointerException: null
	at org.apache.commons.math3.random.EmpiricalDistributionTest.setUp(EmpiricalDistributionTest.java:71)

testKernelOverrideConstant(org.apache.commons.math3.random.EmpiricalDistributionTest)  Time elapsed: 0.007 sec  <<< ERROR!
java.lang.NullPointerException: null
	at org.apache.commons.math3.random.EmpiricalDistributionTest.setUp(EmpiricalDistributionTest.java:71)

testGridTooFat(org.apache.commons.math3.random.EmpiricalDistributionTest)  Time elapsed: 0.007 sec  <<< ERROR!
java.lang.NullPointerException: null
	at org.apache.commons.math3.random.EmpiricalDistributionTest.setUp(EmpiricalDistributionTest.java:71)

testDoubleLoad(org.apache.commons.math3.random.EmpiricalDistributionTest)  Time elapsed: 0.008 sec  <<< ERROR!
java.lang.NullPointerException: null
	at org.apache.commons.math3.random.EmpiricalDistributionTest.setUp(EmpiricalDistributionTest.java:71)

testGridTooFine(org.apache.commons.math3.random.EmpiricalDistributionTest)  Time elapsed: 0.008 sec  <<< ERROR!
java.lang.NullPointerException: null
	at org.apache.commons.math3.random.EmpiricalDistributionTest.setUp(EmpiricalDistributionTest.java:71)

testLoadNullFile(org.apache.commons.math3.random.EmpiricalDistributionTest)  Time elapsed: 0.007 sec  <<< ERROR!
java.lang.NullPointerException: null
	at org.apache.commons.math3.random.EmpiricalDistributionTest.setUp(EmpiricalDistributionTest.java:71)

testSampleValuesRange(org.apache.commons.math3.random.EmpiricalDistributionTest)  Time elapsed: 0.006 sec  <<< ERROR!
java.lang.NullPointerException: null
	at org.apache.commons.math3.random.EmpiricalDistributionTest.setUp(EmpiricalDistributionTest.java:71)

testGetBinUpperBounds(org.apache.commons.math3.random.EmpiricalDistributionTest)  Time elapsed: 0.006 sec  <<< ERROR!
java.lang.NullPointerException: null
	at org.apache.commons.math3.random.EmpiricalDistributionTest.setUp(EmpiricalDistributionTest.java:71)

testDensityIntegrals(org.apache.commons.math3.random.EmpiricalDistributionTest)  Time elapsed: 0.007 sec  <<< ERROR!
java.lang.NullPointerException: null
	at org.apache.commons.math3.random.EmpiricalDistributionTest.setUp(EmpiricalDistributionTest.java:71)

testLoadNullURL(org.apache.commons.math3.random.EmpiricalDistributionTest)  Time elapsed: 0.007 sec  <<< ERROR!
java.lang.NullPointerException: null
	at org.apache.commons.math3.random.EmpiricalDistributionTest.setUp(EmpiricalDistributionTest.java:71)

testNoBinVariance(org.apache.commons.math3.random.EmpiricalDistributionTest)  Time elapsed: 0.007 sec  <<< ERROR!
java.lang.NullPointerException: null
	at org.apache.commons.math3.random.EmpiricalDistributionTest.setUp(EmpiricalDistributionTest.java:71)

testNexFail(org.apache.commons.math3.random.EmpiricalDistributionTest)  Time elapsed: 0.007 sec  <<< ERROR!
java.lang.NullPointerException: null
	at org.apache.commons.math3.random.EmpiricalDistributionTest.setUp(EmpiricalDistributionTest.java:71)

testReSeed(org.apache.commons.math3.random.EmpiricalDistributionTest)  Time elapsed: 0.007 sec  <<< ERROR!
java.lang.NullPointerException: null
	at org.apache.commons.math3.random.EmpiricalDistributionTest.setUp(EmpiricalDistributionTest.java:71)

testIsSupportLowerBoundInclusive(org.apache.commons.math3.random.EmpiricalDistributionTest)  Time elapsed: 0.008 sec  <<< ERROR!
java.lang.NullPointerException: null
	at org.apache.commons.math3.random.EmpiricalDistributionTest.setUp(EmpiricalDistributionTest.java:71)

testDensities(org.apache.commons.math3.random.EmpiricalDistributionTest)  Time elapsed: 0.007 sec  <<< ERROR!
java.lang.NullPointerException: null
	at org.apache.commons.math3.random.EmpiricalDistributionTest.setUp(EmpiricalDistributionTest.java:71)

testInverseCumulativeProbabilities(org.apache.commons.math3.random.EmpiricalDistributionTest)  Time elapsed: 0.007 sec  <<< ERROR!
java.lang.NullPointerException: null
	at org.apache.commons.math3.random.EmpiricalDistributionTest.setUp(EmpiricalDistributionTest.java:71)

testSampling(org.apache.commons.math3.random.EmpiricalDistributionTest)  Time elapsed: 0.007 sec  <<< ERROR!
java.lang.NullPointerException: null
	at org.apache.commons.math3.random.EmpiricalDistributionTest.setUp(EmpiricalDistributionTest.java:71)

testCumulativeProbabilities(org.apache.commons.math3.random.EmpiricalDistributionTest)  Time elapsed: 0.006 sec  <<< ERROR!
java.lang.NullPointerException: null
	at org.apache.commons.math3.random.EmpiricalDistributionTest.setUp(EmpiricalDistributionTest.java:71)

testDistributionClone(org.apache.commons.math3.random.EmpiricalDistributionTest)  Time elapsed: 0.008 sec  <<< ERROR!
java.lang.NullPointerException: null
	at org.apache.commons.math3.random.EmpiricalDistributionTest.setUp(EmpiricalDistributionTest.java:71)

testIllegalArguments(org.apache.commons.math3.random.EmpiricalDistributionTest)  Time elapsed: 0.006 sec  <<< ERROR!
java.lang.NullPointerException: null
	at org.apache.commons.math3.random.EmpiricalDistributionTest.setUp(EmpiricalDistributionTest.java:71)

testConsistency(org.apache.commons.math3.random.EmpiricalDistributionTest)  Time elapsed: 0.007 sec  <<< ERROR!
java.lang.NullPointerException: null
	at org.apache.commons.math3.random.EmpiricalDistributionTest.setUp(EmpiricalDistributionTest.java:71)

testLogDensities(org.apache.commons.math3.random.EmpiricalDistributionTest)  Time elapsed: 0.008 sec  <<< ERROR!
java.lang.NullPointerException: null
	at org.apache.commons.math3.random.EmpiricalDistributionTest.setUp(EmpiricalDistributionTest.java:71)

testIsSupportUpperBoundInclusive(org.apache.commons.math3.random.EmpiricalDistributionTest)  Time elapsed: 0.006 sec  <<< ERROR!
java.lang.NullPointerException: null
	at org.apache.commons.math3.random.EmpiricalDistributionTest.setUp(EmpiricalDistributionTest.java:71)

Running org.apache.commons.math3.random.Well44497aTest
Tests run: 62, Failures: 0, Errors: 0, Skipped: 0, Time elapsed: 3.497 sec - in org.apache.commons.math3.random.Well44497aTest
Running org.apache.commons.math3.random.UncorrelatedRandomVectorGeneratorTest
Tests run: 1, Failures: 0, Errors: 0, Skipped: 0, Time elapsed: 0.011 sec - in org.apache.commons.math3.random.UncorrelatedRandomVectorGeneratorTest
Running org.apache.commons.math3.random.CorrelatedRandomVectorGeneratorTest
Tests run: 5, Failures: 0, Errors: 0, Skipped: 0, Time elapsed: 0.061 sec - in org.apache.commons.math3.random.CorrelatedRandomVectorGeneratorTest
Running org.apache.commons.math3.random.HaltonSequenceGeneratorTest
Tests run: 5, Failures: 0, Errors: 0, Skipped: 0, Time elapsed: 0.002 sec - in org.apache.commons.math3.random.HaltonSequenceGeneratorTest
Running org.apache.commons.math3.random.ValueServerTest
Tests run: 9, Failures: 0, Errors: 5, Skipped: 0, Time elapsed: 0.006 sec <<< FAILURE! - in org.apache.commons.math3.random.ValueServerTest
testEmptyDigestFile(org.apache.commons.math3.random.ValueServerTest)  Time elapsed: 0.001 sec  <<< ERROR!
org.apache.commons.math3.exception.NullArgumentException: null is not allowed
	at org.apache.commons.math3.util.MathUtils.checkNotNull(MathUtils.java:306)
	at org.apache.commons.math3.random.EmpiricalDistribution.load(EmpiricalDistribution.java:262)
	at org.apache.commons.math3.random.ValueServer.computeDistribution(ValueServer.java:219)
	at org.apache.commons.math3.random.ValueServer.computeDistribution(ValueServer.java:198)
	at org.apache.commons.math3.random.ValueServerTest.testEmptyDigestFile(ValueServerTest.java:145)

testEmptyReplayFile(org.apache.commons.math3.random.ValueServerTest)  Time elapsed: 0 sec  <<< ERROR!
java.lang.NullPointerException: null
	at org.apache.commons.math3.random.ValueServer.resetReplayFile(ValueServer.java:300)
	at org.apache.commons.math3.random.ValueServer.getNextReplay(ValueServer.java:413)
	at org.apache.commons.math3.random.ValueServer.getNext(ValueServer.java:135)
	at org.apache.commons.math3.random.ValueServerTest.testEmptyReplayFile(ValueServerTest.java:132)

testFixedSeed(org.apache.commons.math3.random.ValueServerTest)  Time elapsed: 0 sec  <<< ERROR!
org.apache.commons.math3.exception.NullArgumentException: null is not allowed
	at org.apache.commons.math3.util.MathUtils.checkNotNull(MathUtils.java:306)
	at org.apache.commons.math3.random.EmpiricalDistribution.load(EmpiricalDistribution.java:262)
	at org.apache.commons.math3.random.ValueServer.computeDistribution(ValueServer.java:219)
	at org.apache.commons.math3.random.ValueServer.computeDistribution(ValueServer.java:198)
	at org.apache.commons.math3.random.ValueServerTest.testFixedSeed(ValueServerTest.java:89)

testReplay(org.apache.commons.math3.random.ValueServerTest)  Time elapsed: 0.001 sec  <<< ERROR!
java.lang.NullPointerException: null
	at org.apache.commons.math3.random.ValueServer.resetReplayFile(ValueServer.java:300)
	at org.apache.commons.math3.random.ValueServerTest.testReplay(ValueServerTest.java:164)

testNextDigest(org.apache.commons.math3.random.ValueServerTest)  Time elapsed: 0 sec  <<< ERROR!
org.apache.commons.math3.exception.NullArgumentException: null is not allowed
	at org.apache.commons.math3.util.MathUtils.checkNotNull(MathUtils.java:306)
	at org.apache.commons.math3.random.EmpiricalDistribution.load(EmpiricalDistribution.java:262)
	at org.apache.commons.math3.random.ValueServer.computeDistribution(ValueServer.java:219)
	at org.apache.commons.math3.random.ValueServer.computeDistribution(ValueServer.java:198)
	at org.apache.commons.math3.random.ValueServerTest.testNextDigest(ValueServerTest.java:57)

Running org.apache.commons.math3.random.Well512aTest
Tests run: 62, Failures: 0, Errors: 0, Skipped: 0, Time elapsed: 3.811 sec - in org.apache.commons.math3.random.Well512aTest
Running org.apache.commons.math3.random.ISAACTest
Tests run: 62, Failures: 0, Errors: 0, Skipped: 0, Time elapsed: 3.887 sec - in org.apache.commons.math3.random.ISAACTest
Running org.apache.commons.math3.random.AbstractRandomGeneratorTest
Tests run: 61, Failures: 0, Errors: 0, Skipped: 0, Time elapsed: 4.006 sec - in org.apache.commons.math3.random.AbstractRandomGeneratorTest
Running org.apache.commons.math3.special.ErfTest
Tests run: 16, Failures: 0, Errors: 0, Skipped: 0, Time elapsed: 0.004 sec - in org.apache.commons.math3.special.ErfTest
Running org.apache.commons.math3.special.BetaTest
Tests run: 31, Failures: 0, Errors: 0, Skipped: 0, Time elapsed: 0.006 sec - in org.apache.commons.math3.special.BetaTest
Running org.apache.commons.math3.special.GammaTest
Tests run: 28, Failures: 0, Errors: 0, Skipped: 0, Time elapsed: 0.006 sec - in org.apache.commons.math3.special.GammaTest
Running org.apache.commons.math3.special.BesselJTest
Tests run: 3, Failures: 0, Errors: 0, Skipped: 0, Time elapsed: 0.009 sec - in org.apache.commons.math3.special.BesselJTest
Running org.apache.commons.math3.util.TransformerMapTest
Tests run: 8, Failures: 0, Errors: 0, Skipped: 0, Time elapsed: 0.002 sec - in org.apache.commons.math3.util.TransformerMapTest
Running org.apache.commons.math3.util.MultidimensionalCounterTest
Tests run: 7, Failures: 0, Errors: 0, Skipped: 0, Time elapsed: 0.002 sec - in org.apache.commons.math3.util.MultidimensionalCounterTest
Running org.apache.commons.math3.util.ResizableDoubleArrayTest
Tests run: 17, Failures: 0, Errors: 0, Skipped: 0, Time elapsed: 0.004 sec - in org.apache.commons.math3.util.ResizableDoubleArrayTest
Running org.apache.commons.math3.util.CombinationsTest
Tests run: 12, Failures: 0, Errors: 0, Skipped: 0, Time elapsed: 0.009 sec - in org.apache.commons.math3.util.CombinationsTest
Running org.apache.commons.math3.util.MathArraysTest
Tests run: 64, Failures: 0, Errors: 0, Skipped: 0, Time elapsed: 0.018 sec - in org.apache.commons.math3.util.MathArraysTest
Running org.apache.commons.math3.util.IntegerSequenceTest
Tests run: 14, Failures: 0, Errors: 0, Skipped: 0, Time elapsed: 0.003 sec - in org.apache.commons.math3.util.IntegerSequenceTest
Running org.apache.commons.math3.util.DefaultTransformerTest
Tests run: 7, Failures: 0, Errors: 0, Skipped: 0, Time elapsed: 0.001 sec - in org.apache.commons.math3.util.DefaultTransformerTest
Running org.apache.commons.math3.util.FastMathTest
Tests run: 71, Failures: 0, Errors: 0, Skipped: 1, Time elapsed: 7.698 sec - in org.apache.commons.math3.util.FastMathTest
Running org.apache.commons.math3.util.FastMathStrictComparisonTest
Tests run: 66, Failures: 0, Errors: 0, Skipped: 0, Time elapsed: 0.032 sec - in org.apache.commons.math3.util.FastMathStrictComparisonTest
Running org.apache.commons.math3.util.ArithmeticUtilsTest
Tests run: 27, Failures: 0, Errors: 0, Skipped: 0, Time elapsed: 0.006 sec - in org.apache.commons.math3.util.ArithmeticUtilsTest
Running org.apache.commons.math3.util.BigRealTest
Tests run: 14, Failures: 0, Errors: 0, Skipped: 0, Time elapsed: 0.006 sec - in org.apache.commons.math3.util.BigRealTest
Running org.apache.commons.math3.util.Decimal64Test
Tests run: 63, Failures: 0, Errors: 0, Skipped: 0, Time elapsed: 0.029 sec - in org.apache.commons.math3.util.Decimal64Test
Running org.apache.commons.math3.util.MathUtilsTest
Tests run: 20, Failures: 0, Errors: 0, Skipped: 0, Time elapsed: 0.013 sec - in org.apache.commons.math3.util.MathUtilsTest
Running org.apache.commons.math3.util.IncrementorTest
Tests run: 10, Failures: 0, Errors: 0, Skipped: 0, Time elapsed: 0.001 sec - in org.apache.commons.math3.util.IncrementorTest
Running org.apache.commons.math3.util.PairTest
Tests run: 6, Failures: 0, Errors: 0, Skipped: 0, Time elapsed: 0.001 sec - in org.apache.commons.math3.util.PairTest
Running org.apache.commons.math3.util.OpenIntToDoubleHashMapTest
Tests run: 17, Failures: 0, Errors: 0, Skipped: 0, Time elapsed: 0.045 sec - in org.apache.commons.math3.util.OpenIntToDoubleHashMapTest
Running org.apache.commons.math3.util.OpenIntToFieldTest
Tests run: 17, Failures: 0, Errors: 0, Skipped: 0, Time elapsed: 0.031 sec - in org.apache.commons.math3.util.OpenIntToFieldTest
Running org.apache.commons.math3.util.CombinatoricsUtilsTest
Tests run: 13, Failures: 0, Errors: 0, Skipped: 0, Time elapsed: 0.328 sec - in org.apache.commons.math3.util.CombinatoricsUtilsTest
Running org.apache.commons.math3.util.ContinuedFractionTest
Tests run: 1, Failures: 0, Errors: 0, Skipped: 0, Time elapsed: 0 sec - in org.apache.commons.math3.util.ContinuedFractionTest
Running org.apache.commons.math3.util.PrecisionTest
Tests run: 16, Failures: 0, Errors: 0, Skipped: 0, Time elapsed: 0.005 sec - in org.apache.commons.math3.util.PrecisionTest
Running org.apache.commons.math3.util.BigRealFieldTest
Tests run: 3, Failures: 0, Errors: 0, Skipped: 0, Time elapsed: 0.002 sec - in org.apache.commons.math3.util.BigRealFieldTest
Running org.apache.commons.math3.ode.events.EventFilterTest
Tests run: 7, Failures: 0, Errors: 0, Skipped: 0, Time elapsed: 0.062 sec - in org.apache.commons.math3.ode.events.EventFilterTest
Running org.apache.commons.math3.ode.events.EventStateTest
Tests run: 4, Failures: 0, Errors: 0, Skipped: 0, Time elapsed: 0.006 sec - in org.apache.commons.math3.ode.events.EventStateTest
Running org.apache.commons.math3.ode.events.OverlappingEventsTest
Tests run: 2, Failures: 0, Errors: 0, Skipped: 0, Time elapsed: 0.007 sec - in org.apache.commons.math3.ode.events.OverlappingEventsTest
Running org.apache.commons.math3.ode.events.ReappearingEventTest
Tests run: 2, Failures: 0, Errors: 0, Skipped: 0, Time elapsed: 0.003 sec - in org.apache.commons.math3.ode.events.ReappearingEventTest
Running org.apache.commons.math3.ode.nonstiff.GraggBulirschStoerIntegratorTest
Tests run: 12, Failures: 0, Errors: 0, Skipped: 0, Time elapsed: 0.173 sec - in org.apache.commons.math3.ode.nonstiff.GraggBulirschStoerIntegratorTest
Running org.apache.commons.math3.ode.nonstiff.HighamHall54IntegratorTest
Tests run: 9, Failures: 0, Errors: 0, Skipped: 0, Time elapsed: 0.047 sec - in org.apache.commons.math3.ode.nonstiff.HighamHall54IntegratorTest
Running org.apache.commons.math3.ode.nonstiff.AdamsBashforthIntegratorTest
Tests run: 7, Failures: 0, Errors: 0, Skipped: 0, Time elapsed: 0.063 sec - in org.apache.commons.math3.ode.nonstiff.AdamsBashforthIntegratorTest
Running org.apache.commons.math3.ode.nonstiff.ThreeEighthesFieldStepInterpolatorTest
Tests run: 3, Failures: 0, Errors: 0, Skipped: 0, Time elapsed: 0.011 sec - in org.apache.commons.math3.ode.nonstiff.ThreeEighthesFieldStepInterpolatorTest
Running org.apache.commons.math3.ode.nonstiff.LutherStepInterpolatorTest
Tests run: 2, Failures: 0, Errors: 0, Skipped: 0, Time elapsed: 0.082 sec - in org.apache.commons.math3.ode.nonstiff.LutherStepInterpolatorTest
Running org.apache.commons.math3.ode.nonstiff.HighamHall54FieldStepInterpolatorTest
Tests run: 3, Failures: 0, Errors: 0, Skipped: 0, Time elapsed: 0.005 sec - in org.apache.commons.math3.ode.nonstiff.HighamHall54FieldStepInterpolatorTest
Running org.apache.commons.math3.ode.nonstiff.GillFieldIntegratorTest
Tests run: 14, Failures: 0, Errors: 0, Skipped: 0, Time elapsed: 0.638 sec - in org.apache.commons.math3.ode.nonstiff.GillFieldIntegratorTest
Running org.apache.commons.math3.ode.nonstiff.DormandPrince54FieldStepInterpolatorTest
Tests run: 3, Failures: 0, Errors: 0, Skipped: 0, Time elapsed: 0.005 sec - in org.apache.commons.math3.ode.nonstiff.DormandPrince54FieldStepInterpolatorTest
Running org.apache.commons.math3.ode.nonstiff.AdamsMoultonFieldIntegratorTest
Tests run: 6, Failures: 0, Errors: 0, Skipped: 0, Time elapsed: 0.367 sec - in org.apache.commons.math3.ode.nonstiff.AdamsMoultonFieldIntegratorTest
Running org.apache.commons.math3.ode.nonstiff.ClassicalRungeKuttaIntegratorTest
Tests run: 9, Failures: 0, Errors: 0, Skipped: 0, Time elapsed: 0.056 sec - in org.apache.commons.math3.ode.nonstiff.ClassicalRungeKuttaIntegratorTest
Running org.apache.commons.math3.ode.nonstiff.EulerStepInterpolatorTest
Tests run: 5, Failures: 0, Errors: 0, Skipped: 0, Time elapsed: 0.02 sec - in org.apache.commons.math3.ode.nonstiff.EulerStepInterpolatorTest
Running org.apache.commons.math3.ode.nonstiff.HighamHall54StepInterpolatorTest
Tests run: 3, Failures: 0, Errors: 0, Skipped: 0, Time elapsed: 0.017 sec - in org.apache.commons.math3.ode.nonstiff.HighamHall54StepInterpolatorTest
Running org.apache.commons.math3.ode.nonstiff.ThreeEighthesFieldIntegratorTest
Tests run: 14, Failures: 0, Errors: 0, Skipped: 0, Time elapsed: 0.634 sec - in org.apache.commons.math3.ode.nonstiff.ThreeEighthesFieldIntegratorTest
Running org.apache.commons.math3.ode.nonstiff.DormandPrince54StepInterpolatorTest
Tests run: 3, Failures: 0, Errors: 0, Skipped: 0, Time elapsed: 0.016 sec - in org.apache.commons.math3.ode.nonstiff.DormandPrince54StepInterpolatorTest
Running org.apache.commons.math3.ode.nonstiff.GraggBulirschStoerStepInterpolatorTest
Tests run: 3, Failures: 0, Errors: 0, Skipped: 0, Time elapsed: 0.011 sec - in org.apache.commons.math3.ode.nonstiff.GraggBulirschStoerStepInterpolatorTest
Running org.apache.commons.math3.ode.nonstiff.AdamsBashforthFieldIntegratorTest
Tests run: 6, Failures: 0, Errors: 0, Skipped: 0, Time elapsed: 0.412 sec - in org.apache.commons.math3.ode.nonstiff.AdamsBashforthFieldIntegratorTest
Running org.apache.commons.math3.ode.nonstiff.EulerFieldIntegratorTest
Tests run: 14, Failures: 0, Errors: 0, Skipped: 0, Time elapsed: 0.463 sec - in org.apache.commons.math3.ode.nonstiff.EulerFieldIntegratorTest
Running org.apache.commons.math3.ode.nonstiff.AdamsMoultonIntegratorTest
Tests run: 6, Failures: 0, Errors: 0, Skipped: 0, Time elapsed: 0.039 sec - in org.apache.commons.math3.ode.nonstiff.AdamsMoultonIntegratorTest
Running org.apache.commons.math3.ode.nonstiff.LutherFieldStepInterpolatorTest
Tests run: 3, Failures: 0, Errors: 0, Skipped: 0, Time elapsed: 0.004 sec - in org.apache.commons.math3.ode.nonstiff.LutherFieldStepInterpolatorTest
Running org.apache.commons.math3.ode.nonstiff.ClassicalRungKuttaFieldStepInterpolatorTest
Tests run: 3, Failures: 0, Errors: 0, Skipped: 0, Time elapsed: 0.002 sec - in org.apache.commons.math3.ode.nonstiff.ClassicalRungKuttaFieldStepInterpolatorTest
Running org.apache.commons.math3.ode.nonstiff.GillStepInterpolatorTest
Tests run: 2, Failures: 0, Errors: 0, Skipped: 0, Time elapsed: 0.037 sec - in org.apache.commons.math3.ode.nonstiff.GillStepInterpolatorTest
Running org.apache.commons.math3.ode.nonstiff.ClassicalRungeKuttaStepInterpolatorTest
Tests run: 2, Failures: 0, Errors: 0, Skipped: 0, Time elapsed: 0.034 sec - in org.apache.commons.math3.ode.nonstiff.ClassicalRungeKuttaStepInterpolatorTest
Running org.apache.commons.math3.ode.nonstiff.GillIntegratorTest
Tests run: 8, Failures: 0, Errors: 0, Skipped: 0, Time elapsed: 0.046 sec - in org.apache.commons.math3.ode.nonstiff.GillIntegratorTest
Running org.apache.commons.math3.ode.nonstiff.MidpointFieldStepInterpolatorTest
Tests run: 3, Failures: 0, Errors: 0, Skipped: 0, Time elapsed: 0.002 sec - in org.apache.commons.math3.ode.nonstiff.MidpointFieldStepInterpolatorTest
Running org.apache.commons.math3.ode.nonstiff.EulerFieldStepInterpolatorTest
Tests run: 3, Failures: 0, Errors: 0, Skipped: 0, Time elapsed: 0.001 sec - in org.apache.commons.math3.ode.nonstiff.EulerFieldStepInterpolatorTest
Running org.apache.commons.math3.ode.nonstiff.DormandPrince853IntegratorTest
Tests run: 12, Failures: 0, Errors: 0, Skipped: 0, Time elapsed: 0.012 sec - in org.apache.commons.math3.ode.nonstiff.DormandPrince853IntegratorTest
Running org.apache.commons.math3.ode.nonstiff.DormandPrince853StepInterpolatorTest
Tests run: 3, Failures: 0, Errors: 0, Skipped: 0, Time elapsed: 0.011 sec - in org.apache.commons.math3.ode.nonstiff.DormandPrince853StepInterpolatorTest
Running org.apache.commons.math3.ode.nonstiff.MidpointIntegratorTest
Tests run: 6, Failures: 0, Errors: 0, Skipped: 0, Time elapsed: 0.038 sec - in org.apache.commons.math3.ode.nonstiff.MidpointIntegratorTest
Running org.apache.commons.math3.ode.nonstiff.HighamHall54FieldIntegratorTest
Tests run: 11, Failures: 0, Errors: 0, Skipped: 0, Time elapsed: 0.09 sec - in org.apache.commons.math3.ode.nonstiff.HighamHall54FieldIntegratorTest
Running org.apache.commons.math3.ode.nonstiff.GillFieldStepInterpolatorTest
Tests run: 3, Failures: 0, Errors: 0, Skipped: 0, Time elapsed: 0.002 sec - in org.apache.commons.math3.ode.nonstiff.GillFieldStepInterpolatorTest
Running org.apache.commons.math3.ode.nonstiff.MidpointFieldIntegratorTest
Tests run: 14, Failures: 0, Errors: 0, Skipped: 0, Time elapsed: 0.386 sec - in org.apache.commons.math3.ode.nonstiff.MidpointFieldIntegratorTest
Running org.apache.commons.math3.ode.nonstiff.LutherIntegratorTest
Tests run: 9, Failures: 0, Errors: 0, Skipped: 0, Time elapsed: 0.067 sec - in org.apache.commons.math3.ode.nonstiff.LutherIntegratorTest
Running org.apache.commons.math3.ode.nonstiff.ThreeEighthesStepInterpolatorTest
Tests run: 2, Failures: 0, Errors: 0, Skipped: 0, Time elapsed: 0.034 sec - in org.apache.commons.math3.ode.nonstiff.ThreeEighthesStepInterpolatorTest
Running org.apache.commons.math3.ode.nonstiff.ThreeEighthesIntegratorTest
Tests run: 7, Failures: 0, Errors: 0, Skipped: 0, Time elapsed: 0.043 sec - in org.apache.commons.math3.ode.nonstiff.ThreeEighthesIntegratorTest
Running org.apache.commons.math3.ode.nonstiff.ClassicalRungeKuttaFieldIntegratorTest
Tests run: 14, Failures: 0, Errors: 0, Skipped: 0, Time elapsed: 0.51 sec - in org.apache.commons.math3.ode.nonstiff.ClassicalRungeKuttaFieldIntegratorTest
Running org.apache.commons.math3.ode.nonstiff.DormandPrince853FieldIntegratorTest
Tests run: 11, Failures: 0, Errors: 0, Skipped: 0, Time elapsed: 0.053 sec - in org.apache.commons.math3.ode.nonstiff.DormandPrince853FieldIntegratorTest
Running org.apache.commons.math3.ode.nonstiff.LutherFieldIntegratorTest
Tests run: 14, Failures: 0, Errors: 0, Skipped: 0, Time elapsed: 0.804 sec - in org.apache.commons.math3.ode.nonstiff.LutherFieldIntegratorTest
Running org.apache.commons.math3.ode.nonstiff.EulerIntegratorTest
Tests run: 6, Failures: 0, Errors: 0, Skipped: 0, Time elapsed: 0.015 sec - in org.apache.commons.math3.ode.nonstiff.EulerIntegratorTest
Running org.apache.commons.math3.ode.nonstiff.MidpointStepInterpolatorTest
Tests run: 2, Failures: 0, Errors: 0, Skipped: 0, Time elapsed: 0.016 sec - in org.apache.commons.math3.ode.nonstiff.MidpointStepInterpolatorTest
Running org.apache.commons.math3.ode.nonstiff.AdamsNordsieckTransformerTest
Tests run: 5, Failures: 0, Errors: 0, Skipped: 0, Time elapsed: 0.001 sec - in org.apache.commons.math3.ode.nonstiff.AdamsNordsieckTransformerTest
Running org.apache.commons.math3.ode.nonstiff.DormandPrince54IntegratorTest
Tests run: 8, Failures: 0, Errors: 0, Skipped: 0, Time elapsed: 0.012 sec - in org.apache.commons.math3.ode.nonstiff.DormandPrince54IntegratorTest
Running org.apache.commons.math3.ode.nonstiff.DormandPrince853FieldStepInterpolatorTest
Tests run: 3, Failures: 0, Errors: 0, Skipped: 0, Time elapsed: 0.003 sec - in org.apache.commons.math3.ode.nonstiff.DormandPrince853FieldStepInterpolatorTest
Running org.apache.commons.math3.ode.nonstiff.DormandPrince54FieldIntegratorTest
Tests run: 11, Failures: 0, Errors: 0, Skipped: 0, Time elapsed: 0.107 sec - in org.apache.commons.math3.ode.nonstiff.DormandPrince54FieldIntegratorTest
Running org.apache.commons.math3.ode.ContinuousOutputFieldModelTest
Tests run: 4, Failures: 0, Errors: 0, Skipped: 0, Time elapsed: 0.067 sec - in org.apache.commons.math3.ode.ContinuousOutputFieldModelTest
Running org.apache.commons.math3.ode.FieldExpandableODETest
Tests run: 8, Failures: 0, Errors: 0, Skipped: 0, Time elapsed: 0.002 sec - in org.apache.commons.math3.ode.FieldExpandableODETest
Running org.apache.commons.math3.ode.sampling.NordsieckStepInterpolatorTest
Tests run: 2, Failures: 0, Errors: 0, Skipped: 0, Time elapsed: 0.042 sec - in org.apache.commons.math3.ode.sampling.NordsieckStepInterpolatorTest
Running org.apache.commons.math3.ode.sampling.StepNormalizerOutputTest
Tests run: 16, Failures: 0, Errors: 0, Skipped: 0, Time elapsed: 0.006 sec - in org.apache.commons.math3.ode.sampling.StepNormalizerOutputTest
Running org.apache.commons.math3.ode.sampling.StepNormalizerTest
Tests run: 2, Failures: 0, Errors: 0, Skipped: 0, Time elapsed: 0.004 sec - in org.apache.commons.math3.ode.sampling.StepNormalizerTest
Running org.apache.commons.math3.ode.sampling.StepNormalizerOutputOverlapTest
Tests run: 16, Failures: 0, Errors: 0, Skipped: 0, Time elapsed: 0.004 sec - in org.apache.commons.math3.ode.sampling.StepNormalizerOutputOverlapTest
Running org.apache.commons.math3.ode.sampling.DummyStepInterpolatorTest
Tests run: 4, Failures: 0, Errors: 0, Skipped: 0, Time elapsed: 0.001 sec - in org.apache.commons.math3.ode.sampling.DummyStepInterpolatorTest
Running org.apache.commons.math3.ode.ContinuousOutputModelTest
Tests run: 4, Failures: 0, Errors: 0, Skipped: 0, Time elapsed: 0.009 sec - in org.apache.commons.math3.ode.ContinuousOutputModelTest
Running org.apache.commons.math3.ode.FirstOrderConverterTest
Tests run: 4, Failures: 0, Errors: 0, Skipped: 0, Time elapsed: 0.014 sec - in org.apache.commons.math3.ode.FirstOrderConverterTest
Running org.apache.commons.math3.ode.JacobianMatricesTest
Tests run: 7, Failures: 0, Errors: 0, Skipped: 0, Time elapsed: 1.161 sec - in org.apache.commons.math3.ode.JacobianMatricesTest
Running org.apache.commons.math3.primes.PrimesTest
Tests run: 3, Failures: 0, Errors: 0, Skipped: 0, Time elapsed: 0.022 sec - in org.apache.commons.math3.primes.PrimesTest

Results :

Failed tests: 
  GammaDistributionTest.testMath753Shape1:331->doTestMath753:233 Could not find resource gamma-distribution-shape-1.csv
  GammaDistributionTest.testMath753Shape10:341->doTestMath753:233 Could not find resource gamma-distribution-shape-10.csv
  GammaDistributionTest.testMath753Shape100:346->doTestMath753:233 Could not find resource gamma-distribution-shape-100.csv
  GammaDistributionTest.testMath753Shape1000:356->doTestMath753:233 Could not find resource gamma-distribution-shape-1000.csv
  GammaDistributionTest.testMath753Shape142:351->doTestMath753:233 Could not find resource gamma-distribution-shape-142.csv
  GammaDistributionTest.testMath753Shape8:336->doTestMath753:233 Could not find resource gamma-distribution-shape-8.csv
  CertifiedDataTest.testDescriptiveStatistics:75->loadStats:114 Could not find resource data/PiDigits.txt
  CertifiedDataTest.testSummaryStatistics:45->loadStats:114 Could not find resource data/PiDigits.txt
Tests in error: 
  LocalizedFormatsTest.testAllKeysPresentInPropertiesFiles:40 » MissingResource ...
  LocalizedFormatsTest.testAllPropertiesCorrespondToKeys:60 » MissingResource Ca...
  EvaluationTest.testComputeCost:163 » IO could not find resource Kirby2.dat
  EvaluationTest.testComputeRMS:176 » IO could not find resource Kirby2.dat
  EvaluationTest.testComputeSigma:189 » IO could not find resource Kirby2.dat
  EvaluationTest.testEvaluateCopiesPoint:210 » IO could not find resource Kirby2...
  GaussNewtonOptimizerWithCholeskyTest.testHahn1:124->AbstractLeastSquaresOptimizerAbstractTest.testHahn1:534 » IO
  GaussNewtonOptimizerWithCholeskyTest>AbstractLeastSquaresOptimizerAbstractTest.testKirby2:529 » IO
  GaussNewtonOptimizerWithLUTest.testHahn1:124->AbstractLeastSquaresOptimizerAbstractTest.testHahn1:534 » IO
  GaussNewtonOptimizerWithLUTest>AbstractLeastSquaresOptimizerAbstractTest.testKirby2:529 » IO
  GaussNewtonOptimizerWithQRTest.testHahn1:110->AbstractLeastSquaresOptimizerAbstractTest.testHahn1:534 » IO
  GaussNewtonOptimizerWithQRTest>AbstractLeastSquaresOptimizerAbstractTest.testKirby2:529 » IO
  GaussNewtonOptimizerWithSVDTest.testHahn1:103->AbstractLeastSquaresOptimizerAbstractTest.testHahn1:534 » IO
  GaussNewtonOptimizerWithSVDTest>AbstractLeastSquaresOptimizerAbstractTest.testKirby2:529 » IO
  LevenbergMarquardtOptimizerTest>AbstractLeastSquaresOptimizerAbstractTest.testHahn1:534 » IO
  LevenbergMarquardtOptimizerTest>AbstractLeastSquaresOptimizerAbstractTest.testKirby2:529 » IO
  PolyhedronsSetTest.testConnectedFacets:368 » NullPointer
  PolyhedronsSetTest.testHole:382->checkError:411 » NullPointer
  PolyhedronsSetTest.testIssue1211:444->loadTestData:465 » NullPointer
  PolyhedronsSetTest.testNonPlanar:387->checkError:411 » NullPointer
  PolyhedronsSetTest.testOrientation:392->checkError:411 » NullPointer
  PolyhedronsSetTest.testTooClose:377->checkError:411 » NullPointer
  SingularValueDecompositionTest.testStability1:255->loadRealMatrix:281 » NullPointer
  SingularValueDecompositionTest.testStability2:267->loadRealMatrix:281 » NullPointer
  AbstractLeastSquaresOptimizerTest.testComputeSigma:100 » IO could not find res...
  AbstractLeastSquaresOptimizerTest.testGetChiSquare:47 » IO could not find reso...
  AbstractLeastSquaresOptimizerTest.testGetRMS:72 » IO could not find resource K...
  GaussNewtonOptimizerTest.testHahn1 »  Unexpected exception, expected<org.apach...
  GaussNewtonOptimizerTest>AbstractLeastSquaresOptimizerAbstractTest.testKirby2:603 » IO
  LevenbergMarquardtOptimizerTest>AbstractLeastSquaresOptimizerAbstractTest.testHahn1:608 » IO
  LevenbergMarquardtOptimizerTest>AbstractLeastSquaresOptimizerAbstractTest.testKirby2:603 » IO
  AbstractLeastSquaresOptimizerTest.testComputeSigma:81 » IO could not find reso...
  AbstractLeastSquaresOptimizerTest.testGetChiSquare:43 » IO could not find reso...
  AbstractLeastSquaresOptimizerTest.testGetRMS:61 » IO could not find resource K...
  GaussNewtonOptimizerTest.testHahn1 »  Unexpected exception, expected<org.apach...
  GaussNewtonOptimizerTest>AbstractLeastSquaresOptimizerAbstractTest.testKirby2:488 » IO
  LevenbergMarquardtOptimizerTest>AbstractLeastSquaresOptimizerAbstractTest.testHahn1:493 » IO
  LevenbergMarquardtOptimizerTest>AbstractLeastSquaresOptimizerAbstractTest.testKirby2:488 » IO
  EmpiricalDistributionTest.setUp:71 NullPointer
  EmpiricalDistributionTest.setUp:71 NullPointer
  EmpiricalDistributionTest.setUp:71 NullPointer
  EmpiricalDistributionTest.setUp:71 NullPointer
  EmpiricalDistributionTest.setUp:71 NullPointer
  EmpiricalDistributionTest.setUp:71 NullPointer
  EmpiricalDistributionTest.setUp:71 NullPointer
  EmpiricalDistributionTest.setUp:71 NullPointer
  EmpiricalDistributionTest.setUp:71 NullPointer
  EmpiricalDistributionTest.setUp:71 NullPointer
  EmpiricalDistributionTest.setUp:71 NullPointer
  EmpiricalDistributionTest.setUp:71 NullPointer
  EmpiricalDistributionTest.setUp:71 NullPointer
  EmpiricalDistributionTest.setUp:71 NullPointer
  EmpiricalDistributionTest.setUp:71 NullPointer
  EmpiricalDistributionTest.setUp:71 NullPointer
  EmpiricalDistributionTest.setUp:71 NullPointer
  EmpiricalDistributionTest.setUp:71 NullPointer
  EmpiricalDistributionTest.setUp:71 NullPointer
  EmpiricalDistributionTest.setUp:71 NullPointer
  EmpiricalDistributionTest.setUp:71 NullPointer
  EmpiricalDistributionTest.setUp:71 NullPointer
  EmpiricalDistributionTest.setUp:71 NullPointer
  EmpiricalDistributionTest.setUp:71 NullPointer
  EmpiricalDistributionTest.setUp:71 NullPointer
  EmpiricalDistributionTest.setUp:71 NullPointer
  EmpiricalDistributionTest.setUp:71 NullPointer
  EmpiricalDistributionTest.setUp:71 NullPointer
  EmpiricalDistributionTest.setUp:71 NullPointer
  EmpiricalDistributionTest.setUp:71 NullPointer
  SobolSequenceGeneratorTest.setUp:46 » MathInternal illegal state: internal err...
  SobolSequenceGeneratorTest.setUp:46 » MathInternal illegal state: internal err...
  SobolSequenceGeneratorTest.setUp:46 » MathInternal illegal state: internal err...
  SobolSequenceGeneratorTest.setUp:46 » MathInternal illegal state: internal err...
  ValueServerTest.testEmptyDigestFile:145 » NullArgument null is not allowed
  ValueServerTest.testEmptyReplayFile:132 » NullPointer
  ValueServerTest.testFixedSeed:89 » NullArgument null is not allowed
  ValueServerTest.testNextDigest:57 » NullArgument null is not allowed
  ValueServerTest.testReplay:164 » NullPointer
  LewTest>CertifiedDataAbstractTest.setUp:54->CertifiedDataAbstractTest.loadData:62 » NullPointer
  LotteryTest>CertifiedDataAbstractTest.setUp:54->CertifiedDataAbstractTest.loadData:62 » NullPointer

Tests run: 6526, Failures: 8, Errors: 79, Skipped: 38

[INFO] ------------------------------------------------------------------------
[INFO] BUILD FAILURE
[INFO] ------------------------------------------------------------------------
[INFO] Total time: 02:37 min
[INFO] Finished at: 2017-09-21T12:26:26+02:00
[INFO] Final Memory: 32M/650M
[INFO] ------------------------------------------------------------------------
[ERROR] Failed to execute goal org.apache.maven.plugins:maven-surefire-plugin:2.18.1:test (default-test) on project commons-math3: There are test failures.
[ERROR] 
[ERROR] Please refer to /home/artefact/tests/Maven Test Sources/commons-math3-3.6-test-sources/target/surefire-reports for the individual test results.
[ERROR] -> [Help 1]
[ERROR] 
[ERROR] To see the full stack trace of the errors, re-run Maven with the -e switch.
[ERROR] Re-run Maven using the -X switch to enable full debug logging.
[ERROR] 
[ERROR] For more information about the errors and possible solutions, please read the following articles:
[ERROR] [Help 1] http://cwiki.apache.org/confluence/display/MAVEN/MojoFailureException
